[0.214s] DEBUG:colcon:Command line arguments: ['/usr/bin/colcon', 'build', '--packages-select', 'phantomx_gazebo', 'phantomx_description', 'phantomx_control', 'joint_state_publisher_gui']
[0.214s] DEBUG:colcon:Parsed command line arguments: Namespace(log_base=None, log_level=None, verb_name='build', build_base='build', install_base='install', merge_install=False, symlink_install=False, test_result_base=None, continue_on_error=False, executor='parallel', parallel_workers=8, event_handlers=None, ignore_user_meta=False, metas=['./colcon.meta'], base_paths=['.'], packages_ignore=None, packages_ignore_regex=None, paths=None, packages_up_to=None, packages_up_to_regex=None, packages_above=None, packages_above_and_dependencies=None, packages_above_depth=None, packages_select_by_dep=None, packages_skip_by_dep=None, packages_skip_up_to=None, packages_select_build_failed=False, packages_skip_build_finished=False, packages_select_test_failures=False, packages_skip_test_passed=False, packages_select=['phantomx_gazebo', 'phantomx_description', 'phantomx_control', 'joint_state_publisher_gui'], packages_skip=None, packages_select_regex=None, packages_skip_regex=None, packages_start=None, packages_end=None, allow_overriding=[], cmake_args=None, cmake_target=None, cmake_target_skip_unavailable=False, cmake_clean_cache=False, cmake_clean_first=False, cmake_force_configure=False, ament_cmake_args=None, catkin_cmake_args=None, catkin_skip_building_tests=False, mixin_files=None, mixin=None, verb_parser=<colcon_mixin.mixin.mixin_argument.MixinArgumentDecorator object at 0x7f370fc7afb0>, verb_extension=<colcon_core.verb.build.BuildVerb object at 0x7f370fc7bf70>, main=<bound method BuildVerb.main of <colcon_core.verb.build.BuildVerb object at 0x7f370fc7bf70>>, mixin_verb=('build',))
[0.436s] Level 1:colcon.colcon_core.package_discovery:discover_packages(colcon_meta) check parameters
[0.437s] Level 1:colcon.colcon_core.package_discovery:discover_packages(recursive) check parameters
[0.437s] Level 1:colcon.colcon_core.package_discovery:discover_packages(ignore) check parameters
[0.437s] Level 1:colcon.colcon_core.package_discovery:discover_packages(path) check parameters
[0.437s] Level 1:colcon.colcon_core.package_discovery:discover_packages(colcon_meta) discover
[0.437s] Level 1:colcon.colcon_core.package_discovery:discover_packages(recursive) discover
[0.437s] INFO:colcon.colcon_core.package_discovery:Crawling recursively for packages in '/home/max/hexapod_ws'
[0.437s] Level 1:colcon.colcon_core.package_identification:_identify(.) by extensions ['ignore', 'ignore_ament_install']
[0.437s] Level 1:colcon.colcon_core.package_identification:_identify(.) by extension 'ignore'
[0.437s] Level 1:colcon.colcon_core.package_identification:_identify(.) by extension 'ignore_ament_install'
[0.437s] Level 1:colcon.colcon_core.package_identification:_identify(.) by extensions ['colcon_pkg']
[0.438s] Level 1:colcon.colcon_core.package_identification:_identify(.) by extension 'colcon_pkg'
[0.438s] Level 1:colcon.colcon_core.package_identification:_identify(.) by extensions ['colcon_meta']
[0.438s] Level 1:colcon.colcon_core.package_identification:_identify(.) by extension 'colcon_meta'
[0.438s] Level 1:colcon.colcon_core.package_identification:_identify(.) by extensions ['ros']
[0.438s] Level 1:colcon.colcon_core.package_identification:_identify(.) by extension 'ros'
[0.459s] Level 1:colcon.colcon_core.package_identification:_identify(.) by extensions ['cmake', 'python']
[0.459s] Level 1:colcon.colcon_core.package_identification:_identify(.) by extension 'cmake'
[0.459s] Level 1:colcon.colcon_core.package_identification:_identify(.) by extension 'python'
[0.459s] Level 1:colcon.colcon_core.package_identification:_identify(.) by extensions ['python_setup_py']
[0.459s] Level 1:colcon.colcon_core.package_identification:_identify(.) by extension 'python_setup_py'
[0.459s] Level 1:colcon.colcon_core.package_identification:_identify(build) by extensions ['ignore', 'ignore_ament_install']
[0.459s] Level 1:colcon.colcon_core.package_identification:_identify(build) by extension 'ignore'
[0.459s] Level 1:colcon.colcon_core.package_identification:_identify(build) ignored
[0.459s] Level 1:colcon.colcon_core.package_identification:_identify(custom_interfaces) by extensions ['ignore', 'ignore_ament_install']
[0.459s] Level 1:colcon.colcon_core.package_identification:_identify(custom_interfaces) by extension 'ignore'
[0.460s] Level 1:colcon.colcon_core.package_identification:_identify(custom_interfaces) by extension 'ignore_ament_install'
[0.460s] Level 1:colcon.colcon_core.package_identification:_identify(custom_interfaces) by extensions ['colcon_pkg']
[0.460s] Level 1:colcon.colcon_core.package_identification:_identify(custom_interfaces) by extension 'colcon_pkg'
[0.460s] Level 1:colcon.colcon_core.package_identification:_identify(custom_interfaces) by extensions ['colcon_meta']
[0.460s] Level 1:colcon.colcon_core.package_identification:_identify(custom_interfaces) by extension 'colcon_meta'
[0.460s] Level 1:colcon.colcon_core.package_identification:_identify(custom_interfaces) by extensions ['ros']
[0.460s] Level 1:colcon.colcon_core.package_identification:_identify(custom_interfaces) by extension 'ros'
[0.465s] DEBUG:colcon.colcon_core.package_identification:Package 'custom_interfaces' with type 'ros.ament_cmake' and name 'custom_interfaces'
[0.465s] Level 1:colcon.colcon_core.package_identification:_identify(install) by extensions ['ignore', 'ignore_ament_install']
[0.465s] Level 1:colcon.colcon_core.package_identification:_identify(install) by extension 'ignore'
[0.465s] Level 1:colcon.colcon_core.package_identification:_identify(install) ignored
[0.466s] Level 1:colcon.colcon_core.package_identification:_identify(joint_state_publisher) by extensions ['ignore', 'ignore_ament_install']
[0.466s] Level 1:colcon.colcon_core.package_identification:_identify(joint_state_publisher) by extension 'ignore'
[0.466s] Level 1:colcon.colcon_core.package_identification:_identify(joint_state_publisher) by extension 'ignore_ament_install'
[0.466s] Level 1:colcon.colcon_core.package_identification:_identify(joint_state_publisher) by extensions ['colcon_pkg']
[0.466s] Level 1:colcon.colcon_core.package_identification:_identify(joint_state_publisher) by extension 'colcon_pkg'
[0.466s] Level 1:colcon.colcon_core.package_identification:_identify(joint_state_publisher) by extensions ['colcon_meta']
[0.466s] Level 1:colcon.colcon_core.package_identification:_identify(joint_state_publisher) by extension 'colcon_meta'
[0.466s] Level 1:colcon.colcon_core.package_identification:_identify(joint_state_publisher) by extensions ['ros']
[0.466s] Level 1:colcon.colcon_core.package_identification:_identify(joint_state_publisher) by extension 'ros'
[0.466s] Level 1:colcon.colcon_core.package_identification:_identify(joint_state_publisher) by extensions ['cmake', 'python']
[0.466s] Level 1:colcon.colcon_core.package_identification:_identify(joint_state_publisher) by extension 'cmake'
[0.466s] Level 1:colcon.colcon_core.package_identification:_identify(joint_state_publisher) by extension 'python'
[0.466s] Level 1:colcon.colcon_core.package_identification:_identify(joint_state_publisher) by extensions ['python_setup_py']
[0.466s] Level 1:colcon.colcon_core.package_identification:_identify(joint_state_publisher) by extension 'python_setup_py'
[0.466s] Level 1:colcon.colcon_core.package_identification:_identify(joint_state_publisher/joint_state_publisher) by extensions ['ignore', 'ignore_ament_install']
[0.467s] Level 1:colcon.colcon_core.package_identification:_identify(joint_state_publisher/joint_state_publisher) by extension 'ignore'
[0.467s] Level 1:colcon.colcon_core.package_identification:_identify(joint_state_publisher/joint_state_publisher) by extension 'ignore_ament_install'
[0.467s] Level 1:colcon.colcon_core.package_identification:_identify(joint_state_publisher/joint_state_publisher) by extensions ['colcon_pkg']
[0.467s] Level 1:colcon.colcon_core.package_identification:_identify(joint_state_publisher/joint_state_publisher) by extension 'colcon_pkg'
[0.467s] Level 1:colcon.colcon_core.package_identification:_identify(joint_state_publisher/joint_state_publisher) by extensions ['colcon_meta']
[0.467s] Level 1:colcon.colcon_core.package_identification:_identify(joint_state_publisher/joint_state_publisher) by extension 'colcon_meta'
[0.467s] Level 1:colcon.colcon_core.package_identification:_identify(joint_state_publisher/joint_state_publisher) by extensions ['ros']
[0.467s] Level 1:colcon.colcon_core.package_identification:_identify(joint_state_publisher/joint_state_publisher) by extension 'ros'
[0.468s] DEBUG:colcon.colcon_core.package_identification:Package 'joint_state_publisher/joint_state_publisher' with type 'ros.ament_python' and name 'joint_state_publisher'
[0.468s] Level 1:colcon.colcon_core.package_identification:_identify(joint_state_publisher/joint_state_publisher_gui) by extensions ['ignore', 'ignore_ament_install']
[0.468s] Level 1:colcon.colcon_core.package_identification:_identify(joint_state_publisher/joint_state_publisher_gui) by extension 'ignore'
[0.468s] Level 1:colcon.colcon_core.package_identification:_identify(joint_state_publisher/joint_state_publisher_gui) by extension 'ignore_ament_install'
[0.468s] Level 1:colcon.colcon_core.package_identification:_identify(joint_state_publisher/joint_state_publisher_gui) by extensions ['colcon_pkg']
[0.468s] Level 1:colcon.colcon_core.package_identification:_identify(joint_state_publisher/joint_state_publisher_gui) by extension 'colcon_pkg'
[0.468s] Level 1:colcon.colcon_core.package_identification:_identify(joint_state_publisher/joint_state_publisher_gui) by extensions ['colcon_meta']
[0.468s] Level 1:colcon.colcon_core.package_identification:_identify(joint_state_publisher/joint_state_publisher_gui) by extension 'colcon_meta'
[0.468s] Level 1:colcon.colcon_core.package_identification:_identify(joint_state_publisher/joint_state_publisher_gui) by extensions ['ros']
[0.468s] Level 1:colcon.colcon_core.package_identification:_identify(joint_state_publisher/joint_state_publisher_gui) by extension 'ros'
[0.469s] DEBUG:colcon.colcon_core.package_identification:Package 'joint_state_publisher/joint_state_publisher_gui' with type 'ros.ament_python' and name 'joint_state_publisher_gui'
[0.469s] Level 1:colcon.colcon_core.package_identification:_identify(log) by extensions ['ignore', 'ignore_ament_install']
[0.469s] Level 1:colcon.colcon_core.package_identification:_identify(log) by extension 'ignore'
[0.469s] Level 1:colcon.colcon_core.package_identification:_identify(log) ignored
[0.469s] Level 1:colcon.colcon_core.package_identification:_identify(src) by extensions ['ignore', 'ignore_ament_install']
[0.469s] Level 1:colcon.colcon_core.package_identification:_identify(src) by extension 'ignore'
[0.470s] Level 1:colcon.colcon_core.package_identification:_identify(src) by extension 'ignore_ament_install'
[0.470s] Level 1:colcon.colcon_core.package_identification:_identify(src) by extensions ['colcon_pkg']
[0.470s] Level 1:colcon.colcon_core.package_identification:_identify(src) by extension 'colcon_pkg'
[0.470s] Level 1:colcon.colcon_core.package_identification:_identify(src) by extensions ['colcon_meta']
[0.470s] Level 1:colcon.colcon_core.package_identification:_identify(src) by extension 'colcon_meta'
[0.470s] Level 1:colcon.colcon_core.package_identification:_identify(src) by extensions ['ros']
[0.470s] Level 1:colcon.colcon_core.package_identification:_identify(src) by extension 'ros'
[0.470s] Level 1:colcon.colcon_core.package_identification:_identify(src) by extensions ['cmake', 'python']
[0.470s] Level 1:colcon.colcon_core.package_identification:_identify(src) by extension 'cmake'
[0.470s] Level 1:colcon.colcon_core.package_identification:_identify(src) by extension 'python'
[0.470s] Level 1:colcon.colcon_core.package_identification:_identify(src) by extensions ['python_setup_py']
[0.470s] Level 1:colcon.colcon_core.package_identification:_identify(src) by extension 'python_setup_py'
[0.470s] Level 1:colcon.colcon_core.package_identification:_identify(src/hexapod) by extensions ['ignore', 'ignore_ament_install']
[0.470s] Level 1:colcon.colcon_core.package_identification:_identify(src/hexapod) by extension 'ignore'
[0.470s] Level 1:colcon.colcon_core.package_identification:_identify(src/hexapod) by extension 'ignore_ament_install'
[0.470s] Level 1:colcon.colcon_core.package_identification:_identify(src/hexapod) by extensions ['colcon_pkg']
[0.470s] Level 1:colcon.colcon_core.package_identification:_identify(src/hexapod) by extension 'colcon_pkg'
[0.470s] Level 1:colcon.colcon_core.package_identification:_identify(src/hexapod) by extensions ['colcon_meta']
[0.470s] Level 1:colcon.colcon_core.package_identification:_identify(src/hexapod) by extension 'colcon_meta'
[0.471s] Level 1:colcon.colcon_core.package_identification:_identify(src/hexapod) by extensions ['ros']
[0.471s] Level 1:colcon.colcon_core.package_identification:_identify(src/hexapod) by extension 'ros'
[0.472s] DEBUG:colcon.colcon_core.package_identification:Package 'src/hexapod' with type 'ros.ament_python' and name 'hexapod'
[0.472s] Level 1:colcon.colcon_core.package_identification:_identify(src/phantomx_control) by extensions ['ignore', 'ignore_ament_install']
[0.472s] Level 1:colcon.colcon_core.package_identification:_identify(src/phantomx_control) by extension 'ignore'
[0.472s] Level 1:colcon.colcon_core.package_identification:_identify(src/phantomx_control) by extension 'ignore_ament_install'
[0.472s] Level 1:colcon.colcon_core.package_identification:_identify(src/phantomx_control) by extensions ['colcon_pkg']
[0.472s] Level 1:colcon.colcon_core.package_identification:_identify(src/phantomx_control) by extension 'colcon_pkg'
[0.472s] Level 1:colcon.colcon_core.package_identification:_identify(src/phantomx_control) by extensions ['colcon_meta']
[0.472s] Level 1:colcon.colcon_core.package_identification:_identify(src/phantomx_control) by extension 'colcon_meta'
[0.472s] Level 1:colcon.colcon_core.package_identification:_identify(src/phantomx_control) by extensions ['ros']
[0.472s] Level 1:colcon.colcon_core.package_identification:_identify(src/phantomx_control) by extension 'ros'
[0.484s] DEBUG:colcon.colcon_core.package_identification:Package 'src/phantomx_control' with type 'ros.ament_cmake' and name 'phantomx_control'
[0.484s] Level 1:colcon.colcon_core.package_identification:_identify(src/phantomx_description) by extensions ['ignore', 'ignore_ament_install']
[0.484s] Level 1:colcon.colcon_core.package_identification:_identify(src/phantomx_description) by extension 'ignore'
[0.484s] Level 1:colcon.colcon_core.package_identification:_identify(src/phantomx_description) by extension 'ignore_ament_install'
[0.484s] Level 1:colcon.colcon_core.package_identification:_identify(src/phantomx_description) by extensions ['colcon_pkg']
[0.484s] Level 1:colcon.colcon_core.package_identification:_identify(src/phantomx_description) by extension 'colcon_pkg'
[0.484s] Level 1:colcon.colcon_core.package_identification:_identify(src/phantomx_description) by extensions ['colcon_meta']
[0.484s] Level 1:colcon.colcon_core.package_identification:_identify(src/phantomx_description) by extension 'colcon_meta'
[0.485s] Level 1:colcon.colcon_core.package_identification:_identify(src/phantomx_description) by extensions ['ros']
[0.485s] Level 1:colcon.colcon_core.package_identification:_identify(src/phantomx_description) by extension 'ros'
[0.486s] DEBUG:colcon.colcon_core.package_identification:Package 'src/phantomx_description' with type 'ros.ament_cmake' and name 'phantomx_description'
[0.486s] Level 1:colcon.colcon_core.package_identification:_identify(src/phantomx_gazebo) by extensions ['ignore', 'ignore_ament_install']
[0.486s] Level 1:colcon.colcon_core.package_identification:_identify(src/phantomx_gazebo) by extension 'ignore'
[0.486s] Level 1:colcon.colcon_core.package_identification:_identify(src/phantomx_gazebo) by extension 'ignore_ament_install'
[0.486s] Level 1:colcon.colcon_core.package_identification:_identify(src/phantomx_gazebo) by extensions ['colcon_pkg']
[0.486s] Level 1:colcon.colcon_core.package_identification:_identify(src/phantomx_gazebo) by extension 'colcon_pkg'
[0.486s] Level 1:colcon.colcon_core.package_identification:_identify(src/phantomx_gazebo) by extensions ['colcon_meta']
[0.486s] Level 1:colcon.colcon_core.package_identification:_identify(src/phantomx_gazebo) by extension 'colcon_meta'
[0.486s] Level 1:colcon.colcon_core.package_identification:_identify(src/phantomx_gazebo) by extensions ['ros']
[0.486s] Level 1:colcon.colcon_core.package_identification:_identify(src/phantomx_gazebo) by extension 'ros'
[0.488s] DEBUG:colcon.colcon_core.package_identification:Package 'src/phantomx_gazebo' with type 'ros.ament_cmake' and name 'phantomx_gazebo'
[0.488s] Level 1:colcon.colcon_core.package_discovery:discover_packages(recursive) using defaults
[0.488s] Level 1:colcon.colcon_core.package_discovery:discover_packages(ignore) discover
[0.488s] Level 1:colcon.colcon_core.package_discovery:discover_packages(ignore) using defaults
[0.488s] Level 1:colcon.colcon_core.package_discovery:discover_packages(path) discover
[0.488s] Level 1:colcon.colcon_core.package_discovery:discover_packages(path) using defaults
[0.517s] INFO:colcon.colcon_core.package_selection:Skipping not selected package 'custom_interfaces' in 'custom_interfaces'
[0.517s] INFO:colcon.colcon_core.package_selection:Skipping not selected package 'joint_state_publisher' in 'joint_state_publisher/joint_state_publisher'
[0.517s] INFO:colcon.colcon_core.package_selection:Skipping not selected package 'hexapod' in 'src/hexapod'
[0.518s] Level 1:colcon.colcon_core.package_discovery:discover_packages(prefix_path) check parameters
[0.518s] Level 1:colcon.colcon_core.package_discovery:discover_packages(prefix_path) discover
[0.523s] DEBUG:colcon.colcon_installed_package_information.package_discovery:Found 5 installed packages in /home/max/hexapod_ws/install
[0.523s] DEBUG:colcon.colcon_installed_package_information.package_discovery:Found 1 installed packages in /home/max/lhex/gazebo_ros2_control/gazebo_ros2_control_demos/install
[0.524s] DEBUG:colcon.colcon_installed_package_information.package_discovery:Found 3 installed packages in /home/max/ros2_ws/install
[0.525s] DEBUG:colcon.colcon_installed_package_information.package_discovery:Found 332 installed packages in /opt/ros/humble
[0.527s] Level 1:colcon.colcon_core.package_discovery:discover_packages(prefix_path) using defaults
[0.580s] Level 5:colcon.colcon_core.verb:set package 'phantomx_description' build argument 'cmake_args' from command line to 'None'
[0.580s] Level 5:colcon.colcon_core.verb:set package 'phantomx_description' build argument 'cmake_target' from command line to 'None'
[0.580s] Level 5:colcon.colcon_core.verb:set package 'phantomx_description' build argument 'cmake_target_skip_unavailable' from command line to 'False'
[0.580s] Level 5:colcon.colcon_core.verb:set package 'phantomx_description' build argument 'cmake_clean_cache' from command line to 'False'
[0.580s] Level 5:colcon.colcon_core.verb:set package 'phantomx_description' build argument 'cmake_clean_first' from command line to 'False'
[0.580s] Level 5:colcon.colcon_core.verb:set package 'phantomx_description' build argument 'cmake_force_configure' from command line to 'False'
[0.580s] Level 5:colcon.colcon_core.verb:set package 'phantomx_description' build argument 'ament_cmake_args' from command line to 'None'
[0.580s] Level 5:colcon.colcon_core.verb:set package 'phantomx_description' build argument 'catkin_cmake_args' from command line to 'None'
[0.580s] Level 5:colcon.colcon_core.verb:set package 'phantomx_description' build argument 'catkin_skip_building_tests' from command line to 'False'
[0.580s] DEBUG:colcon.colcon_core.verb:Building package 'phantomx_description' with the following arguments: {'ament_cmake_args': None, 'build_base': '/home/max/hexapod_ws/build/phantomx_description', 'catkin_cmake_args': None, 'catkin_skip_building_tests': False, 'cmake_args': None, 'cmake_clean_cache': False, 'cmake_clean_first': False, 'cmake_force_configure': False, 'cmake_target': None, 'cmake_target_skip_unavailable': False, 'install_base': '/home/max/hexapod_ws/install/phantomx_description', 'merge_install': False, 'path': '/home/max/hexapod_ws/src/phantomx_description', 'symlink_install': False, 'test_result_base': None}
[0.581s] Level 5:colcon.colcon_core.verb:set package 'joint_state_publisher_gui' build argument 'cmake_args' from command line to 'None'
[0.581s] Level 5:colcon.colcon_core.verb:set package 'joint_state_publisher_gui' build argument 'cmake_target' from command line to 'None'
[0.581s] Level 5:colcon.colcon_core.verb:set package 'joint_state_publisher_gui' build argument 'cmake_target_skip_unavailable' from command line to 'False'
[0.581s] Level 5:colcon.colcon_core.verb:set package 'joint_state_publisher_gui' build argument 'cmake_clean_cache' from command line to 'False'
[0.581s] Level 5:colcon.colcon_core.verb:set package 'joint_state_publisher_gui' build argument 'cmake_clean_first' from command line to 'False'
[0.581s] Level 5:colcon.colcon_core.verb:set package 'joint_state_publisher_gui' build argument 'cmake_force_configure' from command line to 'False'
[0.581s] Level 5:colcon.colcon_core.verb:set package 'joint_state_publisher_gui' build argument 'ament_cmake_args' from command line to 'None'
[0.581s] Level 5:colcon.colcon_core.verb:set package 'joint_state_publisher_gui' build argument 'catkin_cmake_args' from command line to 'None'
[0.581s] Level 5:colcon.colcon_core.verb:set package 'joint_state_publisher_gui' build argument 'catkin_skip_building_tests' from command line to 'False'
[0.581s] DEBUG:colcon.colcon_core.verb:Building package 'joint_state_publisher_gui' with the following arguments: {'ament_cmake_args': None, 'build_base': '/home/max/hexapod_ws/build/joint_state_publisher_gui', 'catkin_cmake_args': None, 'catkin_skip_building_tests': False, 'cmake_args': None, 'cmake_clean_cache': False, 'cmake_clean_first': False, 'cmake_force_configure': False, 'cmake_target': None, 'cmake_target_skip_unavailable': False, 'install_base': '/home/max/hexapod_ws/install/joint_state_publisher_gui', 'merge_install': False, 'path': '/home/max/hexapod_ws/joint_state_publisher/joint_state_publisher_gui', 'symlink_install': False, 'test_result_base': None}
[0.582s] Level 5:colcon.colcon_core.verb:set package 'phantomx_control' build argument 'cmake_args' from command line to 'None'
[0.582s] Level 5:colcon.colcon_core.verb:set package 'phantomx_control' build argument 'cmake_target' from command line to 'None'
[0.582s] Level 5:colcon.colcon_core.verb:set package 'phantomx_control' build argument 'cmake_target_skip_unavailable' from command line to 'False'
[0.582s] Level 5:colcon.colcon_core.verb:set package 'phantomx_control' build argument 'cmake_clean_cache' from command line to 'False'
[0.582s] Level 5:colcon.colcon_core.verb:set package 'phantomx_control' build argument 'cmake_clean_first' from command line to 'False'
[0.582s] Level 5:colcon.colcon_core.verb:set package 'phantomx_control' build argument 'cmake_force_configure' from command line to 'False'
[0.582s] Level 5:colcon.colcon_core.verb:set package 'phantomx_control' build argument 'ament_cmake_args' from command line to 'None'
[0.582s] Level 5:colcon.colcon_core.verb:set package 'phantomx_control' build argument 'catkin_cmake_args' from command line to 'None'
[0.582s] Level 5:colcon.colcon_core.verb:set package 'phantomx_control' build argument 'catkin_skip_building_tests' from command line to 'False'
[0.582s] DEBUG:colcon.colcon_core.verb:Building package 'phantomx_control' with the following arguments: {'ament_cmake_args': None, 'build_base': '/home/max/hexapod_ws/build/phantomx_control', 'catkin_cmake_args': None, 'catkin_skip_building_tests': False, 'cmake_args': None, 'cmake_clean_cache': False, 'cmake_clean_first': False, 'cmake_force_configure': False, 'cmake_target': None, 'cmake_target_skip_unavailable': False, 'install_base': '/home/max/hexapod_ws/install/phantomx_control', 'merge_install': False, 'path': '/home/max/hexapod_ws/src/phantomx_control', 'symlink_install': False, 'test_result_base': None}
[0.582s] Level 5:colcon.colcon_core.verb:set package 'phantomx_gazebo' build argument 'cmake_args' from command line to 'None'
[0.582s] Level 5:colcon.colcon_core.verb:set package 'phantomx_gazebo' build argument 'cmake_target' from command line to 'None'
[0.582s] Level 5:colcon.colcon_core.verb:set package 'phantomx_gazebo' build argument 'cmake_target_skip_unavailable' from command line to 'False'
[0.582s] Level 5:colcon.colcon_core.verb:set package 'phantomx_gazebo' build argument 'cmake_clean_cache' from command line to 'False'
[0.582s] Level 5:colcon.colcon_core.verb:set package 'phantomx_gazebo' build argument 'cmake_clean_first' from command line to 'False'
[0.582s] Level 5:colcon.colcon_core.verb:set package 'phantomx_gazebo' build argument 'cmake_force_configure' from command line to 'False'
[0.582s] Level 5:colcon.colcon_core.verb:set package 'phantomx_gazebo' build argument 'ament_cmake_args' from command line to 'None'
[0.582s] Level 5:colcon.colcon_core.verb:set package 'phantomx_gazebo' build argument 'catkin_cmake_args' from command line to 'None'
[0.583s] Level 5:colcon.colcon_core.verb:set package 'phantomx_gazebo' build argument 'catkin_skip_building_tests' from command line to 'False'
[0.583s] DEBUG:colcon.colcon_core.verb:Building package 'phantomx_gazebo' with the following arguments: {'ament_cmake_args': None, 'build_base': '/home/max/hexapod_ws/build/phantomx_gazebo', 'catkin_cmake_args': None, 'catkin_skip_building_tests': False, 'cmake_args': None, 'cmake_clean_cache': False, 'cmake_clean_first': False, 'cmake_force_configure': False, 'cmake_target': None, 'cmake_target_skip_unavailable': False, 'install_base': '/home/max/hexapod_ws/install/phantomx_gazebo', 'merge_install': False, 'path': '/home/max/hexapod_ws/src/phantomx_gazebo', 'symlink_install': False, 'test_result_base': None}
[0.583s] INFO:colcon.colcon_core.executor:Executing jobs using 'parallel' executor
[0.584s] DEBUG:colcon.colcon_parallel_executor.executor.parallel:run_until_complete
[0.585s] INFO:colcon.colcon_ros.task.ament_cmake.build:Building ROS package in '/home/max/hexapod_ws/src/phantomx_description' with build type 'ament_cmake'
[0.585s] INFO:colcon.colcon_cmake.task.cmake.build:Building CMake package in '/home/max/hexapod_ws/src/phantomx_description'
[0.591s] INFO:colcon.colcon_core.plugin_system:Skipping extension 'colcon_core.shell.bat': Not used on non-Windows systems
[0.591s] INFO:colcon.colcon_core.shell:Skip shell extension 'powershell' for command environment: Not usable outside of PowerShell
[0.591s] DEBUG:colcon.colcon_core.shell:Skip shell extension 'dsv' for command environment
[0.597s] INFO:colcon.colcon_ros.task.ament_python.build:Building ROS package in '/home/max/hexapod_ws/joint_state_publisher/joint_state_publisher_gui' with build type 'ament_python'
[0.597s] Level 1:colcon.colcon_core.shell:create_environment_hook('joint_state_publisher_gui', 'ament_prefix_path')
[0.597s] INFO:colcon.colcon_core.shell:Creating environment hook '/home/max/hexapod_ws/install/joint_state_publisher_gui/share/joint_state_publisher_gui/hook/ament_prefix_path.ps1'
[0.598s] INFO:colcon.colcon_core.shell:Creating environment descriptor '/home/max/hexapod_ws/install/joint_state_publisher_gui/share/joint_state_publisher_gui/hook/ament_prefix_path.dsv'
[0.599s] INFO:colcon.colcon_core.shell:Creating environment hook '/home/max/hexapod_ws/install/joint_state_publisher_gui/share/joint_state_publisher_gui/hook/ament_prefix_path.sh'
[0.600s] INFO:colcon.colcon_core.shell:Skip shell extension 'powershell' for command environment: Not usable outside of PowerShell
[0.600s] DEBUG:colcon.colcon_core.shell:Skip shell extension 'dsv' for command environment
[0.612s] DEBUG:colcon.colcon_core.event_handler.log_command:Invoking command in '/home/max/hexapod_ws/build/phantomx_description': CMAKE_PREFIX_PATH=${CMAKE_PREFIX_PATH}:/home/max/hexapod_ws/install/joint_state_publisher:/home/max/ros2_ws/install/talker:/home/max/ros2_ws/install/my_turtle_controller:/home/max/ros2_ws/install/listener:/opt/ros/humble /usr/bin/cmake --build /home/max/hexapod_ws/build/phantomx_description -- -j8 -l8
[0.942s] INFO:colcon.colcon_core.task.python.build:Building Python package in '/home/max/hexapod_ws/joint_state_publisher/joint_state_publisher_gui'
[0.943s] INFO:colcon.colcon_core.shell:Skip shell extension 'powershell' for command environment: Not usable outside of PowerShell
[0.943s] DEBUG:colcon.colcon_core.shell:Skip shell extension 'dsv' for command environment
[0.949s] DEBUG:colcon.colcon_core.event_handler.log_command:Invoked command in '/home/max/hexapod_ws/build/phantomx_description' returned '0': CMAKE_PREFIX_PATH=${CMAKE_PREFIX_PATH}:/home/max/hexapod_ws/install/joint_state_publisher:/home/max/ros2_ws/install/talker:/home/max/ros2_ws/install/my_turtle_controller:/home/max/ros2_ws/install/listener:/opt/ros/humble /usr/bin/cmake --build /home/max/hexapod_ws/build/phantomx_description -- -j8 -l8
[0.958s] DEBUG:colcon.colcon_core.event_handler.log_command:Invoking command in '/home/max/hexapod_ws/build/phantomx_description': CMAKE_PREFIX_PATH=${CMAKE_PREFIX_PATH}:/home/max/hexapod_ws/install/joint_state_publisher:/home/max/ros2_ws/install/talker:/home/max/ros2_ws/install/my_turtle_controller:/home/max/ros2_ws/install/listener:/opt/ros/humble /usr/bin/cmake --install /home/max/hexapod_ws/build/phantomx_description
[0.968s] Level 1:colcon.colcon_core.environment:create_environment_scripts_only(phantomx_description)
[0.969s] DEBUG:colcon.colcon_core.event_handler.log_command:Invoked command in '/home/max/hexapod_ws/build/phantomx_description' returned '0': CMAKE_PREFIX_PATH=${CMAKE_PREFIX_PATH}:/home/max/hexapod_ws/install/joint_state_publisher:/home/max/ros2_ws/install/talker:/home/max/ros2_ws/install/my_turtle_controller:/home/max/ros2_ws/install/listener:/opt/ros/humble /usr/bin/cmake --install /home/max/hexapod_ws/build/phantomx_description
[0.974s] Level 1:colcon.colcon_core.environment:checking '/home/max/hexapod_ws/install/phantomx_description' for CMake module files
[0.974s] Level 1:colcon.colcon_core.environment:checking '/home/max/hexapod_ws/install/phantomx_description' for CMake config files
[0.975s] Level 1:colcon.colcon_core.shell:create_environment_hook('phantomx_description', 'cmake_prefix_path')
[0.975s] INFO:colcon.colcon_core.shell:Creating environment hook '/home/max/hexapod_ws/install/phantomx_description/share/phantomx_description/hook/cmake_prefix_path.ps1'
[0.976s] INFO:colcon.colcon_core.shell:Creating environment descriptor '/home/max/hexapod_ws/install/phantomx_description/share/phantomx_description/hook/cmake_prefix_path.dsv'
[0.976s] INFO:colcon.colcon_core.shell:Creating environment hook '/home/max/hexapod_ws/install/phantomx_description/share/phantomx_description/hook/cmake_prefix_path.sh'
[0.977s] Level 1:colcon.colcon_core.environment:checking '/home/max/hexapod_ws/install/phantomx_description/bin'
[0.977s] Level 1:colcon.colcon_core.environment:checking '/home/max/hexapod_ws/install/phantomx_description/lib/pkgconfig/phantomx_description.pc'
[0.977s] Level 1:colcon.colcon_core.environment:checking '/home/max/hexapod_ws/install/phantomx_description/lib/python3.10/site-packages'
[0.977s] Level 1:colcon.colcon_core.environment:checking '/home/max/hexapod_ws/install/phantomx_description/bin'
[0.977s] INFO:colcon.colcon_core.shell:Creating package script '/home/max/hexapod_ws/install/phantomx_description/share/phantomx_description/package.ps1'
[0.978s] INFO:colcon.colcon_core.shell:Creating package descriptor '/home/max/hexapod_ws/install/phantomx_description/share/phantomx_description/package.dsv'
[0.979s] INFO:colcon.colcon_core.shell:Creating package script '/home/max/hexapod_ws/install/phantomx_description/share/phantomx_description/package.sh'
[0.980s] INFO:colcon.colcon_core.shell:Creating package script '/home/max/hexapod_ws/install/phantomx_description/share/phantomx_description/package.bash'
[0.981s] INFO:colcon.colcon_core.shell:Creating package script '/home/max/hexapod_ws/install/phantomx_description/share/phantomx_description/package.zsh'
[0.981s] Level 1:colcon.colcon_core.environment:create_file_with_runtime_dependencies(/home/max/hexapod_ws/install/phantomx_description/share/colcon-core/packages/phantomx_description)
[0.982s] Level 1:colcon.colcon_core.environment:create_environment_scripts_only(phantomx_description)
[0.982s] Level 1:colcon.colcon_core.environment:checking '/home/max/hexapod_ws/install/phantomx_description' for CMake module files
[0.983s] Level 1:colcon.colcon_core.environment:checking '/home/max/hexapod_ws/install/phantomx_description' for CMake config files
[0.983s] Level 1:colcon.colcon_core.shell:create_environment_hook('phantomx_description', 'cmake_prefix_path')
[0.983s] INFO:colcon.colcon_core.shell:Creating environment hook '/home/max/hexapod_ws/install/phantomx_description/share/phantomx_description/hook/cmake_prefix_path.ps1'
[0.984s] INFO:colcon.colcon_core.shell:Creating environment descriptor '/home/max/hexapod_ws/install/phantomx_description/share/phantomx_description/hook/cmake_prefix_path.dsv'
[0.984s] INFO:colcon.colcon_core.shell:Creating environment hook '/home/max/hexapod_ws/install/phantomx_description/share/phantomx_description/hook/cmake_prefix_path.sh'
[0.985s] Level 1:colcon.colcon_core.environment:checking '/home/max/hexapod_ws/install/phantomx_description/bin'
[0.985s] Level 1:colcon.colcon_core.environment:checking '/home/max/hexapod_ws/install/phantomx_description/lib/pkgconfig/phantomx_description.pc'
[0.985s] Level 1:colcon.colcon_core.environment:checking '/home/max/hexapod_ws/install/phantomx_description/lib/python3.10/site-packages'
[0.986s] Level 1:colcon.colcon_core.environment:checking '/home/max/hexapod_ws/install/phantomx_description/bin'
[0.986s] INFO:colcon.colcon_core.shell:Creating package script '/home/max/hexapod_ws/install/phantomx_description/share/phantomx_description/package.ps1'
[0.986s] INFO:colcon.colcon_core.shell:Creating package descriptor '/home/max/hexapod_ws/install/phantomx_description/share/phantomx_description/package.dsv'
[0.987s] INFO:colcon.colcon_core.shell:Creating package script '/home/max/hexapod_ws/install/phantomx_description/share/phantomx_description/package.sh'
[0.987s] INFO:colcon.colcon_core.shell:Creating package script '/home/max/hexapod_ws/install/phantomx_description/share/phantomx_description/package.bash'
[0.988s] INFO:colcon.colcon_core.shell:Creating package script '/home/max/hexapod_ws/install/phantomx_description/share/phantomx_description/package.zsh'
[0.988s] Level 1:colcon.colcon_core.environment:create_file_with_runtime_dependencies(/home/max/hexapod_ws/install/phantomx_description/share/colcon-core/packages/phantomx_description)
[0.988s] INFO:colcon.colcon_ros.task.ament_cmake.build:Building ROS package in '/home/max/hexapod_ws/src/phantomx_control' with build type 'ament_cmake'
[0.989s] INFO:colcon.colcon_cmake.task.cmake.build:Building CMake package in '/home/max/hexapod_ws/src/phantomx_control'
[0.989s] INFO:colcon.colcon_core.shell:Skip shell extension 'powershell' for command environment: Not usable outside of PowerShell
[0.989s] DEBUG:colcon.colcon_core.shell:Skip shell extension 'dsv' for command environment
[1.001s] DEBUG:colcon.colcon_core.event_handler.log_command:Invoking command in '/home/max/hexapod_ws/build/phantomx_control': CMAKE_PREFIX_PATH=/home/max/hexapod_ws/install/phantomx_description:/home/max/hexapod_ws/install/phantomx_gazebo:/home/max/hexapod_ws/install/phantomx_control:/home/max/lhex/gazebo_ros2_control/gazebo_ros2_control_demos/install/gazebo_ros2_control_demos:/home/max/hexapod_ws/install/joint_state_publisher:/home/max/ros2_ws/install/talker:/home/max/ros2_ws/install/my_turtle_controller:/home/max/ros2_ws/install/listener:/opt/ros/humble /usr/bin/cmake --build /home/max/hexapod_ws/build/phantomx_control -- -j8 -l8
[1.039s] DEBUG:colcon.colcon_core.event_handler.log_command:Invoked command in '/home/max/hexapod_ws/build/phantomx_control' returned '0': CMAKE_PREFIX_PATH=/home/max/hexapod_ws/install/phantomx_description:/home/max/hexapod_ws/install/phantomx_gazebo:/home/max/hexapod_ws/install/phantomx_control:/home/max/lhex/gazebo_ros2_control/gazebo_ros2_control_demos/install/gazebo_ros2_control_demos:/home/max/hexapod_ws/install/joint_state_publisher:/home/max/ros2_ws/install/talker:/home/max/ros2_ws/install/my_turtle_controller:/home/max/ros2_ws/install/listener:/opt/ros/humble /usr/bin/cmake --build /home/max/hexapod_ws/build/phantomx_control -- -j8 -l8
[1.040s] DEBUG:colcon.colcon_core.event_handler.log_command:Invoking command in '/home/max/hexapod_ws/build/phantomx_control': CMAKE_PREFIX_PATH=/home/max/hexapod_ws/install/phantomx_description:/home/max/hexapod_ws/install/phantomx_gazebo:/home/max/hexapod_ws/install/phantomx_control:/home/max/lhex/gazebo_ros2_control/gazebo_ros2_control_demos/install/gazebo_ros2_control_demos:/home/max/hexapod_ws/install/joint_state_publisher:/home/max/ros2_ws/install/talker:/home/max/ros2_ws/install/my_turtle_controller:/home/max/ros2_ws/install/listener:/opt/ros/humble /usr/bin/cmake --install /home/max/hexapod_ws/build/phantomx_control
[1.050s] Level 1:colcon.colcon_core.environment:create_environment_scripts_only(phantomx_control)
[1.051s] Level 1:colcon.colcon_core.environment:checking '/home/max/hexapod_ws/install/phantomx_control' for CMake module files
[1.051s] DEBUG:colcon.colcon_core.event_handler.log_command:Invoked command in '/home/max/hexapod_ws/build/phantomx_control' returned '0': CMAKE_PREFIX_PATH=/home/max/hexapod_ws/install/phantomx_description:/home/max/hexapod_ws/install/phantomx_gazebo:/home/max/hexapod_ws/install/phantomx_control:/home/max/lhex/gazebo_ros2_control/gazebo_ros2_control_demos/install/gazebo_ros2_control_demos:/home/max/hexapod_ws/install/joint_state_publisher:/home/max/ros2_ws/install/talker:/home/max/ros2_ws/install/my_turtle_controller:/home/max/ros2_ws/install/listener:/opt/ros/humble /usr/bin/cmake --install /home/max/hexapod_ws/build/phantomx_control
[1.051s] Level 1:colcon.colcon_core.environment:checking '/home/max/hexapod_ws/install/phantomx_control' for CMake config files
[1.052s] Level 1:colcon.colcon_core.shell:create_environment_hook('phantomx_control', 'cmake_prefix_path')
[1.052s] INFO:colcon.colcon_core.shell:Creating environment hook '/home/max/hexapod_ws/install/phantomx_control/share/phantomx_control/hook/cmake_prefix_path.ps1'
[1.053s] INFO:colcon.colcon_core.shell:Creating environment descriptor '/home/max/hexapod_ws/install/phantomx_control/share/phantomx_control/hook/cmake_prefix_path.dsv'
[1.053s] INFO:colcon.colcon_core.shell:Creating environment hook '/home/max/hexapod_ws/install/phantomx_control/share/phantomx_control/hook/cmake_prefix_path.sh'
[1.054s] Level 1:colcon.colcon_core.environment:checking '/home/max/hexapod_ws/install/phantomx_control/bin'
[1.054s] Level 1:colcon.colcon_core.environment:checking '/home/max/hexapod_ws/install/phantomx_control/lib/pkgconfig/phantomx_control.pc'
[1.054s] Level 1:colcon.colcon_core.environment:checking '/home/max/hexapod_ws/install/phantomx_control/lib/python3.10/site-packages'
[1.054s] Level 1:colcon.colcon_core.environment:checking '/home/max/hexapod_ws/install/phantomx_control/bin'
[1.055s] INFO:colcon.colcon_core.shell:Creating package script '/home/max/hexapod_ws/install/phantomx_control/share/phantomx_control/package.ps1'
[1.055s] INFO:colcon.colcon_core.shell:Creating package descriptor '/home/max/hexapod_ws/install/phantomx_control/share/phantomx_control/package.dsv'
[1.056s] INFO:colcon.colcon_core.shell:Creating package script '/home/max/hexapod_ws/install/phantomx_control/share/phantomx_control/package.sh'
[1.056s] INFO:colcon.colcon_core.shell:Creating package script '/home/max/hexapod_ws/install/phantomx_control/share/phantomx_control/package.bash'
[1.056s] INFO:colcon.colcon_core.shell:Creating package script '/home/max/hexapod_ws/install/phantomx_control/share/phantomx_control/package.zsh'
[1.057s] Level 1:colcon.colcon_core.environment:create_file_with_runtime_dependencies(/home/max/hexapod_ws/install/phantomx_control/share/colcon-core/packages/phantomx_control)
[1.057s] Level 1:colcon.colcon_core.environment:create_environment_scripts_only(phantomx_control)
[1.058s] Level 1:colcon.colcon_core.environment:checking '/home/max/hexapod_ws/install/phantomx_control' for CMake module files
[1.058s] Level 1:colcon.colcon_core.environment:checking '/home/max/hexapod_ws/install/phantomx_control' for CMake config files
[1.058s] Level 1:colcon.colcon_core.shell:create_environment_hook('phantomx_control', 'cmake_prefix_path')
[1.059s] INFO:colcon.colcon_core.shell:Creating environment hook '/home/max/hexapod_ws/install/phantomx_control/share/phantomx_control/hook/cmake_prefix_path.ps1'
[1.059s] INFO:colcon.colcon_core.shell:Creating environment descriptor '/home/max/hexapod_ws/install/phantomx_control/share/phantomx_control/hook/cmake_prefix_path.dsv'
[1.059s] INFO:colcon.colcon_core.shell:Creating environment hook '/home/max/hexapod_ws/install/phantomx_control/share/phantomx_control/hook/cmake_prefix_path.sh'
[1.060s] Level 1:colcon.colcon_core.environment:checking '/home/max/hexapod_ws/install/phantomx_control/bin'
[1.060s] Level 1:colcon.colcon_core.environment:checking '/home/max/hexapod_ws/install/phantomx_control/lib/pkgconfig/phantomx_control.pc'
[1.060s] Level 1:colcon.colcon_core.environment:checking '/home/max/hexapod_ws/install/phantomx_control/lib/python3.10/site-packages'
[1.060s] Level 1:colcon.colcon_core.environment:checking '/home/max/hexapod_ws/install/phantomx_control/bin'
[1.061s] INFO:colcon.colcon_core.shell:Creating package script '/home/max/hexapod_ws/install/phantomx_control/share/phantomx_control/package.ps1'
[1.061s] INFO:colcon.colcon_core.shell:Creating package descriptor '/home/max/hexapod_ws/install/phantomx_control/share/phantomx_control/package.dsv'
[1.062s] INFO:colcon.colcon_core.shell:Creating package script '/home/max/hexapod_ws/install/phantomx_control/share/phantomx_control/package.sh'
[1.062s] INFO:colcon.colcon_core.shell:Creating package script '/home/max/hexapod_ws/install/phantomx_control/share/phantomx_control/package.bash'
[1.063s] INFO:colcon.colcon_core.shell:Creating package script '/home/max/hexapod_ws/install/phantomx_control/share/phantomx_control/package.zsh'
[1.063s] Level 1:colcon.colcon_core.environment:create_file_with_runtime_dependencies(/home/max/hexapod_ws/install/phantomx_control/share/colcon-core/packages/phantomx_control)
[1.064s] INFO:colcon.colcon_ros.task.ament_cmake.build:Building ROS package in '/home/max/hexapod_ws/src/phantomx_gazebo' with build type 'ament_cmake'
[1.064s] INFO:colcon.colcon_cmake.task.cmake.build:Building CMake package in '/home/max/hexapod_ws/src/phantomx_gazebo'
[1.064s] INFO:colcon.colcon_core.shell:Skip shell extension 'powershell' for command environment: Not usable outside of PowerShell
[1.064s] DEBUG:colcon.colcon_core.shell:Skip shell extension 'dsv' for command environment
[1.076s] DEBUG:colcon.colcon_core.event_handler.log_command:Invoking command in '/home/max/hexapod_ws/build/phantomx_gazebo': CMAKE_PREFIX_PATH=/home/max/hexapod_ws/install/phantomx_control:/home/max/hexapod_ws/install/phantomx_description:/home/max/hexapod_ws/install/phantomx_gazebo:/home/max/lhex/gazebo_ros2_control/gazebo_ros2_control_demos/install/gazebo_ros2_control_demos:/home/max/hexapod_ws/install/joint_state_publisher:/home/max/ros2_ws/install/talker:/home/max/ros2_ws/install/my_turtle_controller:/home/max/ros2_ws/install/listener:/opt/ros/humble /usr/bin/cmake --build /home/max/hexapod_ws/build/phantomx_gazebo -- -j8 -l8
[1.560s] DEBUG:colcon.colcon_core.event_handler.log_command:Invoking command in '/home/max/hexapod_ws/joint_state_publisher/joint_state_publisher_gui': AMENT_PREFIX_PATH=/home/max/hexapod_ws/install/joint_state_publisher:/home/max/hexapod_ws/install/phantomx_gazebo:/home/max/hexapod_ws/install/phantomx_control:/home/max/hexapod_ws/install/phantomx_description:/home/max/lhex/gazebo_ros2_control/gazebo_ros2_control_demos/install/gazebo_ros2_control_demos:/home/max/ros2_ws/install/talker:/home/max/ros2_ws/install/my_turtle_controller:/home/max/ros2_ws/install/listener:/opt/ros/humble PYTHONPATH=/home/max/hexapod_ws/build/joint_state_publisher_gui/prefix_override:/usr/lib/python3/dist-packages/colcon_core/task/python/colcon_distutils_commands:/home/max/hexapod_ws/install/joint_state_publisher_gui/lib/python3.10/site-packages:/home/max/hexapod_ws/install/joint_state_publisher/lib/python3.10/site-packages:/home/max/hexapod_ws/install/phantomx_gazebo/local/lib/python3.10/dist-packages:/home/max/ros2_ws/install/talker/lib/python3.8/site-packages:/home/max/ros2_ws/install/my_turtle_controller/lib/python3.8/site-packages:/home/max/ros2_ws/install/listener/lib/python3.8/site-packages:/opt/ros/humble/lib/python3.10/site-packages:/opt/ros/humble/local/lib/python3.10/dist-packages /usr/bin/python3 -W ignore:setup.py install is deprecated -W ignore:easy_install command is deprecated setup.py egg_info --egg-base ../../build/joint_state_publisher_gui build --build-base /home/max/hexapod_ws/build/joint_state_publisher_gui/build install --record /home/max/hexapod_ws/build/joint_state_publisher_gui/install.log --single-version-externally-managed install_data
[1.625s] DEBUG:colcon.colcon_core.event_handler.log_command:Invoked command in '/home/max/hexapod_ws/build/phantomx_gazebo' returned '0': CMAKE_PREFIX_PATH=/home/max/hexapod_ws/install/phantomx_control:/home/max/hexapod_ws/install/phantomx_description:/home/max/hexapod_ws/install/phantomx_gazebo:/home/max/lhex/gazebo_ros2_control/gazebo_ros2_control_demos/install/gazebo_ros2_control_demos:/home/max/hexapod_ws/install/joint_state_publisher:/home/max/ros2_ws/install/talker:/home/max/ros2_ws/install/my_turtle_controller:/home/max/ros2_ws/install/listener:/opt/ros/humble /usr/bin/cmake --build /home/max/hexapod_ws/build/phantomx_gazebo -- -j8 -l8
[1.629s] DEBUG:colcon.colcon_core.event_handler.log_command:Invoking command in '/home/max/hexapod_ws/build/phantomx_gazebo': CMAKE_PREFIX_PATH=/home/max/hexapod_ws/install/phantomx_control:/home/max/hexapod_ws/install/phantomx_description:/home/max/hexapod_ws/install/phantomx_gazebo:/home/max/lhex/gazebo_ros2_control/gazebo_ros2_control_demos/install/gazebo_ros2_control_demos:/home/max/hexapod_ws/install/joint_state_publisher:/home/max/ros2_ws/install/talker:/home/max/ros2_ws/install/my_turtle_controller:/home/max/ros2_ws/install/listener:/opt/ros/humble /usr/bin/cmake --install /home/max/hexapod_ws/build/phantomx_gazebo
[1.719s] Level 1:colcon.colcon_core.environment:create_environment_scripts_only(phantomx_gazebo)
[1.720s] Level 1:colcon.colcon_core.environment:checking '/home/max/hexapod_ws/install/phantomx_gazebo' for CMake module files
[1.721s] DEBUG:colcon.colcon_core.event_handler.log_command:Invoked command in '/home/max/hexapod_ws/build/phantomx_gazebo' returned '0': CMAKE_PREFIX_PATH=/home/max/hexapod_ws/install/phantomx_control:/home/max/hexapod_ws/install/phantomx_description:/home/max/hexapod_ws/install/phantomx_gazebo:/home/max/lhex/gazebo_ros2_control/gazebo_ros2_control_demos/install/gazebo_ros2_control_demos:/home/max/hexapod_ws/install/joint_state_publisher:/home/max/ros2_ws/install/talker:/home/max/ros2_ws/install/my_turtle_controller:/home/max/ros2_ws/install/listener:/opt/ros/humble /usr/bin/cmake --install /home/max/hexapod_ws/build/phantomx_gazebo
[1.722s] Level 1:colcon.colcon_core.environment:checking '/home/max/hexapod_ws/install/phantomx_gazebo' for CMake config files
[1.723s] Level 1:colcon.colcon_core.shell:create_environment_hook('phantomx_gazebo', 'cmake_prefix_path')
[1.724s] INFO:colcon.colcon_core.shell:Creating environment hook '/home/max/hexapod_ws/install/phantomx_gazebo/share/phantomx_gazebo/hook/cmake_prefix_path.ps1'
[1.725s] INFO:colcon.colcon_core.shell:Creating environment descriptor '/home/max/hexapod_ws/install/phantomx_gazebo/share/phantomx_gazebo/hook/cmake_prefix_path.dsv'
[1.726s] INFO:colcon.colcon_core.shell:Creating environment hook '/home/max/hexapod_ws/install/phantomx_gazebo/share/phantomx_gazebo/hook/cmake_prefix_path.sh'
[1.728s] Level 1:colcon.colcon_core.environment:checking '/home/max/hexapod_ws/install/phantomx_gazebo/lib'
[1.728s] Level 1:colcon.colcon_core.environment:checking '/home/max/hexapod_ws/install/phantomx_gazebo/bin'
[1.728s] Level 1:colcon.colcon_core.environment:checking '/home/max/hexapod_ws/install/phantomx_gazebo/lib/pkgconfig/phantomx_gazebo.pc'
[1.729s] Level 1:colcon.colcon_core.environment:checking '/home/max/hexapod_ws/install/phantomx_gazebo/lib/python3.10/site-packages'
[1.729s] Level 1:colcon.colcon_core.environment:checking '/home/max/hexapod_ws/install/phantomx_gazebo/bin'
[1.730s] INFO:colcon.colcon_core.shell:Creating package script '/home/max/hexapod_ws/install/phantomx_gazebo/share/phantomx_gazebo/package.ps1'
[1.731s] INFO:colcon.colcon_core.shell:Creating package descriptor '/home/max/hexapod_ws/install/phantomx_gazebo/share/phantomx_gazebo/package.dsv'
[1.732s] INFO:colcon.colcon_core.shell:Creating package script '/home/max/hexapod_ws/install/phantomx_gazebo/share/phantomx_gazebo/package.sh'
[1.733s] INFO:colcon.colcon_core.shell:Creating package script '/home/max/hexapod_ws/install/phantomx_gazebo/share/phantomx_gazebo/package.bash'
[1.734s] INFO:colcon.colcon_core.shell:Creating package script '/home/max/hexapod_ws/install/phantomx_gazebo/share/phantomx_gazebo/package.zsh'
[1.735s] Level 1:colcon.colcon_core.environment:create_file_with_runtime_dependencies(/home/max/hexapod_ws/install/phantomx_gazebo/share/colcon-core/packages/phantomx_gazebo)
[1.737s] Level 1:colcon.colcon_core.environment:create_environment_scripts_only(phantomx_gazebo)
[1.738s] Level 1:colcon.colcon_core.environment:checking '/home/max/hexapod_ws/install/phantomx_gazebo' for CMake module files
[1.739s] Level 1:colcon.colcon_core.environment:checking '/home/max/hexapod_ws/install/phantomx_gazebo' for CMake config files
[1.740s] Level 1:colcon.colcon_core.shell:create_environment_hook('phantomx_gazebo', 'cmake_prefix_path')
[1.740s] INFO:colcon.colcon_core.shell:Creating environment hook '/home/max/hexapod_ws/install/phantomx_gazebo/share/phantomx_gazebo/hook/cmake_prefix_path.ps1'
[1.741s] INFO:colcon.colcon_core.shell:Creating environment descriptor '/home/max/hexapod_ws/install/phantomx_gazebo/share/phantomx_gazebo/hook/cmake_prefix_path.dsv'
[1.742s] INFO:colcon.colcon_core.shell:Creating environment hook '/home/max/hexapod_ws/install/phantomx_gazebo/share/phantomx_gazebo/hook/cmake_prefix_path.sh'
[1.743s] Level 1:colcon.colcon_core.environment:checking '/home/max/hexapod_ws/install/phantomx_gazebo/lib'
[1.743s] Level 1:colcon.colcon_core.environment:checking '/home/max/hexapod_ws/install/phantomx_gazebo/bin'
[1.743s] Level 1:colcon.colcon_core.environment:checking '/home/max/hexapod_ws/install/phantomx_gazebo/lib/pkgconfig/phantomx_gazebo.pc'
[1.744s] Level 1:colcon.colcon_core.environment:checking '/home/max/hexapod_ws/install/phantomx_gazebo/lib/python3.10/site-packages'
[1.744s] Level 1:colcon.colcon_core.environment:checking '/home/max/hexapod_ws/install/phantomx_gazebo/bin'
[1.745s] INFO:colcon.colcon_core.shell:Creating package script '/home/max/hexapod_ws/install/phantomx_gazebo/share/phantomx_gazebo/package.ps1'
[1.746s] INFO:colcon.colcon_core.shell:Creating package descriptor '/home/max/hexapod_ws/install/phantomx_gazebo/share/phantomx_gazebo/package.dsv'
[1.747s] INFO:colcon.colcon_core.shell:Creating package script '/home/max/hexapod_ws/install/phantomx_gazebo/share/phantomx_gazebo/package.sh'
[1.748s] INFO:colcon.colcon_core.shell:Creating package script '/home/max/hexapod_ws/install/phantomx_gazebo/share/phantomx_gazebo/package.bash'
[1.748s] INFO:colcon.colcon_core.shell:Creating package script '/home/max/hexapod_ws/install/phantomx_gazebo/share/phantomx_gazebo/package.zsh'
[1.749s] Level 1:colcon.colcon_core.environment:create_file_with_runtime_dependencies(/home/max/hexapod_ws/install/phantomx_gazebo/share/colcon-core/packages/phantomx_gazebo)
[2.220s] Level 1:colcon.colcon_core.environment:checking '/home/max/hexapod_ws/install/joint_state_publisher_gui' for CMake module files
[2.221s] DEBUG:colcon.colcon_core.event_handler.log_command:Invoked command in '/home/max/hexapod_ws/joint_state_publisher/joint_state_publisher_gui' returned '0': AMENT_PREFIX_PATH=/home/max/hexapod_ws/install/joint_state_publisher:/home/max/hexapod_ws/install/phantomx_gazebo:/home/max/hexapod_ws/install/phantomx_control:/home/max/hexapod_ws/install/phantomx_description:/home/max/lhex/gazebo_ros2_control/gazebo_ros2_control_demos/install/gazebo_ros2_control_demos:/home/max/ros2_ws/install/talker:/home/max/ros2_ws/install/my_turtle_controller:/home/max/ros2_ws/install/listener:/opt/ros/humble PYTHONPATH=/home/max/hexapod_ws/build/joint_state_publisher_gui/prefix_override:/usr/lib/python3/dist-packages/colcon_core/task/python/colcon_distutils_commands:/home/max/hexapod_ws/install/joint_state_publisher_gui/lib/python3.10/site-packages:/home/max/hexapod_ws/install/joint_state_publisher/lib/python3.10/site-packages:/home/max/hexapod_ws/install/phantomx_gazebo/local/lib/python3.10/dist-packages:/home/max/ros2_ws/install/talker/lib/python3.8/site-packages:/home/max/ros2_ws/install/my_turtle_controller/lib/python3.8/site-packages:/home/max/ros2_ws/install/listener/lib/python3.8/site-packages:/opt/ros/humble/lib/python3.10/site-packages:/opt/ros/humble/local/lib/python3.10/dist-packages /usr/bin/python3 -W ignore:setup.py install is deprecated -W ignore:easy_install command is deprecated setup.py egg_info --egg-base ../../build/joint_state_publisher_gui build --build-base /home/max/hexapod_ws/build/joint_state_publisher_gui/build install --record /home/max/hexapod_ws/build/joint_state_publisher_gui/install.log --single-version-externally-managed install_data
[2.222s] Level 1:colcon.colcon_core.environment:checking '/home/max/hexapod_ws/install/joint_state_publisher_gui' for CMake config files
[2.223s] Level 1:colcon.colcon_core.environment:checking '/home/max/hexapod_ws/install/joint_state_publisher_gui/lib'
[2.223s] Level 1:colcon.colcon_core.environment:checking '/home/max/hexapod_ws/install/joint_state_publisher_gui/bin'
[2.223s] Level 1:colcon.colcon_core.environment:checking '/home/max/hexapod_ws/install/joint_state_publisher_gui/lib/pkgconfig/joint_state_publisher_gui.pc'
[2.223s] Level 1:colcon.colcon_core.environment:checking '/home/max/hexapod_ws/install/joint_state_publisher_gui/lib/python3.10/site-packages'
[2.223s] Level 1:colcon.colcon_core.shell:create_environment_hook('joint_state_publisher_gui', 'pythonpath')
[2.224s] INFO:colcon.colcon_core.shell:Creating environment hook '/home/max/hexapod_ws/install/joint_state_publisher_gui/share/joint_state_publisher_gui/hook/pythonpath.ps1'
[2.225s] INFO:colcon.colcon_core.shell:Creating environment descriptor '/home/max/hexapod_ws/install/joint_state_publisher_gui/share/joint_state_publisher_gui/hook/pythonpath.dsv'
[2.225s] INFO:colcon.colcon_core.shell:Creating environment hook '/home/max/hexapod_ws/install/joint_state_publisher_gui/share/joint_state_publisher_gui/hook/pythonpath.sh'
[2.226s] Level 1:colcon.colcon_core.environment:checking '/home/max/hexapod_ws/install/joint_state_publisher_gui/bin'
[2.226s] Level 1:colcon.colcon_core.environment:create_environment_scripts_only(joint_state_publisher_gui)
[2.227s] INFO:colcon.colcon_core.shell:Creating package script '/home/max/hexapod_ws/install/joint_state_publisher_gui/share/joint_state_publisher_gui/package.ps1'
[2.228s] INFO:colcon.colcon_core.shell:Creating package descriptor '/home/max/hexapod_ws/install/joint_state_publisher_gui/share/joint_state_publisher_gui/package.dsv'
[2.229s] INFO:colcon.colcon_core.shell:Creating package script '/home/max/hexapod_ws/install/joint_state_publisher_gui/share/joint_state_publisher_gui/package.sh'
[2.229s] INFO:colcon.colcon_core.shell:Creating package script '/home/max/hexapod_ws/install/joint_state_publisher_gui/share/joint_state_publisher_gui/package.bash'
[2.230s] INFO:colcon.colcon_core.shell:Creating package script '/home/max/hexapod_ws/install/joint_state_publisher_gui/share/joint_state_publisher_gui/package.zsh'
[2.230s] Level 1:colcon.colcon_core.environment:create_file_with_runtime_dependencies(/home/max/hexapod_ws/install/joint_state_publisher_gui/share/colcon-core/packages/joint_state_publisher_gui)
[2.231s] DEBUG:colcon.colcon_parallel_executor.executor.parallel:closing loop
[2.231s] DEBUG:colcon.colcon_parallel_executor.executor.parallel:loop closed
[2.231s] DEBUG:colcon.colcon_parallel_executor.executor.parallel:run_until_complete finished with '0'
[2.232s] DEBUG:colcon.colcon_core.event_reactor:joining thread
[2.248s] INFO:colcon.colcon_core.plugin_system:Skipping extension 'colcon_notification.desktop_notification.notify_send': Could not find 'notify-send'
[2.249s] INFO:colcon.colcon_core.plugin_system:Skipping extension 'colcon_notification.desktop_notification.terminal_notifier': Not used on non-Darwin systems
[2.249s] INFO:colcon.colcon_core.plugin_system:Skipping extension 'colcon_notification.desktop_notification.win32': Not used on non-Windows systems
[2.249s] INFO:colcon.colcon_notification.desktop_notification:Sending desktop notification using 'notify2'
[2.261s] DEBUG:colcon.colcon_core.event_reactor:joined thread
[2.261s] INFO:colcon.colcon_core.shell:Creating prefix script '/home/max/hexapod_ws/install/local_setup.ps1'
[2.263s] INFO:colcon.colcon_core.shell:Creating prefix util module '/home/max/hexapod_ws/install/_local_setup_util_ps1.py'
[2.266s] INFO:colcon.colcon_core.shell:Creating prefix chain script '/home/max/hexapod_ws/install/setup.ps1'
[2.269s] INFO:colcon.colcon_core.shell:Creating prefix script '/home/max/hexapod_ws/install/local_setup.sh'
[2.271s] INFO:colcon.colcon_core.shell:Creating prefix util module '/home/max/hexapod_ws/install/_local_setup_util_sh.py'
[2.272s] INFO:colcon.colcon_core.shell:Creating prefix chain script '/home/max/hexapod_ws/install/setup.sh'
[2.276s] INFO:colcon.colcon_core.shell:Creating prefix script '/home/max/hexapod_ws/install/local_setup.bash'
[2.277s] INFO:colcon.colcon_core.shell:Creating prefix chain script '/home/max/hexapod_ws/install/setup.bash'
[2.280s] INFO:colcon.colcon_core.shell:Creating prefix script '/home/max/hexapod_ws/install/local_setup.zsh'
[2.281s] INFO:colcon.colcon_core.shell:Creating prefix chain script '/home/max/hexapod_ws/install/setup.zsh'
