running egg_info
creating ../build/hexapod/hexapod.egg-info
writing ../build/hexapod/hexapod.egg-info/PKG-INFO
writing dependency_links to ../build/hexapod/hexapod.egg-info/dependency_links.txt
writing entry points to ../build/hexapod/hexapod.egg-info/entry_points.txt
writing requirements to ../build/hexapod/hexapod.egg-info/requires.txt
writing top-level names to ../build/hexapod/hexapod.egg-info/top_level.txt
writing manifest file '../build/hexapod/hexapod.egg-info/SOURCES.txt'
reading manifest file '../build/hexapod/hexapod.egg-info/SOURCES.txt'
writing manifest file '../build/hexapod/hexapod.egg-info/SOURCES.txt'
running build
running build_py
creating /home/max/hexapod_ws/src/build/hexapod/build
creating /home/max/hexapod_ws/src/build/hexapod/build/lib
creating /home/max/hexapod_ws/src/build/hexapod/build/lib/hexapod
copying hexapod/leg_controller.py -> /home/max/hexapod_ws/src/build/hexapod/build/lib/hexapod
copying hexapod/coordintaor.py -> /home/max/hexapod_ws/src/build/hexapod/build/lib/hexapod
copying hexapod/__init__.py -> /home/max/hexapod_ws/src/build/hexapod/build/lib/hexapod
copying hexapod/Ax18.py -> /home/max/hexapod_ws/src/build/hexapod/build/lib/hexapod
running install
running install_lib
creating /home/max/hexapod_ws/src/install/hexapod/lib/python3.8/site-packages/hexapod
copying /home/max/hexapod_ws/src/build/hexapod/build/lib/hexapod/leg_controller.py -> /home/max/hexapod_ws/src/install/hexapod/lib/python3.8/site-packages/hexapod
copying /home/max/hexapod_ws/src/build/hexapod/build/lib/hexapod/coordintaor.py -> /home/max/hexapod_ws/src/install/hexapod/lib/python3.8/site-packages/hexapod
copying /home/max/hexapod_ws/src/build/hexapod/build/lib/hexapod/__init__.py -> /home/max/hexapod_ws/src/install/hexapod/lib/python3.8/site-packages/hexapod
copying /home/max/hexapod_ws/src/build/hexapod/build/lib/hexapod/Ax18.py -> /home/max/hexapod_ws/src/install/hexapod/lib/python3.8/site-packages/hexapod
byte-compiling /home/max/hexapod_ws/src/install/hexapod/lib/python3.8/site-packages/hexapod/leg_controller.py to leg_controller.cpython-38.pyc
byte-compiling /home/max/hexapod_ws/src/install/hexapod/lib/python3.8/site-packages/hexapod/coordintaor.py to coordintaor.cpython-38.pyc
byte-compiling /home/max/hexapod_ws/src/install/hexapod/lib/python3.8/site-packages/hexapod/__init__.py to __init__.cpython-38.pyc
byte-compiling /home/max/hexapod_ws/src/install/hexapod/lib/python3.8/site-packages/hexapod/Ax18.py to Ax18.cpython-38.pyc
running install_data
creating /home/max/hexapod_ws/src/install/hexapod/share/ament_index
creating /home/max/hexapod_ws/src/install/hexapod/share/ament_index/resource_index
creating /home/max/hexapod_ws/src/install/hexapod/share/ament_index/resource_index/packages
copying resource/hexapod -> /home/max/hexapod_ws/src/install/hexapod/share/ament_index/resource_index/packages
copying package.xml -> /home/max/hexapod_ws/src/install/hexapod/share/hexapod
creating /home/max/hexapod_ws/src/install/hexapod/share/hexapod/msg
running install_egg_info
Copying ../build/hexapod/hexapod.egg-info to /home/max/hexapod_ws/src/install/hexapod/lib/python3.8/site-packages/hexapod-0.0.0-py3.8.egg-info
running install_scripts
Installing coordinator script to /home/max/hexapod_ws/src/install/hexapod/lib/hexapod
Installing leg_controller script to /home/max/hexapod_ws/src/install/hexapod/lib/hexapod
Installing sensor_node script to /home/max/hexapod_ws/src/install/hexapod/lib/hexapod
writing list of installed files to '/home/max/hexapod_ws/src/build/hexapod/install.log'
