[0.137s] DEBUG:colcon:Command line arguments: ['/usr/bin/colcon', 'build']
[0.137s] DEBUG:colcon:Parsed command line arguments: Namespace(allow_overriding=[], ament_cmake_args=None, base_paths=['.'], build_base='build', catkin_cmake_args=None, catkin_skip_building_tests=False, cmake_args=None, cmake_clean_cache=False, cmake_clean_first=False, cmake_force_configure=False, cmake_target=None, cmake_target_skip_unavailable=False, continue_on_error=False, event_handlers=None, executor='parallel', ignore_user_meta=False, install_base='install', log_base=None, log_level=None, main=<bound method BuildVerb.main of <colcon_core.verb.build.BuildVerb object at 0x7fa58d062400>>, merge_install=False, metas=['./colcon.meta'], mixin=None, mixin_files=None, mixin_verb=('build',), packages_above=None, packages_above_and_dependencies=None, packages_above_depth=None, packages_end=None, packages_ignore=None, packages_ignore_regex=None, packages_select=None, packages_select_build_failed=False, packages_select_by_dep=None, packages_select_regex=None, packages_select_test_failures=False, packages_skip=None, packages_skip_build_finished=False, packages_skip_by_dep=None, packages_skip_regex=None, packages_skip_test_passed=False, packages_skip_up_to=None, packages_start=None, packages_up_to=None, packages_up_to_regex=None, parallel_workers=8, paths=None, symlink_install=False, test_result_base=None, verb_extension=<colcon_core.verb.build.BuildVerb object at 0x7fa58d062400>, verb_name='build', verb_parser=<colcon_mixin.mixin.mixin_argument.MixinArgumentDecorator object at 0x7fa58d062a00>)
[0.235s] Level 1:colcon.colcon_core.package_discovery:discover_packages(colcon_meta) check parameters
[0.235s] Level 1:colcon.colcon_core.package_discovery:discover_packages(recursive) check parameters
[0.235s] Level 1:colcon.colcon_core.package_discovery:discover_packages(ignore) check parameters
[0.235s] Level 1:colcon.colcon_core.package_discovery:discover_packages(path) check parameters
[0.235s] Level 1:colcon.colcon_core.package_discovery:discover_packages(colcon_meta) discover
[0.235s] Level 1:colcon.colcon_core.package_discovery:discover_packages(recursive) discover
[0.235s] INFO:colcon.colcon_core.package_discovery:Crawling recursively for packages in '/home/max/hexapod_ws/src'
[0.235s] Level 1:colcon.colcon_core.package_identification:_identify(.) by extensions ['ignore', 'ignore_ament_install']
[0.235s] Level 1:colcon.colcon_core.package_identification:_identify(.) by extension 'ignore'
[0.235s] Level 1:colcon.colcon_core.package_identification:_identify(.) by extension 'ignore_ament_install'
[0.235s] Level 1:colcon.colcon_core.package_identification:_identify(.) by extensions ['colcon_pkg']
[0.235s] Level 1:colcon.colcon_core.package_identification:_identify(.) by extension 'colcon_pkg'
[0.235s] Level 1:colcon.colcon_core.package_identification:_identify(.) by extensions ['colcon_meta']
[0.235s] Level 1:colcon.colcon_core.package_identification:_identify(.) by extension 'colcon_meta'
[0.235s] Level 1:colcon.colcon_core.package_identification:_identify(.) by extensions ['ros']
[0.235s] Level 1:colcon.colcon_core.package_identification:_identify(.) by extension 'ros'
[0.250s] Level 1:colcon.colcon_core.package_identification:_identify(.) by extensions ['cmake', 'python']
[0.250s] Level 1:colcon.colcon_core.package_identification:_identify(.) by extension 'cmake'
[0.250s] Level 1:colcon.colcon_core.package_identification:_identify(.) by extension 'python'
[0.250s] Level 1:colcon.colcon_core.package_identification:_identify(.) by extensions ['python_setup_py']
[0.250s] Level 1:colcon.colcon_core.package_identification:_identify(.) by extension 'python_setup_py'
[0.251s] Level 1:colcon.colcon_core.package_identification:_identify(build) by extensions ['ignore', 'ignore_ament_install']
[0.251s] Level 1:colcon.colcon_core.package_identification:_identify(build) by extension 'ignore'
[0.251s] Level 1:colcon.colcon_core.package_identification:_identify(build) ignored
[0.251s] Level 1:colcon.colcon_core.package_identification:_identify(hexapod) by extensions ['ignore', 'ignore_ament_install']
[0.251s] Level 1:colcon.colcon_core.package_identification:_identify(hexapod) by extension 'ignore'
[0.251s] Level 1:colcon.colcon_core.package_identification:_identify(hexapod) by extension 'ignore_ament_install'
[0.251s] Level 1:colcon.colcon_core.package_identification:_identify(hexapod) by extensions ['colcon_pkg']
[0.251s] Level 1:colcon.colcon_core.package_identification:_identify(hexapod) by extension 'colcon_pkg'
[0.251s] Level 1:colcon.colcon_core.package_identification:_identify(hexapod) by extensions ['colcon_meta']
[0.251s] Level 1:colcon.colcon_core.package_identification:_identify(hexapod) by extension 'colcon_meta'
[0.251s] Level 1:colcon.colcon_core.package_identification:_identify(hexapod) by extensions ['ros']
[0.251s] Level 1:colcon.colcon_core.package_identification:_identify(hexapod) by extension 'ros'
[0.253s] DEBUG:colcon.colcon_core.package_identification:Package 'hexapod' with type 'ros.ament_python' and name 'hexapod'
[0.253s] Level 1:colcon.colcon_core.package_identification:_identify(install) by extensions ['ignore', 'ignore_ament_install']
[0.254s] Level 1:colcon.colcon_core.package_identification:_identify(install) by extension 'ignore'
[0.254s] Level 1:colcon.colcon_core.package_identification:_identify(install) ignored
[0.254s] Level 1:colcon.colcon_core.package_identification:_identify(interfaces) by extensions ['ignore', 'ignore_ament_install']
[0.254s] Level 1:colcon.colcon_core.package_identification:_identify(interfaces) by extension 'ignore'
[0.254s] Level 1:colcon.colcon_core.package_identification:_identify(interfaces) by extension 'ignore_ament_install'
[0.254s] Level 1:colcon.colcon_core.package_identification:_identify(interfaces) by extensions ['colcon_pkg']
[0.254s] Level 1:colcon.colcon_core.package_identification:_identify(interfaces) by extension 'colcon_pkg'
[0.254s] Level 1:colcon.colcon_core.package_identification:_identify(interfaces) by extensions ['colcon_meta']
[0.254s] Level 1:colcon.colcon_core.package_identification:_identify(interfaces) by extension 'colcon_meta'
[0.254s] Level 1:colcon.colcon_core.package_identification:_identify(interfaces) by extensions ['ros']
[0.254s] Level 1:colcon.colcon_core.package_identification:_identify(interfaces) by extension 'ros'
[0.255s] DEBUG:colcon.colcon_core.package_identification:Package 'interfaces' with type 'ros.catkin' and name 'interfaces'
[0.255s] Level 1:colcon.colcon_core.package_identification:_identify(log) by extensions ['ignore', 'ignore_ament_install']
[0.255s] Level 1:colcon.colcon_core.package_identification:_identify(log) by extension 'ignore'
[0.255s] Level 1:colcon.colcon_core.package_identification:_identify(log) ignored
[0.255s] Level 1:colcon.colcon_core.package_discovery:discover_packages(recursive) using defaults
[0.255s] Level 1:colcon.colcon_core.package_discovery:discover_packages(ignore) discover
[0.255s] Level 1:colcon.colcon_core.package_discovery:discover_packages(ignore) using defaults
[0.255s] Level 1:colcon.colcon_core.package_discovery:discover_packages(path) discover
[0.255s] Level 1:colcon.colcon_core.package_discovery:discover_packages(path) using defaults
[0.274s] Level 1:colcon.colcon_core.package_discovery:discover_packages(prefix_path) check parameters
[0.274s] Level 1:colcon.colcon_core.package_discovery:discover_packages(prefix_path) discover
[0.279s] WARNING:colcon.colcon_ros.prefix_path.ament:The path '/home/max/hexapod_ws/install/hexapod' in the environment variable AMENT_PREFIX_PATH doesn't exist
[0.280s] DEBUG:colcon.colcon_installed_package_information.package_discovery:Found 1 installed packages in /home/max/hexapod_ws/install
[0.280s] DEBUG:colcon.colcon_installed_package_information.package_discovery:Found 0 installed packages in /home/max/hexapod_ws/src/interfaces/msg/install
[0.281s] DEBUG:colcon.colcon_installed_package_information.package_discovery:Found 256 installed packages in /opt/ros/foxy
[0.282s] Level 1:colcon.colcon_core.package_discovery:discover_packages(prefix_path) using defaults
[0.320s] Level 5:colcon.colcon_core.verb:set package 'interfaces' build argument 'cmake_args' from command line to 'None'
[0.320s] Level 5:colcon.colcon_core.verb:set package 'interfaces' build argument 'cmake_target' from command line to 'None'
[0.320s] Level 5:colcon.colcon_core.verb:set package 'interfaces' build argument 'cmake_target_skip_unavailable' from command line to 'False'
[0.320s] Level 5:colcon.colcon_core.verb:set package 'interfaces' build argument 'cmake_clean_cache' from command line to 'False'
[0.320s] Level 5:colcon.colcon_core.verb:set package 'interfaces' build argument 'cmake_clean_first' from command line to 'False'
[0.320s] Level 5:colcon.colcon_core.verb:set package 'interfaces' build argument 'cmake_force_configure' from command line to 'False'
[0.320s] Level 5:colcon.colcon_core.verb:set package 'interfaces' build argument 'ament_cmake_args' from command line to 'None'
[0.320s] Level 5:colcon.colcon_core.verb:set package 'interfaces' build argument 'catkin_cmake_args' from command line to 'None'
[0.320s] Level 5:colcon.colcon_core.verb:set package 'interfaces' build argument 'catkin_skip_building_tests' from command line to 'False'
[0.320s] DEBUG:colcon.colcon_core.verb:Building package 'interfaces' with the following arguments: {'ament_cmake_args': None, 'build_base': '/home/max/hexapod_ws/src/build/interfaces', 'catkin_cmake_args': None, 'catkin_skip_building_tests': False, 'cmake_args': None, 'cmake_clean_cache': False, 'cmake_clean_first': False, 'cmake_force_configure': False, 'cmake_target': None, 'cmake_target_skip_unavailable': False, 'install_base': '/home/max/hexapod_ws/src/install/interfaces', 'merge_install': False, 'path': '/home/max/hexapod_ws/src/interfaces', 'symlink_install': False, 'test_result_base': None}
[0.321s] Level 5:colcon.colcon_core.verb:set package 'hexapod' build argument 'cmake_args' from command line to 'None'
[0.321s] Level 5:colcon.colcon_core.verb:set package 'hexapod' build argument 'cmake_target' from command line to 'None'
[0.321s] Level 5:colcon.colcon_core.verb:set package 'hexapod' build argument 'cmake_target_skip_unavailable' from command line to 'False'
[0.321s] Level 5:colcon.colcon_core.verb:set package 'hexapod' build argument 'cmake_clean_cache' from command line to 'False'
[0.321s] Level 5:colcon.colcon_core.verb:set package 'hexapod' build argument 'cmake_clean_first' from command line to 'False'
[0.321s] Level 5:colcon.colcon_core.verb:set package 'hexapod' build argument 'cmake_force_configure' from command line to 'False'
[0.321s] Level 5:colcon.colcon_core.verb:set package 'hexapod' build argument 'ament_cmake_args' from command line to 'None'
[0.321s] Level 5:colcon.colcon_core.verb:set package 'hexapod' build argument 'catkin_cmake_args' from command line to 'None'
[0.321s] Level 5:colcon.colcon_core.verb:set package 'hexapod' build argument 'catkin_skip_building_tests' from command line to 'False'
[0.321s] DEBUG:colcon.colcon_core.verb:Building package 'hexapod' with the following arguments: {'ament_cmake_args': None, 'build_base': '/home/max/hexapod_ws/src/build/hexapod', 'catkin_cmake_args': None, 'catkin_skip_building_tests': False, 'cmake_args': None, 'cmake_clean_cache': False, 'cmake_clean_first': False, 'cmake_force_configure': False, 'cmake_target': None, 'cmake_target_skip_unavailable': False, 'install_base': '/home/max/hexapod_ws/src/install/hexapod', 'merge_install': False, 'path': '/home/max/hexapod_ws/src/hexapod', 'symlink_install': False, 'test_result_base': None}
[0.321s] INFO:colcon.colcon_core.executor:Executing jobs using 'parallel' executor
[0.322s] DEBUG:colcon.colcon_parallel_executor.executor.parallel:run_until_complete
[0.322s] INFO:colcon.colcon_ros.task.catkin.build:Building ROS package in '/home/max/hexapod_ws/src/interfaces' with build type 'catkin'
[0.322s] INFO:colcon.colcon_cmake.task.cmake.build:Building CMake package in '/home/max/hexapod_ws/src/interfaces'
[0.324s] INFO:colcon.colcon_core.plugin_system:Skipping extension 'colcon_core.shell.bat': Not used on non-Windows systems
[0.324s] INFO:colcon.colcon_core.shell:Skip shell extension 'powershell' for command environment: Not usable outside of PowerShell
[0.324s] DEBUG:colcon.colcon_core.shell:Skip shell extension 'dsv' for command environment
[0.331s] DEBUG:colcon.colcon_core.event_handler.log_command:Invoking command in '/home/max/hexapod_ws/src/build/interfaces': /usr/bin/cmake /home/max/hexapod_ws/src/interfaces -DCATKIN_INSTALL_INTO_PREFIX_ROOT=0 -DCMAKE_INSTALL_PREFIX=/home/max/hexapod_ws/src/install/interfaces
[1.680s] DEBUG:colcon.colcon_core.event_handler.log_command:Invoked command in '/home/max/hexapod_ws/src/build/interfaces' returned '0': /usr/bin/cmake /home/max/hexapod_ws/src/interfaces -DCATKIN_INSTALL_INTO_PREFIX_ROOT=0 -DCMAKE_INSTALL_PREFIX=/home/max/hexapod_ws/src/install/interfaces
[1.682s] DEBUG:colcon.colcon_core.event_handler.log_command:Invoking command in '/home/max/hexapod_ws/src/build/interfaces': /usr/bin/cmake --build /home/max/hexapod_ws/src/build/interfaces -- -j8 -l8
[5.124s] DEBUG:colcon.colcon_core.event_handler.log_command:Invoked command in '/home/max/hexapod_ws/src/build/interfaces' returned '0': /usr/bin/cmake --build /home/max/hexapod_ws/src/build/interfaces -- -j8 -l8
[5.138s] DEBUG:colcon.colcon_core.event_handler.log_command:Invoking command in '/home/max/hexapod_ws/src/build/interfaces': /usr/bin/cmake --install /home/max/hexapod_ws/src/build/interfaces
[5.208s] DEBUG:colcon.colcon_core.event_handler.log_command:Invoked command in '/home/max/hexapod_ws/src/build/interfaces' returned '0': /usr/bin/cmake --install /home/max/hexapod_ws/src/build/interfaces
[5.208s] Level 1:colcon.colcon_core.shell:create_environment_hook('interfaces', 'ros_package_path')
[5.209s] INFO:colcon.colcon_core.shell:Creating environment hook '/home/max/hexapod_ws/src/install/interfaces/share/interfaces/hook/ros_package_path.ps1'
[5.209s] INFO:colcon.colcon_core.shell:Creating environment descriptor '/home/max/hexapod_ws/src/install/interfaces/share/interfaces/hook/ros_package_path.dsv'
[5.210s] INFO:colcon.colcon_core.shell:Creating environment hook '/home/max/hexapod_ws/src/install/interfaces/share/interfaces/hook/ros_package_path.sh'
[5.211s] Level 1:colcon.colcon_ros.task.catkin:checking '/home/max/hexapod_ws/src/install/interfaces/lib/python3.8/site-packages'
[5.211s] Level 1:colcon.colcon_core.shell:create_environment_hook('interfaces', 'catkin_pythonpath')
[5.211s] INFO:colcon.colcon_core.shell:Creating environment hook '/home/max/hexapod_ws/src/install/interfaces/share/interfaces/hook/catkin_pythonpath.ps1'
[5.211s] INFO:colcon.colcon_core.shell:Creating environment descriptor '/home/max/hexapod_ws/src/install/interfaces/share/interfaces/hook/catkin_pythonpath.dsv'
[5.212s] INFO:colcon.colcon_core.shell:Creating environment hook '/home/max/hexapod_ws/src/install/interfaces/share/interfaces/hook/catkin_pythonpath.sh'
[5.212s] Level 1:colcon.colcon_core.shell:create_environment_hook('interfaces', 'pkg_config_path')
[5.212s] INFO:colcon.colcon_core.shell:Creating environment hook '/home/max/hexapod_ws/src/install/interfaces/share/interfaces/hook/pkg_config_path.ps1'
[5.213s] INFO:colcon.colcon_core.shell:Creating environment descriptor '/home/max/hexapod_ws/src/install/interfaces/share/interfaces/hook/pkg_config_path.dsv'
[5.213s] INFO:colcon.colcon_core.shell:Creating environment hook '/home/max/hexapod_ws/src/install/interfaces/share/interfaces/hook/pkg_config_path.sh'
[5.216s] Level 1:colcon.colcon_core.shell:create_environment_hook('interfaces', 'pkg_config_path_multiarch')
[5.217s] INFO:colcon.colcon_core.shell:Creating environment hook '/home/max/hexapod_ws/src/install/interfaces/share/interfaces/hook/pkg_config_path_multiarch.ps1'
[5.217s] INFO:colcon.colcon_core.shell:Creating environment descriptor '/home/max/hexapod_ws/src/install/interfaces/share/interfaces/hook/pkg_config_path_multiarch.dsv'
[5.218s] INFO:colcon.colcon_core.shell:Creating environment hook '/home/max/hexapod_ws/src/install/interfaces/share/interfaces/hook/pkg_config_path_multiarch.sh'
[5.219s] Level 1:colcon.colcon_core.environment:create_environment_scripts_only(interfaces)
[5.221s] Level 1:colcon.colcon_core.environment:checking '/home/max/hexapod_ws/src/install/interfaces' for CMake module files
[5.222s] Level 1:colcon.colcon_core.environment:checking '/home/max/hexapod_ws/src/install/interfaces' for CMake config files
[5.222s] Level 1:colcon.colcon_core.shell:create_environment_hook('interfaces', 'cmake_prefix_path')
[5.223s] INFO:colcon.colcon_core.shell:Creating environment hook '/home/max/hexapod_ws/src/install/interfaces/share/interfaces/hook/cmake_prefix_path.ps1'
[5.223s] INFO:colcon.colcon_core.shell:Creating environment descriptor '/home/max/hexapod_ws/src/install/interfaces/share/interfaces/hook/cmake_prefix_path.dsv'
[5.224s] INFO:colcon.colcon_core.shell:Creating environment hook '/home/max/hexapod_ws/src/install/interfaces/share/interfaces/hook/cmake_prefix_path.sh'
[5.224s] Level 1:colcon.colcon_core.environment:checking '/home/max/hexapod_ws/src/install/interfaces/lib'
[5.225s] Level 1:colcon.colcon_core.shell:create_environment_hook('interfaces', 'ld_library_path_lib')
[5.225s] INFO:colcon.colcon_core.shell:Creating environment hook '/home/max/hexapod_ws/src/install/interfaces/share/interfaces/hook/ld_library_path_lib.ps1'
[5.225s] INFO:colcon.colcon_core.shell:Creating environment descriptor '/home/max/hexapod_ws/src/install/interfaces/share/interfaces/hook/ld_library_path_lib.dsv'
[5.226s] INFO:colcon.colcon_core.shell:Creating environment hook '/home/max/hexapod_ws/src/install/interfaces/share/interfaces/hook/ld_library_path_lib.sh'
[5.226s] Level 1:colcon.colcon_core.environment:checking '/home/max/hexapod_ws/src/install/interfaces/bin'
[5.226s] Level 1:colcon.colcon_core.environment:checking '/home/max/hexapod_ws/src/install/interfaces/lib/pkgconfig/interfaces.pc'
[5.226s] Level 1:colcon.colcon_core.environment:checking '/home/max/hexapod_ws/src/install/interfaces/lib/python3.8/site-packages'
[5.226s] Level 1:colcon.colcon_core.shell:create_environment_hook('interfaces', 'pythonpath')
[5.227s] INFO:colcon.colcon_core.shell:Creating environment hook '/home/max/hexapod_ws/src/install/interfaces/share/interfaces/hook/pythonpath.ps1'
[5.227s] INFO:colcon.colcon_core.shell:Creating environment descriptor '/home/max/hexapod_ws/src/install/interfaces/share/interfaces/hook/pythonpath.dsv'
[5.227s] INFO:colcon.colcon_core.shell:Creating environment hook '/home/max/hexapod_ws/src/install/interfaces/share/interfaces/hook/pythonpath.sh'
[5.228s] Level 1:colcon.colcon_core.environment:checking '/home/max/hexapod_ws/src/install/interfaces/bin'
[5.229s] INFO:colcon.colcon_core.shell:Creating package script '/home/max/hexapod_ws/src/install/interfaces/share/interfaces/package.ps1'
[5.230s] INFO:colcon.colcon_core.shell:Creating package descriptor '/home/max/hexapod_ws/src/install/interfaces/share/interfaces/package.dsv'
[5.230s] INFO:colcon.colcon_core.shell:Creating package script '/home/max/hexapod_ws/src/install/interfaces/share/interfaces/package.sh'
[5.231s] INFO:colcon.colcon_core.shell:Creating package script '/home/max/hexapod_ws/src/install/interfaces/share/interfaces/package.bash'
[5.232s] INFO:colcon.colcon_core.shell:Creating package script '/home/max/hexapod_ws/src/install/interfaces/share/interfaces/package.zsh'
[5.233s] Level 1:colcon.colcon_core.environment:create_file_with_runtime_dependencies(/home/max/hexapod_ws/src/install/interfaces/share/colcon-core/packages/interfaces)
[5.234s] INFO:colcon.colcon_ros.task.ament_python.build:Building ROS package in '/home/max/hexapod_ws/src/hexapod' with build type 'ament_python'
[5.234s] Level 1:colcon.colcon_core.shell:create_environment_hook('hexapod', 'ament_prefix_path')
[5.234s] INFO:colcon.colcon_core.shell:Creating environment hook '/home/max/hexapod_ws/src/install/hexapod/share/hexapod/hook/ament_prefix_path.ps1'
[5.235s] INFO:colcon.colcon_core.shell:Creating environment descriptor '/home/max/hexapod_ws/src/install/hexapod/share/hexapod/hook/ament_prefix_path.dsv'
[5.236s] INFO:colcon.colcon_core.shell:Creating environment hook '/home/max/hexapod_ws/src/install/hexapod/share/hexapod/hook/ament_prefix_path.sh'
[5.236s] INFO:colcon.colcon_core.shell:Skip shell extension 'powershell' for command environment: Not usable outside of PowerShell
[5.236s] DEBUG:colcon.colcon_core.shell:Skip shell extension 'dsv' for command environment
[5.514s] INFO:colcon.colcon_core.task.python.build:Building Python package in '/home/max/hexapod_ws/src/hexapod'
[5.515s] INFO:colcon.colcon_core.shell:Skip shell extension 'powershell' for command environment: Not usable outside of PowerShell
[5.515s] DEBUG:colcon.colcon_core.shell:Skip shell extension 'dsv' for command environment
[5.910s] DEBUG:colcon.colcon_core.event_handler.log_command:Invoking command in '/home/max/hexapod_ws/src/hexapod': CMAKE_PREFIX_PATH=/home/max/hexapod_ws/src/install/interfaces:${CMAKE_PREFIX_PATH} LD_LIBRARY_PATH=/home/max/hexapod_ws/src/install/interfaces/lib:${LD_LIBRARY_PATH} PKG_CONFIG_PATH=/home/max/hexapod_ws/src/install/interfaces/lib/x86_64-linux-gnu/pkgconfig:/home/max/hexapod_ws/src/install/interfaces/lib/pkgconfig:${PKG_CONFIG_PATH} PYTHONPATH=/home/max/hexapod_ws/src/build/hexapod/prefix_override:/usr/lib/python3/dist-packages/colcon_core/task/python/colcon_distutils_commands:/home/max/hexapod_ws/src/install/hexapod/lib/python3.8/site-packages:/home/max/hexapod_ws/src/install/interfaces/lib/python3.8/site-packages:${PYTHONPATH} ROS_PACKAGE_PATH=/home/max/hexapod_ws/src/install/interfaces/share:${ROS_PACKAGE_PATH} /usr/bin/python3 -W ignore:setup.py install is deprecated -W ignore:easy_install command is deprecated setup.py egg_info --egg-base ../build/hexapod build --build-base /home/max/hexapod_ws/src/build/hexapod/build install --record /home/max/hexapod_ws/src/build/hexapod/install.log --install-scripts $base/lib/hexapod --single-version-externally-managed install_data
[6.207s] Level 1:colcon.colcon_core.environment:checking '/home/max/hexapod_ws/src/install/hexapod' for CMake module files
[6.208s] DEBUG:colcon.colcon_core.event_handler.log_command:Invoked command in '/home/max/hexapod_ws/src/hexapod' returned '0': CMAKE_PREFIX_PATH=/home/max/hexapod_ws/src/install/interfaces:${CMAKE_PREFIX_PATH} LD_LIBRARY_PATH=/home/max/hexapod_ws/src/install/interfaces/lib:${LD_LIBRARY_PATH} PKG_CONFIG_PATH=/home/max/hexapod_ws/src/install/interfaces/lib/x86_64-linux-gnu/pkgconfig:/home/max/hexapod_ws/src/install/interfaces/lib/pkgconfig:${PKG_CONFIG_PATH} PYTHONPATH=/home/max/hexapod_ws/src/build/hexapod/prefix_override:/usr/lib/python3/dist-packages/colcon_core/task/python/colcon_distutils_commands:/home/max/hexapod_ws/src/install/hexapod/lib/python3.8/site-packages:/home/max/hexapod_ws/src/install/interfaces/lib/python3.8/site-packages:${PYTHONPATH} ROS_PACKAGE_PATH=/home/max/hexapod_ws/src/install/interfaces/share:${ROS_PACKAGE_PATH} /usr/bin/python3 -W ignore:setup.py install is deprecated -W ignore:easy_install command is deprecated setup.py egg_info --egg-base ../build/hexapod build --build-base /home/max/hexapod_ws/src/build/hexapod/build install --record /home/max/hexapod_ws/src/build/hexapod/install.log --install-scripts $base/lib/hexapod --single-version-externally-managed install_data
[6.208s] Level 1:colcon.colcon_core.environment:checking '/home/max/hexapod_ws/src/install/hexapod' for CMake config files
[6.209s] Level 1:colcon.colcon_core.environment:checking '/home/max/hexapod_ws/src/install/hexapod/lib'
[6.209s] Level 1:colcon.colcon_core.environment:checking '/home/max/hexapod_ws/src/install/hexapod/bin'
[6.209s] Level 1:colcon.colcon_core.environment:checking '/home/max/hexapod_ws/src/install/hexapod/lib/pkgconfig/hexapod.pc'
[6.209s] Level 1:colcon.colcon_core.environment:checking '/home/max/hexapod_ws/src/install/hexapod/lib/python3.8/site-packages'
[6.209s] Level 1:colcon.colcon_core.shell:create_environment_hook('hexapod', 'pythonpath')
[6.210s] INFO:colcon.colcon_core.shell:Creating environment hook '/home/max/hexapod_ws/src/install/hexapod/share/hexapod/hook/pythonpath.ps1'
[6.210s] INFO:colcon.colcon_core.shell:Creating environment descriptor '/home/max/hexapod_ws/src/install/hexapod/share/hexapod/hook/pythonpath.dsv'
[6.211s] INFO:colcon.colcon_core.shell:Creating environment hook '/home/max/hexapod_ws/src/install/hexapod/share/hexapod/hook/pythonpath.sh'
[6.211s] Level 1:colcon.colcon_core.environment:checking '/home/max/hexapod_ws/src/install/hexapod/bin'
[6.211s] Level 1:colcon.colcon_core.environment:create_environment_scripts_only(hexapod)
[6.212s] INFO:colcon.colcon_core.shell:Creating package script '/home/max/hexapod_ws/src/install/hexapod/share/hexapod/package.ps1'
[6.212s] INFO:colcon.colcon_core.shell:Creating package descriptor '/home/max/hexapod_ws/src/install/hexapod/share/hexapod/package.dsv'
[6.213s] INFO:colcon.colcon_core.shell:Creating package script '/home/max/hexapod_ws/src/install/hexapod/share/hexapod/package.sh'
[6.213s] INFO:colcon.colcon_core.shell:Creating package script '/home/max/hexapod_ws/src/install/hexapod/share/hexapod/package.bash'
[6.213s] INFO:colcon.colcon_core.shell:Creating package script '/home/max/hexapod_ws/src/install/hexapod/share/hexapod/package.zsh'
[6.214s] Level 1:colcon.colcon_core.environment:create_file_with_runtime_dependencies(/home/max/hexapod_ws/src/install/hexapod/share/colcon-core/packages/hexapod)
[6.214s] DEBUG:colcon.colcon_parallel_executor.executor.parallel:closing loop
[6.214s] DEBUG:colcon.colcon_parallel_executor.executor.parallel:loop closed
[6.214s] DEBUG:colcon.colcon_parallel_executor.executor.parallel:run_until_complete finished with '0'
[6.215s] DEBUG:colcon.colcon_core.event_reactor:joining thread
[6.220s] INFO:colcon.colcon_core.plugin_system:Skipping extension 'colcon_notification.desktop_notification.notify_send': Could not find 'notify-send'
[6.220s] INFO:colcon.colcon_core.plugin_system:Skipping extension 'colcon_notification.desktop_notification.terminal_notifier': Not used on non-Darwin systems
[6.220s] INFO:colcon.colcon_core.plugin_system:Skipping extension 'colcon_notification.desktop_notification.win32': Not used on non-Windows systems
[6.220s] INFO:colcon.colcon_notification.desktop_notification:Sending desktop notification using 'notify2'
[6.226s] DEBUG:colcon.colcon_core.event_reactor:joined thread
[6.227s] INFO:colcon.colcon_core.shell:Creating prefix script '/home/max/hexapod_ws/src/install/local_setup.ps1'
[6.228s] INFO:colcon.colcon_core.shell:Creating prefix util module '/home/max/hexapod_ws/src/install/_local_setup_util_ps1.py'
[6.229s] INFO:colcon.colcon_core.shell:Creating prefix chain script '/home/max/hexapod_ws/src/install/setup.ps1'
[6.230s] INFO:colcon.colcon_core.shell:Creating prefix script '/home/max/hexapod_ws/src/install/local_setup.sh'
[6.231s] INFO:colcon.colcon_core.shell:Creating prefix util module '/home/max/hexapod_ws/src/install/_local_setup_util_sh.py'
[6.232s] INFO:colcon.colcon_core.shell:Creating prefix chain script '/home/max/hexapod_ws/src/install/setup.sh'
[6.233s] INFO:colcon.colcon_core.shell:Creating prefix script '/home/max/hexapod_ws/src/install/local_setup.bash'
[6.233s] INFO:colcon.colcon_core.shell:Creating prefix chain script '/home/max/hexapod_ws/src/install/setup.bash'
[6.234s] INFO:colcon.colcon_core.shell:Creating prefix script '/home/max/hexapod_ws/src/install/local_setup.zsh'
[6.234s] INFO:colcon.colcon_core.shell:Creating prefix chain script '/home/max/hexapod_ws/src/install/setup.zsh'
