[0.011s] Invoking command in '/home/max/hexapod_ws/build/phantomx_control': CMAKE_PREFIX_PATH=/home/max/hexapod_ws/install/phantomx_description:/home/max/hexapod_ws/install/phantomx_gazebo:/home/max/hexapod_ws/install/phantomx_control:/home/max/lhex/gazebo_ros2_control/gazebo_ros2_control_demos/install/gazebo_ros2_control_demos:/home/max/hexapod_ws/install/joint_state_publisher_gui:/home/max/hexapod_ws/install/joint_state_publisher:/home/max/ros2_ws/install/talker:/home/max/ros2_ws/install/my_turtle_controller:/home/max/ros2_ws/install/listener:/opt/ros/humble /usr/bin/cmake /home/max/hexapod_ws/src/phantomx_control -DCMAKE_INSTALL_PREFIX=/home/max/hexapod_ws/install/phantomx_control
[0.060s] -- The C compiler identification is GNU 11.4.0
[0.114s] -- The CXX compiler identification is GNU 11.4.0
[0.120s] -- Detecting C compiler ABI info
[0.177s] -- Detecting C compiler ABI info - done
[0.186s] -- Check for working C compiler: /usr/bin/cc - skipped
[0.187s] -- Detecting C compile features
[0.187s] -- Detecting C compile features - done
[0.191s] -- Detecting CXX compiler ABI info
[0.262s] -- Detecting CXX compiler ABI info - done
[0.268s] -- Check for working CXX compiler: /usr/bin/c++ - skipped
[0.269s] -- Detecting CXX compile features
[0.269s] -- Detecting CXX compile features - done
[0.272s] -- Found ament_cmake: 1.3.11 (/opt/ros/humble/share/ament_cmake/cmake)
[0.449s] -- Found Python3: /usr/bin/python3 (found version "3.10.12") found components: Interpreter 
[0.616s] -- Configuring done
[0.618s] -- Generating done
[0.620s] -- Build files have been written to: /home/max/hexapod_ws/build/phantomx_control
[0.624s] Invoked command in '/home/max/hexapod_ws/build/phantomx_control' returned '0': CMAKE_PREFIX_PATH=/home/max/hexapod_ws/install/phantomx_description:/home/max/hexapod_ws/install/phantomx_gazebo:/home/max/hexapod_ws/install/phantomx_control:/home/max/lhex/gazebo_ros2_control/gazebo_ros2_control_demos/install/gazebo_ros2_control_demos:/home/max/hexapod_ws/install/joint_state_publisher_gui:/home/max/hexapod_ws/install/joint_state_publisher:/home/max/ros2_ws/install/talker:/home/max/ros2_ws/install/my_turtle_controller:/home/max/ros2_ws/install/listener:/opt/ros/humble /usr/bin/cmake /home/max/hexapod_ws/src/phantomx_control -DCMAKE_INSTALL_PREFIX=/home/max/hexapod_ws/install/phantomx_control
[0.626s] Invoking command in '/home/max/hexapod_ws/build/phantomx_control': CMAKE_PREFIX_PATH=/home/max/hexapod_ws/install/phantomx_description:/home/max/hexapod_ws/install/phantomx_gazebo:/home/max/hexapod_ws/install/phantomx_control:/home/max/lhex/gazebo_ros2_control/gazebo_ros2_control_demos/install/gazebo_ros2_control_demos:/home/max/hexapod_ws/install/joint_state_publisher_gui:/home/max/hexapod_ws/install/joint_state_publisher:/home/max/ros2_ws/install/talker:/home/max/ros2_ws/install/my_turtle_controller:/home/max/ros2_ws/install/listener:/opt/ros/humble /usr/bin/cmake --build /home/max/hexapod_ws/build/phantomx_control -- -j8 -l8
[0.656s] Invoked command in '/home/max/hexapod_ws/build/phantomx_control' returned '0': CMAKE_PREFIX_PATH=/home/max/hexapod_ws/install/phantomx_description:/home/max/hexapod_ws/install/phantomx_gazebo:/home/max/hexapod_ws/install/phantomx_control:/home/max/lhex/gazebo_ros2_control/gazebo_ros2_control_demos/install/gazebo_ros2_control_demos:/home/max/hexapod_ws/install/joint_state_publisher_gui:/home/max/hexapod_ws/install/joint_state_publisher:/home/max/ros2_ws/install/talker:/home/max/ros2_ws/install/my_turtle_controller:/home/max/ros2_ws/install/listener:/opt/ros/humble /usr/bin/cmake --build /home/max/hexapod_ws/build/phantomx_control -- -j8 -l8
[0.657s] Invoking command in '/home/max/hexapod_ws/build/phantomx_control': CMAKE_PREFIX_PATH=/home/max/hexapod_ws/install/phantomx_description:/home/max/hexapod_ws/install/phantomx_gazebo:/home/max/hexapod_ws/install/phantomx_control:/home/max/lhex/gazebo_ros2_control/gazebo_ros2_control_demos/install/gazebo_ros2_control_demos:/home/max/hexapod_ws/install/joint_state_publisher_gui:/home/max/hexapod_ws/install/joint_state_publisher:/home/max/ros2_ws/install/talker:/home/max/ros2_ws/install/my_turtle_controller:/home/max/ros2_ws/install/listener:/opt/ros/humble /usr/bin/cmake --install /home/max/hexapod_ws/build/phantomx_control
[0.663s] -- Install configuration: ""
[0.663s] -- Installing: /home/max/hexapod_ws/install/phantomx_control/share/phantomx_control/launch
[0.663s] -- Installing: /home/max/hexapod_ws/install/phantomx_control/share/phantomx_control/launch/phantomx_control.launch.py
[0.663s] -- Installing: /home/max/hexapod_ws/install/phantomx_control/share/phantomx_control/config
[0.663s] -- Installing: /home/max/hexapod_ws/install/phantomx_control/share/phantomx_control/config/phantomx_control.yaml
[0.663s] -- Installing: /home/max/hexapod_ws/install/phantomx_control/share/ament_index/resource_index/package_run_dependencies/phantomx_control
[0.663s] -- Installing: /home/max/hexapod_ws/install/phantomx_control/share/ament_index/resource_index/parent_prefix_path/phantomx_control
[0.663s] -- Installing: /home/max/hexapod_ws/install/phantomx_control/share/phantomx_control/environment/ament_prefix_path.sh
[0.663s] -- Installing: /home/max/hexapod_ws/install/phantomx_control/share/phantomx_control/environment/ament_prefix_path.dsv
[0.664s] -- Installing: /home/max/hexapod_ws/install/phantomx_control/share/phantomx_control/environment/path.sh
[0.664s] -- Installing: /home/max/hexapod_ws/install/phantomx_control/share/phantomx_control/environment/path.dsv
[0.664s] -- Installing: /home/max/hexapod_ws/install/phantomx_control/share/phantomx_control/local_setup.bash
[0.664s] -- Installing: /home/max/hexapod_ws/install/phantomx_control/share/phantomx_control/local_setup.sh
[0.664s] -- Installing: /home/max/hexapod_ws/install/phantomx_control/share/phantomx_control/local_setup.zsh
[0.664s] -- Installing: /home/max/hexapod_ws/install/phantomx_control/share/phantomx_control/local_setup.dsv
[0.664s] -- Installing: /home/max/hexapod_ws/install/phantomx_control/share/phantomx_control/package.dsv
[0.664s] -- Installing: /home/max/hexapod_ws/install/phantomx_control/share/ament_index/resource_index/packages/phantomx_control
[0.664s] -- Installing: /home/max/hexapod_ws/install/phantomx_control/share/phantomx_control/cmake/phantomx_controlConfig.cmake
[0.664s] -- Installing: /home/max/hexapod_ws/install/phantomx_control/share/phantomx_control/cmake/phantomx_controlConfig-version.cmake
[0.664s] -- Installing: /home/max/hexapod_ws/install/phantomx_control/share/phantomx_control/package.xml
[0.666s] Invoked command in '/home/max/hexapod_ws/build/phantomx_control' returned '0': CMAKE_PREFIX_PATH=/home/max/hexapod_ws/install/phantomx_description:/home/max/hexapod_ws/install/phantomx_gazebo:/home/max/hexapod_ws/install/phantomx_control:/home/max/lhex/gazebo_ros2_control/gazebo_ros2_control_demos/install/gazebo_ros2_control_demos:/home/max/hexapod_ws/install/joint_state_publisher_gui:/home/max/hexapod_ws/install/joint_state_publisher:/home/max/ros2_ws/install/talker:/home/max/ros2_ws/install/my_turtle_controller:/home/max/ros2_ws/install/listener:/opt/ros/humble /usr/bin/cmake --install /home/max/hexapod_ws/build/phantomx_control
