[0.150s] DEBUG:colcon:Command line arguments: ['/usr/bin/colcon', 'build', '--packages-select', 'phantomx_gazebo', 'phantomx_description', 'phantomx_control', 'joint_state_publisher_gui']
[0.150s] DEBUG:colcon:Parsed command line arguments: Namespace(log_base=None, log_level=None, verb_name='build', build_base='build', install_base='install', merge_install=False, symlink_install=False, test_result_base=None, continue_on_error=False, executor='parallel', parallel_workers=8, event_handlers=None, ignore_user_meta=False, metas=['./colcon.meta'], base_paths=['.'], packages_ignore=None, packages_ignore_regex=None, paths=None, packages_up_to=None, packages_up_to_regex=None, packages_above=None, packages_above_and_dependencies=None, packages_above_depth=None, packages_select_by_dep=None, packages_skip_by_dep=None, packages_skip_up_to=None, packages_select_build_failed=False, packages_skip_build_finished=False, packages_select_test_failures=False, packages_skip_test_passed=False, packages_select=['phantomx_gazebo', 'phantomx_description', 'phantomx_control', 'joint_state_publisher_gui'], packages_skip=None, packages_select_regex=None, packages_skip_regex=None, packages_start=None, packages_end=None, allow_overriding=[], cmake_args=None, cmake_target=None, cmake_target_skip_unavailable=False, cmake_clean_cache=False, cmake_clean_first=False, cmake_force_configure=False, ament_cmake_args=None, catkin_cmake_args=None, catkin_skip_building_tests=False, mixin_files=None, mixin=None, verb_parser=<colcon_mixin.mixin.mixin_argument.MixinArgumentDecorator object at 0x7f88fdd26fb0>, verb_extension=<colcon_core.verb.build.BuildVerb object at 0x7f88fdd27f70>, main=<bound method BuildVerb.main of <colcon_core.verb.build.BuildVerb object at 0x7f88fdd27f70>>, mixin_verb=('build',))
[0.305s] Level 1:colcon.colcon_core.package_discovery:discover_packages(colcon_meta) check parameters
[0.305s] Level 1:colcon.colcon_core.package_discovery:discover_packages(recursive) check parameters
[0.305s] Level 1:colcon.colcon_core.package_discovery:discover_packages(ignore) check parameters
[0.305s] Level 1:colcon.colcon_core.package_discovery:discover_packages(path) check parameters
[0.305s] Level 1:colcon.colcon_core.package_discovery:discover_packages(colcon_meta) discover
[0.305s] Level 1:colcon.colcon_core.package_discovery:discover_packages(recursive) discover
[0.305s] INFO:colcon.colcon_core.package_discovery:Crawling recursively for packages in '/home/max/hexapod_ws'
[0.305s] Level 1:colcon.colcon_core.package_identification:_identify(.) by extensions ['ignore', 'ignore_ament_install']
[0.305s] Level 1:colcon.colcon_core.package_identification:_identify(.) by extension 'ignore'
[0.305s] Level 1:colcon.colcon_core.package_identification:_identify(.) by extension 'ignore_ament_install'
[0.305s] Level 1:colcon.colcon_core.package_identification:_identify(.) by extensions ['colcon_pkg']
[0.305s] Level 1:colcon.colcon_core.package_identification:_identify(.) by extension 'colcon_pkg'
[0.305s] Level 1:colcon.colcon_core.package_identification:_identify(.) by extensions ['colcon_meta']
[0.305s] Level 1:colcon.colcon_core.package_identification:_identify(.) by extension 'colcon_meta'
[0.305s] Level 1:colcon.colcon_core.package_identification:_identify(.) by extensions ['ros']
[0.305s] Level 1:colcon.colcon_core.package_identification:_identify(.) by extension 'ros'
[0.319s] Level 1:colcon.colcon_core.package_identification:_identify(.) by extensions ['cmake', 'python']
[0.319s] Level 1:colcon.colcon_core.package_identification:_identify(.) by extension 'cmake'
[0.319s] Level 1:colcon.colcon_core.package_identification:_identify(.) by extension 'python'
[0.319s] Level 1:colcon.colcon_core.package_identification:_identify(.) by extensions ['python_setup_py']
[0.319s] Level 1:colcon.colcon_core.package_identification:_identify(.) by extension 'python_setup_py'
[0.319s] Level 1:colcon.colcon_core.package_identification:_identify(build) by extensions ['ignore', 'ignore_ament_install']
[0.319s] Level 1:colcon.colcon_core.package_identification:_identify(build) by extension 'ignore'
[0.319s] Level 1:colcon.colcon_core.package_identification:_identify(build) ignored
[0.320s] Level 1:colcon.colcon_core.package_identification:_identify(custom_interfaces) by extensions ['ignore', 'ignore_ament_install']
[0.320s] Level 1:colcon.colcon_core.package_identification:_identify(custom_interfaces) by extension 'ignore'
[0.320s] Level 1:colcon.colcon_core.package_identification:_identify(custom_interfaces) by extension 'ignore_ament_install'
[0.320s] Level 1:colcon.colcon_core.package_identification:_identify(custom_interfaces) by extensions ['colcon_pkg']
[0.320s] Level 1:colcon.colcon_core.package_identification:_identify(custom_interfaces) by extension 'colcon_pkg'
[0.320s] Level 1:colcon.colcon_core.package_identification:_identify(custom_interfaces) by extensions ['colcon_meta']
[0.320s] Level 1:colcon.colcon_core.package_identification:_identify(custom_interfaces) by extension 'colcon_meta'
[0.320s] Level 1:colcon.colcon_core.package_identification:_identify(custom_interfaces) by extensions ['ros']
[0.320s] Level 1:colcon.colcon_core.package_identification:_identify(custom_interfaces) by extension 'ros'
[0.323s] DEBUG:colcon.colcon_core.package_identification:Package 'custom_interfaces' with type 'ros.ament_cmake' and name 'custom_interfaces'
[0.324s] Level 1:colcon.colcon_core.package_identification:_identify(install) by extensions ['ignore', 'ignore_ament_install']
[0.324s] Level 1:colcon.colcon_core.package_identification:_identify(install) by extension 'ignore'
[0.324s] Level 1:colcon.colcon_core.package_identification:_identify(install) ignored
[0.324s] Level 1:colcon.colcon_core.package_identification:_identify(joint_state_publisher) by extensions ['ignore', 'ignore_ament_install']
[0.324s] Level 1:colcon.colcon_core.package_identification:_identify(joint_state_publisher) by extension 'ignore'
[0.324s] Level 1:colcon.colcon_core.package_identification:_identify(joint_state_publisher) by extension 'ignore_ament_install'
[0.324s] Level 1:colcon.colcon_core.package_identification:_identify(joint_state_publisher) by extensions ['colcon_pkg']
[0.324s] Level 1:colcon.colcon_core.package_identification:_identify(joint_state_publisher) by extension 'colcon_pkg'
[0.324s] Level 1:colcon.colcon_core.package_identification:_identify(joint_state_publisher) by extensions ['colcon_meta']
[0.324s] Level 1:colcon.colcon_core.package_identification:_identify(joint_state_publisher) by extension 'colcon_meta'
[0.324s] Level 1:colcon.colcon_core.package_identification:_identify(joint_state_publisher) by extensions ['ros']
[0.324s] Level 1:colcon.colcon_core.package_identification:_identify(joint_state_publisher) by extension 'ros'
[0.324s] Level 1:colcon.colcon_core.package_identification:_identify(joint_state_publisher) by extensions ['cmake', 'python']
[0.324s] Level 1:colcon.colcon_core.package_identification:_identify(joint_state_publisher) by extension 'cmake'
[0.324s] Level 1:colcon.colcon_core.package_identification:_identify(joint_state_publisher) by extension 'python'
[0.324s] Level 1:colcon.colcon_core.package_identification:_identify(joint_state_publisher) by extensions ['python_setup_py']
[0.324s] Level 1:colcon.colcon_core.package_identification:_identify(joint_state_publisher) by extension 'python_setup_py'
[0.324s] Level 1:colcon.colcon_core.package_identification:_identify(joint_state_publisher/joint_state_publisher) by extensions ['ignore', 'ignore_ament_install']
[0.324s] Level 1:colcon.colcon_core.package_identification:_identify(joint_state_publisher/joint_state_publisher) by extension 'ignore'
[0.324s] Level 1:colcon.colcon_core.package_identification:_identify(joint_state_publisher/joint_state_publisher) by extension 'ignore_ament_install'
[0.324s] Level 1:colcon.colcon_core.package_identification:_identify(joint_state_publisher/joint_state_publisher) by extensions ['colcon_pkg']
[0.324s] Level 1:colcon.colcon_core.package_identification:_identify(joint_state_publisher/joint_state_publisher) by extension 'colcon_pkg'
[0.324s] Level 1:colcon.colcon_core.package_identification:_identify(joint_state_publisher/joint_state_publisher) by extensions ['colcon_meta']
[0.325s] Level 1:colcon.colcon_core.package_identification:_identify(joint_state_publisher/joint_state_publisher) by extension 'colcon_meta'
[0.325s] Level 1:colcon.colcon_core.package_identification:_identify(joint_state_publisher/joint_state_publisher) by extensions ['ros']
[0.325s] Level 1:colcon.colcon_core.package_identification:_identify(joint_state_publisher/joint_state_publisher) by extension 'ros'
[0.325s] DEBUG:colcon.colcon_core.package_identification:Package 'joint_state_publisher/joint_state_publisher' with type 'ros.ament_python' and name 'joint_state_publisher'
[0.325s] Level 1:colcon.colcon_core.package_identification:_identify(joint_state_publisher/joint_state_publisher_gui) by extensions ['ignore', 'ignore_ament_install']
[0.325s] Level 1:colcon.colcon_core.package_identification:_identify(joint_state_publisher/joint_state_publisher_gui) by extension 'ignore'
[0.325s] Level 1:colcon.colcon_core.package_identification:_identify(joint_state_publisher/joint_state_publisher_gui) by extension 'ignore_ament_install'
[0.325s] Level 1:colcon.colcon_core.package_identification:_identify(joint_state_publisher/joint_state_publisher_gui) by extensions ['colcon_pkg']
[0.325s] Level 1:colcon.colcon_core.package_identification:_identify(joint_state_publisher/joint_state_publisher_gui) by extension 'colcon_pkg'
[0.325s] Level 1:colcon.colcon_core.package_identification:_identify(joint_state_publisher/joint_state_publisher_gui) by extensions ['colcon_meta']
[0.326s] Level 1:colcon.colcon_core.package_identification:_identify(joint_state_publisher/joint_state_publisher_gui) by extension 'colcon_meta'
[0.326s] Level 1:colcon.colcon_core.package_identification:_identify(joint_state_publisher/joint_state_publisher_gui) by extensions ['ros']
[0.326s] Level 1:colcon.colcon_core.package_identification:_identify(joint_state_publisher/joint_state_publisher_gui) by extension 'ros'
[0.326s] DEBUG:colcon.colcon_core.package_identification:Package 'joint_state_publisher/joint_state_publisher_gui' with type 'ros.ament_python' and name 'joint_state_publisher_gui'
[0.326s] Level 1:colcon.colcon_core.package_identification:_identify(log) by extensions ['ignore', 'ignore_ament_install']
[0.326s] Level 1:colcon.colcon_core.package_identification:_identify(log) by extension 'ignore'
[0.326s] Level 1:colcon.colcon_core.package_identification:_identify(log) ignored
[0.326s] Level 1:colcon.colcon_core.package_identification:_identify(src) by extensions ['ignore', 'ignore_ament_install']
[0.326s] Level 1:colcon.colcon_core.package_identification:_identify(src) by extension 'ignore'
[0.326s] Level 1:colcon.colcon_core.package_identification:_identify(src) by extension 'ignore_ament_install'
[0.326s] Level 1:colcon.colcon_core.package_identification:_identify(src) by extensions ['colcon_pkg']
[0.327s] Level 1:colcon.colcon_core.package_identification:_identify(src) by extension 'colcon_pkg'
[0.327s] Level 1:colcon.colcon_core.package_identification:_identify(src) by extensions ['colcon_meta']
[0.327s] Level 1:colcon.colcon_core.package_identification:_identify(src) by extension 'colcon_meta'
[0.327s] Level 1:colcon.colcon_core.package_identification:_identify(src) by extensions ['ros']
[0.327s] Level 1:colcon.colcon_core.package_identification:_identify(src) by extension 'ros'
[0.327s] Level 1:colcon.colcon_core.package_identification:_identify(src) by extensions ['cmake', 'python']
[0.327s] Level 1:colcon.colcon_core.package_identification:_identify(src) by extension 'cmake'
[0.327s] Level 1:colcon.colcon_core.package_identification:_identify(src) by extension 'python'
[0.327s] Level 1:colcon.colcon_core.package_identification:_identify(src) by extensions ['python_setup_py']
[0.327s] Level 1:colcon.colcon_core.package_identification:_identify(src) by extension 'python_setup_py'
[0.327s] Level 1:colcon.colcon_core.package_identification:_identify(src/hexapod) by extensions ['ignore', 'ignore_ament_install']
[0.327s] Level 1:colcon.colcon_core.package_identification:_identify(src/hexapod) by extension 'ignore'
[0.327s] Level 1:colcon.colcon_core.package_identification:_identify(src/hexapod) by extension 'ignore_ament_install'
[0.327s] Level 1:colcon.colcon_core.package_identification:_identify(src/hexapod) by extensions ['colcon_pkg']
[0.327s] Level 1:colcon.colcon_core.package_identification:_identify(src/hexapod) by extension 'colcon_pkg'
[0.327s] Level 1:colcon.colcon_core.package_identification:_identify(src/hexapod) by extensions ['colcon_meta']
[0.327s] Level 1:colcon.colcon_core.package_identification:_identify(src/hexapod) by extension 'colcon_meta'
[0.327s] Level 1:colcon.colcon_core.package_identification:_identify(src/hexapod) by extensions ['ros']
[0.327s] Level 1:colcon.colcon_core.package_identification:_identify(src/hexapod) by extension 'ros'
[0.328s] DEBUG:colcon.colcon_core.package_identification:Package 'src/hexapod' with type 'ros.ament_python' and name 'hexapod'
[0.328s] Level 1:colcon.colcon_core.package_identification:_identify(src/phantomx_control) by extensions ['ignore', 'ignore_ament_install']
[0.328s] Level 1:colcon.colcon_core.package_identification:_identify(src/phantomx_control) by extension 'ignore'
[0.328s] Level 1:colcon.colcon_core.package_identification:_identify(src/phantomx_control) by extension 'ignore_ament_install'
[0.328s] Level 1:colcon.colcon_core.package_identification:_identify(src/phantomx_control) by extensions ['colcon_pkg']
[0.328s] Level 1:colcon.colcon_core.package_identification:_identify(src/phantomx_control) by extension 'colcon_pkg'
[0.328s] Level 1:colcon.colcon_core.package_identification:_identify(src/phantomx_control) by extensions ['colcon_meta']
[0.328s] Level 1:colcon.colcon_core.package_identification:_identify(src/phantomx_control) by extension 'colcon_meta'
[0.328s] Level 1:colcon.colcon_core.package_identification:_identify(src/phantomx_control) by extensions ['ros']
[0.328s] Level 1:colcon.colcon_core.package_identification:_identify(src/phantomx_control) by extension 'ros'
[0.338s] DEBUG:colcon.colcon_core.package_identification:Package 'src/phantomx_control' with type 'ros.ament_cmake' and name 'phantomx_control'
[0.338s] Level 1:colcon.colcon_core.package_identification:_identify(src/phantomx_description) by extensions ['ignore', 'ignore_ament_install']
[0.338s] Level 1:colcon.colcon_core.package_identification:_identify(src/phantomx_description) by extension 'ignore'
[0.338s] Level 1:colcon.colcon_core.package_identification:_identify(src/phantomx_description) by extension 'ignore_ament_install'
[0.338s] Level 1:colcon.colcon_core.package_identification:_identify(src/phantomx_description) by extensions ['colcon_pkg']
[0.338s] Level 1:colcon.colcon_core.package_identification:_identify(src/phantomx_description) by extension 'colcon_pkg'
[0.338s] Level 1:colcon.colcon_core.package_identification:_identify(src/phantomx_description) by extensions ['colcon_meta']
[0.338s] Level 1:colcon.colcon_core.package_identification:_identify(src/phantomx_description) by extension 'colcon_meta'
[0.338s] Level 1:colcon.colcon_core.package_identification:_identify(src/phantomx_description) by extensions ['ros']
[0.338s] Level 1:colcon.colcon_core.package_identification:_identify(src/phantomx_description) by extension 'ros'
[0.339s] DEBUG:colcon.colcon_core.package_identification:Package 'src/phantomx_description' with type 'ros.ament_cmake' and name 'phantomx_description'
[0.339s] Level 1:colcon.colcon_core.package_identification:_identify(src/phantomx_gazebo) by extensions ['ignore', 'ignore_ament_install']
[0.339s] Level 1:colcon.colcon_core.package_identification:_identify(src/phantomx_gazebo) by extension 'ignore'
[0.339s] Level 1:colcon.colcon_core.package_identification:_identify(src/phantomx_gazebo) by extension 'ignore_ament_install'
[0.339s] Level 1:colcon.colcon_core.package_identification:_identify(src/phantomx_gazebo) by extensions ['colcon_pkg']
[0.339s] Level 1:colcon.colcon_core.package_identification:_identify(src/phantomx_gazebo) by extension 'colcon_pkg'
[0.339s] Level 1:colcon.colcon_core.package_identification:_identify(src/phantomx_gazebo) by extensions ['colcon_meta']
[0.339s] Level 1:colcon.colcon_core.package_identification:_identify(src/phantomx_gazebo) by extension 'colcon_meta'
[0.339s] Level 1:colcon.colcon_core.package_identification:_identify(src/phantomx_gazebo) by extensions ['ros']
[0.339s] Level 1:colcon.colcon_core.package_identification:_identify(src/phantomx_gazebo) by extension 'ros'
[0.340s] DEBUG:colcon.colcon_core.package_identification:Package 'src/phantomx_gazebo' with type 'ros.ament_cmake' and name 'phantomx_gazebo'
[0.340s] Level 1:colcon.colcon_core.package_discovery:discover_packages(recursive) using defaults
[0.340s] Level 1:colcon.colcon_core.package_discovery:discover_packages(ignore) discover
[0.340s] Level 1:colcon.colcon_core.package_discovery:discover_packages(ignore) using defaults
[0.340s] Level 1:colcon.colcon_core.package_discovery:discover_packages(path) discover
[0.340s] Level 1:colcon.colcon_core.package_discovery:discover_packages(path) using defaults
[0.360s] INFO:colcon.colcon_core.package_selection:Skipping not selected package 'custom_interfaces' in 'custom_interfaces'
[0.360s] INFO:colcon.colcon_core.package_selection:Skipping not selected package 'joint_state_publisher' in 'joint_state_publisher/joint_state_publisher'
[0.360s] INFO:colcon.colcon_core.package_selection:Skipping not selected package 'hexapod' in 'src/hexapod'
[0.361s] Level 1:colcon.colcon_core.package_discovery:discover_packages(prefix_path) check parameters
[0.361s] Level 1:colcon.colcon_core.package_discovery:discover_packages(prefix_path) discover
[0.364s] DEBUG:colcon.colcon_installed_package_information.package_discovery:Found 5 installed packages in /home/max/hexapod_ws/install
[0.364s] DEBUG:colcon.colcon_installed_package_information.package_discovery:Found 1 installed packages in /home/max/lhex/gazebo_ros2_control/gazebo_ros2_control_demos/install
[0.364s] DEBUG:colcon.colcon_installed_package_information.package_discovery:Found 3 installed packages in /home/max/ros2_ws/install
[0.366s] DEBUG:colcon.colcon_installed_package_information.package_discovery:Found 332 installed packages in /opt/ros/humble
[0.367s] Level 1:colcon.colcon_core.package_discovery:discover_packages(prefix_path) using defaults
[0.403s] Level 5:colcon.colcon_core.verb:set package 'phantomx_description' build argument 'cmake_args' from command line to 'None'
[0.404s] Level 5:colcon.colcon_core.verb:set package 'phantomx_description' build argument 'cmake_target' from command line to 'None'
[0.404s] Level 5:colcon.colcon_core.verb:set package 'phantomx_description' build argument 'cmake_target_skip_unavailable' from command line to 'False'
[0.404s] Level 5:colcon.colcon_core.verb:set package 'phantomx_description' build argument 'cmake_clean_cache' from command line to 'False'
[0.404s] Level 5:colcon.colcon_core.verb:set package 'phantomx_description' build argument 'cmake_clean_first' from command line to 'False'
[0.404s] Level 5:colcon.colcon_core.verb:set package 'phantomx_description' build argument 'cmake_force_configure' from command line to 'False'
[0.404s] Level 5:colcon.colcon_core.verb:set package 'phantomx_description' build argument 'ament_cmake_args' from command line to 'None'
[0.404s] Level 5:colcon.colcon_core.verb:set package 'phantomx_description' build argument 'catkin_cmake_args' from command line to 'None'
[0.404s] Level 5:colcon.colcon_core.verb:set package 'phantomx_description' build argument 'catkin_skip_building_tests' from command line to 'False'
[0.404s] DEBUG:colcon.colcon_core.verb:Building package 'phantomx_description' with the following arguments: {'ament_cmake_args': None, 'build_base': '/home/max/hexapod_ws/build/phantomx_description', 'catkin_cmake_args': None, 'catkin_skip_building_tests': False, 'cmake_args': None, 'cmake_clean_cache': False, 'cmake_clean_first': False, 'cmake_force_configure': False, 'cmake_target': None, 'cmake_target_skip_unavailable': False, 'install_base': '/home/max/hexapod_ws/install/phantomx_description', 'merge_install': False, 'path': '/home/max/hexapod_ws/src/phantomx_description', 'symlink_install': False, 'test_result_base': None}
[0.404s] Level 5:colcon.colcon_core.verb:set package 'joint_state_publisher_gui' build argument 'cmake_args' from command line to 'None'
[0.404s] Level 5:colcon.colcon_core.verb:set package 'joint_state_publisher_gui' build argument 'cmake_target' from command line to 'None'
[0.404s] Level 5:colcon.colcon_core.verb:set package 'joint_state_publisher_gui' build argument 'cmake_target_skip_unavailable' from command line to 'False'
[0.404s] Level 5:colcon.colcon_core.verb:set package 'joint_state_publisher_gui' build argument 'cmake_clean_cache' from command line to 'False'
[0.404s] Level 5:colcon.colcon_core.verb:set package 'joint_state_publisher_gui' build argument 'cmake_clean_first' from command line to 'False'
[0.404s] Level 5:colcon.colcon_core.verb:set package 'joint_state_publisher_gui' build argument 'cmake_force_configure' from command line to 'False'
[0.404s] Level 5:colcon.colcon_core.verb:set package 'joint_state_publisher_gui' build argument 'ament_cmake_args' from command line to 'None'
[0.404s] Level 5:colcon.colcon_core.verb:set package 'joint_state_publisher_gui' build argument 'catkin_cmake_args' from command line to 'None'
[0.404s] Level 5:colcon.colcon_core.verb:set package 'joint_state_publisher_gui' build argument 'catkin_skip_building_tests' from command line to 'False'
[0.404s] DEBUG:colcon.colcon_core.verb:Building package 'joint_state_publisher_gui' with the following arguments: {'ament_cmake_args': None, 'build_base': '/home/max/hexapod_ws/build/joint_state_publisher_gui', 'catkin_cmake_args': None, 'catkin_skip_building_tests': False, 'cmake_args': None, 'cmake_clean_cache': False, 'cmake_clean_first': False, 'cmake_force_configure': False, 'cmake_target': None, 'cmake_target_skip_unavailable': False, 'install_base': '/home/max/hexapod_ws/install/joint_state_publisher_gui', 'merge_install': False, 'path': '/home/max/hexapod_ws/joint_state_publisher/joint_state_publisher_gui', 'symlink_install': False, 'test_result_base': None}
[0.405s] Level 5:colcon.colcon_core.verb:set package 'phantomx_control' build argument 'cmake_args' from command line to 'None'
[0.405s] Level 5:colcon.colcon_core.verb:set package 'phantomx_control' build argument 'cmake_target' from command line to 'None'
[0.405s] Level 5:colcon.colcon_core.verb:set package 'phantomx_control' build argument 'cmake_target_skip_unavailable' from command line to 'False'
[0.405s] Level 5:colcon.colcon_core.verb:set package 'phantomx_control' build argument 'cmake_clean_cache' from command line to 'False'
[0.405s] Level 5:colcon.colcon_core.verb:set package 'phantomx_control' build argument 'cmake_clean_first' from command line to 'False'
[0.405s] Level 5:colcon.colcon_core.verb:set package 'phantomx_control' build argument 'cmake_force_configure' from command line to 'False'
[0.405s] Level 5:colcon.colcon_core.verb:set package 'phantomx_control' build argument 'ament_cmake_args' from command line to 'None'
[0.405s] Level 5:colcon.colcon_core.verb:set package 'phantomx_control' build argument 'catkin_cmake_args' from command line to 'None'
[0.405s] Level 5:colcon.colcon_core.verb:set package 'phantomx_control' build argument 'catkin_skip_building_tests' from command line to 'False'
[0.405s] DEBUG:colcon.colcon_core.verb:Building package 'phantomx_control' with the following arguments: {'ament_cmake_args': None, 'build_base': '/home/max/hexapod_ws/build/phantomx_control', 'catkin_cmake_args': None, 'catkin_skip_building_tests': False, 'cmake_args': None, 'cmake_clean_cache': False, 'cmake_clean_first': False, 'cmake_force_configure': False, 'cmake_target': None, 'cmake_target_skip_unavailable': False, 'install_base': '/home/max/hexapod_ws/install/phantomx_control', 'merge_install': False, 'path': '/home/max/hexapod_ws/src/phantomx_control', 'symlink_install': False, 'test_result_base': None}
[0.405s] Level 5:colcon.colcon_core.verb:set package 'phantomx_gazebo' build argument 'cmake_args' from command line to 'None'
[0.405s] Level 5:colcon.colcon_core.verb:set package 'phantomx_gazebo' build argument 'cmake_target' from command line to 'None'
[0.405s] Level 5:colcon.colcon_core.verb:set package 'phantomx_gazebo' build argument 'cmake_target_skip_unavailable' from command line to 'False'
[0.405s] Level 5:colcon.colcon_core.verb:set package 'phantomx_gazebo' build argument 'cmake_clean_cache' from command line to 'False'
[0.405s] Level 5:colcon.colcon_core.verb:set package 'phantomx_gazebo' build argument 'cmake_clean_first' from command line to 'False'
[0.405s] Level 5:colcon.colcon_core.verb:set package 'phantomx_gazebo' build argument 'cmake_force_configure' from command line to 'False'
[0.405s] Level 5:colcon.colcon_core.verb:set package 'phantomx_gazebo' build argument 'ament_cmake_args' from command line to 'None'
[0.405s] Level 5:colcon.colcon_core.verb:set package 'phantomx_gazebo' build argument 'catkin_cmake_args' from command line to 'None'
[0.405s] Level 5:colcon.colcon_core.verb:set package 'phantomx_gazebo' build argument 'catkin_skip_building_tests' from command line to 'False'
[0.405s] DEBUG:colcon.colcon_core.verb:Building package 'phantomx_gazebo' with the following arguments: {'ament_cmake_args': None, 'build_base': '/home/max/hexapod_ws/build/phantomx_gazebo', 'catkin_cmake_args': None, 'catkin_skip_building_tests': False, 'cmake_args': None, 'cmake_clean_cache': False, 'cmake_clean_first': False, 'cmake_force_configure': False, 'cmake_target': None, 'cmake_target_skip_unavailable': False, 'install_base': '/home/max/hexapod_ws/install/phantomx_gazebo', 'merge_install': False, 'path': '/home/max/hexapod_ws/src/phantomx_gazebo', 'symlink_install': False, 'test_result_base': None}
[0.405s] INFO:colcon.colcon_core.executor:Executing jobs using 'parallel' executor
[0.406s] DEBUG:colcon.colcon_parallel_executor.executor.parallel:run_until_complete
[0.406s] INFO:colcon.colcon_ros.task.ament_cmake.build:Building ROS package in '/home/max/hexapod_ws/src/phantomx_description' with build type 'ament_cmake'
[0.407s] INFO:colcon.colcon_cmake.task.cmake.build:Building CMake package in '/home/max/hexapod_ws/src/phantomx_description'
[0.411s] INFO:colcon.colcon_core.plugin_system:Skipping extension 'colcon_core.shell.bat': Not used on non-Windows systems
[0.411s] INFO:colcon.colcon_core.shell:Skip shell extension 'powershell' for command environment: Not usable outside of PowerShell
[0.411s] DEBUG:colcon.colcon_core.shell:Skip shell extension 'dsv' for command environment
[0.415s] INFO:colcon.colcon_ros.task.ament_python.build:Building ROS package in '/home/max/hexapod_ws/joint_state_publisher/joint_state_publisher_gui' with build type 'ament_python'
[0.415s] Level 1:colcon.colcon_core.shell:create_environment_hook('joint_state_publisher_gui', 'ament_prefix_path')
[0.415s] INFO:colcon.colcon_core.shell:Creating environment hook '/home/max/hexapod_ws/install/joint_state_publisher_gui/share/joint_state_publisher_gui/hook/ament_prefix_path.ps1'
[0.416s] INFO:colcon.colcon_core.shell:Creating environment descriptor '/home/max/hexapod_ws/install/joint_state_publisher_gui/share/joint_state_publisher_gui/hook/ament_prefix_path.dsv'
[0.417s] INFO:colcon.colcon_core.shell:Creating environment hook '/home/max/hexapod_ws/install/joint_state_publisher_gui/share/joint_state_publisher_gui/hook/ament_prefix_path.sh'
[0.418s] INFO:colcon.colcon_core.shell:Skip shell extension 'powershell' for command environment: Not usable outside of PowerShell
[0.418s] DEBUG:colcon.colcon_core.shell:Skip shell extension 'dsv' for command environment
[0.424s] DEBUG:colcon.colcon_core.event_handler.log_command:Invoking command in '/home/max/hexapod_ws/build/phantomx_description': CMAKE_PREFIX_PATH=${CMAKE_PREFIX_PATH}:/home/max/hexapod_ws/install/joint_state_publisher:/home/max/ros2_ws/install/talker:/home/max/ros2_ws/install/my_turtle_controller:/home/max/ros2_ws/install/listener:/opt/ros/humble /usr/bin/cmake --build /home/max/hexapod_ws/build/phantomx_description -- -j8 -l8
[0.653s] INFO:colcon.colcon_core.task.python.build:Building Python package in '/home/max/hexapod_ws/joint_state_publisher/joint_state_publisher_gui'
[0.653s] INFO:colcon.colcon_core.shell:Skip shell extension 'powershell' for command environment: Not usable outside of PowerShell
[0.654s] DEBUG:colcon.colcon_core.shell:Skip shell extension 'dsv' for command environment
[0.658s] DEBUG:colcon.colcon_core.event_handler.log_command:Invoked command in '/home/max/hexapod_ws/build/phantomx_description' returned '0': CMAKE_PREFIX_PATH=${CMAKE_PREFIX_PATH}:/home/max/hexapod_ws/install/joint_state_publisher:/home/max/ros2_ws/install/talker:/home/max/ros2_ws/install/my_turtle_controller:/home/max/ros2_ws/install/listener:/opt/ros/humble /usr/bin/cmake --build /home/max/hexapod_ws/build/phantomx_description -- -j8 -l8
[0.665s] DEBUG:colcon.colcon_core.event_handler.log_command:Invoking command in '/home/max/hexapod_ws/build/phantomx_description': CMAKE_PREFIX_PATH=${CMAKE_PREFIX_PATH}:/home/max/hexapod_ws/install/joint_state_publisher:/home/max/ros2_ws/install/talker:/home/max/ros2_ws/install/my_turtle_controller:/home/max/ros2_ws/install/listener:/opt/ros/humble /usr/bin/cmake --install /home/max/hexapod_ws/build/phantomx_description
[0.672s] Level 1:colcon.colcon_core.environment:create_environment_scripts_only(phantomx_description)
[0.672s] DEBUG:colcon.colcon_core.event_handler.log_command:Invoked command in '/home/max/hexapod_ws/build/phantomx_description' returned '0': CMAKE_PREFIX_PATH=${CMAKE_PREFIX_PATH}:/home/max/hexapod_ws/install/joint_state_publisher:/home/max/ros2_ws/install/talker:/home/max/ros2_ws/install/my_turtle_controller:/home/max/ros2_ws/install/listener:/opt/ros/humble /usr/bin/cmake --install /home/max/hexapod_ws/build/phantomx_description
[0.678s] Level 1:colcon.colcon_core.environment:checking '/home/max/hexapod_ws/install/phantomx_description' for CMake module files
[0.678s] Level 1:colcon.colcon_core.environment:checking '/home/max/hexapod_ws/install/phantomx_description' for CMake config files
[0.679s] Level 1:colcon.colcon_core.shell:create_environment_hook('phantomx_description', 'cmake_prefix_path')
[0.679s] INFO:colcon.colcon_core.shell:Creating environment hook '/home/max/hexapod_ws/install/phantomx_description/share/phantomx_description/hook/cmake_prefix_path.ps1'
[0.680s] INFO:colcon.colcon_core.shell:Creating environment descriptor '/home/max/hexapod_ws/install/phantomx_description/share/phantomx_description/hook/cmake_prefix_path.dsv'
[0.680s] INFO:colcon.colcon_core.shell:Creating environment hook '/home/max/hexapod_ws/install/phantomx_description/share/phantomx_description/hook/cmake_prefix_path.sh'
[0.681s] Level 1:colcon.colcon_core.environment:checking '/home/max/hexapod_ws/install/phantomx_description/bin'
[0.681s] Level 1:colcon.colcon_core.environment:checking '/home/max/hexapod_ws/install/phantomx_description/lib/pkgconfig/phantomx_description.pc'
[0.681s] Level 1:colcon.colcon_core.environment:checking '/home/max/hexapod_ws/install/phantomx_description/lib/python3.10/site-packages'
[0.681s] Level 1:colcon.colcon_core.environment:checking '/home/max/hexapod_ws/install/phantomx_description/bin'
[0.682s] INFO:colcon.colcon_core.shell:Creating package script '/home/max/hexapod_ws/install/phantomx_description/share/phantomx_description/package.ps1'
[0.683s] INFO:colcon.colcon_core.shell:Creating package descriptor '/home/max/hexapod_ws/install/phantomx_description/share/phantomx_description/package.dsv'
[0.683s] INFO:colcon.colcon_core.shell:Creating package script '/home/max/hexapod_ws/install/phantomx_description/share/phantomx_description/package.sh'
[0.684s] INFO:colcon.colcon_core.shell:Creating package script '/home/max/hexapod_ws/install/phantomx_description/share/phantomx_description/package.bash'
[0.687s] INFO:colcon.colcon_core.shell:Creating package script '/home/max/hexapod_ws/install/phantomx_description/share/phantomx_description/package.zsh'
[0.690s] Level 1:colcon.colcon_core.environment:create_file_with_runtime_dependencies(/home/max/hexapod_ws/install/phantomx_description/share/colcon-core/packages/phantomx_description)
[0.691s] Level 1:colcon.colcon_core.environment:create_environment_scripts_only(phantomx_description)
[0.692s] Level 1:colcon.colcon_core.environment:checking '/home/max/hexapod_ws/install/phantomx_description' for CMake module files
[0.692s] Level 1:colcon.colcon_core.environment:checking '/home/max/hexapod_ws/install/phantomx_description' for CMake config files
[0.693s] Level 1:colcon.colcon_core.shell:create_environment_hook('phantomx_description', 'cmake_prefix_path')
[0.693s] INFO:colcon.colcon_core.shell:Creating environment hook '/home/max/hexapod_ws/install/phantomx_description/share/phantomx_description/hook/cmake_prefix_path.ps1'
[0.694s] INFO:colcon.colcon_core.shell:Creating environment descriptor '/home/max/hexapod_ws/install/phantomx_description/share/phantomx_description/hook/cmake_prefix_path.dsv'
[0.694s] INFO:colcon.colcon_core.shell:Creating environment hook '/home/max/hexapod_ws/install/phantomx_description/share/phantomx_description/hook/cmake_prefix_path.sh'
[0.695s] Level 1:colcon.colcon_core.environment:checking '/home/max/hexapod_ws/install/phantomx_description/bin'
[0.695s] Level 1:colcon.colcon_core.environment:checking '/home/max/hexapod_ws/install/phantomx_description/lib/pkgconfig/phantomx_description.pc'
[0.695s] Level 1:colcon.colcon_core.environment:checking '/home/max/hexapod_ws/install/phantomx_description/lib/python3.10/site-packages'
[0.695s] Level 1:colcon.colcon_core.environment:checking '/home/max/hexapod_ws/install/phantomx_description/bin'
[0.696s] INFO:colcon.colcon_core.shell:Creating package script '/home/max/hexapod_ws/install/phantomx_description/share/phantomx_description/package.ps1'
[0.697s] INFO:colcon.colcon_core.shell:Creating package descriptor '/home/max/hexapod_ws/install/phantomx_description/share/phantomx_description/package.dsv'
[0.697s] INFO:colcon.colcon_core.shell:Creating package script '/home/max/hexapod_ws/install/phantomx_description/share/phantomx_description/package.sh'
[0.698s] INFO:colcon.colcon_core.shell:Creating package script '/home/max/hexapod_ws/install/phantomx_description/share/phantomx_description/package.bash'
[0.698s] INFO:colcon.colcon_core.shell:Creating package script '/home/max/hexapod_ws/install/phantomx_description/share/phantomx_description/package.zsh'
[0.699s] Level 1:colcon.colcon_core.environment:create_file_with_runtime_dependencies(/home/max/hexapod_ws/install/phantomx_description/share/colcon-core/packages/phantomx_description)
[0.699s] INFO:colcon.colcon_ros.task.ament_cmake.build:Building ROS package in '/home/max/hexapod_ws/src/phantomx_control' with build type 'ament_cmake'
[0.699s] INFO:colcon.colcon_cmake.task.cmake.build:Building CMake package in '/home/max/hexapod_ws/src/phantomx_control'
[0.699s] INFO:colcon.colcon_core.shell:Skip shell extension 'powershell' for command environment: Not usable outside of PowerShell
[0.700s] DEBUG:colcon.colcon_core.shell:Skip shell extension 'dsv' for command environment
[0.709s] DEBUG:colcon.colcon_core.event_handler.log_command:Invoking command in '/home/max/hexapod_ws/build/phantomx_control': CMAKE_PREFIX_PATH=/home/max/hexapod_ws/install/phantomx_description:/home/max/hexapod_ws/install/phantomx_gazebo:/home/max/hexapod_ws/install/phantomx_control:/home/max/lhex/gazebo_ros2_control/gazebo_ros2_control_demos/install/gazebo_ros2_control_demos:/home/max/hexapod_ws/install/joint_state_publisher:/home/max/ros2_ws/install/talker:/home/max/ros2_ws/install/my_turtle_controller:/home/max/ros2_ws/install/listener:/opt/ros/humble /usr/bin/cmake --build /home/max/hexapod_ws/build/phantomx_control -- -j8 -l8
[0.744s] DEBUG:colcon.colcon_core.event_handler.log_command:Invoked command in '/home/max/hexapod_ws/build/phantomx_control' returned '0': CMAKE_PREFIX_PATH=/home/max/hexapod_ws/install/phantomx_description:/home/max/hexapod_ws/install/phantomx_gazebo:/home/max/hexapod_ws/install/phantomx_control:/home/max/lhex/gazebo_ros2_control/gazebo_ros2_control_demos/install/gazebo_ros2_control_demos:/home/max/hexapod_ws/install/joint_state_publisher:/home/max/ros2_ws/install/talker:/home/max/ros2_ws/install/my_turtle_controller:/home/max/ros2_ws/install/listener:/opt/ros/humble /usr/bin/cmake --build /home/max/hexapod_ws/build/phantomx_control -- -j8 -l8
[0.746s] DEBUG:colcon.colcon_core.event_handler.log_command:Invoking command in '/home/max/hexapod_ws/build/phantomx_control': CMAKE_PREFIX_PATH=/home/max/hexapod_ws/install/phantomx_description:/home/max/hexapod_ws/install/phantomx_gazebo:/home/max/hexapod_ws/install/phantomx_control:/home/max/lhex/gazebo_ros2_control/gazebo_ros2_control_demos/install/gazebo_ros2_control_demos:/home/max/hexapod_ws/install/joint_state_publisher:/home/max/ros2_ws/install/talker:/home/max/ros2_ws/install/my_turtle_controller:/home/max/ros2_ws/install/listener:/opt/ros/humble /usr/bin/cmake --install /home/max/hexapod_ws/build/phantomx_control
[0.756s] Level 1:colcon.colcon_core.environment:create_environment_scripts_only(phantomx_control)
[0.757s] Level 1:colcon.colcon_core.environment:checking '/home/max/hexapod_ws/install/phantomx_control' for CMake module files
[0.758s] DEBUG:colcon.colcon_core.event_handler.log_command:Invoked command in '/home/max/hexapod_ws/build/phantomx_control' returned '0': CMAKE_PREFIX_PATH=/home/max/hexapod_ws/install/phantomx_description:/home/max/hexapod_ws/install/phantomx_gazebo:/home/max/hexapod_ws/install/phantomx_control:/home/max/lhex/gazebo_ros2_control/gazebo_ros2_control_demos/install/gazebo_ros2_control_demos:/home/max/hexapod_ws/install/joint_state_publisher:/home/max/ros2_ws/install/talker:/home/max/ros2_ws/install/my_turtle_controller:/home/max/ros2_ws/install/listener:/opt/ros/humble /usr/bin/cmake --install /home/max/hexapod_ws/build/phantomx_control
[0.758s] Level 1:colcon.colcon_core.environment:checking '/home/max/hexapod_ws/install/phantomx_control' for CMake config files
[0.758s] Level 1:colcon.colcon_core.shell:create_environment_hook('phantomx_control', 'cmake_prefix_path')
[0.759s] INFO:colcon.colcon_core.shell:Creating environment hook '/home/max/hexapod_ws/install/phantomx_control/share/phantomx_control/hook/cmake_prefix_path.ps1'
[0.760s] INFO:colcon.colcon_core.shell:Creating environment descriptor '/home/max/hexapod_ws/install/phantomx_control/share/phantomx_control/hook/cmake_prefix_path.dsv'
[0.760s] INFO:colcon.colcon_core.shell:Creating environment hook '/home/max/hexapod_ws/install/phantomx_control/share/phantomx_control/hook/cmake_prefix_path.sh'
[0.761s] Level 1:colcon.colcon_core.environment:checking '/home/max/hexapod_ws/install/phantomx_control/bin'
[0.761s] Level 1:colcon.colcon_core.environment:checking '/home/max/hexapod_ws/install/phantomx_control/lib/pkgconfig/phantomx_control.pc'
[0.761s] Level 1:colcon.colcon_core.environment:checking '/home/max/hexapod_ws/install/phantomx_control/lib/python3.10/site-packages'
[0.762s] Level 1:colcon.colcon_core.environment:checking '/home/max/hexapod_ws/install/phantomx_control/bin'
[0.762s] INFO:colcon.colcon_core.shell:Creating package script '/home/max/hexapod_ws/install/phantomx_control/share/phantomx_control/package.ps1'
[0.763s] INFO:colcon.colcon_core.shell:Creating package descriptor '/home/max/hexapod_ws/install/phantomx_control/share/phantomx_control/package.dsv'
[0.764s] INFO:colcon.colcon_core.shell:Creating package script '/home/max/hexapod_ws/install/phantomx_control/share/phantomx_control/package.sh'
[0.764s] INFO:colcon.colcon_core.shell:Creating package script '/home/max/hexapod_ws/install/phantomx_control/share/phantomx_control/package.bash'
[0.765s] INFO:colcon.colcon_core.shell:Creating package script '/home/max/hexapod_ws/install/phantomx_control/share/phantomx_control/package.zsh'
[0.765s] Level 1:colcon.colcon_core.environment:create_file_with_runtime_dependencies(/home/max/hexapod_ws/install/phantomx_control/share/colcon-core/packages/phantomx_control)
[0.766s] Level 1:colcon.colcon_core.environment:create_environment_scripts_only(phantomx_control)
[0.767s] Level 1:colcon.colcon_core.environment:checking '/home/max/hexapod_ws/install/phantomx_control' for CMake module files
[0.767s] Level 1:colcon.colcon_core.environment:checking '/home/max/hexapod_ws/install/phantomx_control' for CMake config files
[0.768s] Level 1:colcon.colcon_core.shell:create_environment_hook('phantomx_control', 'cmake_prefix_path')
[0.768s] INFO:colcon.colcon_core.shell:Creating environment hook '/home/max/hexapod_ws/install/phantomx_control/share/phantomx_control/hook/cmake_prefix_path.ps1'
[0.769s] INFO:colcon.colcon_core.shell:Creating environment descriptor '/home/max/hexapod_ws/install/phantomx_control/share/phantomx_control/hook/cmake_prefix_path.dsv'
[0.770s] INFO:colcon.colcon_core.shell:Creating environment hook '/home/max/hexapod_ws/install/phantomx_control/share/phantomx_control/hook/cmake_prefix_path.sh'
[0.770s] Level 1:colcon.colcon_core.environment:checking '/home/max/hexapod_ws/install/phantomx_control/bin'
[0.770s] Level 1:colcon.colcon_core.environment:checking '/home/max/hexapod_ws/install/phantomx_control/lib/pkgconfig/phantomx_control.pc'
[0.771s] Level 1:colcon.colcon_core.environment:checking '/home/max/hexapod_ws/install/phantomx_control/lib/python3.10/site-packages'
[0.771s] Level 1:colcon.colcon_core.environment:checking '/home/max/hexapod_ws/install/phantomx_control/bin'
[0.772s] INFO:colcon.colcon_core.shell:Creating package script '/home/max/hexapod_ws/install/phantomx_control/share/phantomx_control/package.ps1'
[0.772s] INFO:colcon.colcon_core.shell:Creating package descriptor '/home/max/hexapod_ws/install/phantomx_control/share/phantomx_control/package.dsv'
[0.773s] INFO:colcon.colcon_core.shell:Creating package script '/home/max/hexapod_ws/install/phantomx_control/share/phantomx_control/package.sh'
[0.773s] INFO:colcon.colcon_core.shell:Creating package script '/home/max/hexapod_ws/install/phantomx_control/share/phantomx_control/package.bash'
[0.774s] INFO:colcon.colcon_core.shell:Creating package script '/home/max/hexapod_ws/install/phantomx_control/share/phantomx_control/package.zsh'
[0.775s] Level 1:colcon.colcon_core.environment:create_file_with_runtime_dependencies(/home/max/hexapod_ws/install/phantomx_control/share/colcon-core/packages/phantomx_control)
[0.775s] INFO:colcon.colcon_ros.task.ament_cmake.build:Building ROS package in '/home/max/hexapod_ws/src/phantomx_gazebo' with build type 'ament_cmake'
[0.775s] INFO:colcon.colcon_cmake.task.cmake.build:Building CMake package in '/home/max/hexapod_ws/src/phantomx_gazebo'
[0.776s] INFO:colcon.colcon_core.shell:Skip shell extension 'powershell' for command environment: Not usable outside of PowerShell
[0.776s] DEBUG:colcon.colcon_core.shell:Skip shell extension 'dsv' for command environment
[0.789s] DEBUG:colcon.colcon_core.event_handler.log_command:Invoking command in '/home/max/hexapod_ws/build/phantomx_gazebo': CMAKE_PREFIX_PATH=/home/max/hexapod_ws/install/phantomx_control:/home/max/hexapod_ws/install/phantomx_description:/home/max/hexapod_ws/install/phantomx_gazebo:/home/max/lhex/gazebo_ros2_control/gazebo_ros2_control_demos/install/gazebo_ros2_control_demos:/home/max/hexapod_ws/install/joint_state_publisher:/home/max/ros2_ws/install/talker:/home/max/ros2_ws/install/my_turtle_controller:/home/max/ros2_ws/install/listener:/opt/ros/humble /usr/bin/cmake --build /home/max/hexapod_ws/build/phantomx_gazebo -- -j8 -l8
[1.151s] DEBUG:colcon.colcon_core.event_handler.log_command:Invoking command in '/home/max/hexapod_ws/joint_state_publisher/joint_state_publisher_gui': AMENT_PREFIX_PATH=/home/max/hexapod_ws/install/joint_state_publisher:/home/max/hexapod_ws/install/phantomx_gazebo:/home/max/hexapod_ws/install/phantomx_control:/home/max/hexapod_ws/install/phantomx_description:/home/max/lhex/gazebo_ros2_control/gazebo_ros2_control_demos/install/gazebo_ros2_control_demos:/home/max/ros2_ws/install/talker:/home/max/ros2_ws/install/my_turtle_controller:/home/max/ros2_ws/install/listener:/opt/ros/humble PYTHONPATH=/home/max/hexapod_ws/build/joint_state_publisher_gui/prefix_override:/usr/lib/python3/dist-packages/colcon_core/task/python/colcon_distutils_commands:/home/max/hexapod_ws/install/joint_state_publisher_gui/lib/python3.10/site-packages:/home/max/hexapod_ws/install/joint_state_publisher/lib/python3.10/site-packages:/home/max/hexapod_ws/install/phantomx_gazebo/local/lib/python3.10/dist-packages:/home/max/ros2_ws/install/talker/lib/python3.8/site-packages:/home/max/ros2_ws/install/my_turtle_controller/lib/python3.8/site-packages:/home/max/ros2_ws/install/listener/lib/python3.8/site-packages:/opt/ros/humble/lib/python3.10/site-packages:/opt/ros/humble/local/lib/python3.10/dist-packages /usr/bin/python3 -W ignore:setup.py install is deprecated -W ignore:easy_install command is deprecated setup.py egg_info --egg-base ../../build/joint_state_publisher_gui build --build-base /home/max/hexapod_ws/build/joint_state_publisher_gui/build install --record /home/max/hexapod_ws/build/joint_state_publisher_gui/install.log --single-version-externally-managed install_data
[1.180s] DEBUG:colcon.colcon_core.event_handler.log_command:Invoked command in '/home/max/hexapod_ws/build/phantomx_gazebo' returned '0': CMAKE_PREFIX_PATH=/home/max/hexapod_ws/install/phantomx_control:/home/max/hexapod_ws/install/phantomx_description:/home/max/hexapod_ws/install/phantomx_gazebo:/home/max/lhex/gazebo_ros2_control/gazebo_ros2_control_demos/install/gazebo_ros2_control_demos:/home/max/hexapod_ws/install/joint_state_publisher:/home/max/ros2_ws/install/talker:/home/max/ros2_ws/install/my_turtle_controller:/home/max/ros2_ws/install/listener:/opt/ros/humble /usr/bin/cmake --build /home/max/hexapod_ws/build/phantomx_gazebo -- -j8 -l8
[1.182s] DEBUG:colcon.colcon_core.event_handler.log_command:Invoking command in '/home/max/hexapod_ws/build/phantomx_gazebo': CMAKE_PREFIX_PATH=/home/max/hexapod_ws/install/phantomx_control:/home/max/hexapod_ws/install/phantomx_description:/home/max/hexapod_ws/install/phantomx_gazebo:/home/max/lhex/gazebo_ros2_control/gazebo_ros2_control_demos/install/gazebo_ros2_control_demos:/home/max/hexapod_ws/install/joint_state_publisher:/home/max/ros2_ws/install/talker:/home/max/ros2_ws/install/my_turtle_controller:/home/max/ros2_ws/install/listener:/opt/ros/humble /usr/bin/cmake --install /home/max/hexapod_ws/build/phantomx_gazebo
[1.235s] Level 1:colcon.colcon_core.environment:create_environment_scripts_only(phantomx_gazebo)
[1.236s] Level 1:colcon.colcon_core.environment:checking '/home/max/hexapod_ws/install/phantomx_gazebo' for CMake module files
[1.236s] DEBUG:colcon.colcon_core.event_handler.log_command:Invoked command in '/home/max/hexapod_ws/build/phantomx_gazebo' returned '0': CMAKE_PREFIX_PATH=/home/max/hexapod_ws/install/phantomx_control:/home/max/hexapod_ws/install/phantomx_description:/home/max/hexapod_ws/install/phantomx_gazebo:/home/max/lhex/gazebo_ros2_control/gazebo_ros2_control_demos/install/gazebo_ros2_control_demos:/home/max/hexapod_ws/install/joint_state_publisher:/home/max/ros2_ws/install/talker:/home/max/ros2_ws/install/my_turtle_controller:/home/max/ros2_ws/install/listener:/opt/ros/humble /usr/bin/cmake --install /home/max/hexapod_ws/build/phantomx_gazebo
[1.237s] Level 1:colcon.colcon_core.environment:checking '/home/max/hexapod_ws/install/phantomx_gazebo' for CMake config files
[1.237s] Level 1:colcon.colcon_core.shell:create_environment_hook('phantomx_gazebo', 'cmake_prefix_path')
[1.237s] INFO:colcon.colcon_core.shell:Creating environment hook '/home/max/hexapod_ws/install/phantomx_gazebo/share/phantomx_gazebo/hook/cmake_prefix_path.ps1'
[1.238s] INFO:colcon.colcon_core.shell:Creating environment descriptor '/home/max/hexapod_ws/install/phantomx_gazebo/share/phantomx_gazebo/hook/cmake_prefix_path.dsv'
[1.238s] INFO:colcon.colcon_core.shell:Creating environment hook '/home/max/hexapod_ws/install/phantomx_gazebo/share/phantomx_gazebo/hook/cmake_prefix_path.sh'
[1.239s] Level 1:colcon.colcon_core.environment:checking '/home/max/hexapod_ws/install/phantomx_gazebo/lib'
[1.239s] Level 1:colcon.colcon_core.environment:checking '/home/max/hexapod_ws/install/phantomx_gazebo/bin'
[1.239s] Level 1:colcon.colcon_core.environment:checking '/home/max/hexapod_ws/install/phantomx_gazebo/lib/pkgconfig/phantomx_gazebo.pc'
[1.239s] Level 1:colcon.colcon_core.environment:checking '/home/max/hexapod_ws/install/phantomx_gazebo/lib/python3.10/site-packages'
[1.239s] Level 1:colcon.colcon_core.environment:checking '/home/max/hexapod_ws/install/phantomx_gazebo/bin'
[1.240s] INFO:colcon.colcon_core.shell:Creating package script '/home/max/hexapod_ws/install/phantomx_gazebo/share/phantomx_gazebo/package.ps1'
[1.240s] INFO:colcon.colcon_core.shell:Creating package descriptor '/home/max/hexapod_ws/install/phantomx_gazebo/share/phantomx_gazebo/package.dsv'
[1.240s] INFO:colcon.colcon_core.shell:Creating package script '/home/max/hexapod_ws/install/phantomx_gazebo/share/phantomx_gazebo/package.sh'
[1.241s] INFO:colcon.colcon_core.shell:Creating package script '/home/max/hexapod_ws/install/phantomx_gazebo/share/phantomx_gazebo/package.bash'
[1.241s] INFO:colcon.colcon_core.shell:Creating package script '/home/max/hexapod_ws/install/phantomx_gazebo/share/phantomx_gazebo/package.zsh'
[1.241s] Level 1:colcon.colcon_core.environment:create_file_with_runtime_dependencies(/home/max/hexapod_ws/install/phantomx_gazebo/share/colcon-core/packages/phantomx_gazebo)
[1.242s] Level 1:colcon.colcon_core.environment:create_environment_scripts_only(phantomx_gazebo)
[1.242s] Level 1:colcon.colcon_core.environment:checking '/home/max/hexapod_ws/install/phantomx_gazebo' for CMake module files
[1.243s] Level 1:colcon.colcon_core.environment:checking '/home/max/hexapod_ws/install/phantomx_gazebo' for CMake config files
[1.243s] Level 1:colcon.colcon_core.shell:create_environment_hook('phantomx_gazebo', 'cmake_prefix_path')
[1.243s] INFO:colcon.colcon_core.shell:Creating environment hook '/home/max/hexapod_ws/install/phantomx_gazebo/share/phantomx_gazebo/hook/cmake_prefix_path.ps1'
[1.244s] INFO:colcon.colcon_core.shell:Creating environment descriptor '/home/max/hexapod_ws/install/phantomx_gazebo/share/phantomx_gazebo/hook/cmake_prefix_path.dsv'
[1.244s] INFO:colcon.colcon_core.shell:Creating environment hook '/home/max/hexapod_ws/install/phantomx_gazebo/share/phantomx_gazebo/hook/cmake_prefix_path.sh'
[1.244s] Level 1:colcon.colcon_core.environment:checking '/home/max/hexapod_ws/install/phantomx_gazebo/lib'
[1.245s] Level 1:colcon.colcon_core.environment:checking '/home/max/hexapod_ws/install/phantomx_gazebo/bin'
[1.245s] Level 1:colcon.colcon_core.environment:checking '/home/max/hexapod_ws/install/phantomx_gazebo/lib/pkgconfig/phantomx_gazebo.pc'
[1.245s] Level 1:colcon.colcon_core.environment:checking '/home/max/hexapod_ws/install/phantomx_gazebo/lib/python3.10/site-packages'
[1.245s] Level 1:colcon.colcon_core.environment:checking '/home/max/hexapod_ws/install/phantomx_gazebo/bin'
[1.245s] INFO:colcon.colcon_core.shell:Creating package script '/home/max/hexapod_ws/install/phantomx_gazebo/share/phantomx_gazebo/package.ps1'
[1.246s] INFO:colcon.colcon_core.shell:Creating package descriptor '/home/max/hexapod_ws/install/phantomx_gazebo/share/phantomx_gazebo/package.dsv'
[1.246s] INFO:colcon.colcon_core.shell:Creating package script '/home/max/hexapod_ws/install/phantomx_gazebo/share/phantomx_gazebo/package.sh'
[1.247s] INFO:colcon.colcon_core.shell:Creating package script '/home/max/hexapod_ws/install/phantomx_gazebo/share/phantomx_gazebo/package.bash'
[1.247s] INFO:colcon.colcon_core.shell:Creating package script '/home/max/hexapod_ws/install/phantomx_gazebo/share/phantomx_gazebo/package.zsh'
[1.248s] Level 1:colcon.colcon_core.environment:create_file_with_runtime_dependencies(/home/max/hexapod_ws/install/phantomx_gazebo/share/colcon-core/packages/phantomx_gazebo)
[1.513s] Level 1:colcon.colcon_core.environment:checking '/home/max/hexapod_ws/install/joint_state_publisher_gui' for CMake module files
[1.514s] DEBUG:colcon.colcon_core.event_handler.log_command:Invoked command in '/home/max/hexapod_ws/joint_state_publisher/joint_state_publisher_gui' returned '0': AMENT_PREFIX_PATH=/home/max/hexapod_ws/install/joint_state_publisher:/home/max/hexapod_ws/install/phantomx_gazebo:/home/max/hexapod_ws/install/phantomx_control:/home/max/hexapod_ws/install/phantomx_description:/home/max/lhex/gazebo_ros2_control/gazebo_ros2_control_demos/install/gazebo_ros2_control_demos:/home/max/ros2_ws/install/talker:/home/max/ros2_ws/install/my_turtle_controller:/home/max/ros2_ws/install/listener:/opt/ros/humble PYTHONPATH=/home/max/hexapod_ws/build/joint_state_publisher_gui/prefix_override:/usr/lib/python3/dist-packages/colcon_core/task/python/colcon_distutils_commands:/home/max/hexapod_ws/install/joint_state_publisher_gui/lib/python3.10/site-packages:/home/max/hexapod_ws/install/joint_state_publisher/lib/python3.10/site-packages:/home/max/hexapod_ws/install/phantomx_gazebo/local/lib/python3.10/dist-packages:/home/max/ros2_ws/install/talker/lib/python3.8/site-packages:/home/max/ros2_ws/install/my_turtle_controller/lib/python3.8/site-packages:/home/max/ros2_ws/install/listener/lib/python3.8/site-packages:/opt/ros/humble/lib/python3.10/site-packages:/opt/ros/humble/local/lib/python3.10/dist-packages /usr/bin/python3 -W ignore:setup.py install is deprecated -W ignore:easy_install command is deprecated setup.py egg_info --egg-base ../../build/joint_state_publisher_gui build --build-base /home/max/hexapod_ws/build/joint_state_publisher_gui/build install --record /home/max/hexapod_ws/build/joint_state_publisher_gui/install.log --single-version-externally-managed install_data
[1.514s] Level 1:colcon.colcon_core.environment:checking '/home/max/hexapod_ws/install/joint_state_publisher_gui' for CMake config files
[1.515s] Level 1:colcon.colcon_core.environment:checking '/home/max/hexapod_ws/install/joint_state_publisher_gui/lib'
[1.515s] Level 1:colcon.colcon_core.environment:checking '/home/max/hexapod_ws/install/joint_state_publisher_gui/bin'
[1.515s] Level 1:colcon.colcon_core.environment:checking '/home/max/hexapod_ws/install/joint_state_publisher_gui/lib/pkgconfig/joint_state_publisher_gui.pc'
[1.515s] Level 1:colcon.colcon_core.environment:checking '/home/max/hexapod_ws/install/joint_state_publisher_gui/lib/python3.10/site-packages'
[1.515s] Level 1:colcon.colcon_core.shell:create_environment_hook('joint_state_publisher_gui', 'pythonpath')
[1.516s] INFO:colcon.colcon_core.shell:Creating environment hook '/home/max/hexapod_ws/install/joint_state_publisher_gui/share/joint_state_publisher_gui/hook/pythonpath.ps1'
[1.517s] INFO:colcon.colcon_core.shell:Creating environment descriptor '/home/max/hexapod_ws/install/joint_state_publisher_gui/share/joint_state_publisher_gui/hook/pythonpath.dsv'
[1.517s] INFO:colcon.colcon_core.shell:Creating environment hook '/home/max/hexapod_ws/install/joint_state_publisher_gui/share/joint_state_publisher_gui/hook/pythonpath.sh'
[1.518s] Level 1:colcon.colcon_core.environment:checking '/home/max/hexapod_ws/install/joint_state_publisher_gui/bin'
[1.518s] Level 1:colcon.colcon_core.environment:create_environment_scripts_only(joint_state_publisher_gui)
[1.518s] INFO:colcon.colcon_core.shell:Creating package script '/home/max/hexapod_ws/install/joint_state_publisher_gui/share/joint_state_publisher_gui/package.ps1'
[1.519s] INFO:colcon.colcon_core.shell:Creating package descriptor '/home/max/hexapod_ws/install/joint_state_publisher_gui/share/joint_state_publisher_gui/package.dsv'
[1.519s] INFO:colcon.colcon_core.shell:Creating package script '/home/max/hexapod_ws/install/joint_state_publisher_gui/share/joint_state_publisher_gui/package.sh'
[1.520s] INFO:colcon.colcon_core.shell:Creating package script '/home/max/hexapod_ws/install/joint_state_publisher_gui/share/joint_state_publisher_gui/package.bash'
[1.520s] INFO:colcon.colcon_core.shell:Creating package script '/home/max/hexapod_ws/install/joint_state_publisher_gui/share/joint_state_publisher_gui/package.zsh'
[1.520s] Level 1:colcon.colcon_core.environment:create_file_with_runtime_dependencies(/home/max/hexapod_ws/install/joint_state_publisher_gui/share/colcon-core/packages/joint_state_publisher_gui)
[1.520s] DEBUG:colcon.colcon_parallel_executor.executor.parallel:closing loop
[1.521s] DEBUG:colcon.colcon_parallel_executor.executor.parallel:loop closed
[1.521s] DEBUG:colcon.colcon_parallel_executor.executor.parallel:run_until_complete finished with '0'
[1.521s] DEBUG:colcon.colcon_core.event_reactor:joining thread
[1.530s] INFO:colcon.colcon_core.plugin_system:Skipping extension 'colcon_notification.desktop_notification.notify_send': Could not find 'notify-send'
[1.530s] INFO:colcon.colcon_core.plugin_system:Skipping extension 'colcon_notification.desktop_notification.terminal_notifier': Not used on non-Darwin systems
[1.530s] INFO:colcon.colcon_core.plugin_system:Skipping extension 'colcon_notification.desktop_notification.win32': Not used on non-Windows systems
[1.530s] INFO:colcon.colcon_notification.desktop_notification:Sending desktop notification using 'notify2'
[1.539s] DEBUG:colcon.colcon_core.event_reactor:joined thread
[1.539s] INFO:colcon.colcon_core.shell:Creating prefix script '/home/max/hexapod_ws/install/local_setup.ps1'
[1.540s] INFO:colcon.colcon_core.shell:Creating prefix util module '/home/max/hexapod_ws/install/_local_setup_util_ps1.py'
[1.542s] INFO:colcon.colcon_core.shell:Creating prefix chain script '/home/max/hexapod_ws/install/setup.ps1'
[1.543s] INFO:colcon.colcon_core.shell:Creating prefix script '/home/max/hexapod_ws/install/local_setup.sh'
[1.544s] INFO:colcon.colcon_core.shell:Creating prefix util module '/home/max/hexapod_ws/install/_local_setup_util_sh.py'
[1.544s] INFO:colcon.colcon_core.shell:Creating prefix chain script '/home/max/hexapod_ws/install/setup.sh'
[1.545s] INFO:colcon.colcon_core.shell:Creating prefix script '/home/max/hexapod_ws/install/local_setup.bash'
[1.546s] INFO:colcon.colcon_core.shell:Creating prefix chain script '/home/max/hexapod_ws/install/setup.bash'
[1.547s] INFO:colcon.colcon_core.shell:Creating prefix script '/home/max/hexapod_ws/install/local_setup.zsh'
[1.548s] INFO:colcon.colcon_core.shell:Creating prefix chain script '/home/max/hexapod_ws/install/setup.zsh'
