[0.006s] Invoking command in '/home/max/hexapod_ws/build/phantomx_control': CMAKE_PREFIX_PATH=/home/max/hexapod_ws/install/phantomx_description:/home/max/hexapod_ws/install/phantomx_gazebo:/home/max/hexapod_ws/install/phantomx_control:/home/max/hexapod_ws/install/custom_interfaces:/home/max/lhex/gazebo_ros2_control/gazebo_ros2_control_demos/install/gazebo_ros2_control_demos:/home/max/hexapod_ws/install/joint_state_publisher_gui:/home/max/hexapod_ws/install/joint_state_publisher:/home/max/hexapod_ws/install/hexapod:/home/max/ros2_ws/install/talker:/home/max/ros2_ws/install/my_turtle_controller:/home/max/ros2_ws/install/listener:/opt/ros/humble /usr/bin/cmake /home/max/hexapod_ws/src/phantomx_control -DCMAKE_INSTALL_PREFIX=/home/max/hexapod_ws/install/phantomx_control
[0.049s] -- The C compiler identification is GNU 11.4.0
[0.093s] -- The CXX compiler identification is GNU 11.4.0
[0.099s] -- Detecting C compiler ABI info
[0.155s] -- Detecting C compiler ABI info - done
[0.160s] -- Check for working C compiler: /usr/bin/cc - skipped
[0.161s] -- Detecting C compile features
[0.161s] -- Detecting C compile features - done
[0.164s] -- Detecting CXX compiler ABI info
[0.221s] -- Detecting CXX compiler ABI info - done
[0.227s] -- Check for working CXX compiler: /usr/bin/c++ - skipped
[0.227s] -- Detecting CXX compile features
[0.227s] -- Detecting CXX compile features - done
[0.229s] -- Found ament_cmake: 1.3.11 (/opt/ros/humble/share/ament_cmake/cmake)
[0.356s] -- Found Python3: /usr/bin/python3 (found version "3.10.12") found components: Interpreter 
[0.489s] -- Configuring done
[0.491s] -- Generating done
[0.492s] -- Build files have been written to: /home/max/hexapod_ws/build/phantomx_control
[0.496s] Invoked command in '/home/max/hexapod_ws/build/phantomx_control' returned '0': CMAKE_PREFIX_PATH=/home/max/hexapod_ws/install/phantomx_description:/home/max/hexapod_ws/install/phantomx_gazebo:/home/max/hexapod_ws/install/phantomx_control:/home/max/hexapod_ws/install/custom_interfaces:/home/max/lhex/gazebo_ros2_control/gazebo_ros2_control_demos/install/gazebo_ros2_control_demos:/home/max/hexapod_ws/install/joint_state_publisher_gui:/home/max/hexapod_ws/install/joint_state_publisher:/home/max/hexapod_ws/install/hexapod:/home/max/ros2_ws/install/talker:/home/max/ros2_ws/install/my_turtle_controller:/home/max/ros2_ws/install/listener:/opt/ros/humble /usr/bin/cmake /home/max/hexapod_ws/src/phantomx_control -DCMAKE_INSTALL_PREFIX=/home/max/hexapod_ws/install/phantomx_control
[0.497s] Invoking command in '/home/max/hexapod_ws/build/phantomx_control': CMAKE_PREFIX_PATH=/home/max/hexapod_ws/install/phantomx_description:/home/max/hexapod_ws/install/phantomx_gazebo:/home/max/hexapod_ws/install/phantomx_control:/home/max/hexapod_ws/install/custom_interfaces:/home/max/lhex/gazebo_ros2_control/gazebo_ros2_control_demos/install/gazebo_ros2_control_demos:/home/max/hexapod_ws/install/joint_state_publisher_gui:/home/max/hexapod_ws/install/joint_state_publisher:/home/max/hexapod_ws/install/hexapod:/home/max/ros2_ws/install/talker:/home/max/ros2_ws/install/my_turtle_controller:/home/max/ros2_ws/install/listener:/opt/ros/humble /usr/bin/cmake --build /home/max/hexapod_ws/build/phantomx_control -- -j8 -l8
[0.716s] Invoked command in '/home/max/hexapod_ws/build/phantomx_control' returned '0': CMAKE_PREFIX_PATH=/home/max/hexapod_ws/install/phantomx_description:/home/max/hexapod_ws/install/phantomx_gazebo:/home/max/hexapod_ws/install/phantomx_control:/home/max/hexapod_ws/install/custom_interfaces:/home/max/lhex/gazebo_ros2_control/gazebo_ros2_control_demos/install/gazebo_ros2_control_demos:/home/max/hexapod_ws/install/joint_state_publisher_gui:/home/max/hexapod_ws/install/joint_state_publisher:/home/max/hexapod_ws/install/hexapod:/home/max/ros2_ws/install/talker:/home/max/ros2_ws/install/my_turtle_controller:/home/max/ros2_ws/install/listener:/opt/ros/humble /usr/bin/cmake --build /home/max/hexapod_ws/build/phantomx_control -- -j8 -l8
[0.717s] Invoking command in '/home/max/hexapod_ws/build/phantomx_control': CMAKE_PREFIX_PATH=/home/max/hexapod_ws/install/phantomx_description:/home/max/hexapod_ws/install/phantomx_gazebo:/home/max/hexapod_ws/install/phantomx_control:/home/max/hexapod_ws/install/custom_interfaces:/home/max/lhex/gazebo_ros2_control/gazebo_ros2_control_demos/install/gazebo_ros2_control_demos:/home/max/hexapod_ws/install/joint_state_publisher_gui:/home/max/hexapod_ws/install/joint_state_publisher:/home/max/hexapod_ws/install/hexapod:/home/max/ros2_ws/install/talker:/home/max/ros2_ws/install/my_turtle_controller:/home/max/ros2_ws/install/listener:/opt/ros/humble /usr/bin/cmake --install /home/max/hexapod_ws/build/phantomx_control
[0.722s] -- Install configuration: ""
[0.722s] -- Installing: /home/max/hexapod_ws/install/phantomx_control/share/phantomx_control/launch
[0.723s] -- Installing: /home/max/hexapod_ws/install/phantomx_control/share/phantomx_control/launch/phantomx_control.launch.py
[0.723s] -- Installing: /home/max/hexapod_ws/install/phantomx_control/share/phantomx_control/config
[0.723s] -- Installing: /home/max/hexapod_ws/install/phantomx_control/share/phantomx_control/config/phantomx_control.yaml
[0.723s] -- Installing: /home/max/hexapod_ws/install/phantomx_control/share/ament_index/resource_index/package_run_dependencies/phantomx_control
[0.723s] -- Installing: /home/max/hexapod_ws/install/phantomx_control/share/ament_index/resource_index/parent_prefix_path/phantomx_control
[0.723s] -- Installing: /home/max/hexapod_ws/install/phantomx_control/share/phantomx_control/environment/ament_prefix_path.sh
[0.723s] -- Installing: /home/max/hexapod_ws/install/phantomx_control/share/phantomx_control/environment/ament_prefix_path.dsv
[0.723s] -- Installing: /home/max/hexapod_ws/install/phantomx_control/share/phantomx_control/environment/path.sh
[0.723s] -- Installing: /home/max/hexapod_ws/install/phantomx_control/share/phantomx_control/environment/path.dsv
[0.724s] -- Installing: /home/max/hexapod_ws/install/phantomx_control/share/phantomx_control/local_setup.bash
[0.724s] -- Installing: /home/max/hexapod_ws/install/phantomx_control/share/phantomx_control/local_setup.sh
[0.724s] -- Installing: /home/max/hexapod_ws/install/phantomx_control/share/phantomx_control/local_setup.zsh
[0.724s] -- Installing: /home/max/hexapod_ws/install/phantomx_control/share/phantomx_control/local_setup.dsv
[0.724s] -- Installing: /home/max/hexapod_ws/install/phantomx_control/share/phantomx_control/package.dsv
[0.724s] -- Installing: /home/max/hexapod_ws/install/phantomx_control/share/ament_index/resource_index/packages/phantomx_control
[0.724s] -- Installing: /home/max/hexapod_ws/install/phantomx_control/share/phantomx_control/cmake/phantomx_controlConfig.cmake
[0.724s] -- Installing: /home/max/hexapod_ws/install/phantomx_control/share/phantomx_control/cmake/phantomx_controlConfig-version.cmake
[0.724s] -- Installing: /home/max/hexapod_ws/install/phantomx_control/share/phantomx_control/package.xml
[0.727s] Invoked command in '/home/max/hexapod_ws/build/phantomx_control' returned '0': CMAKE_PREFIX_PATH=/home/max/hexapod_ws/install/phantomx_description:/home/max/hexapod_ws/install/phantomx_gazebo:/home/max/hexapod_ws/install/phantomx_control:/home/max/hexapod_ws/install/custom_interfaces:/home/max/lhex/gazebo_ros2_control/gazebo_ros2_control_demos/install/gazebo_ros2_control_demos:/home/max/hexapod_ws/install/joint_state_publisher_gui:/home/max/hexapod_ws/install/joint_state_publisher:/home/max/hexapod_ws/install/hexapod:/home/max/ros2_ws/install/talker:/home/max/ros2_ws/install/my_turtle_controller:/home/max/ros2_ws/install/listener:/opt/ros/humble /usr/bin/cmake --install /home/max/hexapod_ws/build/phantomx_control
