-- The C compiler identification is GNU 9.4.0
-- The CXX compiler identification is GNU 9.4.0
-- Check for working C compiler: /usr/bin/cc
-- Check for working C compiler: /usr/bin/cc -- works
-- Detecting C compiler ABI info
-- Detecting C compiler ABI info - done
-- Detecting C compile features
-- Detecting C compile features - done
-- Check for working CXX compiler: /usr/bin/c++
-- Check for working CXX compiler: /usr/bin/c++ -- works
-- Detecting CXX compiler ABI info
-- Detecting CXX compiler ABI info - done
-- Detecting CXX compile features
-- Detecting CXX compile features - done
-- Found ament_cmake: 0.9.12 (/opt/ros/foxy/share/ament_cmake/cmake)
-- Found PythonInterp: /usr/bin/python3 (found suitable version "3.8.10", minimum required is "3") 
-- Using PYTHON_EXECUTABLE: /usr/bin/python3
-- Found rosidl_default_generators: 1.0.1 (/opt/ros/foxy/share/rosidl_default_generators/cmake)
-- Using all available rosidl_typesupport_c: rosidl_typesupport_fastrtps_c;rosidl_typesupport_introspection_c
-- Found rosidl_adapter: 1.3.1 (/opt/ros/foxy/share/rosidl_adapter/cmake)
-- Found OpenSSL: /usr/lib/x86_64-linux-gnu/libcrypto.so (found version "1.1.1f")  
-- Found FastRTPS: /opt/ros/foxy/include  
-- Using all available rosidl_typesupport_cpp: rosidl_typesupport_fastrtps_cpp;rosidl_typesupport_introspection_cpp
-- Found geometry_msgs: 2.0.5 (/opt/ros/foxy/share/geometry_msgs/cmake)
-- Found PythonInterp: /usr/bin/python3 (found version "3.8.10") 
-- Found ament_cmake_ros: 0.9.2 (/opt/ros/foxy/share/ament_cmake_ros/cmake)
-- Using all available rosidl_typesupport_c: rosidl_typesupport_fastrtps_c;rosidl_typesupport_introspection_c
-- Using all available rosidl_typesupport_cpp: rosidl_typesupport_fastrtps_cpp;rosidl_typesupport_introspection_cpp
-- Found PythonInterp: /usr/bin/python3 (found suitable version "3.8.10", minimum required is "3.5") 
-- Found python_cmake_module: 0.8.1 (/opt/ros/foxy/share/python_cmake_module/cmake)
-- Found PythonLibs: /usr/lib/x86_64-linux-gnu/libpython3.8.so (found suitable version "3.8.10", minimum required is "3.5") 
-- Using PYTHON_EXECUTABLE: /usr/bin/python3
-- Using PYTHON_INCLUDE_DIRS: /usr/include/python3.8
-- Using PYTHON_LIBRARIES: /usr/lib/x86_64-linux-gnu/libpython3.8.so
-- Found PythonExtra: .so  
-- Found ament_lint_auto: 0.9.8 (/opt/ros/foxy/share/ament_lint_auto/cmake)
-- Added test 'copyright' to check source files copyright and LICENSE
-- Added test 'flake8' to check Python code syntax and style conventions
-- Added test 'lint_cmake' to check CMake code style
-- Added test 'pep257' to check Python code against some of the style conventions in PEP 257
-- Added test 'xmllint' to check XML markup files
-- Configuring done
-- Generating done
-- Build files have been written to: /home/max/hexapod_ws/src/build/interfaces
[  2%] [34m[1mGenerating C code for ROS interfaces[0m
[35m[1mScanning dependencies of target interfaces__cpp[0m
[  4%] [34m[1mGenerating C++ code for ROS interfaces[0m
[  4%] Built target interfaces__cpp
[  6%] [34m[1mGenerating C++ type support for eProsima Fast-RTPS[0m
[  8%] [34m[1mGenerating C++ introspection for ROS interfaces[0m
[ 10%] [34m[1mGenerating C++ type support dispatch for ROS interfaces[0m
[35m[1mScanning dependencies of target interfaces__rosidl_generator_c[0m
[ 12%] [32mBuilding C object CMakeFiles/interfaces__rosidl_generator_c.dir/rosidl_generator_c/interfaces/msg/detail/leg_command__functions.c.o[0m
[ 14%] [32mBuilding C object CMakeFiles/interfaces__rosidl_generator_c.dir/rosidl_generator_c/interfaces/msg/detail/leg_status__functions.c.o[0m
[ 17%] [32mBuilding C object CMakeFiles/interfaces__rosidl_generator_c.dir/rosidl_generator_c/interfaces/msg/detail/sensor_data__functions.c.o[0m
[ 19%] [32m[1mLinking C shared library libinterfaces__rosidl_generator_c.so[0m
[ 19%] Built target interfaces__rosidl_generator_c
[ 21%] [34m[1mGenerating C introspection for ROS interfaces[0m
[ 23%] [34m[1mGenerating C type support dispatch for ROS interfaces[0m
[35m[1mScanning dependencies of target interfaces__rosidl_typesupport_cpp[0m
[ 27%] [32mBuilding CXX object CMakeFiles/interfaces__rosidl_typesupport_cpp.dir/rosidl_typesupport_cpp/interfaces/msg/leg_command__type_support.cpp.o[0m
[ 27%] [32mBuilding CXX object CMakeFiles/interfaces__rosidl_typesupport_cpp.dir/rosidl_typesupport_cpp/interfaces/msg/sensor_data__type_support.cpp.o[0m
[ 29%] [32mBuilding CXX object CMakeFiles/interfaces__rosidl_typesupport_cpp.dir/rosidl_typesupport_cpp/interfaces/msg/leg_status__type_support.cpp.o[0m
[35m[1mScanning dependencies of target interfaces__rosidl_typesupport_introspection_cpp[0m
[ 31%] [32mBuilding CXX object CMakeFiles/interfaces__rosidl_typesupport_introspection_cpp.dir/rosidl_typesupport_introspection_cpp/interfaces/msg/detail/leg_status__type_support.cpp.o[0m
[ 34%] [32mBuilding CXX object CMakeFiles/interfaces__rosidl_typesupport_introspection_cpp.dir/rosidl_typesupport_introspection_cpp/interfaces/msg/detail/leg_command__type_support.cpp.o[0m
[35m[1mScanning dependencies of target interfaces__rosidl_typesupport_fastrtps_cpp[0m
[ 36%] [32mBuilding CXX object CMakeFiles/interfaces__rosidl_typesupport_fastrtps_cpp.dir/rosidl_typesupport_fastrtps_cpp/interfaces/msg/detail/dds_fastrtps/leg_command__type_support.cpp.o[0m
[35m[1mScanning dependencies of target interfaces__rosidl_typesupport_c[0m
[ 38%] [32mBuilding CXX object CMakeFiles/interfaces__rosidl_typesupport_c.dir/rosidl_typesupport_c/interfaces/msg/leg_command__type_support.cpp.o[0m
[ 40%] [32mBuilding CXX object CMakeFiles/interfaces__rosidl_typesupport_c.dir/rosidl_typesupport_c/interfaces/msg/leg_status__type_support.cpp.o[0m
[35m[1mScanning dependencies of target interfaces__rosidl_typesupport_introspection_c[0m
[ 42%] [32mBuilding CXX object CMakeFiles/interfaces__rosidl_typesupport_c.dir/rosidl_typesupport_c/interfaces/msg/sensor_data__type_support.cpp.o[0m
[ 44%] [32mBuilding CXX object CMakeFiles/interfaces__rosidl_typesupport_introspection_cpp.dir/rosidl_typesupport_introspection_cpp/interfaces/msg/detail/sensor_data__type_support.cpp.o[0m
[ 46%] [32mBuilding C object CMakeFiles/interfaces__rosidl_typesupport_introspection_c.dir/rosidl_typesupport_introspection_c/interfaces/msg/detail/leg_command__type_support.c.o[0m
[ 48%] [32mBuilding C object CMakeFiles/interfaces__rosidl_typesupport_introspection_c.dir/rosidl_typesupport_introspection_c/interfaces/msg/detail/leg_status__type_support.c.o[0m
[ 51%] [32m[1mLinking CXX shared library libinterfaces__rosidl_typesupport_c.so[0m
[ 53%] [32m[1mLinking CXX shared library libinterfaces__rosidl_typesupport_cpp.so[0m
[ 55%] [32mBuilding C object CMakeFiles/interfaces__rosidl_typesupport_introspection_c.dir/rosidl_typesupport_introspection_c/interfaces/msg/detail/sensor_data__type_support.c.o[0m
[ 57%] [32mBuilding CXX object CMakeFiles/interfaces__rosidl_typesupport_fastrtps_cpp.dir/rosidl_typesupport_fastrtps_cpp/interfaces/msg/detail/dds_fastrtps/leg_status__type_support.cpp.o[0m
[ 59%] [32mBuilding CXX object CMakeFiles/interfaces__rosidl_typesupport_fastrtps_cpp.dir/rosidl_typesupport_fastrtps_cpp/interfaces/msg/detail/dds_fastrtps/sensor_data__type_support.cpp.o[0m
[ 59%] Built target interfaces__rosidl_typesupport_c
[ 61%] [32m[1mLinking C shared library libinterfaces__rosidl_typesupport_introspection_c.so[0m
[ 61%] Built target interfaces__rosidl_typesupport_cpp
[ 61%] Built target interfaces__rosidl_typesupport_introspection_c
[ 63%] [32m[1mLinking CXX shared library libinterfaces__rosidl_typesupport_introspection_cpp.so[0m
[ 63%] Built target interfaces__rosidl_typesupport_introspection_cpp
[ 65%] [32m[1mLinking CXX shared library libinterfaces__rosidl_typesupport_fastrtps_cpp.so[0m
[ 65%] Built target interfaces__rosidl_typesupport_fastrtps_cpp
[ 68%] [34m[1mGenerating C type support for eProsima Fast-RTPS[0m
[35m[1mScanning dependencies of target interfaces__rosidl_typesupport_fastrtps_c[0m
[ 72%] [32mBuilding CXX object CMakeFiles/interfaces__rosidl_typesupport_fastrtps_c.dir/rosidl_typesupport_fastrtps_c/interfaces/msg/detail/leg_status__type_support_c.cpp.o[0m
[ 72%] [32mBuilding CXX object CMakeFiles/interfaces__rosidl_typesupport_fastrtps_c.dir/rosidl_typesupport_fastrtps_c/interfaces/msg/detail/leg_command__type_support_c.cpp.o[0m
[ 74%] [32mBuilding CXX object CMakeFiles/interfaces__rosidl_typesupport_fastrtps_c.dir/rosidl_typesupport_fastrtps_c/interfaces/msg/detail/sensor_data__type_support_c.cpp.o[0m
[ 76%] [32m[1mLinking CXX shared library libinterfaces__rosidl_typesupport_fastrtps_c.so[0m
[ 76%] Built target interfaces__rosidl_typesupport_fastrtps_c
[35m[1mScanning dependencies of target interfaces[0m
[ 76%] Built target interfaces
[35m[1mScanning dependencies of target interfaces__py[0m
[ 78%] [34m[1mGenerating Python code for ROS interfaces[0m
[ 78%] Built target interfaces__py
[35m[1mScanning dependencies of target interfaces__python[0m
[ 82%] [32mBuilding C object CMakeFiles/interfaces__python.dir/rosidl_generator_py/interfaces/msg/_leg_status_s.c.o[0m
[ 82%] [32mBuilding C object CMakeFiles/interfaces__python.dir/rosidl_generator_py/interfaces/msg/_sensor_data_s.c.o[0m
[ 85%] [32mBuilding C object CMakeFiles/interfaces__python.dir/rosidl_generator_py/interfaces/msg/_leg_command_s.c.o[0m
[ 87%] [32m[1mLinking C shared library rosidl_generator_py/interfaces/libinterfaces__python.so[0m
[ 87%] Built target interfaces__python
[35m[1mScanning dependencies of target interfaces__rosidl_typesupport_c__pyext[0m
[35m[1mScanning dependencies of target interfaces__rosidl_typesupport_introspection_c__pyext[0m
[35m[1mScanning dependencies of target interfaces__rosidl_typesupport_fastrtps_c__pyext[0m
[ 89%] [32mBuilding C object CMakeFiles/interfaces__rosidl_typesupport_introspection_c__pyext.dir/rosidl_generator_py/interfaces/_interfaces_s.ep.rosidl_typesupport_introspection_c.c.o[0m
[ 91%] [32mBuilding C object CMakeFiles/interfaces__rosidl_typesupport_fastrtps_c__pyext.dir/rosidl_generator_py/interfaces/_interfaces_s.ep.rosidl_typesupport_fastrtps_c.c.o[0m
[ 93%] [32mBuilding C object CMakeFiles/interfaces__rosidl_typesupport_c__pyext.dir/rosidl_generator_py/interfaces/_interfaces_s.ep.rosidl_typesupport_c.c.o[0m
[ 95%] [32m[1mLinking C shared library rosidl_generator_py/interfaces/interfaces_s__rosidl_typesupport_introspection_c.cpython-38-x86_64-linux-gnu.so[0m
[ 97%] [32m[1mLinking CXX shared library rosidl_generator_py/interfaces/interfaces_s__rosidl_typesupport_fastrtps_c.cpython-38-x86_64-linux-gnu.so[0m
[100%] [32m[1mLinking C shared library rosidl_generator_py/interfaces/interfaces_s__rosidl_typesupport_c.cpython-38-x86_64-linux-gnu.so[0m
[100%] Built target interfaces__rosidl_typesupport_introspection_c__pyext
[100%] Built target interfaces__rosidl_typesupport_c__pyext
[100%] Built target interfaces__rosidl_typesupport_fastrtps_c__pyext
-- Install configuration: ""
-- Installing: /home/max/hexapod_ws/src/install/interfaces/share/ament_index/resource_index/rosidl_interfaces/interfaces
-- Installing: /home/max/hexapod_ws/src/install/interfaces/include/interfaces
-- Installing: /home/max/hexapod_ws/src/install/interfaces/include/interfaces/msg
-- Installing: /home/max/hexapod_ws/src/install/interfaces/include/interfaces/msg/detail
-- Installing: /home/max/hexapod_ws/src/install/interfaces/include/interfaces/msg/detail/leg_command__struct.h
-- Installing: /home/max/hexapod_ws/src/install/interfaces/include/interfaces/msg/detail/leg_command__functions.c
-- Installing: /home/max/hexapod_ws/src/install/interfaces/include/interfaces/msg/detail/sensor_data__functions.c
-- Installing: /home/max/hexapod_ws/src/install/interfaces/include/interfaces/msg/detail/sensor_data__struct.h
-- Installing: /home/max/hexapod_ws/src/install/interfaces/include/interfaces/msg/detail/leg_status__type_support.h
-- Installing: /home/max/hexapod_ws/src/install/interfaces/include/interfaces/msg/detail/leg_status__struct.h
-- Installing: /home/max/hexapod_ws/src/install/interfaces/include/interfaces/msg/detail/sensor_data__functions.h
-- Installing: /home/max/hexapod_ws/src/install/interfaces/include/interfaces/msg/detail/leg_command__functions.h
-- Installing: /home/max/hexapod_ws/src/install/interfaces/include/interfaces/msg/detail/leg_command__type_support.h
-- Installing: /home/max/hexapod_ws/src/install/interfaces/include/interfaces/msg/detail/leg_status__functions.c
-- Installing: /home/max/hexapod_ws/src/install/interfaces/include/interfaces/msg/detail/leg_status__functions.h
-- Installing: /home/max/hexapod_ws/src/install/interfaces/include/interfaces/msg/detail/sensor_data__type_support.h
-- Installing: /home/max/hexapod_ws/src/install/interfaces/include/interfaces/msg/leg_status.h
-- Installing: /home/max/hexapod_ws/src/install/interfaces/include/interfaces/msg/leg_command.h
-- Installing: /home/max/hexapod_ws/src/install/interfaces/include/interfaces/msg/rosidl_generator_c__visibility_control.h
-- Installing: /home/max/hexapod_ws/src/install/interfaces/include/interfaces/msg/sensor_data.h
-- Installing: /home/max/hexapod_ws/src/install/interfaces/share/interfaces/environment/library_path.sh
-- Installing: /home/max/hexapod_ws/src/install/interfaces/share/interfaces/environment/library_path.dsv
-- Installing: /home/max/hexapod_ws/src/install/interfaces/lib/libinterfaces__rosidl_generator_c.so
-- Set runtime path of "/home/max/hexapod_ws/src/install/interfaces/lib/libinterfaces__rosidl_generator_c.so" to ""
-- Up-to-date: /home/max/hexapod_ws/src/install/interfaces/include/interfaces
-- Up-to-date: /home/max/hexapod_ws/src/install/interfaces/include/interfaces/msg
-- Up-to-date: /home/max/hexapod_ws/src/install/interfaces/include/interfaces/msg/detail
-- Installing: /home/max/hexapod_ws/src/install/interfaces/include/interfaces/msg/detail/leg_status__rosidl_typesupport_fastrtps_c.h
-- Installing: /home/max/hexapod_ws/src/install/interfaces/include/interfaces/msg/detail/leg_command__rosidl_typesupport_fastrtps_c.h
-- Installing: /home/max/hexapod_ws/src/install/interfaces/include/interfaces/msg/detail/sensor_data__rosidl_typesupport_fastrtps_c.h
-- Installing: /home/max/hexapod_ws/src/install/interfaces/include/interfaces/msg/rosidl_typesupport_fastrtps_c__visibility_control.h
-- Installing: /home/max/hexapod_ws/src/install/interfaces/lib/libinterfaces__rosidl_typesupport_fastrtps_c.so
-- Set runtime path of "/home/max/hexapod_ws/src/install/interfaces/lib/libinterfaces__rosidl_typesupport_fastrtps_c.so" to ""
-- Up-to-date: /home/max/hexapod_ws/src/install/interfaces/include/interfaces
-- Up-to-date: /home/max/hexapod_ws/src/install/interfaces/include/interfaces/msg
-- Installing: /home/max/hexapod_ws/src/install/interfaces/include/interfaces/msg/rosidl_typesupport_fastrtps_cpp__visibility_control.h
-- Up-to-date: /home/max/hexapod_ws/src/install/interfaces/include/interfaces/msg/detail
-- Installing: /home/max/hexapod_ws/src/install/interfaces/include/interfaces/msg/detail/leg_command__rosidl_typesupport_fastrtps_cpp.hpp
-- Installing: /home/max/hexapod_ws/src/install/interfaces/include/interfaces/msg/detail/dds_fastrtps
-- Installing: /home/max/hexapod_ws/src/install/interfaces/include/interfaces/msg/detail/sensor_data__rosidl_typesupport_fastrtps_cpp.hpp
-- Installing: /home/max/hexapod_ws/src/install/interfaces/include/interfaces/msg/detail/leg_status__rosidl_typesupport_fastrtps_cpp.hpp
-- Installing: /home/max/hexapod_ws/src/install/interfaces/lib/libinterfaces__rosidl_typesupport_fastrtps_cpp.so
-- Set runtime path of "/home/max/hexapod_ws/src/install/interfaces/lib/libinterfaces__rosidl_typesupport_fastrtps_cpp.so" to ""
-- Up-to-date: /home/max/hexapod_ws/src/install/interfaces/include/interfaces
-- Up-to-date: /home/max/hexapod_ws/src/install/interfaces/include/interfaces/msg
-- Installing: /home/max/hexapod_ws/src/install/interfaces/include/interfaces/msg/rosidl_typesupport_introspection_c__visibility_control.h
-- Up-to-date: /home/max/hexapod_ws/src/install/interfaces/include/interfaces/msg/detail
-- Installing: /home/max/hexapod_ws/src/install/interfaces/include/interfaces/msg/detail/leg_status__rosidl_typesupport_introspection_c.h
-- Installing: /home/max/hexapod_ws/src/install/interfaces/include/interfaces/msg/detail/sensor_data__rosidl_typesupport_introspection_c.h
-- Installing: /home/max/hexapod_ws/src/install/interfaces/include/interfaces/msg/detail/leg_command__type_support.c
-- Installing: /home/max/hexapod_ws/src/install/interfaces/include/interfaces/msg/detail/leg_command__rosidl_typesupport_introspection_c.h
-- Installing: /home/max/hexapod_ws/src/install/interfaces/include/interfaces/msg/detail/sensor_data__type_support.c
-- Installing: /home/max/hexapod_ws/src/install/interfaces/include/interfaces/msg/detail/leg_status__type_support.c
-- Installing: /home/max/hexapod_ws/src/install/interfaces/lib/libinterfaces__rosidl_typesupport_introspection_c.so
-- Set runtime path of "/home/max/hexapod_ws/src/install/interfaces/lib/libinterfaces__rosidl_typesupport_introspection_c.so" to ""
-- Installing: /home/max/hexapod_ws/src/install/interfaces/lib/libinterfaces__rosidl_typesupport_c.so
-- Set runtime path of "/home/max/hexapod_ws/src/install/interfaces/lib/libinterfaces__rosidl_typesupport_c.so" to ""
-- Up-to-date: /home/max/hexapod_ws/src/install/interfaces/include/interfaces
-- Up-to-date: /home/max/hexapod_ws/src/install/interfaces/include/interfaces/msg
-- Installing: /home/max/hexapod_ws/src/install/interfaces/include/interfaces/msg/leg_command.hpp
-- Installing: /home/max/hexapod_ws/src/install/interfaces/include/interfaces/msg/leg_status.hpp
-- Up-to-date: /home/max/hexapod_ws/src/install/interfaces/include/interfaces/msg/detail
-- Installing: /home/max/hexapod_ws/src/install/interfaces/include/interfaces/msg/detail/leg_command__traits.hpp
-- Installing: /home/max/hexapod_ws/src/install/interfaces/include/interfaces/msg/detail/leg_command__builder.hpp
-- Installing: /home/max/hexapod_ws/src/install/interfaces/include/interfaces/msg/detail/leg_status__type_support.hpp
-- Installing: /home/max/hexapod_ws/src/install/interfaces/include/interfaces/msg/detail/sensor_data__traits.hpp
-- Installing: /home/max/hexapod_ws/src/install/interfaces/include/interfaces/msg/detail/leg_status__builder.hpp
-- Installing: /home/max/hexapod_ws/src/install/interfaces/include/interfaces/msg/detail/leg_status__traits.hpp
-- Installing: /home/max/hexapod_ws/src/install/interfaces/include/interfaces/msg/detail/leg_command__struct.hpp
-- Installing: /home/max/hexapod_ws/src/install/interfaces/include/interfaces/msg/detail/sensor_data__struct.hpp
-- Installing: /home/max/hexapod_ws/src/install/interfaces/include/interfaces/msg/detail/sensor_data__builder.hpp
-- Installing: /home/max/hexapod_ws/src/install/interfaces/include/interfaces/msg/detail/leg_status__struct.hpp
-- Installing: /home/max/hexapod_ws/src/install/interfaces/include/interfaces/msg/detail/sensor_data__type_support.hpp
-- Installing: /home/max/hexapod_ws/src/install/interfaces/include/interfaces/msg/detail/leg_command__type_support.hpp
-- Installing: /home/max/hexapod_ws/src/install/interfaces/include/interfaces/msg/rosidl_generator_cpp__visibility_control.hpp
-- Installing: /home/max/hexapod_ws/src/install/interfaces/include/interfaces/msg/sensor_data.hpp
-- Up-to-date: /home/max/hexapod_ws/src/install/interfaces/include/interfaces
-- Up-to-date: /home/max/hexapod_ws/src/install/interfaces/include/interfaces/msg
-- Up-to-date: /home/max/hexapod_ws/src/install/interfaces/include/interfaces/msg/detail
-- Installing: /home/max/hexapod_ws/src/install/interfaces/include/interfaces/msg/detail/leg_status__type_support.cpp
-- Installing: /home/max/hexapod_ws/src/install/interfaces/include/interfaces/msg/detail/leg_command__type_support.cpp
-- Installing: /home/max/hexapod_ws/src/install/interfaces/include/interfaces/msg/detail/sensor_data__rosidl_typesupport_introspection_cpp.hpp
-- Installing: /home/max/hexapod_ws/src/install/interfaces/include/interfaces/msg/detail/leg_command__rosidl_typesupport_introspection_cpp.hpp
-- Installing: /home/max/hexapod_ws/src/install/interfaces/include/interfaces/msg/detail/sensor_data__type_support.cpp
-- Installing: /home/max/hexapod_ws/src/install/interfaces/include/interfaces/msg/detail/leg_status__rosidl_typesupport_introspection_cpp.hpp
-- Installing: /home/max/hexapod_ws/src/install/interfaces/lib/libinterfaces__rosidl_typesupport_introspection_cpp.so
-- Set runtime path of "/home/max/hexapod_ws/src/install/interfaces/lib/libinterfaces__rosidl_typesupport_introspection_cpp.so" to ""
-- Installing: /home/max/hexapod_ws/src/install/interfaces/lib/libinterfaces__rosidl_typesupport_cpp.so
-- Set runtime path of "/home/max/hexapod_ws/src/install/interfaces/lib/libinterfaces__rosidl_typesupport_cpp.so" to ""
-- Installing: /home/max/hexapod_ws/src/install/interfaces/share/interfaces/environment/pythonpath.sh
-- Installing: /home/max/hexapod_ws/src/install/interfaces/share/interfaces/environment/pythonpath.dsv
-- Installing: /home/max/hexapod_ws/src/install/interfaces/lib/python3.8/site-packages/interfaces/__init__.py
Compiling '/home/max/hexapod_ws/src/install/interfaces/lib/python3.8/site-packages/interfaces/__init__.py'...
-- Installing: /home/max/hexapod_ws/src/install/interfaces/lib/python3.8/site-packages/interfaces/msg
-- Installing: /home/max/hexapod_ws/src/install/interfaces/lib/python3.8/site-packages/interfaces/msg/_leg_status.py
-- Installing: /home/max/hexapod_ws/src/install/interfaces/lib/python3.8/site-packages/interfaces/msg/__init__.py
-- Installing: /home/max/hexapod_ws/src/install/interfaces/lib/python3.8/site-packages/interfaces/msg/_sensor_data_s.c
-- Installing: /home/max/hexapod_ws/src/install/interfaces/lib/python3.8/site-packages/interfaces/msg/_leg_status_s.c
-- Installing: /home/max/hexapod_ws/src/install/interfaces/lib/python3.8/site-packages/interfaces/msg/_sensor_data.py
-- Installing: /home/max/hexapod_ws/src/install/interfaces/lib/python3.8/site-packages/interfaces/msg/_leg_command_s.c
-- Installing: /home/max/hexapod_ws/src/install/interfaces/lib/python3.8/site-packages/interfaces/msg/_leg_command.py
-- Installing: /home/max/hexapod_ws/src/install/interfaces/lib/python3.8/site-packages/interfaces/interfaces_s__rosidl_typesupport_fastrtps_c.cpython-38-x86_64-linux-gnu.so
-- Set runtime path of "/home/max/hexapod_ws/src/install/interfaces/lib/python3.8/site-packages/interfaces/interfaces_s__rosidl_typesupport_fastrtps_c.cpython-38-x86_64-linux-gnu.so" to ""
-- Installing: /home/max/hexapod_ws/src/install/interfaces/lib/python3.8/site-packages/interfaces/interfaces_s__rosidl_typesupport_introspection_c.cpython-38-x86_64-linux-gnu.so
-- Set runtime path of "/home/max/hexapod_ws/src/install/interfaces/lib/python3.8/site-packages/interfaces/interfaces_s__rosidl_typesupport_introspection_c.cpython-38-x86_64-linux-gnu.so" to ""
-- Installing: /home/max/hexapod_ws/src/install/interfaces/lib/python3.8/site-packages/interfaces/interfaces_s__rosidl_typesupport_c.cpython-38-x86_64-linux-gnu.so
-- Set runtime path of "/home/max/hexapod_ws/src/install/interfaces/lib/python3.8/site-packages/interfaces/interfaces_s__rosidl_typesupport_c.cpython-38-x86_64-linux-gnu.so" to ""
-- Installing: /home/max/hexapod_ws/src/install/interfaces/lib/libinterfaces__python.so
-- Set runtime path of "/home/max/hexapod_ws/src/install/interfaces/lib/libinterfaces__python.so" to ""
-- Installing: /home/max/hexapod_ws/src/install/interfaces/share/interfaces/msg/LegCommand.idl
-- Installing: /home/max/hexapod_ws/src/install/interfaces/share/interfaces/msg/LegStatus.idl
-- Installing: /home/max/hexapod_ws/src/install/interfaces/share/interfaces/msg/SensorData.idl
-- Installing: /home/max/hexapod_ws/src/install/interfaces/share/interfaces/msg/LegCommand.msg
-- Installing: /home/max/hexapod_ws/src/install/interfaces/share/interfaces/msg/LegStatus.msg
-- Installing: /home/max/hexapod_ws/src/install/interfaces/share/interfaces/msg/SensorData.msg
-- Installing: /home/max/hexapod_ws/src/install/interfaces/share/ament_index/resource_index/package_run_dependencies/interfaces
-- Installing: /home/max/hexapod_ws/src/install/interfaces/share/ament_index/resource_index/parent_prefix_path/interfaces
-- Installing: /home/max/hexapod_ws/src/install/interfaces/share/interfaces/environment/ament_prefix_path.sh
-- Installing: /home/max/hexapod_ws/src/install/interfaces/share/interfaces/environment/ament_prefix_path.dsv
-- Installing: /home/max/hexapod_ws/src/install/interfaces/share/interfaces/environment/path.sh
-- Installing: /home/max/hexapod_ws/src/install/interfaces/share/interfaces/environment/path.dsv
-- Installing: /home/max/hexapod_ws/src/install/interfaces/share/interfaces/local_setup.bash
-- Installing: /home/max/hexapod_ws/src/install/interfaces/share/interfaces/local_setup.sh
-- Installing: /home/max/hexapod_ws/src/install/interfaces/share/interfaces/local_setup.zsh
-- Installing: /home/max/hexapod_ws/src/install/interfaces/share/interfaces/local_setup.dsv
-- Installing: /home/max/hexapod_ws/src/install/interfaces/share/interfaces/package.dsv
-- Installing: /home/max/hexapod_ws/src/install/interfaces/share/ament_index/resource_index/packages/interfaces
-- Installing: /home/max/hexapod_ws/src/install/interfaces/share/interfaces/cmake/interfaces__rosidl_generator_cExport.cmake
-- Installing: /home/max/hexapod_ws/src/install/interfaces/share/interfaces/cmake/interfaces__rosidl_generator_cExport-noconfig.cmake
-- Installing: /home/max/hexapod_ws/src/install/interfaces/share/interfaces/cmake/interfaces__rosidl_typesupport_introspection_cExport.cmake
-- Installing: /home/max/hexapod_ws/src/install/interfaces/share/interfaces/cmake/interfaces__rosidl_typesupport_introspection_cExport-noconfig.cmake
-- Installing: /home/max/hexapod_ws/src/install/interfaces/share/interfaces/cmake/interfaces__rosidl_typesupport_cExport.cmake
-- Installing: /home/max/hexapod_ws/src/install/interfaces/share/interfaces/cmake/interfaces__rosidl_typesupport_cExport-noconfig.cmake
-- Installing: /home/max/hexapod_ws/src/install/interfaces/share/interfaces/cmake/interfaces__rosidl_generator_cppExport.cmake
-- Installing: /home/max/hexapod_ws/src/install/interfaces/share/interfaces/cmake/interfaces__rosidl_typesupport_introspection_cppExport.cmake
-- Installing: /home/max/hexapod_ws/src/install/interfaces/share/interfaces/cmake/interfaces__rosidl_typesupport_introspection_cppExport-noconfig.cmake
-- Installing: /home/max/hexapod_ws/src/install/interfaces/share/interfaces/cmake/interfaces__rosidl_typesupport_cppExport.cmake
-- Installing: /home/max/hexapod_ws/src/install/interfaces/share/interfaces/cmake/interfaces__rosidl_typesupport_cppExport-noconfig.cmake
-- Installing: /home/max/hexapod_ws/src/install/interfaces/share/interfaces/cmake/rosidl_cmake-extras.cmake
-- Installing: /home/max/hexapod_ws/src/install/interfaces/share/interfaces/cmake/ament_cmake_export_dependencies-extras.cmake
-- Installing: /home/max/hexapod_ws/src/install/interfaces/share/interfaces/cmake/ament_cmake_export_libraries-extras.cmake
-- Installing: /home/max/hexapod_ws/src/install/interfaces/share/interfaces/cmake/ament_cmake_export_targets-extras.cmake
-- Installing: /home/max/hexapod_ws/src/install/interfaces/share/interfaces/cmake/ament_cmake_export_include_directories-extras.cmake
-- Installing: /home/max/hexapod_ws/src/install/interfaces/share/interfaces/cmake/rosidl_cmake_export_typesupport_libraries-extras.cmake
-- Installing: /home/max/hexapod_ws/src/install/interfaces/share/interfaces/cmake/rosidl_cmake_export_typesupport_targets-extras.cmake
-- Installing: /home/max/hexapod_ws/src/install/interfaces/share/interfaces/cmake/interfacesConfig.cmake
-- Installing: /home/max/hexapod_ws/src/install/interfaces/share/interfaces/cmake/interfacesConfig-version.cmake
-- Installing: /home/max/hexapod_ws/src/install/interfaces/share/interfaces/package.xml
