[0.008s] Invoking command in '/home/max/hexapod_ws/src/build/interfaces': /usr/bin/cmake /home/max/hexapod_ws/src/interfaces -DCATKIN_INSTALL_INTO_PREFIX_ROOT=0 -DCMAKE_INSTALL_PREFIX=/home/max/hexapod_ws/src/install/interfaces
[0.053s] -- The C compiler identification is GNU 9.4.0
[0.091s] -- The CXX compiler identification is GNU 9.4.0
[0.094s] -- Check for working C compiler: /usr/bin/cc
[0.143s] -- Check for working C compiler: /usr/bin/cc -- works
[0.144s] -- Detecting C compiler ABI info
[0.200s] -- Detecting C compiler ABI info - done
[0.213s] -- Detecting C compile features
[0.214s] -- Detecting C compile features - done
[0.215s] -- Check for working CXX compiler: /usr/bin/c++
[0.274s] -- Check for working CXX compiler: /usr/bin/c++ -- works
[0.275s] -- Detecting CXX compiler ABI info
[0.333s] -- Detecting CXX compiler ABI info - done
[0.342s] -- Detecting CXX compile features
[0.343s] -- Detecting CXX compile features - done
[0.345s] -- Found ament_cmake: 0.9.12 (/opt/ros/foxy/share/ament_cmake/cmake)
[0.362s] -- Found PythonInterp: /usr/bin/python3 (found suitable version "3.8.10", minimum required is "3") 
[0.362s] -- Using PYTHON_EXECUTABLE: /usr/bin/python3
[0.505s] -- Found rosidl_default_generators: 1.0.1 (/opt/ros/foxy/share/rosidl_default_generators/cmake)
[0.507s] -- Using all available rosidl_typesupport_c: rosidl_typesupport_fastrtps_c;rosidl_typesupport_introspection_c
[0.512s] -- Found rosidl_adapter: 1.3.1 (/opt/ros/foxy/share/rosidl_adapter/cmake)
[0.584s] -- Found OpenSSL: /usr/lib/x86_64-linux-gnu/libcrypto.so (found version "1.1.1f")  
[0.607s] -- Found FastRTPS: /opt/ros/foxy/include  
[0.670s] -- Using all available rosidl_typesupport_cpp: rosidl_typesupport_fastrtps_cpp;rosidl_typesupport_introspection_cpp
[0.689s] -- Found geometry_msgs: 2.0.5 (/opt/ros/foxy/share/geometry_msgs/cmake)
[0.760s] -- Found PythonInterp: /usr/bin/python3 (found version "3.8.10") 
[0.904s] -- Found ament_cmake_ros: 0.9.2 (/opt/ros/foxy/share/ament_cmake_ros/cmake)
[1.083s] -- Using all available rosidl_typesupport_c: rosidl_typesupport_fastrtps_c;rosidl_typesupport_introspection_c
[1.164s] -- Using all available rosidl_typesupport_cpp: rosidl_typesupport_fastrtps_cpp;rosidl_typesupport_introspection_cpp
[1.182s] -- Found PythonInterp: /usr/bin/python3 (found suitable version "3.8.10", minimum required is "3.5") 
[1.183s] -- Found python_cmake_module: 0.8.1 (/opt/ros/foxy/share/python_cmake_module/cmake)
[1.201s] -- Found PythonLibs: /usr/lib/x86_64-linux-gnu/libpython3.8.so (found suitable version "3.8.10", minimum required is "3.5") 
[1.201s] -- Using PYTHON_EXECUTABLE: /usr/bin/python3
[1.201s] -- Using PYTHON_INCLUDE_DIRS: /usr/include/python3.8
[1.201s] -- Using PYTHON_LIBRARIES: /usr/lib/x86_64-linux-gnu/libpython3.8.so
[1.220s] -- Found PythonExtra: .so  
[1.276s] -- Found ament_lint_auto: 0.9.8 (/opt/ros/foxy/share/ament_lint_auto/cmake)
[1.289s] -- Added test 'copyright' to check source files copyright and LICENSE
[1.291s] -- Added test 'flake8' to check Python code syntax and style conventions
[1.292s] -- Added test 'lint_cmake' to check CMake code style
[1.292s] -- Added test 'pep257' to check Python code against some of the style conventions in PEP 257
[1.293s] -- Added test 'xmllint' to check XML markup files
[1.297s] -- Configuring done
[1.336s] -- Generating done
[1.338s] CMake Warning:
[1.338s]   Manually-specified variables were not used by the project:
[1.338s] 
[1.338s]     CATKIN_INSTALL_INTO_PREFIX_ROOT
[1.338s] 
[1.338s] 
[1.350s] -- Build files have been written to: /home/max/hexapod_ws/src/build/interfaces
[1.357s] Invoked command in '/home/max/hexapod_ws/src/build/interfaces' returned '0': /usr/bin/cmake /home/max/hexapod_ws/src/interfaces -DCATKIN_INSTALL_INTO_PREFIX_ROOT=0 -DCMAKE_INSTALL_PREFIX=/home/max/hexapod_ws/src/install/interfaces
[1.359s] Invoking command in '/home/max/hexapod_ws/src/build/interfaces': /usr/bin/cmake --build /home/max/hexapod_ws/src/build/interfaces -- -j8 -l8
[1.389s] [  2%] [34m[1mGenerating C code for ROS interfaces[0m
[1.389s] [35m[1mScanning dependencies of target interfaces__cpp[0m
[1.397s] [  4%] [34m[1mGenerating C++ code for ROS interfaces[0m
[1.739s] [  4%] Built target interfaces__cpp
[1.752s] [  6%] [34m[1mGenerating C++ type support for eProsima Fast-RTPS[0m
[1.753s] [  8%] [34m[1mGenerating C++ introspection for ROS interfaces[0m
[1.756s] [ 10%] [34m[1mGenerating C++ type support dispatch for ROS interfaces[0m
[1.760s] [35m[1mScanning dependencies of target interfaces__rosidl_generator_c[0m
[1.773s] [ 12%] [32mBuilding C object CMakeFiles/interfaces__rosidl_generator_c.dir/rosidl_generator_c/interfaces/msg/detail/leg_command__functions.c.o[0m
[1.775s] [ 14%] [32mBuilding C object CMakeFiles/interfaces__rosidl_generator_c.dir/rosidl_generator_c/interfaces/msg/detail/leg_status__functions.c.o[0m
[1.776s] [ 17%] [32mBuilding C object CMakeFiles/interfaces__rosidl_generator_c.dir/rosidl_generator_c/interfaces/msg/detail/sensor_data__functions.c.o[0m
[1.838s] [ 19%] [32m[1mLinking C shared library libinterfaces__rosidl_generator_c.so[0m
[1.873s] [ 19%] Built target interfaces__rosidl_generator_c
[1.883s] [ 21%] [34m[1mGenerating C introspection for ROS interfaces[0m
[1.886s] [ 23%] [34m[1mGenerating C type support dispatch for ROS interfaces[0m
[2.028s] [35m[1mScanning dependencies of target interfaces__rosidl_typesupport_cpp[0m
[2.046s] [ 27%] [32mBuilding CXX object CMakeFiles/interfaces__rosidl_typesupport_cpp.dir/rosidl_typesupport_cpp/interfaces/msg/leg_command__type_support.cpp.o[0m
[2.046s] [ 27%] [32mBuilding CXX object CMakeFiles/interfaces__rosidl_typesupport_cpp.dir/rosidl_typesupport_cpp/interfaces/msg/sensor_data__type_support.cpp.o[0m
[2.047s] [ 29%] [32mBuilding CXX object CMakeFiles/interfaces__rosidl_typesupport_cpp.dir/rosidl_typesupport_cpp/interfaces/msg/leg_status__type_support.cpp.o[0m
[2.106s] [35m[1mScanning dependencies of target interfaces__rosidl_typesupport_introspection_cpp[0m
[2.145s] [ 31%] [32mBuilding CXX object CMakeFiles/interfaces__rosidl_typesupport_introspection_cpp.dir/rosidl_typesupport_introspection_cpp/interfaces/msg/detail/leg_status__type_support.cpp.o[0m
[2.163s] [ 34%] [32mBuilding CXX object CMakeFiles/interfaces__rosidl_typesupport_introspection_cpp.dir/rosidl_typesupport_introspection_cpp/interfaces/msg/detail/leg_command__type_support.cpp.o[0m
[2.228s] [35m[1mScanning dependencies of target interfaces__rosidl_typesupport_fastrtps_cpp[0m
[2.287s] [ 36%] [32mBuilding CXX object CMakeFiles/interfaces__rosidl_typesupport_fastrtps_cpp.dir/rosidl_typesupport_fastrtps_cpp/interfaces/msg/detail/dds_fastrtps/leg_command__type_support.cpp.o[0m
[2.375s] [35m[1mScanning dependencies of target interfaces__rosidl_typesupport_c[0m
[2.394s] [ 38%] [32mBuilding CXX object CMakeFiles/interfaces__rosidl_typesupport_c.dir/rosidl_typesupport_c/interfaces/msg/leg_command__type_support.cpp.o[0m
[2.438s] [ 40%] [32mBuilding CXX object CMakeFiles/interfaces__rosidl_typesupport_c.dir/rosidl_typesupport_c/interfaces/msg/leg_status__type_support.cpp.o[0m
[2.465s] [35m[1mScanning dependencies of target interfaces__rosidl_typesupport_introspection_c[0m
[2.483s] [ 42%] [32mBuilding CXX object CMakeFiles/interfaces__rosidl_typesupport_c.dir/rosidl_typesupport_c/interfaces/msg/sensor_data__type_support.cpp.o[0m
[2.505s] [ 44%] [32mBuilding CXX object CMakeFiles/interfaces__rosidl_typesupport_introspection_cpp.dir/rosidl_typesupport_introspection_cpp/interfaces/msg/detail/sensor_data__type_support.cpp.o[0m
[2.510s] [ 46%] [32mBuilding C object CMakeFiles/interfaces__rosidl_typesupport_introspection_c.dir/rosidl_typesupport_introspection_c/interfaces/msg/detail/leg_command__type_support.c.o[0m
[2.523s] [ 48%] [32mBuilding C object CMakeFiles/interfaces__rosidl_typesupport_introspection_c.dir/rosidl_typesupport_introspection_c/interfaces/msg/detail/leg_status__type_support.c.o[0m
[2.524s] [ 51%] [32m[1mLinking CXX shared library libinterfaces__rosidl_typesupport_c.so[0m
[2.553s] [ 53%] [32m[1mLinking CXX shared library libinterfaces__rosidl_typesupport_cpp.so[0m
[2.571s] [ 55%] [32mBuilding C object CMakeFiles/interfaces__rosidl_typesupport_introspection_c.dir/rosidl_typesupport_introspection_c/interfaces/msg/detail/sensor_data__type_support.c.o[0m
[2.572s] [ 57%] [32mBuilding CXX object CMakeFiles/interfaces__rosidl_typesupport_fastrtps_cpp.dir/rosidl_typesupport_fastrtps_cpp/interfaces/msg/detail/dds_fastrtps/leg_status__type_support.cpp.o[0m
[2.599s] [ 59%] [32mBuilding CXX object CMakeFiles/interfaces__rosidl_typesupport_fastrtps_cpp.dir/rosidl_typesupport_fastrtps_cpp/interfaces/msg/detail/dds_fastrtps/sensor_data__type_support.cpp.o[0m
[2.601s] [ 59%] Built target interfaces__rosidl_typesupport_c
[2.614s] [ 61%] [32m[1mLinking C shared library libinterfaces__rosidl_typesupport_introspection_c.so[0m
[2.619s] [ 61%] Built target interfaces__rosidl_typesupport_cpp
[2.663s] [ 61%] Built target interfaces__rosidl_typesupport_introspection_c
[2.820s] [ 63%] [32m[1mLinking CXX shared library libinterfaces__rosidl_typesupport_introspection_cpp.so[0m
[2.897s] [ 63%] Built target interfaces__rosidl_typesupport_introspection_cpp
[3.011s] [ 65%] [32m[1mLinking CXX shared library libinterfaces__rosidl_typesupport_fastrtps_cpp.so[0m
[3.094s] [ 65%] Built target interfaces__rosidl_typesupport_fastrtps_cpp
[3.103s] [ 68%] [34m[1mGenerating C type support for eProsima Fast-RTPS[0m
[3.407s] [35m[1mScanning dependencies of target interfaces__rosidl_typesupport_fastrtps_c[0m
[3.423s] [ 72%] [32mBuilding CXX object CMakeFiles/interfaces__rosidl_typesupport_fastrtps_c.dir/rosidl_typesupport_fastrtps_c/interfaces/msg/detail/leg_status__type_support_c.cpp.o[0m
[3.424s] [ 72%] [32mBuilding CXX object CMakeFiles/interfaces__rosidl_typesupport_fastrtps_c.dir/rosidl_typesupport_fastrtps_c/interfaces/msg/detail/leg_command__type_support_c.cpp.o[0m
[3.425s] [ 74%] [32mBuilding CXX object CMakeFiles/interfaces__rosidl_typesupport_fastrtps_c.dir/rosidl_typesupport_fastrtps_c/interfaces/msg/detail/sensor_data__type_support_c.cpp.o[0m
[3.746s] [ 76%] [32m[1mLinking CXX shared library libinterfaces__rosidl_typesupport_fastrtps_c.so[0m
[3.831s] [ 76%] Built target interfaces__rosidl_typesupport_fastrtps_c
[3.841s] [35m[1mScanning dependencies of target interfaces[0m
[3.850s] [ 76%] Built target interfaces
[3.860s] [35m[1mScanning dependencies of target interfaces__py[0m
[3.870s] [ 78%] [34m[1mGenerating Python code for ROS interfaces[0m
[4.435s] [ 78%] Built target interfaces__py
[4.445s] [35m[1mScanning dependencies of target interfaces__python[0m
[4.465s] [ 82%] [32mBuilding C object CMakeFiles/interfaces__python.dir/rosidl_generator_py/interfaces/msg/_leg_status_s.c.o[0m
[4.466s] [ 82%] [32mBuilding C object CMakeFiles/interfaces__python.dir/rosidl_generator_py/interfaces/msg/_sensor_data_s.c.o[0m
[4.467s] [ 85%] [32mBuilding C object CMakeFiles/interfaces__python.dir/rosidl_generator_py/interfaces/msg/_leg_command_s.c.o[0m
[4.555s] [ 87%] [32m[1mLinking C shared library rosidl_generator_py/interfaces/libinterfaces__python.so[0m
[4.598s] [ 87%] Built target interfaces__python
[4.608s] [35m[1mScanning dependencies of target interfaces__rosidl_typesupport_c__pyext[0m
[4.608s] [35m[1mScanning dependencies of target interfaces__rosidl_typesupport_introspection_c__pyext[0m
[4.608s] [35m[1mScanning dependencies of target interfaces__rosidl_typesupport_fastrtps_c__pyext[0m
[4.625s] [ 89%] [32mBuilding C object CMakeFiles/interfaces__rosidl_typesupport_introspection_c__pyext.dir/rosidl_generator_py/interfaces/_interfaces_s.ep.rosidl_typesupport_introspection_c.c.o[0m
[4.626s] [ 91%] [32mBuilding C object CMakeFiles/interfaces__rosidl_typesupport_fastrtps_c__pyext.dir/rosidl_generator_py/interfaces/_interfaces_s.ep.rosidl_typesupport_fastrtps_c.c.o[0m
[4.636s] [ 93%] [32mBuilding C object CMakeFiles/interfaces__rosidl_typesupport_c__pyext.dir/rosidl_generator_py/interfaces/_interfaces_s.ep.rosidl_typesupport_c.c.o[0m
[4.712s] [ 95%] [32m[1mLinking C shared library rosidl_generator_py/interfaces/interfaces_s__rosidl_typesupport_introspection_c.cpython-38-x86_64-linux-gnu.so[0m
[4.712s] [ 97%] [32m[1mLinking CXX shared library rosidl_generator_py/interfaces/interfaces_s__rosidl_typesupport_fastrtps_c.cpython-38-x86_64-linux-gnu.so[0m
[4.723s] [100%] [32m[1mLinking C shared library rosidl_generator_py/interfaces/interfaces_s__rosidl_typesupport_c.cpython-38-x86_64-linux-gnu.so[0m
[4.755s] [100%] Built target interfaces__rosidl_typesupport_introspection_c__pyext
[4.767s] [100%] Built target interfaces__rosidl_typesupport_c__pyext
[4.789s] [100%] Built target interfaces__rosidl_typesupport_fastrtps_c__pyext
[4.802s] Invoked command in '/home/max/hexapod_ws/src/build/interfaces' returned '0': /usr/bin/cmake --build /home/max/hexapod_ws/src/build/interfaces -- -j8 -l8
[4.816s] Invoking command in '/home/max/hexapod_ws/src/build/interfaces': /usr/bin/cmake --install /home/max/hexapod_ws/src/build/interfaces
[4.825s] -- Install configuration: ""
[4.825s] -- Installing: /home/max/hexapod_ws/src/install/interfaces/share/ament_index/resource_index/rosidl_interfaces/interfaces
[4.826s] -- Installing: /home/max/hexapod_ws/src/install/interfaces/include/interfaces
[4.826s] -- Installing: /home/max/hexapod_ws/src/install/interfaces/include/interfaces/msg
[4.826s] -- Installing: /home/max/hexapod_ws/src/install/interfaces/include/interfaces/msg/detail
[4.826s] -- Installing: /home/max/hexapod_ws/src/install/interfaces/include/interfaces/msg/detail/leg_command__struct.h
[4.826s] -- Installing: /home/max/hexapod_ws/src/install/interfaces/include/interfaces/msg/detail/leg_command__functions.c
[4.826s] -- Installing: /home/max/hexapod_ws/src/install/interfaces/include/interfaces/msg/detail/sensor_data__functions.c
[4.826s] -- Installing: /home/max/hexapod_ws/src/install/interfaces/include/interfaces/msg/detail/sensor_data__struct.h
[4.826s] -- Installing: /home/max/hexapod_ws/src/install/interfaces/include/interfaces/msg/detail/leg_status__type_support.h
[4.827s] -- Installing: /home/max/hexapod_ws/src/install/interfaces/include/interfaces/msg/detail/leg_status__struct.h
[4.827s] -- Installing: /home/max/hexapod_ws/src/install/interfaces/include/interfaces/msg/detail/sensor_data__functions.h
[4.827s] -- Installing: /home/max/hexapod_ws/src/install/interfaces/include/interfaces/msg/detail/leg_command__functions.h
[4.827s] -- Installing: /home/max/hexapod_ws/src/install/interfaces/include/interfaces/msg/detail/leg_command__type_support.h
[4.827s] -- Installing: /home/max/hexapod_ws/src/install/interfaces/include/interfaces/msg/detail/leg_status__functions.c
[4.827s] -- Installing: /home/max/hexapod_ws/src/install/interfaces/include/interfaces/msg/detail/leg_status__functions.h
[4.827s] -- Installing: /home/max/hexapod_ws/src/install/interfaces/include/interfaces/msg/detail/sensor_data__type_support.h
[4.828s] -- Installing: /home/max/hexapod_ws/src/install/interfaces/include/interfaces/msg/leg_status.h
[4.828s] -- Installing: /home/max/hexapod_ws/src/install/interfaces/include/interfaces/msg/leg_command.h
[4.828s] -- Installing: /home/max/hexapod_ws/src/install/interfaces/include/interfaces/msg/rosidl_generator_c__visibility_control.h
[4.828s] -- Installing: /home/max/hexapod_ws/src/install/interfaces/include/interfaces/msg/sensor_data.h
[4.828s] -- Installing: /home/max/hexapod_ws/src/install/interfaces/share/interfaces/environment/library_path.sh
[4.828s] -- Installing: /home/max/hexapod_ws/src/install/interfaces/share/interfaces/environment/library_path.dsv
[4.829s] -- Installing: /home/max/hexapod_ws/src/install/interfaces/lib/libinterfaces__rosidl_generator_c.so
[4.829s] -- Set runtime path of "/home/max/hexapod_ws/src/install/interfaces/lib/libinterfaces__rosidl_generator_c.so" to ""
[4.829s] -- Up-to-date: /home/max/hexapod_ws/src/install/interfaces/include/interfaces
[4.829s] -- Up-to-date: /home/max/hexapod_ws/src/install/interfaces/include/interfaces/msg
[4.829s] -- Up-to-date: /home/max/hexapod_ws/src/install/interfaces/include/interfaces/msg/detail
[4.829s] -- Installing: /home/max/hexapod_ws/src/install/interfaces/include/interfaces/msg/detail/leg_status__rosidl_typesupport_fastrtps_c.h
[4.830s] -- Installing: /home/max/hexapod_ws/src/install/interfaces/include/interfaces/msg/detail/leg_command__rosidl_typesupport_fastrtps_c.h
[4.830s] -- Installing: /home/max/hexapod_ws/src/install/interfaces/include/interfaces/msg/detail/sensor_data__rosidl_typesupport_fastrtps_c.h
[4.830s] -- Installing: /home/max/hexapod_ws/src/install/interfaces/include/interfaces/msg/rosidl_typesupport_fastrtps_c__visibility_control.h
[4.830s] -- Installing: /home/max/hexapod_ws/src/install/interfaces/lib/libinterfaces__rosidl_typesupport_fastrtps_c.so
[4.830s] -- Set runtime path of "/home/max/hexapod_ws/src/install/interfaces/lib/libinterfaces__rosidl_typesupport_fastrtps_c.so" to ""
[4.831s] -- Up-to-date: /home/max/hexapod_ws/src/install/interfaces/include/interfaces
[4.831s] -- Up-to-date: /home/max/hexapod_ws/src/install/interfaces/include/interfaces/msg
[4.831s] -- Installing: /home/max/hexapod_ws/src/install/interfaces/include/interfaces/msg/rosidl_typesupport_fastrtps_cpp__visibility_control.h
[4.831s] -- Up-to-date: /home/max/hexapod_ws/src/install/interfaces/include/interfaces/msg/detail
[4.831s] -- Installing: /home/max/hexapod_ws/src/install/interfaces/include/interfaces/msg/detail/leg_command__rosidl_typesupport_fastrtps_cpp.hpp
[4.831s] -- Installing: /home/max/hexapod_ws/src/install/interfaces/include/interfaces/msg/detail/dds_fastrtps
[4.832s] -- Installing: /home/max/hexapod_ws/src/install/interfaces/include/interfaces/msg/detail/sensor_data__rosidl_typesupport_fastrtps_cpp.hpp
[4.832s] -- Installing: /home/max/hexapod_ws/src/install/interfaces/include/interfaces/msg/detail/leg_status__rosidl_typesupport_fastrtps_cpp.hpp
[4.832s] -- Installing: /home/max/hexapod_ws/src/install/interfaces/lib/libinterfaces__rosidl_typesupport_fastrtps_cpp.so
[4.832s] -- Set runtime path of "/home/max/hexapod_ws/src/install/interfaces/lib/libinterfaces__rosidl_typesupport_fastrtps_cpp.so" to ""
[4.833s] -- Up-to-date: /home/max/hexapod_ws/src/install/interfaces/include/interfaces
[4.833s] -- Up-to-date: /home/max/hexapod_ws/src/install/interfaces/include/interfaces/msg
[4.833s] -- Installing: /home/max/hexapod_ws/src/install/interfaces/include/interfaces/msg/rosidl_typesupport_introspection_c__visibility_control.h
[4.833s] -- Up-to-date: /home/max/hexapod_ws/src/install/interfaces/include/interfaces/msg/detail
[4.833s] -- Installing: /home/max/hexapod_ws/src/install/interfaces/include/interfaces/msg/detail/leg_status__rosidl_typesupport_introspection_c.h
[4.833s] -- Installing: /home/max/hexapod_ws/src/install/interfaces/include/interfaces/msg/detail/sensor_data__rosidl_typesupport_introspection_c.h
[4.833s] -- Installing: /home/max/hexapod_ws/src/install/interfaces/include/interfaces/msg/detail/leg_command__type_support.c
[4.834s] -- Installing: /home/max/hexapod_ws/src/install/interfaces/include/interfaces/msg/detail/leg_command__rosidl_typesupport_introspection_c.h
[4.834s] -- Installing: /home/max/hexapod_ws/src/install/interfaces/include/interfaces/msg/detail/sensor_data__type_support.c
[4.834s] -- Installing: /home/max/hexapod_ws/src/install/interfaces/include/interfaces/msg/detail/leg_status__type_support.c
[4.834s] -- Installing: /home/max/hexapod_ws/src/install/interfaces/lib/libinterfaces__rosidl_typesupport_introspection_c.so
[4.834s] -- Set runtime path of "/home/max/hexapod_ws/src/install/interfaces/lib/libinterfaces__rosidl_typesupport_introspection_c.so" to ""
[4.834s] -- Installing: /home/max/hexapod_ws/src/install/interfaces/lib/libinterfaces__rosidl_typesupport_c.so
[4.835s] -- Set runtime path of "/home/max/hexapod_ws/src/install/interfaces/lib/libinterfaces__rosidl_typesupport_c.so" to ""
[4.835s] -- Up-to-date: /home/max/hexapod_ws/src/install/interfaces/include/interfaces
[4.835s] -- Up-to-date: /home/max/hexapod_ws/src/install/interfaces/include/interfaces/msg
[4.835s] -- Installing: /home/max/hexapod_ws/src/install/interfaces/include/interfaces/msg/leg_command.hpp
[4.835s] -- Installing: /home/max/hexapod_ws/src/install/interfaces/include/interfaces/msg/leg_status.hpp
[4.835s] -- Up-to-date: /home/max/hexapod_ws/src/install/interfaces/include/interfaces/msg/detail
[4.835s] -- Installing: /home/max/hexapod_ws/src/install/interfaces/include/interfaces/msg/detail/leg_command__traits.hpp
[4.835s] -- Installing: /home/max/hexapod_ws/src/install/interfaces/include/interfaces/msg/detail/leg_command__builder.hpp
[4.835s] -- Installing: /home/max/hexapod_ws/src/install/interfaces/include/interfaces/msg/detail/leg_status__type_support.hpp
[4.836s] -- Installing: /home/max/hexapod_ws/src/install/interfaces/include/interfaces/msg/detail/sensor_data__traits.hpp
[4.836s] -- Installing: /home/max/hexapod_ws/src/install/interfaces/include/interfaces/msg/detail/leg_status__builder.hpp
[4.836s] -- Installing: /home/max/hexapod_ws/src/install/interfaces/include/interfaces/msg/detail/leg_status__traits.hpp
[4.836s] -- Installing: /home/max/hexapod_ws/src/install/interfaces/include/interfaces/msg/detail/leg_command__struct.hpp
[4.836s] -- Installing: /home/max/hexapod_ws/src/install/interfaces/include/interfaces/msg/detail/sensor_data__struct.hpp
[4.836s] -- Installing: /home/max/hexapod_ws/src/install/interfaces/include/interfaces/msg/detail/sensor_data__builder.hpp
[4.837s] -- Installing: /home/max/hexapod_ws/src/install/interfaces/include/interfaces/msg/detail/leg_status__struct.hpp
[4.837s] -- Installing: /home/max/hexapod_ws/src/install/interfaces/include/interfaces/msg/detail/sensor_data__type_support.hpp
[4.837s] -- Installing: /home/max/hexapod_ws/src/install/interfaces/include/interfaces/msg/detail/leg_command__type_support.hpp
[4.837s] -- Installing: /home/max/hexapod_ws/src/install/interfaces/include/interfaces/msg/rosidl_generator_cpp__visibility_control.hpp
[4.837s] -- Installing: /home/max/hexapod_ws/src/install/interfaces/include/interfaces/msg/sensor_data.hpp
[4.837s] -- Up-to-date: /home/max/hexapod_ws/src/install/interfaces/include/interfaces
[4.837s] -- Up-to-date: /home/max/hexapod_ws/src/install/interfaces/include/interfaces/msg
[4.837s] -- Up-to-date: /home/max/hexapod_ws/src/install/interfaces/include/interfaces/msg/detail
[4.837s] -- Installing: /home/max/hexapod_ws/src/install/interfaces/include/interfaces/msg/detail/leg_status__type_support.cpp
[4.837s] -- Installing: /home/max/hexapod_ws/src/install/interfaces/include/interfaces/msg/detail/leg_command__type_support.cpp
[4.838s] -- Installing: /home/max/hexapod_ws/src/install/interfaces/include/interfaces/msg/detail/sensor_data__rosidl_typesupport_introspection_cpp.hpp
[4.838s] -- Installing: /home/max/hexapod_ws/src/install/interfaces/include/interfaces/msg/detail/leg_command__rosidl_typesupport_introspection_cpp.hpp
[4.838s] -- Installing: /home/max/hexapod_ws/src/install/interfaces/include/interfaces/msg/detail/sensor_data__type_support.cpp
[4.838s] -- Installing: /home/max/hexapod_ws/src/install/interfaces/include/interfaces/msg/detail/leg_status__rosidl_typesupport_introspection_cpp.hpp
[4.838s] -- Installing: /home/max/hexapod_ws/src/install/interfaces/lib/libinterfaces__rosidl_typesupport_introspection_cpp.so
[4.838s] -- Set runtime path of "/home/max/hexapod_ws/src/install/interfaces/lib/libinterfaces__rosidl_typesupport_introspection_cpp.so" to ""
[4.838s] -- Installing: /home/max/hexapod_ws/src/install/interfaces/lib/libinterfaces__rosidl_typesupport_cpp.so
[4.838s] -- Set runtime path of "/home/max/hexapod_ws/src/install/interfaces/lib/libinterfaces__rosidl_typesupport_cpp.so" to ""
[4.838s] -- Installing: /home/max/hexapod_ws/src/install/interfaces/share/interfaces/environment/pythonpath.sh
[4.838s] -- Installing: /home/max/hexapod_ws/src/install/interfaces/share/interfaces/environment/pythonpath.dsv
[4.838s] -- Installing: /home/max/hexapod_ws/src/install/interfaces/lib/python3.8/site-packages/interfaces/__init__.py
[4.870s] Compiling '/home/max/hexapod_ws/src/install/interfaces/lib/python3.8/site-packages/interfaces/__init__.py'...
[4.875s] -- Installing: /home/max/hexapod_ws/src/install/interfaces/lib/python3.8/site-packages/interfaces/msg
[4.875s] -- Installing: /home/max/hexapod_ws/src/install/interfaces/lib/python3.8/site-packages/interfaces/msg/_leg_status.py
[4.875s] -- Installing: /home/max/hexapod_ws/src/install/interfaces/lib/python3.8/site-packages/interfaces/msg/__init__.py
[4.875s] -- Installing: /home/max/hexapod_ws/src/install/interfaces/lib/python3.8/site-packages/interfaces/msg/_sensor_data_s.c
[4.875s] -- Installing: /home/max/hexapod_ws/src/install/interfaces/lib/python3.8/site-packages/interfaces/msg/_leg_status_s.c
[4.875s] -- Installing: /home/max/hexapod_ws/src/install/interfaces/lib/python3.8/site-packages/interfaces/msg/_sensor_data.py
[4.875s] -- Installing: /home/max/hexapod_ws/src/install/interfaces/lib/python3.8/site-packages/interfaces/msg/_leg_command_s.c
[4.876s] -- Installing: /home/max/hexapod_ws/src/install/interfaces/lib/python3.8/site-packages/interfaces/msg/_leg_command.py
[4.876s] -- Installing: /home/max/hexapod_ws/src/install/interfaces/lib/python3.8/site-packages/interfaces/interfaces_s__rosidl_typesupport_fastrtps_c.cpython-38-x86_64-linux-gnu.so
[4.876s] -- Set runtime path of "/home/max/hexapod_ws/src/install/interfaces/lib/python3.8/site-packages/interfaces/interfaces_s__rosidl_typesupport_fastrtps_c.cpython-38-x86_64-linux-gnu.so" to ""
[4.876s] -- Installing: /home/max/hexapod_ws/src/install/interfaces/lib/python3.8/site-packages/interfaces/interfaces_s__rosidl_typesupport_introspection_c.cpython-38-x86_64-linux-gnu.so
[4.877s] -- Set runtime path of "/home/max/hexapod_ws/src/install/interfaces/lib/python3.8/site-packages/interfaces/interfaces_s__rosidl_typesupport_introspection_c.cpython-38-x86_64-linux-gnu.so" to ""
[4.877s] -- Installing: /home/max/hexapod_ws/src/install/interfaces/lib/python3.8/site-packages/interfaces/interfaces_s__rosidl_typesupport_c.cpython-38-x86_64-linux-gnu.so
[4.877s] -- Set runtime path of "/home/max/hexapod_ws/src/install/interfaces/lib/python3.8/site-packages/interfaces/interfaces_s__rosidl_typesupport_c.cpython-38-x86_64-linux-gnu.so" to ""
[4.877s] -- Installing: /home/max/hexapod_ws/src/install/interfaces/lib/libinterfaces__python.so
[4.878s] -- Set runtime path of "/home/max/hexapod_ws/src/install/interfaces/lib/libinterfaces__python.so" to ""
[4.878s] -- Installing: /home/max/hexapod_ws/src/install/interfaces/share/interfaces/msg/LegCommand.idl
[4.878s] -- Installing: /home/max/hexapod_ws/src/install/interfaces/share/interfaces/msg/LegStatus.idl
[4.878s] -- Installing: /home/max/hexapod_ws/src/install/interfaces/share/interfaces/msg/SensorData.idl
[4.878s] -- Installing: /home/max/hexapod_ws/src/install/interfaces/share/interfaces/msg/LegCommand.msg
[4.878s] -- Installing: /home/max/hexapod_ws/src/install/interfaces/share/interfaces/msg/LegStatus.msg
[4.878s] -- Installing: /home/max/hexapod_ws/src/install/interfaces/share/interfaces/msg/SensorData.msg
[4.878s] -- Installing: /home/max/hexapod_ws/src/install/interfaces/share/ament_index/resource_index/package_run_dependencies/interfaces
[4.879s] -- Installing: /home/max/hexapod_ws/src/install/interfaces/share/ament_index/resource_index/parent_prefix_path/interfaces
[4.879s] -- Installing: /home/max/hexapod_ws/src/install/interfaces/share/interfaces/environment/ament_prefix_path.sh
[4.879s] -- Installing: /home/max/hexapod_ws/src/install/interfaces/share/interfaces/environment/ament_prefix_path.dsv
[4.879s] -- Installing: /home/max/hexapod_ws/src/install/interfaces/share/interfaces/environment/path.sh
[4.879s] -- Installing: /home/max/hexapod_ws/src/install/interfaces/share/interfaces/environment/path.dsv
[4.879s] -- Installing: /home/max/hexapod_ws/src/install/interfaces/share/interfaces/local_setup.bash
[4.879s] -- Installing: /home/max/hexapod_ws/src/install/interfaces/share/interfaces/local_setup.sh
[4.879s] -- Installing: /home/max/hexapod_ws/src/install/interfaces/share/interfaces/local_setup.zsh
[4.879s] -- Installing: /home/max/hexapod_ws/src/install/interfaces/share/interfaces/local_setup.dsv
[4.880s] -- Installing: /home/max/hexapod_ws/src/install/interfaces/share/interfaces/package.dsv
[4.880s] -- Installing: /home/max/hexapod_ws/src/install/interfaces/share/ament_index/resource_index/packages/interfaces
[4.880s] -- Installing: /home/max/hexapod_ws/src/install/interfaces/share/interfaces/cmake/interfaces__rosidl_generator_cExport.cmake
[4.880s] -- Installing: /home/max/hexapod_ws/src/install/interfaces/share/interfaces/cmake/interfaces__rosidl_generator_cExport-noconfig.cmake
[4.880s] -- Installing: /home/max/hexapod_ws/src/install/interfaces/share/interfaces/cmake/interfaces__rosidl_typesupport_introspection_cExport.cmake
[4.880s] -- Installing: /home/max/hexapod_ws/src/install/interfaces/share/interfaces/cmake/interfaces__rosidl_typesupport_introspection_cExport-noconfig.cmake
[4.880s] -- Installing: /home/max/hexapod_ws/src/install/interfaces/share/interfaces/cmake/interfaces__rosidl_typesupport_cExport.cmake
[4.881s] -- Installing: /home/max/hexapod_ws/src/install/interfaces/share/interfaces/cmake/interfaces__rosidl_typesupport_cExport-noconfig.cmake
[4.881s] -- Installing: /home/max/hexapod_ws/src/install/interfaces/share/interfaces/cmake/interfaces__rosidl_generator_cppExport.cmake
[4.881s] -- Installing: /home/max/hexapod_ws/src/install/interfaces/share/interfaces/cmake/interfaces__rosidl_typesupport_introspection_cppExport.cmake
[4.881s] -- Installing: /home/max/hexapod_ws/src/install/interfaces/share/interfaces/cmake/interfaces__rosidl_typesupport_introspection_cppExport-noconfig.cmake
[4.881s] -- Installing: /home/max/hexapod_ws/src/install/interfaces/share/interfaces/cmake/interfaces__rosidl_typesupport_cppExport.cmake
[4.881s] -- Installing: /home/max/hexapod_ws/src/install/interfaces/share/interfaces/cmake/interfaces__rosidl_typesupport_cppExport-noconfig.cmake
[4.881s] -- Installing: /home/max/hexapod_ws/src/install/interfaces/share/interfaces/cmake/rosidl_cmake-extras.cmake
[4.881s] -- Installing: /home/max/hexapod_ws/src/install/interfaces/share/interfaces/cmake/ament_cmake_export_dependencies-extras.cmake
[4.882s] -- Installing: /home/max/hexapod_ws/src/install/interfaces/share/interfaces/cmake/ament_cmake_export_libraries-extras.cmake
[4.882s] -- Installing: /home/max/hexapod_ws/src/install/interfaces/share/interfaces/cmake/ament_cmake_export_targets-extras.cmake
[4.882s] -- Installing: /home/max/hexapod_ws/src/install/interfaces/share/interfaces/cmake/ament_cmake_export_include_directories-extras.cmake
[4.882s] -- Installing: /home/max/hexapod_ws/src/install/interfaces/share/interfaces/cmake/rosidl_cmake_export_typesupport_libraries-extras.cmake
[4.882s] -- Installing: /home/max/hexapod_ws/src/install/interfaces/share/interfaces/cmake/rosidl_cmake_export_typesupport_targets-extras.cmake
[4.882s] -- Installing: /home/max/hexapod_ws/src/install/interfaces/share/interfaces/cmake/interfacesConfig.cmake
[4.882s] -- Installing: /home/max/hexapod_ws/src/install/interfaces/share/interfaces/cmake/interfacesConfig-version.cmake
[4.882s] -- Installing: /home/max/hexapod_ws/src/install/interfaces/share/interfaces/package.xml
[4.885s] Invoked command in '/home/max/hexapod_ws/src/build/interfaces' returned '0': /usr/bin/cmake --install /home/max/hexapod_ws/src/build/interfaces
