[0.131s] DEBUG:colcon:Command line arguments: ['/usr/bin/colcon', 'build', '--packages-select', 'phantomx_gazebo', 'phantomx_description', 'phantomx_control', 'joint_state_publisher_gui']
[0.131s] DEBUG:colcon:Parsed command line arguments: Namespace(log_base=None, log_level=None, verb_name='build', build_base='build', install_base='install', merge_install=False, symlink_install=False, test_result_base=None, continue_on_error=False, executor='parallel', parallel_workers=8, event_handlers=None, ignore_user_meta=False, metas=['./colcon.meta'], base_paths=['.'], packages_ignore=None, packages_ignore_regex=None, paths=None, packages_up_to=None, packages_up_to_regex=None, packages_above=None, packages_above_and_dependencies=None, packages_above_depth=None, packages_select_by_dep=None, packages_skip_by_dep=None, packages_skip_up_to=None, packages_select_build_failed=False, packages_skip_build_finished=False, packages_select_test_failures=False, packages_skip_test_passed=False, packages_select=['phantomx_gazebo', 'phantomx_description', 'phantomx_control', 'joint_state_publisher_gui'], packages_skip=None, packages_select_regex=None, packages_skip_regex=None, packages_start=None, packages_end=None, allow_overriding=[], cmake_args=None, cmake_target=None, cmake_target_skip_unavailable=False, cmake_clean_cache=False, cmake_clean_first=False, cmake_force_configure=False, ament_cmake_args=None, catkin_cmake_args=None, catkin_skip_building_tests=False, mixin_files=None, mixin=None, verb_parser=<colcon_mixin.mixin.mixin_argument.MixinArgumentDecorator object at 0x7f961672afb0>, verb_extension=<colcon_core.verb.build.BuildVerb object at 0x7f961672bf70>, main=<bound method BuildVerb.main of <colcon_core.verb.build.BuildVerb object at 0x7f961672bf70>>, mixin_verb=('build',))
[0.270s] Level 1:colcon.colcon_core.package_discovery:discover_packages(colcon_meta) check parameters
[0.270s] Level 1:colcon.colcon_core.package_discovery:discover_packages(recursive) check parameters
[0.270s] Level 1:colcon.colcon_core.package_discovery:discover_packages(ignore) check parameters
[0.270s] Level 1:colcon.colcon_core.package_discovery:discover_packages(path) check parameters
[0.270s] Level 1:colcon.colcon_core.package_discovery:discover_packages(colcon_meta) discover
[0.270s] Level 1:colcon.colcon_core.package_discovery:discover_packages(recursive) discover
[0.270s] INFO:colcon.colcon_core.package_discovery:Crawling recursively for packages in '/home/max/hexapod_ws'
[0.270s] Level 1:colcon.colcon_core.package_identification:_identify(.) by extensions ['ignore', 'ignore_ament_install']
[0.270s] Level 1:colcon.colcon_core.package_identification:_identify(.) by extension 'ignore'
[0.270s] Level 1:colcon.colcon_core.package_identification:_identify(.) by extension 'ignore_ament_install'
[0.270s] Level 1:colcon.colcon_core.package_identification:_identify(.) by extensions ['colcon_pkg']
[0.270s] Level 1:colcon.colcon_core.package_identification:_identify(.) by extension 'colcon_pkg'
[0.270s] Level 1:colcon.colcon_core.package_identification:_identify(.) by extensions ['colcon_meta']
[0.270s] Level 1:colcon.colcon_core.package_identification:_identify(.) by extension 'colcon_meta'
[0.271s] Level 1:colcon.colcon_core.package_identification:_identify(.) by extensions ['ros']
[0.271s] Level 1:colcon.colcon_core.package_identification:_identify(.) by extension 'ros'
[0.283s] Level 1:colcon.colcon_core.package_identification:_identify(.) by extensions ['cmake', 'python']
[0.283s] Level 1:colcon.colcon_core.package_identification:_identify(.) by extension 'cmake'
[0.283s] Level 1:colcon.colcon_core.package_identification:_identify(.) by extension 'python'
[0.283s] Level 1:colcon.colcon_core.package_identification:_identify(.) by extensions ['python_setup_py']
[0.284s] Level 1:colcon.colcon_core.package_identification:_identify(.) by extension 'python_setup_py'
[0.284s] Level 1:colcon.colcon_core.package_identification:_identify(build) by extensions ['ignore', 'ignore_ament_install']
[0.284s] Level 1:colcon.colcon_core.package_identification:_identify(build) by extension 'ignore'
[0.284s] Level 1:colcon.colcon_core.package_identification:_identify(build) ignored
[0.284s] Level 1:colcon.colcon_core.package_identification:_identify(custom_interfaces) by extensions ['ignore', 'ignore_ament_install']
[0.284s] Level 1:colcon.colcon_core.package_identification:_identify(custom_interfaces) by extension 'ignore'
[0.284s] Level 1:colcon.colcon_core.package_identification:_identify(custom_interfaces) by extension 'ignore_ament_install'
[0.284s] Level 1:colcon.colcon_core.package_identification:_identify(custom_interfaces) by extensions ['colcon_pkg']
[0.284s] Level 1:colcon.colcon_core.package_identification:_identify(custom_interfaces) by extension 'colcon_pkg'
[0.284s] Level 1:colcon.colcon_core.package_identification:_identify(custom_interfaces) by extensions ['colcon_meta']
[0.284s] Level 1:colcon.colcon_core.package_identification:_identify(custom_interfaces) by extension 'colcon_meta'
[0.284s] Level 1:colcon.colcon_core.package_identification:_identify(custom_interfaces) by extensions ['ros']
[0.284s] Level 1:colcon.colcon_core.package_identification:_identify(custom_interfaces) by extension 'ros'
[0.288s] DEBUG:colcon.colcon_core.package_identification:Package 'custom_interfaces' with type 'ros.ament_cmake' and name 'custom_interfaces'
[0.288s] Level 1:colcon.colcon_core.package_identification:_identify(install) by extensions ['ignore', 'ignore_ament_install']
[0.288s] Level 1:colcon.colcon_core.package_identification:_identify(install) by extension 'ignore'
[0.288s] Level 1:colcon.colcon_core.package_identification:_identify(install) ignored
[0.288s] Level 1:colcon.colcon_core.package_identification:_identify(joint_state_publisher) by extensions ['ignore', 'ignore_ament_install']
[0.288s] Level 1:colcon.colcon_core.package_identification:_identify(joint_state_publisher) by extension 'ignore'
[0.288s] Level 1:colcon.colcon_core.package_identification:_identify(joint_state_publisher) by extension 'ignore_ament_install'
[0.288s] Level 1:colcon.colcon_core.package_identification:_identify(joint_state_publisher) by extensions ['colcon_pkg']
[0.288s] Level 1:colcon.colcon_core.package_identification:_identify(joint_state_publisher) by extension 'colcon_pkg'
[0.288s] Level 1:colcon.colcon_core.package_identification:_identify(joint_state_publisher) by extensions ['colcon_meta']
[0.288s] Level 1:colcon.colcon_core.package_identification:_identify(joint_state_publisher) by extension 'colcon_meta'
[0.288s] Level 1:colcon.colcon_core.package_identification:_identify(joint_state_publisher) by extensions ['ros']
[0.288s] Level 1:colcon.colcon_core.package_identification:_identify(joint_state_publisher) by extension 'ros'
[0.288s] Level 1:colcon.colcon_core.package_identification:_identify(joint_state_publisher) by extensions ['cmake', 'python']
[0.288s] Level 1:colcon.colcon_core.package_identification:_identify(joint_state_publisher) by extension 'cmake'
[0.288s] Level 1:colcon.colcon_core.package_identification:_identify(joint_state_publisher) by extension 'python'
[0.288s] Level 1:colcon.colcon_core.package_identification:_identify(joint_state_publisher) by extensions ['python_setup_py']
[0.288s] Level 1:colcon.colcon_core.package_identification:_identify(joint_state_publisher) by extension 'python_setup_py'
[0.288s] Level 1:colcon.colcon_core.package_identification:_identify(joint_state_publisher/joint_state_publisher) by extensions ['ignore', 'ignore_ament_install']
[0.288s] Level 1:colcon.colcon_core.package_identification:_identify(joint_state_publisher/joint_state_publisher) by extension 'ignore'
[0.288s] Level 1:colcon.colcon_core.package_identification:_identify(joint_state_publisher/joint_state_publisher) by extension 'ignore_ament_install'
[0.289s] Level 1:colcon.colcon_core.package_identification:_identify(joint_state_publisher/joint_state_publisher) by extensions ['colcon_pkg']
[0.289s] Level 1:colcon.colcon_core.package_identification:_identify(joint_state_publisher/joint_state_publisher) by extension 'colcon_pkg'
[0.289s] Level 1:colcon.colcon_core.package_identification:_identify(joint_state_publisher/joint_state_publisher) by extensions ['colcon_meta']
[0.289s] Level 1:colcon.colcon_core.package_identification:_identify(joint_state_publisher/joint_state_publisher) by extension 'colcon_meta'
[0.289s] Level 1:colcon.colcon_core.package_identification:_identify(joint_state_publisher/joint_state_publisher) by extensions ['ros']
[0.289s] Level 1:colcon.colcon_core.package_identification:_identify(joint_state_publisher/joint_state_publisher) by extension 'ros'
[0.289s] DEBUG:colcon.colcon_core.package_identification:Package 'joint_state_publisher/joint_state_publisher' with type 'ros.ament_python' and name 'joint_state_publisher'
[0.289s] Level 1:colcon.colcon_core.package_identification:_identify(joint_state_publisher/joint_state_publisher_gui) by extensions ['ignore', 'ignore_ament_install']
[0.289s] Level 1:colcon.colcon_core.package_identification:_identify(joint_state_publisher/joint_state_publisher_gui) by extension 'ignore'
[0.290s] Level 1:colcon.colcon_core.package_identification:_identify(joint_state_publisher/joint_state_publisher_gui) by extension 'ignore_ament_install'
[0.290s] Level 1:colcon.colcon_core.package_identification:_identify(joint_state_publisher/joint_state_publisher_gui) by extensions ['colcon_pkg']
[0.290s] Level 1:colcon.colcon_core.package_identification:_identify(joint_state_publisher/joint_state_publisher_gui) by extension 'colcon_pkg'
[0.290s] Level 1:colcon.colcon_core.package_identification:_identify(joint_state_publisher/joint_state_publisher_gui) by extensions ['colcon_meta']
[0.290s] Level 1:colcon.colcon_core.package_identification:_identify(joint_state_publisher/joint_state_publisher_gui) by extension 'colcon_meta'
[0.290s] Level 1:colcon.colcon_core.package_identification:_identify(joint_state_publisher/joint_state_publisher_gui) by extensions ['ros']
[0.290s] Level 1:colcon.colcon_core.package_identification:_identify(joint_state_publisher/joint_state_publisher_gui) by extension 'ros'
[0.290s] DEBUG:colcon.colcon_core.package_identification:Package 'joint_state_publisher/joint_state_publisher_gui' with type 'ros.ament_python' and name 'joint_state_publisher_gui'
[0.290s] Level 1:colcon.colcon_core.package_identification:_identify(log) by extensions ['ignore', 'ignore_ament_install']
[0.290s] Level 1:colcon.colcon_core.package_identification:_identify(log) by extension 'ignore'
[0.290s] Level 1:colcon.colcon_core.package_identification:_identify(log) ignored
[0.290s] Level 1:colcon.colcon_core.package_identification:_identify(src) by extensions ['ignore', 'ignore_ament_install']
[0.290s] Level 1:colcon.colcon_core.package_identification:_identify(src) by extension 'ignore'
[0.290s] Level 1:colcon.colcon_core.package_identification:_identify(src) by extension 'ignore_ament_install'
[0.290s] Level 1:colcon.colcon_core.package_identification:_identify(src) by extensions ['colcon_pkg']
[0.290s] Level 1:colcon.colcon_core.package_identification:_identify(src) by extension 'colcon_pkg'
[0.291s] Level 1:colcon.colcon_core.package_identification:_identify(src) by extensions ['colcon_meta']
[0.291s] Level 1:colcon.colcon_core.package_identification:_identify(src) by extension 'colcon_meta'
[0.291s] Level 1:colcon.colcon_core.package_identification:_identify(src) by extensions ['ros']
[0.291s] Level 1:colcon.colcon_core.package_identification:_identify(src) by extension 'ros'
[0.291s] Level 1:colcon.colcon_core.package_identification:_identify(src) by extensions ['cmake', 'python']
[0.291s] Level 1:colcon.colcon_core.package_identification:_identify(src) by extension 'cmake'
[0.291s] Level 1:colcon.colcon_core.package_identification:_identify(src) by extension 'python'
[0.291s] Level 1:colcon.colcon_core.package_identification:_identify(src) by extensions ['python_setup_py']
[0.291s] Level 1:colcon.colcon_core.package_identification:_identify(src) by extension 'python_setup_py'
[0.291s] Level 1:colcon.colcon_core.package_identification:_identify(src/hexapod) by extensions ['ignore', 'ignore_ament_install']
[0.291s] Level 1:colcon.colcon_core.package_identification:_identify(src/hexapod) by extension 'ignore'
[0.291s] Level 1:colcon.colcon_core.package_identification:_identify(src/hexapod) by extension 'ignore_ament_install'
[0.291s] Level 1:colcon.colcon_core.package_identification:_identify(src/hexapod) by extensions ['colcon_pkg']
[0.291s] Level 1:colcon.colcon_core.package_identification:_identify(src/hexapod) by extension 'colcon_pkg'
[0.291s] Level 1:colcon.colcon_core.package_identification:_identify(src/hexapod) by extensions ['colcon_meta']
[0.291s] Level 1:colcon.colcon_core.package_identification:_identify(src/hexapod) by extension 'colcon_meta'
[0.291s] Level 1:colcon.colcon_core.package_identification:_identify(src/hexapod) by extensions ['ros']
[0.291s] Level 1:colcon.colcon_core.package_identification:_identify(src/hexapod) by extension 'ros'
[0.292s] DEBUG:colcon.colcon_core.package_identification:Package 'src/hexapod' with type 'ros.ament_python' and name 'hexapod'
[0.292s] Level 1:colcon.colcon_core.package_identification:_identify(src/phantomx_control) by extensions ['ignore', 'ignore_ament_install']
[0.292s] Level 1:colcon.colcon_core.package_identification:_identify(src/phantomx_control) by extension 'ignore'
[0.292s] Level 1:colcon.colcon_core.package_identification:_identify(src/phantomx_control) by extension 'ignore_ament_install'
[0.292s] Level 1:colcon.colcon_core.package_identification:_identify(src/phantomx_control) by extensions ['colcon_pkg']
[0.292s] Level 1:colcon.colcon_core.package_identification:_identify(src/phantomx_control) by extension 'colcon_pkg'
[0.292s] Level 1:colcon.colcon_core.package_identification:_identify(src/phantomx_control) by extensions ['colcon_meta']
[0.292s] Level 1:colcon.colcon_core.package_identification:_identify(src/phantomx_control) by extension 'colcon_meta'
[0.292s] Level 1:colcon.colcon_core.package_identification:_identify(src/phantomx_control) by extensions ['ros']
[0.292s] Level 1:colcon.colcon_core.package_identification:_identify(src/phantomx_control) by extension 'ros'
[0.304s] DEBUG:colcon.colcon_core.package_identification:Package 'src/phantomx_control' with type 'ros.ament_cmake' and name 'phantomx_control'
[0.304s] Level 1:colcon.colcon_core.package_identification:_identify(src/phantomx_description) by extensions ['ignore', 'ignore_ament_install']
[0.304s] Level 1:colcon.colcon_core.package_identification:_identify(src/phantomx_description) by extension 'ignore'
[0.305s] Level 1:colcon.colcon_core.package_identification:_identify(src/phantomx_description) by extension 'ignore_ament_install'
[0.305s] Level 1:colcon.colcon_core.package_identification:_identify(src/phantomx_description) by extensions ['colcon_pkg']
[0.305s] Level 1:colcon.colcon_core.package_identification:_identify(src/phantomx_description) by extension 'colcon_pkg'
[0.305s] Level 1:colcon.colcon_core.package_identification:_identify(src/phantomx_description) by extensions ['colcon_meta']
[0.305s] Level 1:colcon.colcon_core.package_identification:_identify(src/phantomx_description) by extension 'colcon_meta'
[0.305s] Level 1:colcon.colcon_core.package_identification:_identify(src/phantomx_description) by extensions ['ros']
[0.305s] Level 1:colcon.colcon_core.package_identification:_identify(src/phantomx_description) by extension 'ros'
[0.305s] DEBUG:colcon.colcon_core.package_identification:Package 'src/phantomx_description' with type 'ros.ament_cmake' and name 'phantomx_description'
[0.306s] Level 1:colcon.colcon_core.package_identification:_identify(src/phantomx_gazebo) by extensions ['ignore', 'ignore_ament_install']
[0.306s] Level 1:colcon.colcon_core.package_identification:_identify(src/phantomx_gazebo) by extension 'ignore'
[0.306s] Level 1:colcon.colcon_core.package_identification:_identify(src/phantomx_gazebo) by extension 'ignore_ament_install'
[0.306s] Level 1:colcon.colcon_core.package_identification:_identify(src/phantomx_gazebo) by extensions ['colcon_pkg']
[0.306s] Level 1:colcon.colcon_core.package_identification:_identify(src/phantomx_gazebo) by extension 'colcon_pkg'
[0.306s] Level 1:colcon.colcon_core.package_identification:_identify(src/phantomx_gazebo) by extensions ['colcon_meta']
[0.306s] Level 1:colcon.colcon_core.package_identification:_identify(src/phantomx_gazebo) by extension 'colcon_meta'
[0.306s] Level 1:colcon.colcon_core.package_identification:_identify(src/phantomx_gazebo) by extensions ['ros']
[0.306s] Level 1:colcon.colcon_core.package_identification:_identify(src/phantomx_gazebo) by extension 'ros'
[0.307s] DEBUG:colcon.colcon_core.package_identification:Package 'src/phantomx_gazebo' with type 'ros.ament_cmake' and name 'phantomx_gazebo'
[0.307s] Level 1:colcon.colcon_core.package_discovery:discover_packages(recursive) using defaults
[0.307s] Level 1:colcon.colcon_core.package_discovery:discover_packages(ignore) discover
[0.307s] Level 1:colcon.colcon_core.package_discovery:discover_packages(ignore) using defaults
[0.307s] Level 1:colcon.colcon_core.package_discovery:discover_packages(path) discover
[0.307s] Level 1:colcon.colcon_core.package_discovery:discover_packages(path) using defaults
[0.324s] INFO:colcon.colcon_core.package_selection:Skipping not selected package 'custom_interfaces' in 'custom_interfaces'
[0.324s] INFO:colcon.colcon_core.package_selection:Skipping not selected package 'joint_state_publisher' in 'joint_state_publisher/joint_state_publisher'
[0.324s] INFO:colcon.colcon_core.package_selection:Skipping not selected package 'hexapod' in 'src/hexapod'
[0.325s] Level 1:colcon.colcon_core.package_discovery:discover_packages(prefix_path) check parameters
[0.325s] Level 1:colcon.colcon_core.package_discovery:discover_packages(prefix_path) discover
[0.327s] DEBUG:colcon.colcon_installed_package_information.package_discovery:Found 5 installed packages in /home/max/hexapod_ws/install
[0.328s] DEBUG:colcon.colcon_installed_package_information.package_discovery:Found 1 installed packages in /home/max/lhex/gazebo_ros2_control/gazebo_ros2_control_demos/install
[0.328s] DEBUG:colcon.colcon_installed_package_information.package_discovery:Found 3 installed packages in /home/max/ros2_ws/install
[0.329s] DEBUG:colcon.colcon_installed_package_information.package_discovery:Found 332 installed packages in /opt/ros/humble
[0.330s] Level 1:colcon.colcon_core.package_discovery:discover_packages(prefix_path) using defaults
[0.361s] Level 5:colcon.colcon_core.verb:set package 'phantomx_description' build argument 'cmake_args' from command line to 'None'
[0.361s] Level 5:colcon.colcon_core.verb:set package 'phantomx_description' build argument 'cmake_target' from command line to 'None'
[0.361s] Level 5:colcon.colcon_core.verb:set package 'phantomx_description' build argument 'cmake_target_skip_unavailable' from command line to 'False'
[0.361s] Level 5:colcon.colcon_core.verb:set package 'phantomx_description' build argument 'cmake_clean_cache' from command line to 'False'
[0.361s] Level 5:colcon.colcon_core.verb:set package 'phantomx_description' build argument 'cmake_clean_first' from command line to 'False'
[0.361s] Level 5:colcon.colcon_core.verb:set package 'phantomx_description' build argument 'cmake_force_configure' from command line to 'False'
[0.361s] Level 5:colcon.colcon_core.verb:set package 'phantomx_description' build argument 'ament_cmake_args' from command line to 'None'
[0.361s] Level 5:colcon.colcon_core.verb:set package 'phantomx_description' build argument 'catkin_cmake_args' from command line to 'None'
[0.361s] Level 5:colcon.colcon_core.verb:set package 'phantomx_description' build argument 'catkin_skip_building_tests' from command line to 'False'
[0.361s] DEBUG:colcon.colcon_core.verb:Building package 'phantomx_description' with the following arguments: {'ament_cmake_args': None, 'build_base': '/home/max/hexapod_ws/build/phantomx_description', 'catkin_cmake_args': None, 'catkin_skip_building_tests': False, 'cmake_args': None, 'cmake_clean_cache': False, 'cmake_clean_first': False, 'cmake_force_configure': False, 'cmake_target': None, 'cmake_target_skip_unavailable': False, 'install_base': '/home/max/hexapod_ws/install/phantomx_description', 'merge_install': False, 'path': '/home/max/hexapod_ws/src/phantomx_description', 'symlink_install': False, 'test_result_base': None}
[0.361s] Level 5:colcon.colcon_core.verb:set package 'joint_state_publisher_gui' build argument 'cmake_args' from command line to 'None'
[0.361s] Level 5:colcon.colcon_core.verb:set package 'joint_state_publisher_gui' build argument 'cmake_target' from command line to 'None'
[0.361s] Level 5:colcon.colcon_core.verb:set package 'joint_state_publisher_gui' build argument 'cmake_target_skip_unavailable' from command line to 'False'
[0.361s] Level 5:colcon.colcon_core.verb:set package 'joint_state_publisher_gui' build argument 'cmake_clean_cache' from command line to 'False'
[0.361s] Level 5:colcon.colcon_core.verb:set package 'joint_state_publisher_gui' build argument 'cmake_clean_first' from command line to 'False'
[0.361s] Level 5:colcon.colcon_core.verb:set package 'joint_state_publisher_gui' build argument 'cmake_force_configure' from command line to 'False'
[0.361s] Level 5:colcon.colcon_core.verb:set package 'joint_state_publisher_gui' build argument 'ament_cmake_args' from command line to 'None'
[0.361s] Level 5:colcon.colcon_core.verb:set package 'joint_state_publisher_gui' build argument 'catkin_cmake_args' from command line to 'None'
[0.362s] Level 5:colcon.colcon_core.verb:set package 'joint_state_publisher_gui' build argument 'catkin_skip_building_tests' from command line to 'False'
[0.362s] DEBUG:colcon.colcon_core.verb:Building package 'joint_state_publisher_gui' with the following arguments: {'ament_cmake_args': None, 'build_base': '/home/max/hexapod_ws/build/joint_state_publisher_gui', 'catkin_cmake_args': None, 'catkin_skip_building_tests': False, 'cmake_args': None, 'cmake_clean_cache': False, 'cmake_clean_first': False, 'cmake_force_configure': False, 'cmake_target': None, 'cmake_target_skip_unavailable': False, 'install_base': '/home/max/hexapod_ws/install/joint_state_publisher_gui', 'merge_install': False, 'path': '/home/max/hexapod_ws/joint_state_publisher/joint_state_publisher_gui', 'symlink_install': False, 'test_result_base': None}
[0.362s] Level 5:colcon.colcon_core.verb:set package 'phantomx_control' build argument 'cmake_args' from command line to 'None'
[0.362s] Level 5:colcon.colcon_core.verb:set package 'phantomx_control' build argument 'cmake_target' from command line to 'None'
[0.362s] Level 5:colcon.colcon_core.verb:set package 'phantomx_control' build argument 'cmake_target_skip_unavailable' from command line to 'False'
[0.362s] Level 5:colcon.colcon_core.verb:set package 'phantomx_control' build argument 'cmake_clean_cache' from command line to 'False'
[0.362s] Level 5:colcon.colcon_core.verb:set package 'phantomx_control' build argument 'cmake_clean_first' from command line to 'False'
[0.362s] Level 5:colcon.colcon_core.verb:set package 'phantomx_control' build argument 'cmake_force_configure' from command line to 'False'
[0.362s] Level 5:colcon.colcon_core.verb:set package 'phantomx_control' build argument 'ament_cmake_args' from command line to 'None'
[0.362s] Level 5:colcon.colcon_core.verb:set package 'phantomx_control' build argument 'catkin_cmake_args' from command line to 'None'
[0.362s] Level 5:colcon.colcon_core.verb:set package 'phantomx_control' build argument 'catkin_skip_building_tests' from command line to 'False'
[0.362s] DEBUG:colcon.colcon_core.verb:Building package 'phantomx_control' with the following arguments: {'ament_cmake_args': None, 'build_base': '/home/max/hexapod_ws/build/phantomx_control', 'catkin_cmake_args': None, 'catkin_skip_building_tests': False, 'cmake_args': None, 'cmake_clean_cache': False, 'cmake_clean_first': False, 'cmake_force_configure': False, 'cmake_target': None, 'cmake_target_skip_unavailable': False, 'install_base': '/home/max/hexapod_ws/install/phantomx_control', 'merge_install': False, 'path': '/home/max/hexapod_ws/src/phantomx_control', 'symlink_install': False, 'test_result_base': None}
[0.362s] Level 5:colcon.colcon_core.verb:set package 'phantomx_gazebo' build argument 'cmake_args' from command line to 'None'
[0.362s] Level 5:colcon.colcon_core.verb:set package 'phantomx_gazebo' build argument 'cmake_target' from command line to 'None'
[0.362s] Level 5:colcon.colcon_core.verb:set package 'phantomx_gazebo' build argument 'cmake_target_skip_unavailable' from command line to 'False'
[0.362s] Level 5:colcon.colcon_core.verb:set package 'phantomx_gazebo' build argument 'cmake_clean_cache' from command line to 'False'
[0.362s] Level 5:colcon.colcon_core.verb:set package 'phantomx_gazebo' build argument 'cmake_clean_first' from command line to 'False'
[0.362s] Level 5:colcon.colcon_core.verb:set package 'phantomx_gazebo' build argument 'cmake_force_configure' from command line to 'False'
[0.362s] Level 5:colcon.colcon_core.verb:set package 'phantomx_gazebo' build argument 'ament_cmake_args' from command line to 'None'
[0.362s] Level 5:colcon.colcon_core.verb:set package 'phantomx_gazebo' build argument 'catkin_cmake_args' from command line to 'None'
[0.362s] Level 5:colcon.colcon_core.verb:set package 'phantomx_gazebo' build argument 'catkin_skip_building_tests' from command line to 'False'
[0.362s] DEBUG:colcon.colcon_core.verb:Building package 'phantomx_gazebo' with the following arguments: {'ament_cmake_args': None, 'build_base': '/home/max/hexapod_ws/build/phantomx_gazebo', 'catkin_cmake_args': None, 'catkin_skip_building_tests': False, 'cmake_args': None, 'cmake_clean_cache': False, 'cmake_clean_first': False, 'cmake_force_configure': False, 'cmake_target': None, 'cmake_target_skip_unavailable': False, 'install_base': '/home/max/hexapod_ws/install/phantomx_gazebo', 'merge_install': False, 'path': '/home/max/hexapod_ws/src/phantomx_gazebo', 'symlink_install': False, 'test_result_base': None}
[0.362s] INFO:colcon.colcon_core.executor:Executing jobs using 'parallel' executor
[0.363s] DEBUG:colcon.colcon_parallel_executor.executor.parallel:run_until_complete
[0.363s] INFO:colcon.colcon_ros.task.ament_cmake.build:Building ROS package in '/home/max/hexapod_ws/src/phantomx_description' with build type 'ament_cmake'
[0.364s] INFO:colcon.colcon_cmake.task.cmake.build:Building CMake package in '/home/max/hexapod_ws/src/phantomx_description'
[0.367s] INFO:colcon.colcon_core.plugin_system:Skipping extension 'colcon_core.shell.bat': Not used on non-Windows systems
[0.368s] INFO:colcon.colcon_core.shell:Skip shell extension 'powershell' for command environment: Not usable outside of PowerShell
[0.368s] DEBUG:colcon.colcon_core.shell:Skip shell extension 'dsv' for command environment
[0.371s] INFO:colcon.colcon_ros.task.ament_python.build:Building ROS package in '/home/max/hexapod_ws/joint_state_publisher/joint_state_publisher_gui' with build type 'ament_python'
[0.371s] Level 1:colcon.colcon_core.shell:create_environment_hook('joint_state_publisher_gui', 'ament_prefix_path')
[0.372s] INFO:colcon.colcon_core.shell:Creating environment hook '/home/max/hexapod_ws/install/joint_state_publisher_gui/share/joint_state_publisher_gui/hook/ament_prefix_path.ps1'
[0.373s] INFO:colcon.colcon_core.shell:Creating environment descriptor '/home/max/hexapod_ws/install/joint_state_publisher_gui/share/joint_state_publisher_gui/hook/ament_prefix_path.dsv'
[0.374s] INFO:colcon.colcon_core.shell:Creating environment hook '/home/max/hexapod_ws/install/joint_state_publisher_gui/share/joint_state_publisher_gui/hook/ament_prefix_path.sh'
[0.376s] INFO:colcon.colcon_core.shell:Skip shell extension 'powershell' for command environment: Not usable outside of PowerShell
[0.376s] DEBUG:colcon.colcon_core.shell:Skip shell extension 'dsv' for command environment
[0.384s] DEBUG:colcon.colcon_core.event_handler.log_command:Invoking command in '/home/max/hexapod_ws/build/phantomx_description': CMAKE_PREFIX_PATH=${CMAKE_PREFIX_PATH}:/home/max/hexapod_ws/install/joint_state_publisher:/home/max/ros2_ws/install/talker:/home/max/ros2_ws/install/my_turtle_controller:/home/max/ros2_ws/install/listener:/opt/ros/humble /usr/bin/cmake --build /home/max/hexapod_ws/build/phantomx_description -- -j8 -l8
[0.595s] INFO:colcon.colcon_core.task.python.build:Building Python package in '/home/max/hexapod_ws/joint_state_publisher/joint_state_publisher_gui'
[0.595s] INFO:colcon.colcon_core.shell:Skip shell extension 'powershell' for command environment: Not usable outside of PowerShell
[0.595s] DEBUG:colcon.colcon_core.shell:Skip shell extension 'dsv' for command environment
[0.599s] DEBUG:colcon.colcon_core.event_handler.log_command:Invoked command in '/home/max/hexapod_ws/build/phantomx_description' returned '0': CMAKE_PREFIX_PATH=${CMAKE_PREFIX_PATH}:/home/max/hexapod_ws/install/joint_state_publisher:/home/max/ros2_ws/install/talker:/home/max/ros2_ws/install/my_turtle_controller:/home/max/ros2_ws/install/listener:/opt/ros/humble /usr/bin/cmake --build /home/max/hexapod_ws/build/phantomx_description -- -j8 -l8
[0.608s] DEBUG:colcon.colcon_core.event_handler.log_command:Invoking command in '/home/max/hexapod_ws/build/phantomx_description': CMAKE_PREFIX_PATH=${CMAKE_PREFIX_PATH}:/home/max/hexapod_ws/install/joint_state_publisher:/home/max/ros2_ws/install/talker:/home/max/ros2_ws/install/my_turtle_controller:/home/max/ros2_ws/install/listener:/opt/ros/humble /usr/bin/cmake --install /home/max/hexapod_ws/build/phantomx_description
[0.615s] Level 1:colcon.colcon_core.environment:create_environment_scripts_only(phantomx_description)
[0.617s] DEBUG:colcon.colcon_core.event_handler.log_command:Invoked command in '/home/max/hexapod_ws/build/phantomx_description' returned '0': CMAKE_PREFIX_PATH=${CMAKE_PREFIX_PATH}:/home/max/hexapod_ws/install/joint_state_publisher:/home/max/ros2_ws/install/talker:/home/max/ros2_ws/install/my_turtle_controller:/home/max/ros2_ws/install/listener:/opt/ros/humble /usr/bin/cmake --install /home/max/hexapod_ws/build/phantomx_description
[0.619s] Level 1:colcon.colcon_core.environment:checking '/home/max/hexapod_ws/install/phantomx_description' for CMake module files
[0.620s] Level 1:colcon.colcon_core.environment:checking '/home/max/hexapod_ws/install/phantomx_description' for CMake config files
[0.620s] Level 1:colcon.colcon_core.shell:create_environment_hook('phantomx_description', 'cmake_prefix_path')
[0.620s] INFO:colcon.colcon_core.shell:Creating environment hook '/home/max/hexapod_ws/install/phantomx_description/share/phantomx_description/hook/cmake_prefix_path.ps1'
[0.621s] INFO:colcon.colcon_core.shell:Creating environment descriptor '/home/max/hexapod_ws/install/phantomx_description/share/phantomx_description/hook/cmake_prefix_path.dsv'
[0.621s] INFO:colcon.colcon_core.shell:Creating environment hook '/home/max/hexapod_ws/install/phantomx_description/share/phantomx_description/hook/cmake_prefix_path.sh'
[0.621s] Level 1:colcon.colcon_core.environment:checking '/home/max/hexapod_ws/install/phantomx_description/bin'
[0.621s] Level 1:colcon.colcon_core.environment:checking '/home/max/hexapod_ws/install/phantomx_description/lib/pkgconfig/phantomx_description.pc'
[0.622s] Level 1:colcon.colcon_core.environment:checking '/home/max/hexapod_ws/install/phantomx_description/lib/python3.10/site-packages'
[0.622s] Level 1:colcon.colcon_core.environment:checking '/home/max/hexapod_ws/install/phantomx_description/bin'
[0.622s] INFO:colcon.colcon_core.shell:Creating package script '/home/max/hexapod_ws/install/phantomx_description/share/phantomx_description/package.ps1'
[0.623s] INFO:colcon.colcon_core.shell:Creating package descriptor '/home/max/hexapod_ws/install/phantomx_description/share/phantomx_description/package.dsv'
[0.623s] INFO:colcon.colcon_core.shell:Creating package script '/home/max/hexapod_ws/install/phantomx_description/share/phantomx_description/package.sh'
[0.624s] INFO:colcon.colcon_core.shell:Creating package script '/home/max/hexapod_ws/install/phantomx_description/share/phantomx_description/package.bash'
[0.624s] INFO:colcon.colcon_core.shell:Creating package script '/home/max/hexapod_ws/install/phantomx_description/share/phantomx_description/package.zsh'
[0.625s] Level 1:colcon.colcon_core.environment:create_file_with_runtime_dependencies(/home/max/hexapod_ws/install/phantomx_description/share/colcon-core/packages/phantomx_description)
[0.625s] Level 1:colcon.colcon_core.environment:create_environment_scripts_only(phantomx_description)
[0.625s] Level 1:colcon.colcon_core.environment:checking '/home/max/hexapod_ws/install/phantomx_description' for CMake module files
[0.626s] Level 1:colcon.colcon_core.environment:checking '/home/max/hexapod_ws/install/phantomx_description' for CMake config files
[0.626s] Level 1:colcon.colcon_core.shell:create_environment_hook('phantomx_description', 'cmake_prefix_path')
[0.626s] INFO:colcon.colcon_core.shell:Creating environment hook '/home/max/hexapod_ws/install/phantomx_description/share/phantomx_description/hook/cmake_prefix_path.ps1'
[0.626s] INFO:colcon.colcon_core.shell:Creating environment descriptor '/home/max/hexapod_ws/install/phantomx_description/share/phantomx_description/hook/cmake_prefix_path.dsv'
[0.627s] INFO:colcon.colcon_core.shell:Creating environment hook '/home/max/hexapod_ws/install/phantomx_description/share/phantomx_description/hook/cmake_prefix_path.sh'
[0.627s] Level 1:colcon.colcon_core.environment:checking '/home/max/hexapod_ws/install/phantomx_description/bin'
[0.627s] Level 1:colcon.colcon_core.environment:checking '/home/max/hexapod_ws/install/phantomx_description/lib/pkgconfig/phantomx_description.pc'
[0.627s] Level 1:colcon.colcon_core.environment:checking '/home/max/hexapod_ws/install/phantomx_description/lib/python3.10/site-packages'
[0.627s] Level 1:colcon.colcon_core.environment:checking '/home/max/hexapod_ws/install/phantomx_description/bin'
[0.628s] INFO:colcon.colcon_core.shell:Creating package script '/home/max/hexapod_ws/install/phantomx_description/share/phantomx_description/package.ps1'
[0.628s] INFO:colcon.colcon_core.shell:Creating package descriptor '/home/max/hexapod_ws/install/phantomx_description/share/phantomx_description/package.dsv'
[0.628s] INFO:colcon.colcon_core.shell:Creating package script '/home/max/hexapod_ws/install/phantomx_description/share/phantomx_description/package.sh'
[0.629s] INFO:colcon.colcon_core.shell:Creating package script '/home/max/hexapod_ws/install/phantomx_description/share/phantomx_description/package.bash'
[0.629s] INFO:colcon.colcon_core.shell:Creating package script '/home/max/hexapod_ws/install/phantomx_description/share/phantomx_description/package.zsh'
[0.629s] Level 1:colcon.colcon_core.environment:create_file_with_runtime_dependencies(/home/max/hexapod_ws/install/phantomx_description/share/colcon-core/packages/phantomx_description)
[0.629s] INFO:colcon.colcon_ros.task.ament_cmake.build:Building ROS package in '/home/max/hexapod_ws/src/phantomx_control' with build type 'ament_cmake'
[0.629s] INFO:colcon.colcon_cmake.task.cmake.build:Building CMake package in '/home/max/hexapod_ws/src/phantomx_control'
[0.630s] INFO:colcon.colcon_core.shell:Skip shell extension 'powershell' for command environment: Not usable outside of PowerShell
[0.630s] DEBUG:colcon.colcon_core.shell:Skip shell extension 'dsv' for command environment
[0.641s] DEBUG:colcon.colcon_core.event_handler.log_command:Invoking command in '/home/max/hexapod_ws/build/phantomx_control': CMAKE_PREFIX_PATH=/home/max/hexapod_ws/install/phantomx_description:/home/max/hexapod_ws/install/phantomx_gazebo:/home/max/hexapod_ws/install/phantomx_control:/home/max/lhex/gazebo_ros2_control/gazebo_ros2_control_demos/install/gazebo_ros2_control_demos:/home/max/hexapod_ws/install/joint_state_publisher:/home/max/ros2_ws/install/talker:/home/max/ros2_ws/install/my_turtle_controller:/home/max/ros2_ws/install/listener:/opt/ros/humble /usr/bin/cmake --build /home/max/hexapod_ws/build/phantomx_control -- -j8 -l8
[0.681s] DEBUG:colcon.colcon_core.event_handler.log_command:Invoked command in '/home/max/hexapod_ws/build/phantomx_control' returned '0': CMAKE_PREFIX_PATH=/home/max/hexapod_ws/install/phantomx_description:/home/max/hexapod_ws/install/phantomx_gazebo:/home/max/hexapod_ws/install/phantomx_control:/home/max/lhex/gazebo_ros2_control/gazebo_ros2_control_demos/install/gazebo_ros2_control_demos:/home/max/hexapod_ws/install/joint_state_publisher:/home/max/ros2_ws/install/talker:/home/max/ros2_ws/install/my_turtle_controller:/home/max/ros2_ws/install/listener:/opt/ros/humble /usr/bin/cmake --build /home/max/hexapod_ws/build/phantomx_control -- -j8 -l8
[0.694s] DEBUG:colcon.colcon_core.event_handler.log_command:Invoking command in '/home/max/hexapod_ws/build/phantomx_control': CMAKE_PREFIX_PATH=/home/max/hexapod_ws/install/phantomx_description:/home/max/hexapod_ws/install/phantomx_gazebo:/home/max/hexapod_ws/install/phantomx_control:/home/max/lhex/gazebo_ros2_control/gazebo_ros2_control_demos/install/gazebo_ros2_control_demos:/home/max/hexapod_ws/install/joint_state_publisher:/home/max/ros2_ws/install/talker:/home/max/ros2_ws/install/my_turtle_controller:/home/max/ros2_ws/install/listener:/opt/ros/humble /usr/bin/cmake --install /home/max/hexapod_ws/build/phantomx_control
[0.703s] Level 1:colcon.colcon_core.environment:create_environment_scripts_only(phantomx_control)
[0.703s] Level 1:colcon.colcon_core.environment:checking '/home/max/hexapod_ws/install/phantomx_control' for CMake module files
[0.704s] Level 1:colcon.colcon_core.environment:checking '/home/max/hexapod_ws/install/phantomx_control' for CMake config files
[0.704s] Level 1:colcon.colcon_core.shell:create_environment_hook('phantomx_control', 'cmake_prefix_path')
[0.704s] INFO:colcon.colcon_core.shell:Creating environment hook '/home/max/hexapod_ws/install/phantomx_control/share/phantomx_control/hook/cmake_prefix_path.ps1'
[0.706s] INFO:colcon.colcon_core.shell:Creating environment descriptor '/home/max/hexapod_ws/install/phantomx_control/share/phantomx_control/hook/cmake_prefix_path.dsv'
[0.707s] INFO:colcon.colcon_core.shell:Creating environment hook '/home/max/hexapod_ws/install/phantomx_control/share/phantomx_control/hook/cmake_prefix_path.sh'
[0.708s] Level 1:colcon.colcon_core.environment:checking '/home/max/hexapod_ws/install/phantomx_control/bin'
[0.708s] Level 1:colcon.colcon_core.environment:checking '/home/max/hexapod_ws/install/phantomx_control/lib/pkgconfig/phantomx_control.pc'
[0.709s] Level 1:colcon.colcon_core.environment:checking '/home/max/hexapod_ws/install/phantomx_control/lib/python3.10/site-packages'
[0.709s] Level 1:colcon.colcon_core.environment:checking '/home/max/hexapod_ws/install/phantomx_control/bin'
[0.709s] INFO:colcon.colcon_core.shell:Creating package script '/home/max/hexapod_ws/install/phantomx_control/share/phantomx_control/package.ps1'
[0.710s] INFO:colcon.colcon_core.shell:Creating package descriptor '/home/max/hexapod_ws/install/phantomx_control/share/phantomx_control/package.dsv'
[0.710s] INFO:colcon.colcon_core.shell:Creating package script '/home/max/hexapod_ws/install/phantomx_control/share/phantomx_control/package.sh'
[0.711s] INFO:colcon.colcon_core.shell:Creating package script '/home/max/hexapod_ws/install/phantomx_control/share/phantomx_control/package.bash'
[0.711s] INFO:colcon.colcon_core.shell:Creating package script '/home/max/hexapod_ws/install/phantomx_control/share/phantomx_control/package.zsh'
[0.711s] Level 1:colcon.colcon_core.environment:create_file_with_runtime_dependencies(/home/max/hexapod_ws/install/phantomx_control/share/colcon-core/packages/phantomx_control)
[0.712s] Level 1:colcon.colcon_core.environment:create_environment_scripts_only(phantomx_control)
[0.712s] Level 1:colcon.colcon_core.environment:checking '/home/max/hexapod_ws/install/phantomx_control' for CMake module files
[0.713s] Level 1:colcon.colcon_core.environment:checking '/home/max/hexapod_ws/install/phantomx_control' for CMake config files
[0.713s] Level 1:colcon.colcon_core.shell:create_environment_hook('phantomx_control', 'cmake_prefix_path')
[0.713s] INFO:colcon.colcon_core.shell:Creating environment hook '/home/max/hexapod_ws/install/phantomx_control/share/phantomx_control/hook/cmake_prefix_path.ps1'
[0.714s] INFO:colcon.colcon_core.shell:Creating environment descriptor '/home/max/hexapod_ws/install/phantomx_control/share/phantomx_control/hook/cmake_prefix_path.dsv'
[0.715s] DEBUG:colcon.colcon_core.event_handler.log_command:Invoked command in '/home/max/hexapod_ws/build/phantomx_control' returned '0': CMAKE_PREFIX_PATH=/home/max/hexapod_ws/install/phantomx_description:/home/max/hexapod_ws/install/phantomx_gazebo:/home/max/hexapod_ws/install/phantomx_control:/home/max/lhex/gazebo_ros2_control/gazebo_ros2_control_demos/install/gazebo_ros2_control_demos:/home/max/hexapod_ws/install/joint_state_publisher:/home/max/ros2_ws/install/talker:/home/max/ros2_ws/install/my_turtle_controller:/home/max/ros2_ws/install/listener:/opt/ros/humble /usr/bin/cmake --install /home/max/hexapod_ws/build/phantomx_control
[0.715s] INFO:colcon.colcon_core.shell:Creating environment hook '/home/max/hexapod_ws/install/phantomx_control/share/phantomx_control/hook/cmake_prefix_path.sh'
[0.716s] Level 1:colcon.colcon_core.environment:checking '/home/max/hexapod_ws/install/phantomx_control/bin'
[0.716s] Level 1:colcon.colcon_core.environment:checking '/home/max/hexapod_ws/install/phantomx_control/lib/pkgconfig/phantomx_control.pc'
[0.716s] Level 1:colcon.colcon_core.environment:checking '/home/max/hexapod_ws/install/phantomx_control/lib/python3.10/site-packages'
[0.717s] Level 1:colcon.colcon_core.environment:checking '/home/max/hexapod_ws/install/phantomx_control/bin'
[0.717s] INFO:colcon.colcon_core.shell:Creating package script '/home/max/hexapod_ws/install/phantomx_control/share/phantomx_control/package.ps1'
[0.718s] INFO:colcon.colcon_core.shell:Creating package descriptor '/home/max/hexapod_ws/install/phantomx_control/share/phantomx_control/package.dsv'
[0.719s] INFO:colcon.colcon_core.shell:Creating package script '/home/max/hexapod_ws/install/phantomx_control/share/phantomx_control/package.sh'
[0.720s] INFO:colcon.colcon_core.shell:Creating package script '/home/max/hexapod_ws/install/phantomx_control/share/phantomx_control/package.bash'
[0.720s] INFO:colcon.colcon_core.shell:Creating package script '/home/max/hexapod_ws/install/phantomx_control/share/phantomx_control/package.zsh'
[0.721s] Level 1:colcon.colcon_core.environment:create_file_with_runtime_dependencies(/home/max/hexapod_ws/install/phantomx_control/share/colcon-core/packages/phantomx_control)
[0.722s] INFO:colcon.colcon_ros.task.ament_cmake.build:Building ROS package in '/home/max/hexapod_ws/src/phantomx_gazebo' with build type 'ament_cmake'
[0.722s] INFO:colcon.colcon_cmake.task.cmake.build:Building CMake package in '/home/max/hexapod_ws/src/phantomx_gazebo'
[0.723s] INFO:colcon.colcon_core.shell:Skip shell extension 'powershell' for command environment: Not usable outside of PowerShell
[0.723s] DEBUG:colcon.colcon_core.shell:Skip shell extension 'dsv' for command environment
[0.732s] DEBUG:colcon.colcon_core.event_handler.log_command:Invoking command in '/home/max/hexapod_ws/build/phantomx_gazebo': CMAKE_PREFIX_PATH=/home/max/hexapod_ws/install/phantomx_control:/home/max/hexapod_ws/install/phantomx_description:/home/max/hexapod_ws/install/phantomx_gazebo:/home/max/lhex/gazebo_ros2_control/gazebo_ros2_control_demos/install/gazebo_ros2_control_demos:/home/max/hexapod_ws/install/joint_state_publisher:/home/max/ros2_ws/install/talker:/home/max/ros2_ws/install/my_turtle_controller:/home/max/ros2_ws/install/listener:/opt/ros/humble /usr/bin/cmake --build /home/max/hexapod_ws/build/phantomx_gazebo -- -j8 -l8
[1.009s] DEBUG:colcon.colcon_core.event_handler.log_command:Invoking command in '/home/max/hexapod_ws/joint_state_publisher/joint_state_publisher_gui': AMENT_PREFIX_PATH=/home/max/hexapod_ws/install/joint_state_publisher:/home/max/hexapod_ws/install/phantomx_gazebo:/home/max/hexapod_ws/install/phantomx_control:/home/max/hexapod_ws/install/phantomx_description:/home/max/lhex/gazebo_ros2_control/gazebo_ros2_control_demos/install/gazebo_ros2_control_demos:/home/max/ros2_ws/install/talker:/home/max/ros2_ws/install/my_turtle_controller:/home/max/ros2_ws/install/listener:/opt/ros/humble PYTHONPATH=/home/max/hexapod_ws/build/joint_state_publisher_gui/prefix_override:/usr/lib/python3/dist-packages/colcon_core/task/python/colcon_distutils_commands:/home/max/hexapod_ws/install/joint_state_publisher_gui/lib/python3.10/site-packages:/home/max/hexapod_ws/install/joint_state_publisher/lib/python3.10/site-packages:/home/max/hexapod_ws/install/phantomx_gazebo/local/lib/python3.10/dist-packages:/home/max/ros2_ws/install/talker/lib/python3.8/site-packages:/home/max/ros2_ws/install/my_turtle_controller/lib/python3.8/site-packages:/home/max/ros2_ws/install/listener/lib/python3.8/site-packages:/opt/ros/humble/lib/python3.10/site-packages:/opt/ros/humble/local/lib/python3.10/dist-packages /usr/bin/python3 -W ignore:setup.py install is deprecated -W ignore:easy_install command is deprecated setup.py egg_info --egg-base ../../build/joint_state_publisher_gui build --build-base /home/max/hexapod_ws/build/joint_state_publisher_gui/build install --record /home/max/hexapod_ws/build/joint_state_publisher_gui/install.log --single-version-externally-managed install_data
[1.035s] DEBUG:colcon.colcon_core.event_handler.log_command:Invoked command in '/home/max/hexapod_ws/build/phantomx_gazebo' returned '0': CMAKE_PREFIX_PATH=/home/max/hexapod_ws/install/phantomx_control:/home/max/hexapod_ws/install/phantomx_description:/home/max/hexapod_ws/install/phantomx_gazebo:/home/max/lhex/gazebo_ros2_control/gazebo_ros2_control_demos/install/gazebo_ros2_control_demos:/home/max/hexapod_ws/install/joint_state_publisher:/home/max/ros2_ws/install/talker:/home/max/ros2_ws/install/my_turtle_controller:/home/max/ros2_ws/install/listener:/opt/ros/humble /usr/bin/cmake --build /home/max/hexapod_ws/build/phantomx_gazebo -- -j8 -l8
[1.037s] DEBUG:colcon.colcon_core.event_handler.log_command:Invoking command in '/home/max/hexapod_ws/build/phantomx_gazebo': CMAKE_PREFIX_PATH=/home/max/hexapod_ws/install/phantomx_control:/home/max/hexapod_ws/install/phantomx_description:/home/max/hexapod_ws/install/phantomx_gazebo:/home/max/lhex/gazebo_ros2_control/gazebo_ros2_control_demos/install/gazebo_ros2_control_demos:/home/max/hexapod_ws/install/joint_state_publisher:/home/max/ros2_ws/install/talker:/home/max/ros2_ws/install/my_turtle_controller:/home/max/ros2_ws/install/listener:/opt/ros/humble /usr/bin/cmake --install /home/max/hexapod_ws/build/phantomx_gazebo
[1.078s] Level 1:colcon.colcon_core.environment:create_environment_scripts_only(phantomx_gazebo)
[1.078s] Level 1:colcon.colcon_core.environment:checking '/home/max/hexapod_ws/install/phantomx_gazebo' for CMake module files
[1.079s] DEBUG:colcon.colcon_core.event_handler.log_command:Invoked command in '/home/max/hexapod_ws/build/phantomx_gazebo' returned '0': CMAKE_PREFIX_PATH=/home/max/hexapod_ws/install/phantomx_control:/home/max/hexapod_ws/install/phantomx_description:/home/max/hexapod_ws/install/phantomx_gazebo:/home/max/lhex/gazebo_ros2_control/gazebo_ros2_control_demos/install/gazebo_ros2_control_demos:/home/max/hexapod_ws/install/joint_state_publisher:/home/max/ros2_ws/install/talker:/home/max/ros2_ws/install/my_turtle_controller:/home/max/ros2_ws/install/listener:/opt/ros/humble /usr/bin/cmake --install /home/max/hexapod_ws/build/phantomx_gazebo
[1.079s] Level 1:colcon.colcon_core.environment:checking '/home/max/hexapod_ws/install/phantomx_gazebo' for CMake config files
[1.079s] Level 1:colcon.colcon_core.shell:create_environment_hook('phantomx_gazebo', 'cmake_prefix_path')
[1.079s] INFO:colcon.colcon_core.shell:Creating environment hook '/home/max/hexapod_ws/install/phantomx_gazebo/share/phantomx_gazebo/hook/cmake_prefix_path.ps1'
[1.080s] INFO:colcon.colcon_core.shell:Creating environment descriptor '/home/max/hexapod_ws/install/phantomx_gazebo/share/phantomx_gazebo/hook/cmake_prefix_path.dsv'
[1.080s] INFO:colcon.colcon_core.shell:Creating environment hook '/home/max/hexapod_ws/install/phantomx_gazebo/share/phantomx_gazebo/hook/cmake_prefix_path.sh'
[1.080s] Level 1:colcon.colcon_core.environment:checking '/home/max/hexapod_ws/install/phantomx_gazebo/lib'
[1.080s] Level 1:colcon.colcon_core.environment:checking '/home/max/hexapod_ws/install/phantomx_gazebo/bin'
[1.081s] Level 1:colcon.colcon_core.environment:checking '/home/max/hexapod_ws/install/phantomx_gazebo/lib/pkgconfig/phantomx_gazebo.pc'
[1.081s] Level 1:colcon.colcon_core.environment:checking '/home/max/hexapod_ws/install/phantomx_gazebo/lib/python3.10/site-packages'
[1.081s] Level 1:colcon.colcon_core.environment:checking '/home/max/hexapod_ws/install/phantomx_gazebo/bin'
[1.081s] INFO:colcon.colcon_core.shell:Creating package script '/home/max/hexapod_ws/install/phantomx_gazebo/share/phantomx_gazebo/package.ps1'
[1.081s] INFO:colcon.colcon_core.shell:Creating package descriptor '/home/max/hexapod_ws/install/phantomx_gazebo/share/phantomx_gazebo/package.dsv'
[1.082s] INFO:colcon.colcon_core.shell:Creating package script '/home/max/hexapod_ws/install/phantomx_gazebo/share/phantomx_gazebo/package.sh'
[1.082s] INFO:colcon.colcon_core.shell:Creating package script '/home/max/hexapod_ws/install/phantomx_gazebo/share/phantomx_gazebo/package.bash'
[1.082s] INFO:colcon.colcon_core.shell:Creating package script '/home/max/hexapod_ws/install/phantomx_gazebo/share/phantomx_gazebo/package.zsh'
[1.082s] Level 1:colcon.colcon_core.environment:create_file_with_runtime_dependencies(/home/max/hexapod_ws/install/phantomx_gazebo/share/colcon-core/packages/phantomx_gazebo)
[1.083s] Level 1:colcon.colcon_core.environment:create_environment_scripts_only(phantomx_gazebo)
[1.083s] Level 1:colcon.colcon_core.environment:checking '/home/max/hexapod_ws/install/phantomx_gazebo' for CMake module files
[1.083s] Level 1:colcon.colcon_core.environment:checking '/home/max/hexapod_ws/install/phantomx_gazebo' for CMake config files
[1.083s] Level 1:colcon.colcon_core.shell:create_environment_hook('phantomx_gazebo', 'cmake_prefix_path')
[1.084s] INFO:colcon.colcon_core.shell:Creating environment hook '/home/max/hexapod_ws/install/phantomx_gazebo/share/phantomx_gazebo/hook/cmake_prefix_path.ps1'
[1.084s] INFO:colcon.colcon_core.shell:Creating environment descriptor '/home/max/hexapod_ws/install/phantomx_gazebo/share/phantomx_gazebo/hook/cmake_prefix_path.dsv'
[1.085s] INFO:colcon.colcon_core.shell:Creating environment hook '/home/max/hexapod_ws/install/phantomx_gazebo/share/phantomx_gazebo/hook/cmake_prefix_path.sh'
[1.086s] Level 1:colcon.colcon_core.environment:checking '/home/max/hexapod_ws/install/phantomx_gazebo/lib'
[1.086s] Level 1:colcon.colcon_core.environment:checking '/home/max/hexapod_ws/install/phantomx_gazebo/bin'
[1.086s] Level 1:colcon.colcon_core.environment:checking '/home/max/hexapod_ws/install/phantomx_gazebo/lib/pkgconfig/phantomx_gazebo.pc'
[1.086s] Level 1:colcon.colcon_core.environment:checking '/home/max/hexapod_ws/install/phantomx_gazebo/lib/python3.10/site-packages'
[1.087s] Level 1:colcon.colcon_core.environment:checking '/home/max/hexapod_ws/install/phantomx_gazebo/bin'
[1.087s] INFO:colcon.colcon_core.shell:Creating package script '/home/max/hexapod_ws/install/phantomx_gazebo/share/phantomx_gazebo/package.ps1'
[1.088s] INFO:colcon.colcon_core.shell:Creating package descriptor '/home/max/hexapod_ws/install/phantomx_gazebo/share/phantomx_gazebo/package.dsv'
[1.088s] INFO:colcon.colcon_core.shell:Creating package script '/home/max/hexapod_ws/install/phantomx_gazebo/share/phantomx_gazebo/package.sh'
[1.089s] INFO:colcon.colcon_core.shell:Creating package script '/home/max/hexapod_ws/install/phantomx_gazebo/share/phantomx_gazebo/package.bash'
[1.089s] INFO:colcon.colcon_core.shell:Creating package script '/home/max/hexapod_ws/install/phantomx_gazebo/share/phantomx_gazebo/package.zsh'
[1.090s] Level 1:colcon.colcon_core.environment:create_file_with_runtime_dependencies(/home/max/hexapod_ws/install/phantomx_gazebo/share/colcon-core/packages/phantomx_gazebo)
[1.253s] Level 1:colcon.colcon_core.environment:checking '/home/max/hexapod_ws/install/joint_state_publisher_gui' for CMake module files
[1.254s] DEBUG:colcon.colcon_core.event_handler.log_command:Invoked command in '/home/max/hexapod_ws/joint_state_publisher/joint_state_publisher_gui' returned '0': AMENT_PREFIX_PATH=/home/max/hexapod_ws/install/joint_state_publisher:/home/max/hexapod_ws/install/phantomx_gazebo:/home/max/hexapod_ws/install/phantomx_control:/home/max/hexapod_ws/install/phantomx_description:/home/max/lhex/gazebo_ros2_control/gazebo_ros2_control_demos/install/gazebo_ros2_control_demos:/home/max/ros2_ws/install/talker:/home/max/ros2_ws/install/my_turtle_controller:/home/max/ros2_ws/install/listener:/opt/ros/humble PYTHONPATH=/home/max/hexapod_ws/build/joint_state_publisher_gui/prefix_override:/usr/lib/python3/dist-packages/colcon_core/task/python/colcon_distutils_commands:/home/max/hexapod_ws/install/joint_state_publisher_gui/lib/python3.10/site-packages:/home/max/hexapod_ws/install/joint_state_publisher/lib/python3.10/site-packages:/home/max/hexapod_ws/install/phantomx_gazebo/local/lib/python3.10/dist-packages:/home/max/ros2_ws/install/talker/lib/python3.8/site-packages:/home/max/ros2_ws/install/my_turtle_controller/lib/python3.8/site-packages:/home/max/ros2_ws/install/listener/lib/python3.8/site-packages:/opt/ros/humble/lib/python3.10/site-packages:/opt/ros/humble/local/lib/python3.10/dist-packages /usr/bin/python3 -W ignore:setup.py install is deprecated -W ignore:easy_install command is deprecated setup.py egg_info --egg-base ../../build/joint_state_publisher_gui build --build-base /home/max/hexapod_ws/build/joint_state_publisher_gui/build install --record /home/max/hexapod_ws/build/joint_state_publisher_gui/install.log --single-version-externally-managed install_data
[1.254s] Level 1:colcon.colcon_core.environment:checking '/home/max/hexapod_ws/install/joint_state_publisher_gui' for CMake config files
[1.254s] Level 1:colcon.colcon_core.environment:checking '/home/max/hexapod_ws/install/joint_state_publisher_gui/lib'
[1.254s] Level 1:colcon.colcon_core.environment:checking '/home/max/hexapod_ws/install/joint_state_publisher_gui/bin'
[1.255s] Level 1:colcon.colcon_core.environment:checking '/home/max/hexapod_ws/install/joint_state_publisher_gui/lib/pkgconfig/joint_state_publisher_gui.pc'
[1.255s] Level 1:colcon.colcon_core.environment:checking '/home/max/hexapod_ws/install/joint_state_publisher_gui/lib/python3.10/site-packages'
[1.255s] Level 1:colcon.colcon_core.shell:create_environment_hook('joint_state_publisher_gui', 'pythonpath')
[1.255s] INFO:colcon.colcon_core.shell:Creating environment hook '/home/max/hexapod_ws/install/joint_state_publisher_gui/share/joint_state_publisher_gui/hook/pythonpath.ps1'
[1.256s] INFO:colcon.colcon_core.shell:Creating environment descriptor '/home/max/hexapod_ws/install/joint_state_publisher_gui/share/joint_state_publisher_gui/hook/pythonpath.dsv'
[1.256s] INFO:colcon.colcon_core.shell:Creating environment hook '/home/max/hexapod_ws/install/joint_state_publisher_gui/share/joint_state_publisher_gui/hook/pythonpath.sh'
[1.257s] Level 1:colcon.colcon_core.environment:checking '/home/max/hexapod_ws/install/joint_state_publisher_gui/bin'
[1.257s] Level 1:colcon.colcon_core.environment:create_environment_scripts_only(joint_state_publisher_gui)
[1.257s] INFO:colcon.colcon_core.shell:Creating package script '/home/max/hexapod_ws/install/joint_state_publisher_gui/share/joint_state_publisher_gui/package.ps1'
[1.257s] INFO:colcon.colcon_core.shell:Creating package descriptor '/home/max/hexapod_ws/install/joint_state_publisher_gui/share/joint_state_publisher_gui/package.dsv'
[1.258s] INFO:colcon.colcon_core.shell:Creating package script '/home/max/hexapod_ws/install/joint_state_publisher_gui/share/joint_state_publisher_gui/package.sh'
[1.258s] INFO:colcon.colcon_core.shell:Creating package script '/home/max/hexapod_ws/install/joint_state_publisher_gui/share/joint_state_publisher_gui/package.bash'
[1.258s] INFO:colcon.colcon_core.shell:Creating package script '/home/max/hexapod_ws/install/joint_state_publisher_gui/share/joint_state_publisher_gui/package.zsh'
[1.259s] Level 1:colcon.colcon_core.environment:create_file_with_runtime_dependencies(/home/max/hexapod_ws/install/joint_state_publisher_gui/share/colcon-core/packages/joint_state_publisher_gui)
[1.259s] DEBUG:colcon.colcon_parallel_executor.executor.parallel:closing loop
[1.259s] DEBUG:colcon.colcon_parallel_executor.executor.parallel:loop closed
[1.259s] DEBUG:colcon.colcon_parallel_executor.executor.parallel:run_until_complete finished with '0'
[1.259s] DEBUG:colcon.colcon_core.event_reactor:joining thread
[1.270s] INFO:colcon.colcon_core.plugin_system:Skipping extension 'colcon_notification.desktop_notification.notify_send': Could not find 'notify-send'
[1.270s] INFO:colcon.colcon_core.plugin_system:Skipping extension 'colcon_notification.desktop_notification.terminal_notifier': Not used on non-Darwin systems
[1.270s] INFO:colcon.colcon_core.plugin_system:Skipping extension 'colcon_notification.desktop_notification.win32': Not used on non-Windows systems
[1.270s] INFO:colcon.colcon_notification.desktop_notification:Sending desktop notification using 'notify2'
[1.303s] DEBUG:colcon.colcon_core.event_reactor:joined thread
[1.303s] INFO:colcon.colcon_core.shell:Creating prefix script '/home/max/hexapod_ws/install/local_setup.ps1'
[1.304s] INFO:colcon.colcon_core.shell:Creating prefix util module '/home/max/hexapod_ws/install/_local_setup_util_ps1.py'
[1.305s] INFO:colcon.colcon_core.shell:Creating prefix chain script '/home/max/hexapod_ws/install/setup.ps1'
[1.307s] INFO:colcon.colcon_core.shell:Creating prefix script '/home/max/hexapod_ws/install/local_setup.sh'
[1.307s] INFO:colcon.colcon_core.shell:Creating prefix util module '/home/max/hexapod_ws/install/_local_setup_util_sh.py'
[1.308s] INFO:colcon.colcon_core.shell:Creating prefix chain script '/home/max/hexapod_ws/install/setup.sh'
[1.310s] INFO:colcon.colcon_core.shell:Creating prefix script '/home/max/hexapod_ws/install/local_setup.bash'
[1.310s] INFO:colcon.colcon_core.shell:Creating prefix chain script '/home/max/hexapod_ws/install/setup.bash'
[1.311s] INFO:colcon.colcon_core.shell:Creating prefix script '/home/max/hexapod_ws/install/local_setup.zsh'
[1.311s] INFO:colcon.colcon_core.shell:Creating prefix chain script '/home/max/hexapod_ws/install/setup.zsh'
