[0.017s] Invoking command in '/home/max/hexapod_ws/build/phantomx_description': CMAKE_PREFIX_PATH=${CMAKE_PREFIX_PATH}:/home/max/hexapod_ws/install/joint_state_publisher_gui:/home/max/hexapod_ws/install/joint_state_publisher:/home/max/ros2_ws/install/talker:/home/max/ros2_ws/install/my_turtle_controller:/home/max/ros2_ws/install/listener:/opt/ros/humble /usr/bin/cmake /home/max/hexapod_ws/src/phantomx_description -DCMAKE_INSTALL_PREFIX=/home/max/hexapod_ws/install/phantomx_description
[0.070s] -- The C compiler identification is GNU 11.4.0
[0.123s] -- The CXX compiler identification is GNU 11.4.0
[0.129s] -- Detecting C compiler ABI info
[0.182s] -- Detecting C compiler ABI info - done
[0.188s] -- Check for working C compiler: /usr/bin/cc - skipped
[0.188s] -- Detecting C compile features
[0.189s] -- Detecting C compile features - done
[0.191s] -- Detecting CXX compiler ABI info
[0.256s] -- Detecting CXX compiler ABI info - done
[0.263s] -- Check for working CXX compiler: /usr/bin/c++ - skipped
[0.263s] -- Detecting CXX compile features
[0.264s] -- Detecting CXX compile features - done
[0.266s] -- Found ament_cmake: 1.3.11 (/opt/ros/humble/share/ament_cmake/cmake)
[0.428s] -- Found Python3: /usr/bin/python3 (found version "3.10.12") found components: Interpreter 
[0.544s] -- Found xacro: 2.0.13 (/opt/ros/humble/share/xacro/cmake)
[0.618s] -- Configuring done
[0.622s] -- Generating done
[0.624s] -- Build files have been written to: /home/max/hexapod_ws/build/phantomx_description
[0.630s] Invoked command in '/home/max/hexapod_ws/build/phantomx_description' returned '0': CMAKE_PREFIX_PATH=${CMAKE_PREFIX_PATH}:/home/max/hexapod_ws/install/joint_state_publisher_gui:/home/max/hexapod_ws/install/joint_state_publisher:/home/max/ros2_ws/install/talker:/home/max/ros2_ws/install/my_turtle_controller:/home/max/ros2_ws/install/listener:/opt/ros/humble /usr/bin/cmake /home/max/hexapod_ws/src/phantomx_description -DCMAKE_INSTALL_PREFIX=/home/max/hexapod_ws/install/phantomx_description
[0.631s] Invoking command in '/home/max/hexapod_ws/build/phantomx_description': CMAKE_PREFIX_PATH=${CMAKE_PREFIX_PATH}:/home/max/hexapod_ws/install/joint_state_publisher_gui:/home/max/hexapod_ws/install/joint_state_publisher:/home/max/ros2_ws/install/talker:/home/max/ros2_ws/install/my_turtle_controller:/home/max/ros2_ws/install/listener:/opt/ros/humble /usr/bin/cmake --build /home/max/hexapod_ws/build/phantomx_description -- -j8 -l8
[0.665s] Invoked command in '/home/max/hexapod_ws/build/phantomx_description' returned '0': CMAKE_PREFIX_PATH=${CMAKE_PREFIX_PATH}:/home/max/hexapod_ws/install/joint_state_publisher_gui:/home/max/hexapod_ws/install/joint_state_publisher:/home/max/ros2_ws/install/talker:/home/max/ros2_ws/install/my_turtle_controller:/home/max/ros2_ws/install/listener:/opt/ros/humble /usr/bin/cmake --build /home/max/hexapod_ws/build/phantomx_description -- -j8 -l8
[0.674s] Invoking command in '/home/max/hexapod_ws/build/phantomx_description': CMAKE_PREFIX_PATH=${CMAKE_PREFIX_PATH}:/home/max/hexapod_ws/install/joint_state_publisher_gui:/home/max/hexapod_ws/install/joint_state_publisher:/home/max/ros2_ws/install/talker:/home/max/ros2_ws/install/my_turtle_controller:/home/max/ros2_ws/install/listener:/opt/ros/humble /usr/bin/cmake --install /home/max/hexapod_ws/build/phantomx_description
[0.680s] -- Install configuration: ""
[0.681s] -- Installing: /home/max/hexapod_ws/install/phantomx_description/share/phantomx_description/urdf
[0.681s] -- Installing: /home/max/hexapod_ws/install/phantomx_description/share/phantomx_description/urdf/phantomx.xacro
[0.681s] -- Installing: /home/max/hexapod_ws/install/phantomx_description/share/phantomx_description/urdf/phantomx.urdf
[0.681s] -- Installing: /home/max/hexapod_ws/install/phantomx_description/share/phantomx_description/urdf/phantomx_urdf.xacro
[0.681s] -- Installing: /home/max/hexapod_ws/install/phantomx_description/share/phantomx_description/launch
[0.681s] -- Installing: /home/max/hexapod_ws/install/phantomx_description/share/phantomx_description/launch/display.launch.py
[0.681s] -- Installing: /home/max/hexapod_ws/install/phantomx_description/share/phantomx_description/meshes
[0.681s] -- Installing: /home/max/hexapod_ws/install/phantomx_description/share/phantomx_description/meshes/tibia_l_coll.STL
[0.682s] -- Installing: /home/max/hexapod_ws/install/phantomx_description/share/phantomx_description/meshes/connect.STL
[0.682s] -- Installing: /home/max/hexapod_ws/install/phantomx_description/share/phantomx_description/meshes/connect_coll.STL
[0.682s] -- Installing: /home/max/hexapod_ws/install/phantomx_description/share/phantomx_description/meshes/body_coll.STL
[0.682s] -- Installing: /home/max/hexapod_ws/install/phantomx_description/share/phantomx_description/meshes/tibia_l.STL
[0.683s] -- Installing: /home/max/hexapod_ws/install/phantomx_description/share/phantomx_description/meshes/thigh_r.STL
[0.685s] -- Installing: /home/max/hexapod_ws/install/phantomx_description/share/phantomx_description/meshes/thigh_l_coll.STL
[0.685s] -- Installing: /home/max/hexapod_ws/install/phantomx_description/share/phantomx_description/meshes/thigh_l.STL
[0.687s] -- Installing: /home/max/hexapod_ws/install/phantomx_description/share/phantomx_description/meshes/body.STL
[0.691s] -- Installing: /home/max/hexapod_ws/install/phantomx_description/share/phantomx_description/meshes/tibia_r.STL
[0.692s] -- Installing: /home/max/hexapod_ws/install/phantomx_description/share/ament_index/resource_index/package_run_dependencies/phantomx_description
[0.692s] -- Installing: /home/max/hexapod_ws/install/phantomx_description/share/ament_index/resource_index/parent_prefix_path/phantomx_description
[0.692s] -- Installing: /home/max/hexapod_ws/install/phantomx_description/share/phantomx_description/environment/ament_prefix_path.sh
[0.692s] -- Installing: /home/max/hexapod_ws/install/phantomx_description/share/phantomx_description/environment/ament_prefix_path.dsv
[0.693s] -- Installing: /home/max/hexapod_ws/install/phantomx_description/share/phantomx_description/environment/path.sh
[0.693s] -- Installing: /home/max/hexapod_ws/install/phantomx_description/share/phantomx_description/environment/path.dsv
[0.693s] -- Installing: /home/max/hexapod_ws/install/phantomx_description/share/phantomx_description/local_setup.bash
[0.693s] -- Installing: /home/max/hexapod_ws/install/phantomx_description/share/phantomx_description/local_setup.sh
[0.693s] -- Installing: /home/max/hexapod_ws/install/phantomx_description/share/phantomx_description/local_setup.zsh
[0.693s] -- Installing: /home/max/hexapod_ws/install/phantomx_description/share/phantomx_description/local_setup.dsv
[0.693s] -- Installing: /home/max/hexapod_ws/install/phantomx_description/share/phantomx_description/package.dsv
[0.693s] -- Installing: /home/max/hexapod_ws/install/phantomx_description/share/ament_index/resource_index/packages/phantomx_description
[0.693s] -- Installing: /home/max/hexapod_ws/install/phantomx_description/share/phantomx_description/cmake/phantomx_descriptionConfig.cmake
[0.693s] -- Installing: /home/max/hexapod_ws/install/phantomx_description/share/phantomx_description/cmake/phantomx_descriptionConfig-version.cmake
[0.693s] -- Installing: /home/max/hexapod_ws/install/phantomx_description/share/phantomx_description/package.xml
[0.695s] Invoked command in '/home/max/hexapod_ws/build/phantomx_description' returned '0': CMAKE_PREFIX_PATH=${CMAKE_PREFIX_PATH}:/home/max/hexapod_ws/install/joint_state_publisher_gui:/home/max/hexapod_ws/install/joint_state_publisher:/home/max/ros2_ws/install/talker:/home/max/ros2_ws/install/my_turtle_controller:/home/max/ros2_ws/install/listener:/opt/ros/humble /usr/bin/cmake --install /home/max/hexapod_ws/build/phantomx_description
