-- The C compiler identification is GNU 11.4.0
-- The CXX compiler identification is GNU 11.4.0
-- Detecting C compiler ABI info
-- Detecting C compiler ABI info - done
-- Check for working C compiler: /usr/bin/cc - skipped
-- Detecting C compile features
-- Detecting C compile features - done
-- Detecting CXX compiler ABI info
-- Detecting CXX compiler ABI info - done
-- Check for working CXX compiler: /usr/bin/c++ - skipped
-- Detecting CXX compile features
-- Detecting CXX compile features - done
-- Found ament_cmake: 1.3.11 (/opt/ros/humble/share/ament_cmake/cmake)
-- Found Python3: /usr/bin/python3 (found version "3.10.12") found components: Interpreter 
-- Found xacro: 2.0.13 (/opt/ros/humble/share/xacro/cmake)
[31mCMake Error at CMakeLists.txt:7 (find_package):
  By not providing "Findament_python.cmake" in CMAKE_MODULE_PATH this project
  has asked CMake to find a package configuration file provided by
  "ament_python", but CMake did not find one.

  Could not find a package configuration file provided by "ament_python" with
  any of the following names:

    ament_pythonConfig.cmake
    ament_python-config.cmake

  Add the installation prefix of "ament_python" to CMAKE_PREFIX_PATH or set
  "ament_python_DIR" to a directory containing one of the above files.  If
  "ament_python" provides a separate development package or SDK, be sure it
  has been installed.

-- Configuring incomplete, errors occurred!
See also "/home/max/hexapod_ws/build/phantomx_description/CMakeFiles/CMakeOutput.log".
[0m
