-- Install configuration: ""
-- Up-to-date: /home/max/hexapod_ws/install/phantomx_description/share/phantomx_description/urdf
-- Up-to-date: /home/max/hexapod_ws/install/phantomx_description/share/phantomx_description/urdf/phantomx.xacro
-- Installing: /home/max/hexapod_ws/install/phantomx_description/share/phantomx_description/urdf/phantomx.urdf
-- Up-to-date: /home/max/hexapod_ws/install/phantomx_description/share/phantomx_description/urdf/phantomx_urdf.xacro
-- Up-to-date: /home/max/hexapod_ws/install/phantomx_description/share/phantomx_description/launch
-- Up-to-date: /home/max/hexapod_ws/install/phantomx_description/share/phantomx_description/launch/display.launch.py
-- Up-to-date: /home/max/hexapod_ws/install/phantomx_description/share/phantomx_description/meshes
-- Up-to-date: /home/max/hexapod_ws/install/phantomx_description/share/phantomx_description/meshes/tibia_l_coll.STL
-- Up-to-date: /home/max/hexapod_ws/install/phantomx_description/share/phantomx_description/meshes/connect.STL
-- Up-to-date: /home/max/hexapod_ws/install/phantomx_description/share/phantomx_description/meshes/connect_coll.STL
-- Up-to-date: /home/max/hexapod_ws/install/phantomx_description/share/phantomx_description/meshes/body_coll.STL
-- Up-to-date: /home/max/hexapod_ws/install/phantomx_description/share/phantomx_description/meshes/tibia_l.STL
-- Up-to-date: /home/max/hexapod_ws/install/phantomx_description/share/phantomx_description/meshes/thigh_r.STL
-- Up-to-date: /home/max/hexapod_ws/install/phantomx_description/share/phantomx_description/meshes/thigh_l_coll.STL
-- Up-to-date: /home/max/hexapod_ws/install/phantomx_description/share/phantomx_description/meshes/thigh_l.STL
-- Up-to-date: /home/max/hexapod_ws/install/phantomx_description/share/phantomx_description/meshes/body.STL
-- Up-to-date: /home/max/hexapod_ws/install/phantomx_description/share/phantomx_description/meshes/tibia_r.STL
-- Up-to-date: /home/max/hexapod_ws/install/phantomx_description/share/ament_index/resource_index/package_run_dependencies/phantomx_description
-- Up-to-date: /home/max/hexapod_ws/install/phantomx_description/share/ament_index/resource_index/parent_prefix_path/phantomx_description
-- Up-to-date: /home/max/hexapod_ws/install/phantomx_description/share/phantomx_description/environment/ament_prefix_path.sh
-- Up-to-date: /home/max/hexapod_ws/install/phantomx_description/share/phantomx_description/environment/ament_prefix_path.dsv
-- Up-to-date: /home/max/hexapod_ws/install/phantomx_description/share/phantomx_description/environment/path.sh
-- Up-to-date: /home/max/hexapod_ws/install/phantomx_description/share/phantomx_description/environment/path.dsv
-- Up-to-date: /home/max/hexapod_ws/install/phantomx_description/share/phantomx_description/local_setup.bash
-- Up-to-date: /home/max/hexapod_ws/install/phantomx_description/share/phantomx_description/local_setup.sh
-- Up-to-date: /home/max/hexapod_ws/install/phantomx_description/share/phantomx_description/local_setup.zsh
-- Up-to-date: /home/max/hexapod_ws/install/phantomx_description/share/phantomx_description/local_setup.dsv
-- Installing: /home/max/hexapod_ws/install/phantomx_description/share/phantomx_description/package.dsv
-- Up-to-date: /home/max/hexapod_ws/install/phantomx_description/share/ament_index/resource_index/packages/phantomx_description
-- Up-to-date: /home/max/hexapod_ws/install/phantomx_description/share/phantomx_description/cmake/phantomx_descriptionConfig.cmake
-- Up-to-date: /home/max/hexapod_ws/install/phantomx_description/share/phantomx_description/cmake/phantomx_descriptionConfig-version.cmake
-- Up-to-date: /home/max/hexapod_ws/install/phantomx_description/share/phantomx_description/package.xml
