[0.011s] Invoking command in '/home/max/hexapod_ws/build/phantomx_description': /usr/bin/cmake /home/max/hexapod_ws/src/phantomx_description -DCMAKE_INSTALL_PREFIX=/home/max/hexapod_ws/install/phantomx_description
[0.021s] -- Found ament_cmake: 1.3.11 (/opt/ros/humble/share/ament_cmake/cmake)
[0.118s] -- Found xacro: 2.0.13 (/opt/ros/humble/share/xacro/cmake)
[0.163s] Error parsing '/home/max/hexapod_ws/src/phantomx_description/package.xml':
[0.196s] Traceback (most recent call last):
[0.196s]   File "/opt/ros/humble/share/ament_cmake_core/cmake/core/package_xml_2_cmake.py", line 150, in <module>
[0.196s]     main()
[0.196s]   File "/opt/ros/humble/share/ament_cmake_core/cmake/core/package_xml_2_cmake.py", line 53, in main
[0.196s]     raise e
[0.196s]   File "/opt/ros/humble/share/ament_cmake_core/cmake/core/package_xml_2_cmake.py", line 49, in main
[0.196s]     package = parse_package_string(
[0.196s]   File "/usr/lib/python3/dist-packages/catkin_pkg/package.py", line 786, in parse_package_string
[0.196s]     raise InvalidPackage('Error(s):%s' % (''.join(['\n- %s' % e for e in errors])), filename)
[0.196s] catkin_pkg.package.InvalidPackage: Error(s) in package '/home/max/hexapod_ws/src/phantomx_description/package.xml':
[0.196s] Error(s):
[0.196s] - The generic dependency on 'rclpy' is redundant with: exec_depend
[0.208s] [31mCMake Error at /opt/ros/humble/share/ament_cmake_core/cmake/core/ament_package_xml.cmake:95 (message):
[0.209s]   execute_process(/usr/bin/python3
[0.209s]   /opt/ros/humble/share/ament_cmake_core/cmake/core/package_xml_2_cmake.py
[0.209s]   /home/max/hexapod_ws/src/phantomx_description/package.xml
[0.209s]   /home/max/hexapod_ws/build/phantomx_description/ament_cmake_core/package.cmake)
[0.209s]   returned error code 1
[0.209s] Call Stack (most recent call first):
[0.209s]   /opt/ros/humble/share/ament_cmake_core/cmake/core/ament_package_xml.cmake:49 (_ament_package_xml)
[0.209s]   /opt/ros/humble/share/ament_cmake_core/cmake/core/ament_package.cmake:63 (ament_package_xml)
[0.209s]   CMakeLists.txt:14 (ament_package)
[0.209s] 
[0.209s] [0m
[0.209s] -- Configuring incomplete, errors occurred!
[0.209s] See also "/home/max/hexapod_ws/build/phantomx_description/CMakeFiles/CMakeOutput.log".
[0.211s] Invoked command in '/home/max/hexapod_ws/build/phantomx_description' returned '1': /usr/bin/cmake /home/max/hexapod_ws/src/phantomx_description -DCMAKE_INSTALL_PREFIX=/home/max/hexapod_ws/install/phantomx_description
