[0.121s] DEBUG:colcon:Command line arguments: ['/usr/bin/colcon', 'build', '--packages-select', 'phantomx_description']
[0.121s] DEBUG:colcon:Parsed command line arguments: Namespace(log_base=None, log_level=None, verb_name='build', build_base='build', install_base='install', merge_install=False, symlink_install=False, test_result_base=None, continue_on_error=False, executor='parallel', parallel_workers=8, event_handlers=None, ignore_user_meta=False, metas=['./colcon.meta'], base_paths=['.'], packages_ignore=None, packages_ignore_regex=None, paths=None, packages_up_to=None, packages_up_to_regex=None, packages_above=None, packages_above_and_dependencies=None, packages_above_depth=None, packages_select_by_dep=None, packages_skip_by_dep=None, packages_skip_up_to=None, packages_select_build_failed=False, packages_skip_build_finished=False, packages_select_test_failures=False, packages_skip_test_passed=False, packages_select=['phantomx_description'], packages_skip=None, packages_select_regex=None, packages_skip_regex=None, packages_start=None, packages_end=None, allow_overriding=[], cmake_args=None, cmake_target=None, cmake_target_skip_unavailable=False, cmake_clean_cache=False, cmake_clean_first=False, cmake_force_configure=False, ament_cmake_args=None, catkin_cmake_args=None, catkin_skip_building_tests=False, mixin_files=None, mixin=None, verb_parser=<colcon_mixin.mixin.mixin_argument.MixinArgumentDecorator object at 0x7cc45cc61ff0>, verb_extension=<colcon_core.verb.build.BuildVerb object at 0x7cc45cc62230>, main=<bound method BuildVerb.main of <colcon_core.verb.build.BuildVerb object at 0x7cc45cc62230>>, mixin_verb=('build',))
[0.240s] Level 1:colcon.colcon_core.package_discovery:discover_packages(colcon_meta) check parameters
[0.240s] Level 1:colcon.colcon_core.package_discovery:discover_packages(recursive) check parameters
[0.240s] Level 1:colcon.colcon_core.package_discovery:discover_packages(ignore) check parameters
[0.240s] Level 1:colcon.colcon_core.package_discovery:discover_packages(path) check parameters
[0.240s] Level 1:colcon.colcon_core.package_discovery:discover_packages(colcon_meta) discover
[0.240s] Level 1:colcon.colcon_core.package_discovery:discover_packages(recursive) discover
[0.240s] INFO:colcon.colcon_core.package_discovery:Crawling recursively for packages in '/home/max/hexapod_ws'
[0.240s] Level 1:colcon.colcon_core.package_identification:_identify(.) by extensions ['ignore', 'ignore_ament_install']
[0.240s] Level 1:colcon.colcon_core.package_identification:_identify(.) by extension 'ignore'
[0.240s] Level 1:colcon.colcon_core.package_identification:_identify(.) by extension 'ignore_ament_install'
[0.240s] Level 1:colcon.colcon_core.package_identification:_identify(.) by extensions ['colcon_pkg']
[0.241s] Level 1:colcon.colcon_core.package_identification:_identify(.) by extension 'colcon_pkg'
[0.241s] Level 1:colcon.colcon_core.package_identification:_identify(.) by extensions ['colcon_meta']
[0.241s] Level 1:colcon.colcon_core.package_identification:_identify(.) by extension 'colcon_meta'
[0.241s] Level 1:colcon.colcon_core.package_identification:_identify(.) by extensions ['ros']
[0.241s] Level 1:colcon.colcon_core.package_identification:_identify(.) by extension 'ros'
[0.251s] Level 1:colcon.colcon_core.package_identification:_identify(.) by extensions ['cmake', 'python']
[0.251s] Level 1:colcon.colcon_core.package_identification:_identify(.) by extension 'cmake'
[0.251s] Level 1:colcon.colcon_core.package_identification:_identify(.) by extension 'python'
[0.251s] Level 1:colcon.colcon_core.package_identification:_identify(.) by extensions ['python_setup_py']
[0.251s] Level 1:colcon.colcon_core.package_identification:_identify(.) by extension 'python_setup_py'
[0.252s] Level 1:colcon.colcon_core.package_identification:_identify(build) by extensions ['ignore', 'ignore_ament_install']
[0.252s] Level 1:colcon.colcon_core.package_identification:_identify(build) by extension 'ignore'
[0.252s] Level 1:colcon.colcon_core.package_identification:_identify(build) ignored
[0.252s] Level 1:colcon.colcon_core.package_identification:_identify(custom_interfaces) by extensions ['ignore', 'ignore_ament_install']
[0.252s] Level 1:colcon.colcon_core.package_identification:_identify(custom_interfaces) by extension 'ignore'
[0.252s] Level 1:colcon.colcon_core.package_identification:_identify(custom_interfaces) by extension 'ignore_ament_install'
[0.252s] Level 1:colcon.colcon_core.package_identification:_identify(custom_interfaces) by extensions ['colcon_pkg']
[0.252s] Level 1:colcon.colcon_core.package_identification:_identify(custom_interfaces) by extension 'colcon_pkg'
[0.252s] Level 1:colcon.colcon_core.package_identification:_identify(custom_interfaces) by extensions ['colcon_meta']
[0.252s] Level 1:colcon.colcon_core.package_identification:_identify(custom_interfaces) by extension 'colcon_meta'
[0.252s] Level 1:colcon.colcon_core.package_identification:_identify(custom_interfaces) by extensions ['ros']
[0.252s] Level 1:colcon.colcon_core.package_identification:_identify(custom_interfaces) by extension 'ros'
[0.254s] DEBUG:colcon.colcon_core.package_identification:Package 'custom_interfaces' with type 'ros.ament_cmake' and name 'custom_interfaces'
[0.254s] Level 1:colcon.colcon_core.package_identification:_identify(install) by extensions ['ignore', 'ignore_ament_install']
[0.254s] Level 1:colcon.colcon_core.package_identification:_identify(install) by extension 'ignore'
[0.254s] Level 1:colcon.colcon_core.package_identification:_identify(install) ignored
[0.254s] Level 1:colcon.colcon_core.package_identification:_identify(joint_state_publisher) by extensions ['ignore', 'ignore_ament_install']
[0.254s] Level 1:colcon.colcon_core.package_identification:_identify(joint_state_publisher) by extension 'ignore'
[0.254s] Level 1:colcon.colcon_core.package_identification:_identify(joint_state_publisher) by extension 'ignore_ament_install'
[0.254s] Level 1:colcon.colcon_core.package_identification:_identify(joint_state_publisher) by extensions ['colcon_pkg']
[0.254s] Level 1:colcon.colcon_core.package_identification:_identify(joint_state_publisher) by extension 'colcon_pkg'
[0.254s] Level 1:colcon.colcon_core.package_identification:_identify(joint_state_publisher) by extensions ['colcon_meta']
[0.254s] Level 1:colcon.colcon_core.package_identification:_identify(joint_state_publisher) by extension 'colcon_meta'
[0.254s] Level 1:colcon.colcon_core.package_identification:_identify(joint_state_publisher) by extensions ['ros']
[0.254s] Level 1:colcon.colcon_core.package_identification:_identify(joint_state_publisher) by extension 'ros'
[0.255s] Level 1:colcon.colcon_core.package_identification:_identify(joint_state_publisher) by extensions ['cmake', 'python']
[0.255s] Level 1:colcon.colcon_core.package_identification:_identify(joint_state_publisher) by extension 'cmake'
[0.255s] Level 1:colcon.colcon_core.package_identification:_identify(joint_state_publisher) by extension 'python'
[0.255s] Level 1:colcon.colcon_core.package_identification:_identify(joint_state_publisher) by extensions ['python_setup_py']
[0.255s] Level 1:colcon.colcon_core.package_identification:_identify(joint_state_publisher) by extension 'python_setup_py'
[0.255s] Level 1:colcon.colcon_core.package_identification:_identify(joint_state_publisher/joint_state_publisher) by extensions ['ignore', 'ignore_ament_install']
[0.255s] Level 1:colcon.colcon_core.package_identification:_identify(joint_state_publisher/joint_state_publisher) by extension 'ignore'
[0.255s] Level 1:colcon.colcon_core.package_identification:_identify(joint_state_publisher/joint_state_publisher) by extension 'ignore_ament_install'
[0.255s] Level 1:colcon.colcon_core.package_identification:_identify(joint_state_publisher/joint_state_publisher) by extensions ['colcon_pkg']
[0.255s] Level 1:colcon.colcon_core.package_identification:_identify(joint_state_publisher/joint_state_publisher) by extension 'colcon_pkg'
[0.255s] Level 1:colcon.colcon_core.package_identification:_identify(joint_state_publisher/joint_state_publisher) by extensions ['colcon_meta']
[0.255s] Level 1:colcon.colcon_core.package_identification:_identify(joint_state_publisher/joint_state_publisher) by extension 'colcon_meta'
[0.255s] Level 1:colcon.colcon_core.package_identification:_identify(joint_state_publisher/joint_state_publisher) by extensions ['ros']
[0.255s] Level 1:colcon.colcon_core.package_identification:_identify(joint_state_publisher/joint_state_publisher) by extension 'ros'
[0.256s] DEBUG:colcon.colcon_core.package_identification:Package 'joint_state_publisher/joint_state_publisher' with type 'ros.ament_python' and name 'joint_state_publisher'
[0.256s] Level 1:colcon.colcon_core.package_identification:_identify(joint_state_publisher/joint_state_publisher_gui) by extensions ['ignore', 'ignore_ament_install']
[0.256s] Level 1:colcon.colcon_core.package_identification:_identify(joint_state_publisher/joint_state_publisher_gui) by extension 'ignore'
[0.256s] Level 1:colcon.colcon_core.package_identification:_identify(joint_state_publisher/joint_state_publisher_gui) by extension 'ignore_ament_install'
[0.257s] Level 1:colcon.colcon_core.package_identification:_identify(joint_state_publisher/joint_state_publisher_gui) by extensions ['colcon_pkg']
[0.257s] Level 1:colcon.colcon_core.package_identification:_identify(joint_state_publisher/joint_state_publisher_gui) by extension 'colcon_pkg'
[0.257s] Level 1:colcon.colcon_core.package_identification:_identify(joint_state_publisher/joint_state_publisher_gui) by extensions ['colcon_meta']
[0.257s] Level 1:colcon.colcon_core.package_identification:_identify(joint_state_publisher/joint_state_publisher_gui) by extension 'colcon_meta'
[0.257s] Level 1:colcon.colcon_core.package_identification:_identify(joint_state_publisher/joint_state_publisher_gui) by extensions ['ros']
[0.257s] Level 1:colcon.colcon_core.package_identification:_identify(joint_state_publisher/joint_state_publisher_gui) by extension 'ros'
[0.257s] DEBUG:colcon.colcon_core.package_identification:Package 'joint_state_publisher/joint_state_publisher_gui' with type 'ros.ament_python' and name 'joint_state_publisher_gui'
[0.257s] Level 1:colcon.colcon_core.package_identification:_identify(log) by extensions ['ignore', 'ignore_ament_install']
[0.257s] Level 1:colcon.colcon_core.package_identification:_identify(log) by extension 'ignore'
[0.257s] Level 1:colcon.colcon_core.package_identification:_identify(log) ignored
[0.257s] Level 1:colcon.colcon_core.package_identification:_identify(src) by extensions ['ignore', 'ignore_ament_install']
[0.257s] Level 1:colcon.colcon_core.package_identification:_identify(src) by extension 'ignore'
[0.257s] Level 1:colcon.colcon_core.package_identification:_identify(src) by extension 'ignore_ament_install'
[0.257s] Level 1:colcon.colcon_core.package_identification:_identify(src) by extensions ['colcon_pkg']
[0.257s] Level 1:colcon.colcon_core.package_identification:_identify(src) by extension 'colcon_pkg'
[0.257s] Level 1:colcon.colcon_core.package_identification:_identify(src) by extensions ['colcon_meta']
[0.257s] Level 1:colcon.colcon_core.package_identification:_identify(src) by extension 'colcon_meta'
[0.257s] Level 1:colcon.colcon_core.package_identification:_identify(src) by extensions ['ros']
[0.258s] Level 1:colcon.colcon_core.package_identification:_identify(src) by extension 'ros'
[0.258s] Level 1:colcon.colcon_core.package_identification:_identify(src) by extensions ['cmake', 'python']
[0.258s] Level 1:colcon.colcon_core.package_identification:_identify(src) by extension 'cmake'
[0.258s] Level 1:colcon.colcon_core.package_identification:_identify(src) by extension 'python'
[0.258s] Level 1:colcon.colcon_core.package_identification:_identify(src) by extensions ['python_setup_py']
[0.258s] Level 1:colcon.colcon_core.package_identification:_identify(src) by extension 'python_setup_py'
[0.258s] Level 1:colcon.colcon_core.package_identification:_identify(src/hexapod) by extensions ['ignore', 'ignore_ament_install']
[0.258s] Level 1:colcon.colcon_core.package_identification:_identify(src/hexapod) by extension 'ignore'
[0.258s] Level 1:colcon.colcon_core.package_identification:_identify(src/hexapod) by extension 'ignore_ament_install'
[0.258s] Level 1:colcon.colcon_core.package_identification:_identify(src/hexapod) by extensions ['colcon_pkg']
[0.258s] Level 1:colcon.colcon_core.package_identification:_identify(src/hexapod) by extension 'colcon_pkg'
[0.258s] Level 1:colcon.colcon_core.package_identification:_identify(src/hexapod) by extensions ['colcon_meta']
[0.258s] Level 1:colcon.colcon_core.package_identification:_identify(src/hexapod) by extension 'colcon_meta'
[0.258s] Level 1:colcon.colcon_core.package_identification:_identify(src/hexapod) by extensions ['ros']
[0.258s] Level 1:colcon.colcon_core.package_identification:_identify(src/hexapod) by extension 'ros'
[0.258s] DEBUG:colcon.colcon_core.package_identification:Package 'src/hexapod' with type 'ros.ament_python' and name 'hexapod'
[0.259s] Level 1:colcon.colcon_core.package_identification:_identify(src/move_it_config) by extensions ['ignore', 'ignore_ament_install']
[0.259s] Level 1:colcon.colcon_core.package_identification:_identify(src/move_it_config) by extension 'ignore'
[0.259s] Level 1:colcon.colcon_core.package_identification:_identify(src/move_it_config) by extension 'ignore_ament_install'
[0.259s] Level 1:colcon.colcon_core.package_identification:_identify(src/move_it_config) by extensions ['colcon_pkg']
[0.259s] Level 1:colcon.colcon_core.package_identification:_identify(src/move_it_config) by extension 'colcon_pkg'
[0.259s] Level 1:colcon.colcon_core.package_identification:_identify(src/move_it_config) by extensions ['colcon_meta']
[0.259s] Level 1:colcon.colcon_core.package_identification:_identify(src/move_it_config) by extension 'colcon_meta'
[0.259s] Level 1:colcon.colcon_core.package_identification:_identify(src/move_it_config) by extensions ['ros']
[0.259s] Level 1:colcon.colcon_core.package_identification:_identify(src/move_it_config) by extension 'ros'
[0.259s] DEBUG:colcon.colcon_core.package_identification:Package 'src/move_it_config' with type 'ros.ament_cmake' and name 'move_it_config'
[0.259s] Level 1:colcon.colcon_core.package_identification:_identify(src/phantomx_control) by extensions ['ignore', 'ignore_ament_install']
[0.259s] Level 1:colcon.colcon_core.package_identification:_identify(src/phantomx_control) by extension 'ignore'
[0.259s] Level 1:colcon.colcon_core.package_identification:_identify(src/phantomx_control) by extension 'ignore_ament_install'
[0.260s] Level 1:colcon.colcon_core.package_identification:_identify(src/phantomx_control) by extensions ['colcon_pkg']
[0.260s] Level 1:colcon.colcon_core.package_identification:_identify(src/phantomx_control) by extension 'colcon_pkg'
[0.260s] Level 1:colcon.colcon_core.package_identification:_identify(src/phantomx_control) by extensions ['colcon_meta']
[0.260s] Level 1:colcon.colcon_core.package_identification:_identify(src/phantomx_control) by extension 'colcon_meta'
[0.260s] Level 1:colcon.colcon_core.package_identification:_identify(src/phantomx_control) by extensions ['ros']
[0.260s] Level 1:colcon.colcon_core.package_identification:_identify(src/phantomx_control) by extension 'ros'
[0.269s] DEBUG:colcon.colcon_core.package_identification:Package 'src/phantomx_control' with type 'ros.ament_cmake' and name 'phantomx_control'
[0.269s] Level 1:colcon.colcon_core.package_identification:_identify(src/phantomx_description) by extensions ['ignore', 'ignore_ament_install']
[0.269s] Level 1:colcon.colcon_core.package_identification:_identify(src/phantomx_description) by extension 'ignore'
[0.269s] Level 1:colcon.colcon_core.package_identification:_identify(src/phantomx_description) by extension 'ignore_ament_install'
[0.269s] Level 1:colcon.colcon_core.package_identification:_identify(src/phantomx_description) by extensions ['colcon_pkg']
[0.269s] Level 1:colcon.colcon_core.package_identification:_identify(src/phantomx_description) by extension 'colcon_pkg'
[0.269s] Level 1:colcon.colcon_core.package_identification:_identify(src/phantomx_description) by extensions ['colcon_meta']
[0.269s] Level 1:colcon.colcon_core.package_identification:_identify(src/phantomx_description) by extension 'colcon_meta'
[0.269s] Level 1:colcon.colcon_core.package_identification:_identify(src/phantomx_description) by extensions ['ros']
[0.269s] Level 1:colcon.colcon_core.package_identification:_identify(src/phantomx_description) by extension 'ros'
[0.270s] DEBUG:colcon.colcon_core.package_identification:Package 'src/phantomx_description' with type 'ros.ament_cmake' and name 'phantomx_description'
[0.270s] Level 1:colcon.colcon_core.package_identification:_identify(src/phantomx_gazebo) by extensions ['ignore', 'ignore_ament_install']
[0.270s] Level 1:colcon.colcon_core.package_identification:_identify(src/phantomx_gazebo) by extension 'ignore'
[0.270s] Level 1:colcon.colcon_core.package_identification:_identify(src/phantomx_gazebo) by extension 'ignore_ament_install'
[0.270s] Level 1:colcon.colcon_core.package_identification:_identify(src/phantomx_gazebo) by extensions ['colcon_pkg']
[0.270s] Level 1:colcon.colcon_core.package_identification:_identify(src/phantomx_gazebo) by extension 'colcon_pkg'
[0.270s] Level 1:colcon.colcon_core.package_identification:_identify(src/phantomx_gazebo) by extensions ['colcon_meta']
[0.270s] Level 1:colcon.colcon_core.package_identification:_identify(src/phantomx_gazebo) by extension 'colcon_meta'
[0.270s] Level 1:colcon.colcon_core.package_identification:_identify(src/phantomx_gazebo) by extensions ['ros']
[0.270s] Level 1:colcon.colcon_core.package_identification:_identify(src/phantomx_gazebo) by extension 'ros'
[0.271s] DEBUG:colcon.colcon_core.package_identification:Package 'src/phantomx_gazebo' with type 'ros.ament_cmake' and name 'phantomx_gazebo'
[0.271s] Level 1:colcon.colcon_core.package_discovery:discover_packages(recursive) using defaults
[0.271s] Level 1:colcon.colcon_core.package_discovery:discover_packages(ignore) discover
[0.271s] Level 1:colcon.colcon_core.package_discovery:discover_packages(ignore) using defaults
[0.271s] Level 1:colcon.colcon_core.package_discovery:discover_packages(path) discover
[0.271s] Level 1:colcon.colcon_core.package_discovery:discover_packages(path) using defaults
[0.288s] INFO:colcon.colcon_core.package_selection:Skipping not selected package 'custom_interfaces' in 'custom_interfaces'
[0.288s] INFO:colcon.colcon_core.package_selection:Skipping not selected package 'joint_state_publisher' in 'joint_state_publisher/joint_state_publisher'
[0.288s] INFO:colcon.colcon_core.package_selection:Skipping not selected package 'hexapod' in 'src/hexapod'
[0.288s] INFO:colcon.colcon_core.package_selection:Skipping not selected package 'joint_state_publisher_gui' in 'joint_state_publisher/joint_state_publisher_gui'
[0.288s] INFO:colcon.colcon_core.package_selection:Skipping not selected package 'phantomx_control' in 'src/phantomx_control'
[0.288s] INFO:colcon.colcon_core.package_selection:Skipping not selected package 'move_it_config' in 'src/move_it_config'
[0.288s] INFO:colcon.colcon_core.package_selection:Skipping not selected package 'phantomx_gazebo' in 'src/phantomx_gazebo'
[0.288s] Level 1:colcon.colcon_core.package_discovery:discover_packages(prefix_path) check parameters
[0.288s] Level 1:colcon.colcon_core.package_discovery:discover_packages(prefix_path) discover
[0.290s] WARNING:colcon.colcon_ros.prefix_path.ament:The path '/home/max/hexapod_ws/install/phantomx_control' in the environment variable AMENT_PREFIX_PATH doesn't exist
[0.290s] WARNING:colcon.colcon_ros.prefix_path.ament:The path '/home/max/hexapod_ws/install/phantomx_description' in the environment variable AMENT_PREFIX_PATH doesn't exist
[0.290s] WARNING:colcon.colcon_ros.prefix_path.ament:The path '/home/max/hexapod_ws/install/joint_state_publisher_gui' in the environment variable AMENT_PREFIX_PATH doesn't exist
[0.290s] WARNING:colcon.colcon_ros.prefix_path.ament:The path '/home/max/hexapod_ws/install/hexapod' in the environment variable AMENT_PREFIX_PATH doesn't exist
[0.290s] WARNING:colcon.colcon_ros.prefix_path.ament:The path '/home/max/hexapod_ws/install/custom_interfaces' in the environment variable AMENT_PREFIX_PATH doesn't exist
[0.290s] WARNING:colcon.colcon_ros.prefix_path.catkin:The path '/home/max/hexapod_ws/install/phantomx_control' in the environment variable CMAKE_PREFIX_PATH doesn't exist
[0.290s] WARNING:colcon.colcon_ros.prefix_path.catkin:The path '/home/max/hexapod_ws/install/phantomx_description' in the environment variable CMAKE_PREFIX_PATH doesn't exist
[0.290s] WARNING:colcon.colcon_ros.prefix_path.catkin:The path '/home/max/hexapod_ws/install/custom_interfaces' in the environment variable CMAKE_PREFIX_PATH doesn't exist
[0.291s] DEBUG:colcon.colcon_installed_package_information.package_discovery:Found 1 installed packages in /home/max/hexapod_ws/install
[0.291s] DEBUG:colcon.colcon_installed_package_information.package_discovery:Found 1 installed packages in /home/max/lhex/gazebo_ros2_control/gazebo_ros2_control_demos/install
[0.291s] DEBUG:colcon.colcon_installed_package_information.package_discovery:Found 3 installed packages in /home/max/ros2_ws/install
[0.293s] DEBUG:colcon.colcon_installed_package_information.package_discovery:Found 371 installed packages in /opt/ros/humble
[0.294s] Level 1:colcon.colcon_core.package_discovery:discover_packages(prefix_path) using defaults
[0.328s] Level 5:colcon.colcon_core.verb:set package 'phantomx_description' build argument 'cmake_args' from command line to 'None'
[0.328s] Level 5:colcon.colcon_core.verb:set package 'phantomx_description' build argument 'cmake_target' from command line to 'None'
[0.328s] Level 5:colcon.colcon_core.verb:set package 'phantomx_description' build argument 'cmake_target_skip_unavailable' from command line to 'False'
[0.328s] Level 5:colcon.colcon_core.verb:set package 'phantomx_description' build argument 'cmake_clean_cache' from command line to 'False'
[0.328s] Level 5:colcon.colcon_core.verb:set package 'phantomx_description' build argument 'cmake_clean_first' from command line to 'False'
[0.328s] Level 5:colcon.colcon_core.verb:set package 'phantomx_description' build argument 'cmake_force_configure' from command line to 'False'
[0.328s] Level 5:colcon.colcon_core.verb:set package 'phantomx_description' build argument 'ament_cmake_args' from command line to 'None'
[0.328s] Level 5:colcon.colcon_core.verb:set package 'phantomx_description' build argument 'catkin_cmake_args' from command line to 'None'
[0.328s] Level 5:colcon.colcon_core.verb:set package 'phantomx_description' build argument 'catkin_skip_building_tests' from command line to 'False'
[0.328s] DEBUG:colcon.colcon_core.verb:Building package 'phantomx_description' with the following arguments: {'ament_cmake_args': None, 'build_base': '/home/max/hexapod_ws/build/phantomx_description', 'catkin_cmake_args': None, 'catkin_skip_building_tests': False, 'cmake_args': None, 'cmake_clean_cache': False, 'cmake_clean_first': False, 'cmake_force_configure': False, 'cmake_target': None, 'cmake_target_skip_unavailable': False, 'install_base': '/home/max/hexapod_ws/install/phantomx_description', 'merge_install': False, 'path': '/home/max/hexapod_ws/src/phantomx_description', 'symlink_install': False, 'test_result_base': None}
[0.328s] INFO:colcon.colcon_core.executor:Executing jobs using 'parallel' executor
[0.329s] DEBUG:colcon.colcon_parallel_executor.executor.parallel:run_until_complete
[0.330s] INFO:colcon.colcon_ros.task.ament_cmake.build:Building ROS package in '/home/max/hexapod_ws/src/phantomx_description' with build type 'ament_cmake'
[0.330s] INFO:colcon.colcon_cmake.task.cmake.build:Building CMake package in '/home/max/hexapod_ws/src/phantomx_description'
[0.335s] INFO:colcon.colcon_core.plugin_system:Skipping extension 'colcon_core.shell.bat': Not used on non-Windows systems
[0.336s] INFO:colcon.colcon_core.shell:Skip shell extension 'powershell' for command environment: Not usable outside of PowerShell
[0.336s] DEBUG:colcon.colcon_core.shell:Skip shell extension 'dsv' for command environment
[0.343s] DEBUG:colcon.colcon_core.event_handler.log_command:Invoking command in '/home/max/hexapod_ws/build/phantomx_description': CMAKE_PREFIX_PATH=${CMAKE_PREFIX_PATH}:/home/max/hexapod_ws/install/joint_state_publisher_gui:/home/max/hexapod_ws/install/joint_state_publisher:/home/max/hexapod_ws/install/hexapod:/home/max/ros2_ws/install/talker:/home/max/ros2_ws/install/my_turtle_controller:/home/max/ros2_ws/install/listener:/opt/ros/humble /usr/bin/cmake /home/max/hexapod_ws/src/phantomx_description -DCMAKE_INSTALL_PREFIX=/home/max/hexapod_ws/install/phantomx_description
[0.507s] DEBUG:colcon.colcon_core.event_handler.log_command:Invoked command in '/home/max/hexapod_ws/build/phantomx_description' returned '0': CMAKE_PREFIX_PATH=${CMAKE_PREFIX_PATH}:/home/max/hexapod_ws/install/joint_state_publisher_gui:/home/max/hexapod_ws/install/joint_state_publisher:/home/max/hexapod_ws/install/hexapod:/home/max/ros2_ws/install/talker:/home/max/ros2_ws/install/my_turtle_controller:/home/max/ros2_ws/install/listener:/opt/ros/humble /usr/bin/cmake /home/max/hexapod_ws/src/phantomx_description -DCMAKE_INSTALL_PREFIX=/home/max/hexapod_ws/install/phantomx_description
[0.509s] DEBUG:colcon.colcon_core.event_handler.log_command:Invoking command in '/home/max/hexapod_ws/build/phantomx_description': CMAKE_PREFIX_PATH=${CMAKE_PREFIX_PATH}:/home/max/hexapod_ws/install/joint_state_publisher_gui:/home/max/hexapod_ws/install/joint_state_publisher:/home/max/hexapod_ws/install/hexapod:/home/max/ros2_ws/install/talker:/home/max/ros2_ws/install/my_turtle_controller:/home/max/ros2_ws/install/listener:/opt/ros/humble /usr/bin/cmake --build /home/max/hexapod_ws/build/phantomx_description -- -j8 -l8
[0.535s] DEBUG:colcon.colcon_core.event_handler.log_command:Invoked command in '/home/max/hexapod_ws/build/phantomx_description' returned '0': CMAKE_PREFIX_PATH=${CMAKE_PREFIX_PATH}:/home/max/hexapod_ws/install/joint_state_publisher_gui:/home/max/hexapod_ws/install/joint_state_publisher:/home/max/hexapod_ws/install/hexapod:/home/max/ros2_ws/install/talker:/home/max/ros2_ws/install/my_turtle_controller:/home/max/ros2_ws/install/listener:/opt/ros/humble /usr/bin/cmake --build /home/max/hexapod_ws/build/phantomx_description -- -j8 -l8
[0.543s] DEBUG:colcon.colcon_core.event_handler.log_command:Invoking command in '/home/max/hexapod_ws/build/phantomx_description': CMAKE_PREFIX_PATH=${CMAKE_PREFIX_PATH}:/home/max/hexapod_ws/install/joint_state_publisher_gui:/home/max/hexapod_ws/install/joint_state_publisher:/home/max/hexapod_ws/install/hexapod:/home/max/ros2_ws/install/talker:/home/max/ros2_ws/install/my_turtle_controller:/home/max/ros2_ws/install/listener:/opt/ros/humble /usr/bin/cmake --install /home/max/hexapod_ws/build/phantomx_description
[0.562s] Level 1:colcon.colcon_core.environment:create_environment_scripts_only(phantomx_description)
[0.562s] DEBUG:colcon.colcon_core.event_handler.log_command:Invoked command in '/home/max/hexapod_ws/build/phantomx_description' returned '0': CMAKE_PREFIX_PATH=${CMAKE_PREFIX_PATH}:/home/max/hexapod_ws/install/joint_state_publisher_gui:/home/max/hexapod_ws/install/joint_state_publisher:/home/max/hexapod_ws/install/hexapod:/home/max/ros2_ws/install/talker:/home/max/ros2_ws/install/my_turtle_controller:/home/max/ros2_ws/install/listener:/opt/ros/humble /usr/bin/cmake --install /home/max/hexapod_ws/build/phantomx_description
[0.567s] Level 1:colcon.colcon_core.environment:checking '/home/max/hexapod_ws/install/phantomx_description' for CMake module files
[0.567s] Level 1:colcon.colcon_core.environment:checking '/home/max/hexapod_ws/install/phantomx_description' for CMake config files
[0.567s] Level 1:colcon.colcon_core.shell:create_environment_hook('phantomx_description', 'cmake_prefix_path')
[0.567s] INFO:colcon.colcon_core.shell:Creating environment hook '/home/max/hexapod_ws/install/phantomx_description/share/phantomx_description/hook/cmake_prefix_path.ps1'
[0.568s] INFO:colcon.colcon_core.shell:Creating environment descriptor '/home/max/hexapod_ws/install/phantomx_description/share/phantomx_description/hook/cmake_prefix_path.dsv'
[0.568s] INFO:colcon.colcon_core.shell:Creating environment hook '/home/max/hexapod_ws/install/phantomx_description/share/phantomx_description/hook/cmake_prefix_path.sh'
[0.569s] Level 1:colcon.colcon_core.environment:checking '/home/max/hexapod_ws/install/phantomx_description/bin'
[0.569s] Level 1:colcon.colcon_core.environment:checking '/home/max/hexapod_ws/install/phantomx_description/lib/pkgconfig/phantomx_description.pc'
[0.569s] Level 1:colcon.colcon_core.environment:checking '/home/max/hexapod_ws/install/phantomx_description/lib/python3.10/site-packages'
[0.569s] Level 1:colcon.colcon_core.environment:checking '/home/max/hexapod_ws/install/phantomx_description/bin'
[0.569s] INFO:colcon.colcon_core.shell:Creating package script '/home/max/hexapod_ws/install/phantomx_description/share/phantomx_description/package.ps1'
[0.570s] INFO:colcon.colcon_core.shell:Creating package descriptor '/home/max/hexapod_ws/install/phantomx_description/share/phantomx_description/package.dsv'
[0.570s] INFO:colcon.colcon_core.shell:Creating package script '/home/max/hexapod_ws/install/phantomx_description/share/phantomx_description/package.sh'
[0.571s] INFO:colcon.colcon_core.shell:Creating package script '/home/max/hexapod_ws/install/phantomx_description/share/phantomx_description/package.bash'
[0.571s] INFO:colcon.colcon_core.shell:Creating package script '/home/max/hexapod_ws/install/phantomx_description/share/phantomx_description/package.zsh'
[0.571s] Level 1:colcon.colcon_core.environment:create_file_with_runtime_dependencies(/home/max/hexapod_ws/install/phantomx_description/share/colcon-core/packages/phantomx_description)
[0.572s] Level 1:colcon.colcon_core.environment:create_environment_scripts_only(phantomx_description)
[0.572s] Level 1:colcon.colcon_core.environment:checking '/home/max/hexapod_ws/install/phantomx_description' for CMake module files
[0.572s] Level 1:colcon.colcon_core.environment:checking '/home/max/hexapod_ws/install/phantomx_description' for CMake config files
[0.572s] Level 1:colcon.colcon_core.shell:create_environment_hook('phantomx_description', 'cmake_prefix_path')
[0.573s] INFO:colcon.colcon_core.shell:Creating environment hook '/home/max/hexapod_ws/install/phantomx_description/share/phantomx_description/hook/cmake_prefix_path.ps1'
[0.573s] INFO:colcon.colcon_core.shell:Creating environment descriptor '/home/max/hexapod_ws/install/phantomx_description/share/phantomx_description/hook/cmake_prefix_path.dsv'
[0.573s] INFO:colcon.colcon_core.shell:Creating environment hook '/home/max/hexapod_ws/install/phantomx_description/share/phantomx_description/hook/cmake_prefix_path.sh'
[0.573s] Level 1:colcon.colcon_core.environment:checking '/home/max/hexapod_ws/install/phantomx_description/bin'
[0.574s] Level 1:colcon.colcon_core.environment:checking '/home/max/hexapod_ws/install/phantomx_description/lib/pkgconfig/phantomx_description.pc'
[0.574s] Level 1:colcon.colcon_core.environment:checking '/home/max/hexapod_ws/install/phantomx_description/lib/python3.10/site-packages'
[0.574s] Level 1:colcon.colcon_core.environment:checking '/home/max/hexapod_ws/install/phantomx_description/bin'
[0.574s] INFO:colcon.colcon_core.shell:Creating package script '/home/max/hexapod_ws/install/phantomx_description/share/phantomx_description/package.ps1'
[0.574s] INFO:colcon.colcon_core.shell:Creating package descriptor '/home/max/hexapod_ws/install/phantomx_description/share/phantomx_description/package.dsv'
[0.575s] INFO:colcon.colcon_core.shell:Creating package script '/home/max/hexapod_ws/install/phantomx_description/share/phantomx_description/package.sh'
[0.575s] INFO:colcon.colcon_core.shell:Creating package script '/home/max/hexapod_ws/install/phantomx_description/share/phantomx_description/package.bash'
[0.575s] INFO:colcon.colcon_core.shell:Creating package script '/home/max/hexapod_ws/install/phantomx_description/share/phantomx_description/package.zsh'
[0.575s] Level 1:colcon.colcon_core.environment:create_file_with_runtime_dependencies(/home/max/hexapod_ws/install/phantomx_description/share/colcon-core/packages/phantomx_description)
[0.576s] DEBUG:colcon.colcon_parallel_executor.executor.parallel:closing loop
[0.576s] DEBUG:colcon.colcon_parallel_executor.executor.parallel:loop closed
[0.576s] DEBUG:colcon.colcon_parallel_executor.executor.parallel:run_until_complete finished with '0'
[0.576s] DEBUG:colcon.colcon_core.event_reactor:joining thread
[0.582s] INFO:colcon.colcon_core.plugin_system:Skipping extension 'colcon_notification.desktop_notification.notify_send': Could not find 'notify-send'
[0.582s] INFO:colcon.colcon_core.plugin_system:Skipping extension 'colcon_notification.desktop_notification.terminal_notifier': Not used on non-Darwin systems
[0.582s] INFO:colcon.colcon_core.plugin_system:Skipping extension 'colcon_notification.desktop_notification.win32': Not used on non-Windows systems
[0.582s] INFO:colcon.colcon_notification.desktop_notification:Sending desktop notification using 'notify2'
[0.603s] DEBUG:colcon.colcon_core.event_reactor:joined thread
[0.603s] INFO:colcon.colcon_core.shell:Creating prefix script '/home/max/hexapod_ws/install/local_setup.ps1'
[0.604s] INFO:colcon.colcon_core.shell:Creating prefix util module '/home/max/hexapod_ws/install/_local_setup_util_ps1.py'
[0.606s] INFO:colcon.colcon_core.shell:Creating prefix chain script '/home/max/hexapod_ws/install/setup.ps1'
[0.607s] INFO:colcon.colcon_core.shell:Creating prefix script '/home/max/hexapod_ws/install/local_setup.sh'
[0.608s] INFO:colcon.colcon_core.shell:Creating prefix util module '/home/max/hexapod_ws/install/_local_setup_util_sh.py'
[0.608s] INFO:colcon.colcon_core.shell:Creating prefix chain script '/home/max/hexapod_ws/install/setup.sh'
[0.610s] INFO:colcon.colcon_core.shell:Creating prefix script '/home/max/hexapod_ws/install/local_setup.bash'
[0.610s] INFO:colcon.colcon_core.shell:Creating prefix chain script '/home/max/hexapod_ws/install/setup.bash'
[0.611s] INFO:colcon.colcon_core.shell:Creating prefix script '/home/max/hexapod_ws/install/local_setup.zsh'
[0.611s] INFO:colcon.colcon_core.shell:Creating prefix chain script '/home/max/hexapod_ws/install/setup.zsh'
