[0.511s] Invoking command in '/home/max/hexapod_ws/joint_state_publisher/joint_state_publisher_gui': AMENT_PREFIX_PATH=/home/max/hexapod_ws/install/joint_state_publisher:/home/max/hexapod_ws/install/phantomx_gazebo:/home/max/hexapod_ws/install/phantomx_control:/home/max/hexapod_ws/install/phantomx_description:/home/max/hexapod_ws/install/joint_state_publisher_gui:/home/max/hexapod_ws/install/hexapod:/home/max/hexapod_ws/install/custom_interfaces:/home/max/lhex/gazebo_ros2_control/gazebo_ros2_control_demos/install/gazebo_ros2_control_demos:/home/max/ros2_ws/install/talker:/home/max/ros2_ws/install/my_turtle_controller:/home/max/ros2_ws/install/listener:/opt/ros/humble PYTHONPATH=/home/max/hexapod_ws/build/joint_state_publisher_gui/prefix_override:/usr/lib/python3/dist-packages/colcon_core/task/python/colcon_distutils_commands:/home/max/hexapod_ws/install/joint_state_publisher_gui/lib/python3.10/site-packages:/home/max/hexapod_ws/install/joint_state_publisher/lib/python3.10/site-packages:/home/max/hexapod_ws/install/phantomx_gazebo/local/lib/python3.10/dist-packages:/home/max/hexapod_ws/install/joint_state_publisher_gui/lib/python3.10/site-packages:/home/max/hexapod_ws/install/hexapod/lib/python3.10/site-packages:/home/max/hexapod_ws/install/custom_interfaces/local/lib/python3.10/dist-packages:/home/max/ros2_ws/install/talker/lib/python3.8/site-packages:/home/max/ros2_ws/install/my_turtle_controller/lib/python3.8/site-packages:/home/max/ros2_ws/install/listener/lib/python3.8/site-packages:/opt/ros/humble/lib/python3.10/site-packages:/opt/ros/humble/local/lib/python3.10/dist-packages /usr/bin/python3 -W ignore:setup.py install is deprecated -W ignore:easy_install command is deprecated setup.py egg_info --egg-base ../../build/joint_state_publisher_gui build --build-base /home/max/hexapod_ws/build/joint_state_publisher_gui/build install --record /home/max/hexapod_ws/build/joint_state_publisher_gui/install.log --single-version-externally-managed install_data
[0.688s] running egg_info
[0.688s] creating ../../build/joint_state_publisher_gui/joint_state_publisher_gui.egg-info
[0.688s] writing ../../build/joint_state_publisher_gui/joint_state_publisher_gui.egg-info/PKG-INFO
[0.688s] writing dependency_links to ../../build/joint_state_publisher_gui/joint_state_publisher_gui.egg-info/dependency_links.txt
[0.689s] writing entry points to ../../build/joint_state_publisher_gui/joint_state_publisher_gui.egg-info/entry_points.txt
[0.689s] writing requirements to ../../build/joint_state_publisher_gui/joint_state_publisher_gui.egg-info/requires.txt
[0.689s] writing top-level names to ../../build/joint_state_publisher_gui/joint_state_publisher_gui.egg-info/top_level.txt
[0.689s] writing manifest file '../../build/joint_state_publisher_gui/joint_state_publisher_gui.egg-info/SOURCES.txt'
[0.690s] reading manifest file '../../build/joint_state_publisher_gui/joint_state_publisher_gui.egg-info/SOURCES.txt'
[0.690s] adding license file 'LICENSE'
[0.690s] writing manifest file '../../build/joint_state_publisher_gui/joint_state_publisher_gui.egg-info/SOURCES.txt'
[0.690s] running build
[0.690s] running build_py
[0.690s] creating /home/max/hexapod_ws/build/joint_state_publisher_gui/build
[0.691s] creating /home/max/hexapod_ws/build/joint_state_publisher_gui/build/lib
[0.691s] creating /home/max/hexapod_ws/build/joint_state_publisher_gui/build/lib/joint_state_publisher_gui
[0.691s] copying joint_state_publisher_gui/joint_state_publisher_gui.py -> /home/max/hexapod_ws/build/joint_state_publisher_gui/build/lib/joint_state_publisher_gui
[0.691s] copying joint_state_publisher_gui/__init__.py -> /home/max/hexapod_ws/build/joint_state_publisher_gui/build/lib/joint_state_publisher_gui
[0.691s] copying joint_state_publisher_gui/flow_layout.py -> /home/max/hexapod_ws/build/joint_state_publisher_gui/build/lib/joint_state_publisher_gui
[0.691s] running install
[0.691s] running install_lib
[0.691s] creating /home/max/hexapod_ws/install/joint_state_publisher_gui/lib/python3.10/site-packages/joint_state_publisher_gui
[0.691s] copying /home/max/hexapod_ws/build/joint_state_publisher_gui/build/lib/joint_state_publisher_gui/joint_state_publisher_gui.py -> /home/max/hexapod_ws/install/joint_state_publisher_gui/lib/python3.10/site-packages/joint_state_publisher_gui
[0.691s] copying /home/max/hexapod_ws/build/joint_state_publisher_gui/build/lib/joint_state_publisher_gui/__init__.py -> /home/max/hexapod_ws/install/joint_state_publisher_gui/lib/python3.10/site-packages/joint_state_publisher_gui
[0.692s] copying /home/max/hexapod_ws/build/joint_state_publisher_gui/build/lib/joint_state_publisher_gui/flow_layout.py -> /home/max/hexapod_ws/install/joint_state_publisher_gui/lib/python3.10/site-packages/joint_state_publisher_gui
[0.692s] byte-compiling /home/max/hexapod_ws/install/joint_state_publisher_gui/lib/python3.10/site-packages/joint_state_publisher_gui/joint_state_publisher_gui.py to joint_state_publisher_gui.cpython-310.pyc
[0.693s] byte-compiling /home/max/hexapod_ws/install/joint_state_publisher_gui/lib/python3.10/site-packages/joint_state_publisher_gui/__init__.py to __init__.cpython-310.pyc
[0.693s] byte-compiling /home/max/hexapod_ws/install/joint_state_publisher_gui/lib/python3.10/site-packages/joint_state_publisher_gui/flow_layout.py to flow_layout.cpython-310.pyc
[0.694s] running install_data
[0.694s] creating /home/max/hexapod_ws/install/joint_state_publisher_gui/share/ament_index
[0.694s] creating /home/max/hexapod_ws/install/joint_state_publisher_gui/share/ament_index/resource_index
[0.694s] creating /home/max/hexapod_ws/install/joint_state_publisher_gui/share/ament_index/resource_index/packages
[0.694s] copying resource/joint_state_publisher_gui -> /home/max/hexapod_ws/install/joint_state_publisher_gui/share/ament_index/resource_index/packages
[0.694s] copying package.xml -> /home/max/hexapod_ws/install/joint_state_publisher_gui/share/joint_state_publisher_gui
[0.694s] running install_egg_info
[0.695s] Copying ../../build/joint_state_publisher_gui/joint_state_publisher_gui.egg-info to /home/max/hexapod_ws/install/joint_state_publisher_gui/lib/python3.10/site-packages/joint_state_publisher_gui-2.4.0-py3.10.egg-info
[0.696s] running install_scripts
[0.710s] Installing joint_state_publisher_gui script to /home/max/hexapod_ws/install/joint_state_publisher_gui/lib/joint_state_publisher_gui
[0.710s] writing list of installed files to '/home/max/hexapod_ws/build/joint_state_publisher_gui/install.log'
[0.730s] Invoked command in '/home/max/hexapod_ws/joint_state_publisher/joint_state_publisher_gui' returned '0': AMENT_PREFIX_PATH=/home/max/hexapod_ws/install/joint_state_publisher:/home/max/hexapod_ws/install/phantomx_gazebo:/home/max/hexapod_ws/install/phantomx_control:/home/max/hexapod_ws/install/phantomx_description:/home/max/hexapod_ws/install/joint_state_publisher_gui:/home/max/hexapod_ws/install/hexapod:/home/max/hexapod_ws/install/custom_interfaces:/home/max/lhex/gazebo_ros2_control/gazebo_ros2_control_demos/install/gazebo_ros2_control_demos:/home/max/ros2_ws/install/talker:/home/max/ros2_ws/install/my_turtle_controller:/home/max/ros2_ws/install/listener:/opt/ros/humble PYTHONPATH=/home/max/hexapod_ws/build/joint_state_publisher_gui/prefix_override:/usr/lib/python3/dist-packages/colcon_core/task/python/colcon_distutils_commands:/home/max/hexapod_ws/install/joint_state_publisher_gui/lib/python3.10/site-packages:/home/max/hexapod_ws/install/joint_state_publisher/lib/python3.10/site-packages:/home/max/hexapod_ws/install/phantomx_gazebo/local/lib/python3.10/dist-packages:/home/max/hexapod_ws/install/joint_state_publisher_gui/lib/python3.10/site-packages:/home/max/hexapod_ws/install/hexapod/lib/python3.10/site-packages:/home/max/hexapod_ws/install/custom_interfaces/local/lib/python3.10/dist-packages:/home/max/ros2_ws/install/talker/lib/python3.8/site-packages:/home/max/ros2_ws/install/my_turtle_controller/lib/python3.8/site-packages:/home/max/ros2_ws/install/listener/lib/python3.8/site-packages:/opt/ros/humble/lib/python3.10/site-packages:/opt/ros/humble/local/lib/python3.10/dist-packages /usr/bin/python3 -W ignore:setup.py install is deprecated -W ignore:easy_install command is deprecated setup.py egg_info --egg-base ../../build/joint_state_publisher_gui build --build-base /home/max/hexapod_ws/build/joint_state_publisher_gui/build install --record /home/max/hexapod_ws/build/joint_state_publisher_gui/install.log --single-version-externally-managed install_data
