[0.014s] Invoking command in '/home/max/hexapod_ws/build/phantomx_gazebo': CMAKE_PREFIX_PATH=/home/max/hexapod_ws/install/phantomx_control:/home/max/hexapod_ws/install/phantomx_description:/home/max/hexapod_ws/install/phantomx_gazebo:/home/max/lhex/gazebo_ros2_control/gazebo_ros2_control_demos/install/gazebo_ros2_control_demos:/home/max/hexapod_ws/install/joint_state_publisher:/home/max/ros2_ws/install/talker:/home/max/ros2_ws/install/my_turtle_controller:/home/max/ros2_ws/install/listener:/opt/ros/humble /usr/bin/cmake --build /home/max/hexapod_ws/build/phantomx_gazebo -- -j8 -l8
[0.082s] Built target ament_cmake_python_copy_connections_api
[0.421s] running egg_info
[0.421s] writing connections_api.egg-info/PKG-INFO
[0.422s] writing dependency_links to connections_api.egg-info/dependency_links.txt
[0.422s] writing top-level names to connections_api.egg-info/top_level.txt
[0.426s] reading manifest file 'connections_api.egg-info/SOURCES.txt'
[0.426s] writing manifest file 'connections_api.egg-info/SOURCES.txt'
[0.461s] Built target ament_cmake_python_build_connections_api_egg
[0.471s] Invoked command in '/home/max/hexapod_ws/build/phantomx_gazebo' returned '0': CMAKE_PREFIX_PATH=/home/max/hexapod_ws/install/phantomx_control:/home/max/hexapod_ws/install/phantomx_description:/home/max/hexapod_ws/install/phantomx_gazebo:/home/max/lhex/gazebo_ros2_control/gazebo_ros2_control_demos/install/gazebo_ros2_control_demos:/home/max/hexapod_ws/install/joint_state_publisher:/home/max/ros2_ws/install/talker:/home/max/ros2_ws/install/my_turtle_controller:/home/max/ros2_ws/install/listener:/opt/ros/humble /usr/bin/cmake --build /home/max/hexapod_ws/build/phantomx_gazebo -- -j8 -l8
[0.473s] Invoking command in '/home/max/hexapod_ws/build/phantomx_gazebo': CMAKE_PREFIX_PATH=/home/max/hexapod_ws/install/phantomx_control:/home/max/hexapod_ws/install/phantomx_description:/home/max/hexapod_ws/install/phantomx_gazebo:/home/max/lhex/gazebo_ros2_control/gazebo_ros2_control_demos/install/gazebo_ros2_control_demos:/home/max/hexapod_ws/install/joint_state_publisher:/home/max/ros2_ws/install/talker:/home/max/ros2_ws/install/my_turtle_controller:/home/max/ros2_ws/install/listener:/opt/ros/humble /usr/bin/cmake --install /home/max/hexapod_ws/build/phantomx_gazebo
[0.481s] -- Install configuration: ""
[0.481s] -- Up-to-date: /home/max/hexapod_ws/install/phantomx_gazebo/share/phantomx_gazebo/environment/pythonpath.sh
[0.481s] -- Up-to-date: /home/max/hexapod_ws/install/phantomx_gazebo/share/phantomx_gazebo/environment/pythonpath.dsv
[0.481s] -- Up-to-date: /home/max/hexapod_ws/install/phantomx_gazebo/local/lib/python3.10/dist-packages/connections_api-0.0.0-py3.10.egg-info
[0.482s] -- Installing: /home/max/hexapod_ws/install/phantomx_gazebo/local/lib/python3.10/dist-packages/connections_api-0.0.0-py3.10.egg-info/PKG-INFO
[0.482s] -- Installing: /home/max/hexapod_ws/install/phantomx_gazebo/local/lib/python3.10/dist-packages/connections_api-0.0.0-py3.10.egg-info/SOURCES.txt
[0.482s] -- Installing: /home/max/hexapod_ws/install/phantomx_gazebo/local/lib/python3.10/dist-packages/connections_api-0.0.0-py3.10.egg-info/dependency_links.txt
[0.482s] -- Installing: /home/max/hexapod_ws/install/phantomx_gazebo/local/lib/python3.10/dist-packages/connections_api-0.0.0-py3.10.egg-info/top_level.txt
[0.482s] -- Up-to-date: /home/max/hexapod_ws/install/phantomx_gazebo/local/lib/python3.10/dist-packages/connections_api
[0.482s] -- Up-to-date: /home/max/hexapod_ws/install/phantomx_gazebo/local/lib/python3.10/dist-packages/connections_api/__init__.py
[0.482s] -- Up-to-date: /home/max/hexapod_ws/install/phantomx_gazebo/local/lib/python3.10/dist-packages/connections_api/phantomx.py
[0.524s] Listing '/home/max/hexapod_ws/install/phantomx_gazebo/local/lib/python3.10/dist-packages/connections_api'...
[0.544s] -- Up-to-date: /home/max/hexapod_ws/install/phantomx_gazebo/share/phantomx_gazebo//launch
[0.545s] -- Up-to-date: /home/max/hexapod_ws/install/phantomx_gazebo/share/phantomx_gazebo//launch/phantomx_gazebo.launch.py
[0.546s] -- Up-to-date: /home/max/hexapod_ws/install/phantomx_gazebo/lib/phantomx_gazebo/walker
[0.547s] -- Up-to-date: /home/max/hexapod_ws/install/phantomx_gazebo/share/ament_index/resource_index/package_run_dependencies/phantomx_gazebo
[0.548s] -- Up-to-date: /home/max/hexapod_ws/install/phantomx_gazebo/share/ament_index/resource_index/parent_prefix_path/phantomx_gazebo
[0.549s] -- Up-to-date: /home/max/hexapod_ws/install/phantomx_gazebo/share/phantomx_gazebo/environment/ament_prefix_path.sh
[0.549s] -- Up-to-date: /home/max/hexapod_ws/install/phantomx_gazebo/share/phantomx_gazebo/environment/ament_prefix_path.dsv
[0.549s] -- Up-to-date: /home/max/hexapod_ws/install/phantomx_gazebo/share/phantomx_gazebo/environment/path.sh
[0.549s] -- Up-to-date: /home/max/hexapod_ws/install/phantomx_gazebo/share/phantomx_gazebo/environment/path.dsv
[0.549s] -- Up-to-date: /home/max/hexapod_ws/install/phantomx_gazebo/share/phantomx_gazebo/local_setup.bash
[0.550s] -- Up-to-date: /home/max/hexapod_ws/install/phantomx_gazebo/share/phantomx_gazebo/local_setup.sh
[0.550s] -- Up-to-date: /home/max/hexapod_ws/install/phantomx_gazebo/share/phantomx_gazebo/local_setup.zsh
[0.550s] -- Up-to-date: /home/max/hexapod_ws/install/phantomx_gazebo/share/phantomx_gazebo/local_setup.dsv
[0.550s] -- Installing: /home/max/hexapod_ws/install/phantomx_gazebo/share/phantomx_gazebo/package.dsv
[0.550s] -- Up-to-date: /home/max/hexapod_ws/install/phantomx_gazebo/share/ament_index/resource_index/packages/phantomx_gazebo
[0.550s] -- Up-to-date: /home/max/hexapod_ws/install/phantomx_gazebo/share/phantomx_gazebo/cmake/phantomx_gazeboConfig.cmake
[0.551s] -- Up-to-date: /home/max/hexapod_ws/install/phantomx_gazebo/share/phantomx_gazebo/cmake/phantomx_gazeboConfig-version.cmake
[0.551s] -- Up-to-date: /home/max/hexapod_ws/install/phantomx_gazebo/share/phantomx_gazebo/package.xml
[0.554s] Invoked command in '/home/max/hexapod_ws/build/phantomx_gazebo' returned '0': CMAKE_PREFIX_PATH=/home/max/hexapod_ws/install/phantomx_control:/home/max/hexapod_ws/install/phantomx_description:/home/max/hexapod_ws/install/phantomx_gazebo:/home/max/lhex/gazebo_ros2_control/gazebo_ros2_control_demos/install/gazebo_ros2_control_demos:/home/max/hexapod_ws/install/joint_state_publisher:/home/max/ros2_ws/install/talker:/home/max/ros2_ws/install/my_turtle_controller:/home/max/ros2_ws/install/listener:/opt/ros/humble /usr/bin/cmake --install /home/max/hexapod_ws/build/phantomx_gazebo
