[0.660s] Invoking command in '/home/max/hexapod_ws/joint_state_publisher/joint_state_publisher': PYTHONPATH=/home/max/hexapod_ws/build/joint_state_publisher/prefix_override:/usr/lib/python3/dist-packages/colcon_core/task/python/colcon_distutils_commands:/home/max/hexapod_ws/install/joint_state_publisher/lib/python3.10/site-packages:${PYTHONPATH} /usr/bin/python3 -W ignore:setup.py install is deprecated -W ignore:easy_install command is deprecated setup.py egg_info --egg-base ../../build/joint_state_publisher build --build-base /home/max/hexapod_ws/build/joint_state_publisher/build install --record /home/max/hexapod_ws/build/joint_state_publisher/install.log --single-version-externally-managed install_data
[0.871s] running egg_info
[0.871s] writing ../../build/joint_state_publisher/joint_state_publisher.egg-info/PKG-INFO
[0.871s] writing dependency_links to ../../build/joint_state_publisher/joint_state_publisher.egg-info/dependency_links.txt
[0.872s] writing entry points to ../../build/joint_state_publisher/joint_state_publisher.egg-info/entry_points.txt
[0.872s] writing requirements to ../../build/joint_state_publisher/joint_state_publisher.egg-info/requires.txt
[0.872s] writing top-level names to ../../build/joint_state_publisher/joint_state_publisher.egg-info/top_level.txt
[0.873s] reading manifest file '../../build/joint_state_publisher/joint_state_publisher.egg-info/SOURCES.txt'
[0.873s] adding license file 'LICENSE'
[0.874s] writing manifest file '../../build/joint_state_publisher/joint_state_publisher.egg-info/SOURCES.txt'
[0.874s] running build
[0.874s] running build_py
[0.874s] running install
[0.874s] running install_lib
[0.875s] running install_data
[0.875s] running install_egg_info
[0.877s] removing '/home/max/hexapod_ws/install/joint_state_publisher/lib/python3.10/site-packages/joint_state_publisher-2.4.0-py3.10.egg-info' (and everything under it)
[0.877s] Copying ../../build/joint_state_publisher/joint_state_publisher.egg-info to /home/max/hexapod_ws/install/joint_state_publisher/lib/python3.10/site-packages/joint_state_publisher-2.4.0-py3.10.egg-info
[0.877s] running install_scripts
[0.894s] Installing joint_state_publisher script to /home/max/hexapod_ws/install/joint_state_publisher/lib/joint_state_publisher
[0.894s] writing list of installed files to '/home/max/hexapod_ws/build/joint_state_publisher/install.log'
[0.918s] Invoked command in '/home/max/hexapod_ws/joint_state_publisher/joint_state_publisher' returned '0': PYTHONPATH=/home/max/hexapod_ws/build/joint_state_publisher/prefix_override:/usr/lib/python3/dist-packages/colcon_core/task/python/colcon_distutils_commands:/home/max/hexapod_ws/install/joint_state_publisher/lib/python3.10/site-packages:${PYTHONPATH} /usr/bin/python3 -W ignore:setup.py install is deprecated -W ignore:easy_install command is deprecated setup.py egg_info --egg-base ../../build/joint_state_publisher build --build-base /home/max/hexapod_ws/build/joint_state_publisher/build install --record /home/max/hexapod_ws/build/joint_state_publisher/install.log --single-version-externally-managed install_data
