-- Install configuration: ""
-- Up-to-date: /home/max/hexapod_ws/install/phantomx_control/share/phantomx_control/launch
-- Up-to-date: /home/max/hexapod_ws/install/phantomx_control/share/phantomx_control/launch/phantomx_control.launch.py
-- Up-to-date: /home/max/hexapod_ws/install/phantomx_control/share/phantomx_control/config
-- Up-to-date: /home/max/hexapod_ws/install/phantomx_control/share/phantomx_control/config/phantomx_control.yaml
-- Up-to-date: /home/max/hexapod_ws/install/phantomx_control/share/ament_index/resource_index/package_run_dependencies/phantomx_control
-- Up-to-date: /home/max/hexapod_ws/install/phantomx_control/share/ament_index/resource_index/parent_prefix_path/phantomx_control
-- Up-to-date: /home/max/hexapod_ws/install/phantomx_control/share/phantomx_control/environment/ament_prefix_path.sh
-- Up-to-date: /home/max/hexapod_ws/install/phantomx_control/share/phantomx_control/environment/ament_prefix_path.dsv
-- Up-to-date: /home/max/hexapod_ws/install/phantomx_control/share/phantomx_control/environment/path.sh
-- Up-to-date: /home/max/hexapod_ws/install/phantomx_control/share/phantomx_control/environment/path.dsv
-- Up-to-date: /home/max/hexapod_ws/install/phantomx_control/share/phantomx_control/local_setup.bash
-- Up-to-date: /home/max/hexapod_ws/install/phantomx_control/share/phantomx_control/local_setup.sh
-- Up-to-date: /home/max/hexapod_ws/install/phantomx_control/share/phantomx_control/local_setup.zsh
-- Up-to-date: /home/max/hexapod_ws/install/phantomx_control/share/phantomx_control/local_setup.dsv
-- Up-to-date: /home/max/hexapod_ws/install/phantomx_control/share/phantomx_control/package.dsv
-- Up-to-date: /home/max/hexapod_ws/install/phantomx_control/share/ament_index/resource_index/packages/phantomx_control
-- Up-to-date: /home/max/hexapod_ws/install/phantomx_control/share/phantomx_control/cmake/phantomx_controlConfig.cmake
-- Up-to-date: /home/max/hexapod_ws/install/phantomx_control/share/phantomx_control/cmake/phantomx_controlConfig-version.cmake
-- Up-to-date: /home/max/hexapod_ws/install/phantomx_control/share/phantomx_control/package.xml
