running egg_info
writing ../build/hexapod/hexapod.egg-info/PKG-INFO
writing dependency_links to ../build/hexapod/hexapod.egg-info/dependency_links.txt
writing entry points to ../build/hexapod/hexapod.egg-info/entry_points.txt
writing requirements to ../build/hexapod/hexapod.egg-info/requires.txt
writing top-level names to ../build/hexapod/hexapod.egg-info/top_level.txt
reading manifest file '../build/hexapod/hexapod.egg-info/SOURCES.txt'
writing manifest file '../build/hexapod/hexapod.egg-info/SOURCES.txt'
running build
running build_py
running install
running install_lib
running install_data
running install_egg_info
removing '/home/max/hexapod_ws/src/install/hexapod/lib/python3.8/site-packages/hexapod-0.0.0-py3.8.egg-info' (and everything under it)
Copying ../build/hexapod/hexapod.egg-info to /home/max/hexapod_ws/src/install/hexapod/lib/python3.8/site-packages/hexapod-0.0.0-py3.8.egg-info
running install_scripts
Installing coordinator script to /home/max/hexapod_ws/src/install/hexapod/lib/hexapod
Installing leg_controller script to /home/max/hexapod_ws/src/install/hexapod/lib/hexapod
Installing sensor_node script to /home/max/hexapod_ws/src/install/hexapod/lib/hexapod
writing list of installed files to '/home/max/hexapod_ws/src/build/hexapod/install.log'
