[0.116s] DEBUG:colcon:Command line arguments: ['/usr/bin/colcon', 'build', '--packages-select', 'phantomx_description', 'phantomx_control', 'joint_state_publisher', 'joint_state_publisher_gui']
[0.116s] DEBUG:colcon:Parsed command line arguments: Namespace(log_base=None, log_level=None, verb_name='build', build_base='build', install_base='install', merge_install=False, symlink_install=False, test_result_base=None, continue_on_error=False, executor='parallel', parallel_workers=8, event_handlers=None, ignore_user_meta=False, metas=['./colcon.meta'], base_paths=['.'], packages_ignore=None, packages_ignore_regex=None, paths=None, packages_up_to=None, packages_up_to_regex=None, packages_above=None, packages_above_and_dependencies=None, packages_above_depth=None, packages_select_by_dep=None, packages_skip_by_dep=None, packages_skip_up_to=None, packages_select_build_failed=False, packages_skip_build_finished=False, packages_select_test_failures=False, packages_skip_test_passed=False, packages_select=['phantomx_description', 'phantomx_control', 'joint_state_publisher', 'joint_state_publisher_gui'], packages_skip=None, packages_select_regex=None, packages_skip_regex=None, packages_start=None, packages_end=None, allow_overriding=[], cmake_args=None, cmake_target=None, cmake_target_skip_unavailable=False, cmake_clean_cache=False, cmake_clean_first=False, cmake_force_configure=False, ament_cmake_args=None, catkin_cmake_args=None, catkin_skip_building_tests=False, mixin_files=None, mixin=None, verb_parser=<colcon_mixin.mixin.mixin_argument.MixinArgumentDecorator object at 0x78f9b5b59ff0>, verb_extension=<colcon_core.verb.build.BuildVerb object at 0x78f9b5b5a230>, main=<bound method BuildVerb.main of <colcon_core.verb.build.BuildVerb object at 0x78f9b5b5a230>>, mixin_verb=('build',))
[0.236s] Level 1:colcon.colcon_core.package_discovery:discover_packages(colcon_meta) check parameters
[0.236s] Level 1:colcon.colcon_core.package_discovery:discover_packages(recursive) check parameters
[0.236s] Level 1:colcon.colcon_core.package_discovery:discover_packages(ignore) check parameters
[0.236s] Level 1:colcon.colcon_core.package_discovery:discover_packages(path) check parameters
[0.236s] Level 1:colcon.colcon_core.package_discovery:discover_packages(colcon_meta) discover
[0.236s] Level 1:colcon.colcon_core.package_discovery:discover_packages(recursive) discover
[0.236s] INFO:colcon.colcon_core.package_discovery:Crawling recursively for packages in '/home/max/hexapod_ws'
[0.236s] Level 1:colcon.colcon_core.package_identification:_identify(.) by extensions ['ignore', 'ignore_ament_install']
[0.236s] Level 1:colcon.colcon_core.package_identification:_identify(.) by extension 'ignore'
[0.236s] Level 1:colcon.colcon_core.package_identification:_identify(.) by extension 'ignore_ament_install'
[0.236s] Level 1:colcon.colcon_core.package_identification:_identify(.) by extensions ['colcon_pkg']
[0.236s] Level 1:colcon.colcon_core.package_identification:_identify(.) by extension 'colcon_pkg'
[0.236s] Level 1:colcon.colcon_core.package_identification:_identify(.) by extensions ['colcon_meta']
[0.236s] Level 1:colcon.colcon_core.package_identification:_identify(.) by extension 'colcon_meta'
[0.237s] Level 1:colcon.colcon_core.package_identification:_identify(.) by extensions ['ros']
[0.237s] Level 1:colcon.colcon_core.package_identification:_identify(.) by extension 'ros'
[0.247s] Level 1:colcon.colcon_core.package_identification:_identify(.) by extensions ['cmake', 'python']
[0.247s] Level 1:colcon.colcon_core.package_identification:_identify(.) by extension 'cmake'
[0.247s] Level 1:colcon.colcon_core.package_identification:_identify(.) by extension 'python'
[0.247s] Level 1:colcon.colcon_core.package_identification:_identify(.) by extensions ['python_setup_py']
[0.247s] Level 1:colcon.colcon_core.package_identification:_identify(.) by extension 'python_setup_py'
[0.247s] Level 1:colcon.colcon_core.package_identification:_identify(build) by extensions ['ignore', 'ignore_ament_install']
[0.247s] Level 1:colcon.colcon_core.package_identification:_identify(build) by extension 'ignore'
[0.247s] Level 1:colcon.colcon_core.package_identification:_identify(build) ignored
[0.248s] Level 1:colcon.colcon_core.package_identification:_identify(custom_interfaces) by extensions ['ignore', 'ignore_ament_install']
[0.248s] Level 1:colcon.colcon_core.package_identification:_identify(custom_interfaces) by extension 'ignore'
[0.248s] Level 1:colcon.colcon_core.package_identification:_identify(custom_interfaces) by extension 'ignore_ament_install'
[0.248s] Level 1:colcon.colcon_core.package_identification:_identify(custom_interfaces) by extensions ['colcon_pkg']
[0.248s] Level 1:colcon.colcon_core.package_identification:_identify(custom_interfaces) by extension 'colcon_pkg'
[0.248s] Level 1:colcon.colcon_core.package_identification:_identify(custom_interfaces) by extensions ['colcon_meta']
[0.248s] Level 1:colcon.colcon_core.package_identification:_identify(custom_interfaces) by extension 'colcon_meta'
[0.248s] Level 1:colcon.colcon_core.package_identification:_identify(custom_interfaces) by extensions ['ros']
[0.248s] Level 1:colcon.colcon_core.package_identification:_identify(custom_interfaces) by extension 'ros'
[0.250s] DEBUG:colcon.colcon_core.package_identification:Package 'custom_interfaces' with type 'ros.ament_cmake' and name 'custom_interfaces'
[0.250s] Level 1:colcon.colcon_core.package_identification:_identify(install) by extensions ['ignore', 'ignore_ament_install']
[0.250s] Level 1:colcon.colcon_core.package_identification:_identify(install) by extension 'ignore'
[0.250s] Level 1:colcon.colcon_core.package_identification:_identify(install) ignored
[0.250s] Level 1:colcon.colcon_core.package_identification:_identify(joint_state_publisher) by extensions ['ignore', 'ignore_ament_install']
[0.250s] Level 1:colcon.colcon_core.package_identification:_identify(joint_state_publisher) by extension 'ignore'
[0.250s] Level 1:colcon.colcon_core.package_identification:_identify(joint_state_publisher) by extension 'ignore_ament_install'
[0.250s] Level 1:colcon.colcon_core.package_identification:_identify(joint_state_publisher) by extensions ['colcon_pkg']
[0.250s] Level 1:colcon.colcon_core.package_identification:_identify(joint_state_publisher) by extension 'colcon_pkg'
[0.250s] Level 1:colcon.colcon_core.package_identification:_identify(joint_state_publisher) by extensions ['colcon_meta']
[0.250s] Level 1:colcon.colcon_core.package_identification:_identify(joint_state_publisher) by extension 'colcon_meta'
[0.250s] Level 1:colcon.colcon_core.package_identification:_identify(joint_state_publisher) by extensions ['ros']
[0.250s] Level 1:colcon.colcon_core.package_identification:_identify(joint_state_publisher) by extension 'ros'
[0.250s] Level 1:colcon.colcon_core.package_identification:_identify(joint_state_publisher) by extensions ['cmake', 'python']
[0.250s] Level 1:colcon.colcon_core.package_identification:_identify(joint_state_publisher) by extension 'cmake'
[0.250s] Level 1:colcon.colcon_core.package_identification:_identify(joint_state_publisher) by extension 'python'
[0.251s] Level 1:colcon.colcon_core.package_identification:_identify(joint_state_publisher) by extensions ['python_setup_py']
[0.251s] Level 1:colcon.colcon_core.package_identification:_identify(joint_state_publisher) by extension 'python_setup_py'
[0.251s] Level 1:colcon.colcon_core.package_identification:_identify(joint_state_publisher/joint_state_publisher) by extensions ['ignore', 'ignore_ament_install']
[0.251s] Level 1:colcon.colcon_core.package_identification:_identify(joint_state_publisher/joint_state_publisher) by extension 'ignore'
[0.251s] Level 1:colcon.colcon_core.package_identification:_identify(joint_state_publisher/joint_state_publisher) by extension 'ignore_ament_install'
[0.251s] Level 1:colcon.colcon_core.package_identification:_identify(joint_state_publisher/joint_state_publisher) by extensions ['colcon_pkg']
[0.251s] Level 1:colcon.colcon_core.package_identification:_identify(joint_state_publisher/joint_state_publisher) by extension 'colcon_pkg'
[0.251s] Level 1:colcon.colcon_core.package_identification:_identify(joint_state_publisher/joint_state_publisher) by extensions ['colcon_meta']
[0.251s] Level 1:colcon.colcon_core.package_identification:_identify(joint_state_publisher/joint_state_publisher) by extension 'colcon_meta'
[0.251s] Level 1:colcon.colcon_core.package_identification:_identify(joint_state_publisher/joint_state_publisher) by extensions ['ros']
[0.251s] Level 1:colcon.colcon_core.package_identification:_identify(joint_state_publisher/joint_state_publisher) by extension 'ros'
[0.252s] DEBUG:colcon.colcon_core.package_identification:Package 'joint_state_publisher/joint_state_publisher' with type 'ros.ament_python' and name 'joint_state_publisher'
[0.252s] Level 1:colcon.colcon_core.package_identification:_identify(joint_state_publisher/joint_state_publisher_gui) by extensions ['ignore', 'ignore_ament_install']
[0.252s] Level 1:colcon.colcon_core.package_identification:_identify(joint_state_publisher/joint_state_publisher_gui) by extension 'ignore'
[0.252s] Level 1:colcon.colcon_core.package_identification:_identify(joint_state_publisher/joint_state_publisher_gui) by extension 'ignore_ament_install'
[0.252s] Level 1:colcon.colcon_core.package_identification:_identify(joint_state_publisher/joint_state_publisher_gui) by extensions ['colcon_pkg']
[0.252s] Level 1:colcon.colcon_core.package_identification:_identify(joint_state_publisher/joint_state_publisher_gui) by extension 'colcon_pkg'
[0.252s] Level 1:colcon.colcon_core.package_identification:_identify(joint_state_publisher/joint_state_publisher_gui) by extensions ['colcon_meta']
[0.253s] Level 1:colcon.colcon_core.package_identification:_identify(joint_state_publisher/joint_state_publisher_gui) by extension 'colcon_meta'
[0.253s] Level 1:colcon.colcon_core.package_identification:_identify(joint_state_publisher/joint_state_publisher_gui) by extensions ['ros']
[0.253s] Level 1:colcon.colcon_core.package_identification:_identify(joint_state_publisher/joint_state_publisher_gui) by extension 'ros'
[0.253s] DEBUG:colcon.colcon_core.package_identification:Package 'joint_state_publisher/joint_state_publisher_gui' with type 'ros.ament_python' and name 'joint_state_publisher_gui'
[0.253s] Level 1:colcon.colcon_core.package_identification:_identify(log) by extensions ['ignore', 'ignore_ament_install']
[0.253s] Level 1:colcon.colcon_core.package_identification:_identify(log) by extension 'ignore'
[0.253s] Level 1:colcon.colcon_core.package_identification:_identify(log) ignored
[0.253s] Level 1:colcon.colcon_core.package_identification:_identify(src) by extensions ['ignore', 'ignore_ament_install']
[0.253s] Level 1:colcon.colcon_core.package_identification:_identify(src) by extension 'ignore'
[0.253s] Level 1:colcon.colcon_core.package_identification:_identify(src) by extension 'ignore_ament_install'
[0.253s] Level 1:colcon.colcon_core.package_identification:_identify(src) by extensions ['colcon_pkg']
[0.253s] Level 1:colcon.colcon_core.package_identification:_identify(src) by extension 'colcon_pkg'
[0.253s] Level 1:colcon.colcon_core.package_identification:_identify(src) by extensions ['colcon_meta']
[0.253s] Level 1:colcon.colcon_core.package_identification:_identify(src) by extension 'colcon_meta'
[0.253s] Level 1:colcon.colcon_core.package_identification:_identify(src) by extensions ['ros']
[0.253s] Level 1:colcon.colcon_core.package_identification:_identify(src) by extension 'ros'
[0.253s] Level 1:colcon.colcon_core.package_identification:_identify(src) by extensions ['cmake', 'python']
[0.253s] Level 1:colcon.colcon_core.package_identification:_identify(src) by extension 'cmake'
[0.254s] Level 1:colcon.colcon_core.package_identification:_identify(src) by extension 'python'
[0.254s] Level 1:colcon.colcon_core.package_identification:_identify(src) by extensions ['python_setup_py']
[0.254s] Level 1:colcon.colcon_core.package_identification:_identify(src) by extension 'python_setup_py'
[0.254s] Level 1:colcon.colcon_core.package_identification:_identify(src/hexapod) by extensions ['ignore', 'ignore_ament_install']
[0.254s] Level 1:colcon.colcon_core.package_identification:_identify(src/hexapod) by extension 'ignore'
[0.254s] Level 1:colcon.colcon_core.package_identification:_identify(src/hexapod) by extension 'ignore_ament_install'
[0.254s] Level 1:colcon.colcon_core.package_identification:_identify(src/hexapod) by extensions ['colcon_pkg']
[0.254s] Level 1:colcon.colcon_core.package_identification:_identify(src/hexapod) by extension 'colcon_pkg'
[0.254s] Level 1:colcon.colcon_core.package_identification:_identify(src/hexapod) by extensions ['colcon_meta']
[0.254s] Level 1:colcon.colcon_core.package_identification:_identify(src/hexapod) by extension 'colcon_meta'
[0.254s] Level 1:colcon.colcon_core.package_identification:_identify(src/hexapod) by extensions ['ros']
[0.254s] Level 1:colcon.colcon_core.package_identification:_identify(src/hexapod) by extension 'ros'
[0.254s] DEBUG:colcon.colcon_core.package_identification:Package 'src/hexapod' with type 'ros.ament_python' and name 'hexapod'
[0.255s] Level 1:colcon.colcon_core.package_identification:_identify(src/move_it_config) by extensions ['ignore', 'ignore_ament_install']
[0.255s] Level 1:colcon.colcon_core.package_identification:_identify(src/move_it_config) by extension 'ignore'
[0.255s] Level 1:colcon.colcon_core.package_identification:_identify(src/move_it_config) by extension 'ignore_ament_install'
[0.255s] Level 1:colcon.colcon_core.package_identification:_identify(src/move_it_config) by extensions ['colcon_pkg']
[0.255s] Level 1:colcon.colcon_core.package_identification:_identify(src/move_it_config) by extension 'colcon_pkg'
[0.255s] Level 1:colcon.colcon_core.package_identification:_identify(src/move_it_config) by extensions ['colcon_meta']
[0.255s] Level 1:colcon.colcon_core.package_identification:_identify(src/move_it_config) by extension 'colcon_meta'
[0.255s] Level 1:colcon.colcon_core.package_identification:_identify(src/move_it_config) by extensions ['ros']
[0.255s] Level 1:colcon.colcon_core.package_identification:_identify(src/move_it_config) by extension 'ros'
[0.255s] DEBUG:colcon.colcon_core.package_identification:Package 'src/move_it_config' with type 'ros.ament_cmake' and name 'move_it_config'
[0.255s] Level 1:colcon.colcon_core.package_identification:_identify(src/phantomx_control) by extensions ['ignore', 'ignore_ament_install']
[0.255s] Level 1:colcon.colcon_core.package_identification:_identify(src/phantomx_control) by extension 'ignore'
[0.255s] Level 1:colcon.colcon_core.package_identification:_identify(src/phantomx_control) by extension 'ignore_ament_install'
[0.256s] Level 1:colcon.colcon_core.package_identification:_identify(src/phantomx_control) by extensions ['colcon_pkg']
[0.256s] Level 1:colcon.colcon_core.package_identification:_identify(src/phantomx_control) by extension 'colcon_pkg'
[0.256s] Level 1:colcon.colcon_core.package_identification:_identify(src/phantomx_control) by extensions ['colcon_meta']
[0.256s] Level 1:colcon.colcon_core.package_identification:_identify(src/phantomx_control) by extension 'colcon_meta'
[0.256s] Level 1:colcon.colcon_core.package_identification:_identify(src/phantomx_control) by extensions ['ros']
[0.256s] Level 1:colcon.colcon_core.package_identification:_identify(src/phantomx_control) by extension 'ros'
[0.265s] DEBUG:colcon.colcon_core.package_identification:Package 'src/phantomx_control' with type 'ros.ament_cmake' and name 'phantomx_control'
[0.265s] Level 1:colcon.colcon_core.package_identification:_identify(src/phantomx_description) by extensions ['ignore', 'ignore_ament_install']
[0.265s] Level 1:colcon.colcon_core.package_identification:_identify(src/phantomx_description) by extension 'ignore'
[0.265s] Level 1:colcon.colcon_core.package_identification:_identify(src/phantomx_description) by extension 'ignore_ament_install'
[0.265s] Level 1:colcon.colcon_core.package_identification:_identify(src/phantomx_description) by extensions ['colcon_pkg']
[0.265s] Level 1:colcon.colcon_core.package_identification:_identify(src/phantomx_description) by extension 'colcon_pkg'
[0.265s] Level 1:colcon.colcon_core.package_identification:_identify(src/phantomx_description) by extensions ['colcon_meta']
[0.265s] Level 1:colcon.colcon_core.package_identification:_identify(src/phantomx_description) by extension 'colcon_meta'
[0.265s] Level 1:colcon.colcon_core.package_identification:_identify(src/phantomx_description) by extensions ['ros']
[0.265s] Level 1:colcon.colcon_core.package_identification:_identify(src/phantomx_description) by extension 'ros'
[0.266s] DEBUG:colcon.colcon_core.package_identification:Found ROS schema reference in package manifest in 'src/phantomx_description'
[0.266s] WARNING:colcon.colcon_core.package_identification:Failed to parse ROS package manifest in 'src/phantomx_description': Error(s) in package 'src/phantomx_description/package.xml':
Error(s):
- The generic dependency on 'rclpy' is redundant with: exec_depend
[0.266s] Level 1:colcon.colcon_core.package_identification:_identify(src/phantomx_description) by extensions ['cmake', 'python']
[0.266s] Level 1:colcon.colcon_core.package_identification:_identify(src/phantomx_description) by extension 'cmake'
[0.267s] Level 1:colcon.colcon_core.package_identification:_identify(src/phantomx_description) by extension 'python'
[0.267s] DEBUG:colcon.colcon_core.package_identification:Package 'src/phantomx_description' with type 'cmake' and name 'phantomx_description'
[0.267s] Level 1:colcon.colcon_core.package_identification:_identify(src/phantomx_gazebo) by extensions ['ignore', 'ignore_ament_install']
[0.267s] Level 1:colcon.colcon_core.package_identification:_identify(src/phantomx_gazebo) by extension 'ignore'
[0.267s] Level 1:colcon.colcon_core.package_identification:_identify(src/phantomx_gazebo) by extension 'ignore_ament_install'
[0.267s] Level 1:colcon.colcon_core.package_identification:_identify(src/phantomx_gazebo) by extensions ['colcon_pkg']
[0.267s] Level 1:colcon.colcon_core.package_identification:_identify(src/phantomx_gazebo) by extension 'colcon_pkg'
[0.267s] Level 1:colcon.colcon_core.package_identification:_identify(src/phantomx_gazebo) by extensions ['colcon_meta']
[0.268s] Level 1:colcon.colcon_core.package_identification:_identify(src/phantomx_gazebo) by extension 'colcon_meta'
[0.268s] Level 1:colcon.colcon_core.package_identification:_identify(src/phantomx_gazebo) by extensions ['ros']
[0.268s] Level 1:colcon.colcon_core.package_identification:_identify(src/phantomx_gazebo) by extension 'ros'
[0.268s] DEBUG:colcon.colcon_core.package_identification:Package 'src/phantomx_gazebo' with type 'ros.ament_cmake' and name 'phantomx_gazebo'
[0.268s] Level 1:colcon.colcon_core.package_discovery:discover_packages(recursive) using defaults
[0.268s] Level 1:colcon.colcon_core.package_discovery:discover_packages(ignore) discover
[0.269s] Level 1:colcon.colcon_core.package_discovery:discover_packages(ignore) using defaults
[0.269s] Level 1:colcon.colcon_core.package_discovery:discover_packages(path) discover
[0.269s] Level 1:colcon.colcon_core.package_discovery:discover_packages(path) using defaults
[0.286s] INFO:colcon.colcon_core.package_selection:Skipping not selected package 'custom_interfaces' in 'custom_interfaces'
[0.286s] INFO:colcon.colcon_core.package_selection:Skipping not selected package 'hexapod' in 'src/hexapod'
[0.286s] INFO:colcon.colcon_core.package_selection:Skipping not selected package 'move_it_config' in 'src/move_it_config'
[0.286s] INFO:colcon.colcon_core.package_selection:Skipping not selected package 'phantomx_gazebo' in 'src/phantomx_gazebo'
[0.287s] Level 1:colcon.colcon_core.package_discovery:discover_packages(prefix_path) check parameters
[0.287s] Level 1:colcon.colcon_core.package_discovery:discover_packages(prefix_path) discover
[0.289s] WARNING:colcon.colcon_ros.prefix_path.ament:The path '/home/max/hexapod_ws/install/phantomx_control' in the environment variable AMENT_PREFIX_PATH doesn't exist
[0.289s] WARNING:colcon.colcon_ros.prefix_path.ament:The path '/home/max/hexapod_ws/install/phantomx_description' in the environment variable AMENT_PREFIX_PATH doesn't exist
[0.289s] WARNING:colcon.colcon_ros.prefix_path.ament:The path '/home/max/hexapod_ws/install/joint_state_publisher_gui' in the environment variable AMENT_PREFIX_PATH doesn't exist
[0.289s] WARNING:colcon.colcon_ros.prefix_path.ament:The path '/home/max/hexapod_ws/install/joint_state_publisher' in the environment variable AMENT_PREFIX_PATH doesn't exist
[0.289s] WARNING:colcon.colcon_ros.prefix_path.ament:The path '/home/max/hexapod_ws/install/hexapod' in the environment variable AMENT_PREFIX_PATH doesn't exist
[0.289s] WARNING:colcon.colcon_ros.prefix_path.ament:The path '/home/max/hexapod_ws/install/custom_interfaces' in the environment variable AMENT_PREFIX_PATH doesn't exist
[0.289s] WARNING:colcon.colcon_ros.prefix_path.catkin:The path '/home/max/hexapod_ws/install/phantomx_control' in the environment variable CMAKE_PREFIX_PATH doesn't exist
[0.289s] WARNING:colcon.colcon_ros.prefix_path.catkin:The path '/home/max/hexapod_ws/install/phantomx_description' in the environment variable CMAKE_PREFIX_PATH doesn't exist
[0.289s] WARNING:colcon.colcon_ros.prefix_path.catkin:The path '/home/max/hexapod_ws/install/custom_interfaces' in the environment variable CMAKE_PREFIX_PATH doesn't exist
[0.290s] DEBUG:colcon.colcon_installed_package_information.package_discovery:Found 1 installed packages in /home/max/hexapod_ws/install
[0.290s] DEBUG:colcon.colcon_installed_package_information.package_discovery:Found 1 installed packages in /home/max/lhex/gazebo_ros2_control/gazebo_ros2_control_demos/install
[0.291s] DEBUG:colcon.colcon_installed_package_information.package_discovery:Found 3 installed packages in /home/max/ros2_ws/install
[0.292s] DEBUG:colcon.colcon_installed_package_information.package_discovery:Found 371 installed packages in /opt/ros/humble
[0.294s] Level 1:colcon.colcon_core.package_discovery:discover_packages(prefix_path) using defaults
[0.328s] Level 5:colcon.colcon_core.verb:set package 'joint_state_publisher' build argument 'cmake_args' from command line to 'None'
[0.328s] Level 5:colcon.colcon_core.verb:set package 'joint_state_publisher' build argument 'cmake_target' from command line to 'None'
[0.328s] Level 5:colcon.colcon_core.verb:set package 'joint_state_publisher' build argument 'cmake_target_skip_unavailable' from command line to 'False'
[0.328s] Level 5:colcon.colcon_core.verb:set package 'joint_state_publisher' build argument 'cmake_clean_cache' from command line to 'False'
[0.328s] Level 5:colcon.colcon_core.verb:set package 'joint_state_publisher' build argument 'cmake_clean_first' from command line to 'False'
[0.328s] Level 5:colcon.colcon_core.verb:set package 'joint_state_publisher' build argument 'cmake_force_configure' from command line to 'False'
[0.328s] Level 5:colcon.colcon_core.verb:set package 'joint_state_publisher' build argument 'ament_cmake_args' from command line to 'None'
[0.328s] Level 5:colcon.colcon_core.verb:set package 'joint_state_publisher' build argument 'catkin_cmake_args' from command line to 'None'
[0.328s] Level 5:colcon.colcon_core.verb:set package 'joint_state_publisher' build argument 'catkin_skip_building_tests' from command line to 'False'
[0.328s] DEBUG:colcon.colcon_core.verb:Building package 'joint_state_publisher' with the following arguments: {'ament_cmake_args': None, 'build_base': '/home/max/hexapod_ws/build/joint_state_publisher', 'catkin_cmake_args': None, 'catkin_skip_building_tests': False, 'cmake_args': None, 'cmake_clean_cache': False, 'cmake_clean_first': False, 'cmake_force_configure': False, 'cmake_target': None, 'cmake_target_skip_unavailable': False, 'install_base': '/home/max/hexapod_ws/install/joint_state_publisher', 'merge_install': False, 'path': '/home/max/hexapod_ws/joint_state_publisher/joint_state_publisher', 'symlink_install': False, 'test_result_base': None}
[0.328s] Level 5:colcon.colcon_core.verb:set package 'phantomx_description' build argument 'cmake_args' from command line to 'None'
[0.328s] Level 5:colcon.colcon_core.verb:set package 'phantomx_description' build argument 'cmake_target' from command line to 'None'
[0.328s] Level 5:colcon.colcon_core.verb:set package 'phantomx_description' build argument 'cmake_target_skip_unavailable' from command line to 'False'
[0.329s] Level 5:colcon.colcon_core.verb:set package 'phantomx_description' build argument 'cmake_clean_cache' from command line to 'False'
[0.329s] Level 5:colcon.colcon_core.verb:set package 'phantomx_description' build argument 'cmake_clean_first' from command line to 'False'
[0.329s] Level 5:colcon.colcon_core.verb:set package 'phantomx_description' build argument 'cmake_force_configure' from command line to 'False'
[0.329s] Level 5:colcon.colcon_core.verb:set package 'phantomx_description' build argument 'ament_cmake_args' from command line to 'None'
[0.329s] Level 5:colcon.colcon_core.verb:set package 'phantomx_description' build argument 'catkin_cmake_args' from command line to 'None'
[0.329s] Level 5:colcon.colcon_core.verb:set package 'phantomx_description' build argument 'catkin_skip_building_tests' from command line to 'False'
[0.329s] DEBUG:colcon.colcon_core.verb:Building package 'phantomx_description' with the following arguments: {'ament_cmake_args': None, 'build_base': '/home/max/hexapod_ws/build/phantomx_description', 'catkin_cmake_args': None, 'catkin_skip_building_tests': False, 'cmake_args': None, 'cmake_clean_cache': False, 'cmake_clean_first': False, 'cmake_force_configure': False, 'cmake_target': None, 'cmake_target_skip_unavailable': False, 'install_base': '/home/max/hexapod_ws/install/phantomx_description', 'merge_install': False, 'path': '/home/max/hexapod_ws/src/phantomx_description', 'symlink_install': False, 'test_result_base': None}
[0.329s] Level 5:colcon.colcon_core.verb:set package 'joint_state_publisher_gui' build argument 'cmake_args' from command line to 'None'
[0.329s] Level 5:colcon.colcon_core.verb:set package 'joint_state_publisher_gui' build argument 'cmake_target' from command line to 'None'
[0.329s] Level 5:colcon.colcon_core.verb:set package 'joint_state_publisher_gui' build argument 'cmake_target_skip_unavailable' from command line to 'False'
[0.329s] Level 5:colcon.colcon_core.verb:set package 'joint_state_publisher_gui' build argument 'cmake_clean_cache' from command line to 'False'
[0.329s] Level 5:colcon.colcon_core.verb:set package 'joint_state_publisher_gui' build argument 'cmake_clean_first' from command line to 'False'
[0.329s] Level 5:colcon.colcon_core.verb:set package 'joint_state_publisher_gui' build argument 'cmake_force_configure' from command line to 'False'
[0.329s] Level 5:colcon.colcon_core.verb:set package 'joint_state_publisher_gui' build argument 'ament_cmake_args' from command line to 'None'
[0.329s] Level 5:colcon.colcon_core.verb:set package 'joint_state_publisher_gui' build argument 'catkin_cmake_args' from command line to 'None'
[0.329s] Level 5:colcon.colcon_core.verb:set package 'joint_state_publisher_gui' build argument 'catkin_skip_building_tests' from command line to 'False'
[0.329s] DEBUG:colcon.colcon_core.verb:Building package 'joint_state_publisher_gui' with the following arguments: {'ament_cmake_args': None, 'build_base': '/home/max/hexapod_ws/build/joint_state_publisher_gui', 'catkin_cmake_args': None, 'catkin_skip_building_tests': False, 'cmake_args': None, 'cmake_clean_cache': False, 'cmake_clean_first': False, 'cmake_force_configure': False, 'cmake_target': None, 'cmake_target_skip_unavailable': False, 'install_base': '/home/max/hexapod_ws/install/joint_state_publisher_gui', 'merge_install': False, 'path': '/home/max/hexapod_ws/joint_state_publisher/joint_state_publisher_gui', 'symlink_install': False, 'test_result_base': None}
[0.329s] Level 5:colcon.colcon_core.verb:set package 'phantomx_control' build argument 'cmake_args' from command line to 'None'
[0.329s] Level 5:colcon.colcon_core.verb:set package 'phantomx_control' build argument 'cmake_target' from command line to 'None'
[0.329s] Level 5:colcon.colcon_core.verb:set package 'phantomx_control' build argument 'cmake_target_skip_unavailable' from command line to 'False'
[0.329s] Level 5:colcon.colcon_core.verb:set package 'phantomx_control' build argument 'cmake_clean_cache' from command line to 'False'
[0.329s] Level 5:colcon.colcon_core.verb:set package 'phantomx_control' build argument 'cmake_clean_first' from command line to 'False'
[0.329s] Level 5:colcon.colcon_core.verb:set package 'phantomx_control' build argument 'cmake_force_configure' from command line to 'False'
[0.329s] Level 5:colcon.colcon_core.verb:set package 'phantomx_control' build argument 'ament_cmake_args' from command line to 'None'
[0.329s] Level 5:colcon.colcon_core.verb:set package 'phantomx_control' build argument 'catkin_cmake_args' from command line to 'None'
[0.329s] Level 5:colcon.colcon_core.verb:set package 'phantomx_control' build argument 'catkin_skip_building_tests' from command line to 'False'
[0.329s] DEBUG:colcon.colcon_core.verb:Building package 'phantomx_control' with the following arguments: {'ament_cmake_args': None, 'build_base': '/home/max/hexapod_ws/build/phantomx_control', 'catkin_cmake_args': None, 'catkin_skip_building_tests': False, 'cmake_args': None, 'cmake_clean_cache': False, 'cmake_clean_first': False, 'cmake_force_configure': False, 'cmake_target': None, 'cmake_target_skip_unavailable': False, 'install_base': '/home/max/hexapod_ws/install/phantomx_control', 'merge_install': False, 'path': '/home/max/hexapod_ws/src/phantomx_control', 'symlink_install': False, 'test_result_base': None}
[0.329s] INFO:colcon.colcon_core.executor:Executing jobs using 'parallel' executor
[0.330s] DEBUG:colcon.colcon_parallel_executor.executor.parallel:run_until_complete
[0.331s] INFO:colcon.colcon_ros.task.ament_python.build:Building ROS package in '/home/max/hexapod_ws/joint_state_publisher/joint_state_publisher' with build type 'ament_python'
[0.331s] Level 1:colcon.colcon_core.shell:create_environment_hook('joint_state_publisher', 'ament_prefix_path')
[0.334s] INFO:colcon.colcon_core.plugin_system:Skipping extension 'colcon_core.shell.bat': Not used on non-Windows systems
[0.334s] INFO:colcon.colcon_core.shell:Creating environment hook '/home/max/hexapod_ws/install/joint_state_publisher/share/joint_state_publisher/hook/ament_prefix_path.ps1'
[0.335s] INFO:colcon.colcon_core.shell:Creating environment descriptor '/home/max/hexapod_ws/install/joint_state_publisher/share/joint_state_publisher/hook/ament_prefix_path.dsv'
[0.336s] INFO:colcon.colcon_core.shell:Creating environment hook '/home/max/hexapod_ws/install/joint_state_publisher/share/joint_state_publisher/hook/ament_prefix_path.sh'
[0.337s] INFO:colcon.colcon_core.shell:Skip shell extension 'powershell' for command environment: Not usable outside of PowerShell
[0.337s] DEBUG:colcon.colcon_core.shell:Skip shell extension 'dsv' for command environment
[0.340s] INFO:colcon.colcon_cmake.task.cmake.build:Building CMake package in '/home/max/hexapod_ws/src/phantomx_description'
[0.341s] INFO:colcon.colcon_core.shell:Skip shell extension 'powershell' for command environment: Not usable outside of PowerShell
[0.341s] DEBUG:colcon.colcon_core.shell:Skip shell extension 'dsv' for command environment
[0.534s] INFO:colcon.colcon_core.task.python.build:Building Python package in '/home/max/hexapod_ws/joint_state_publisher/joint_state_publisher'
[0.534s] INFO:colcon.colcon_core.shell:Skip shell extension 'powershell' for command environment: Not usable outside of PowerShell
[0.534s] DEBUG:colcon.colcon_core.shell:Skip shell extension 'dsv' for command environment
[0.541s] DEBUG:colcon.colcon_core.event_handler.log_command:Invoking command in '/home/max/hexapod_ws/build/phantomx_description': /usr/bin/cmake /home/max/hexapod_ws/src/phantomx_description -DCMAKE_INSTALL_PREFIX=/home/max/hexapod_ws/install/phantomx_description
[0.851s] DEBUG:colcon.colcon_core.event_handler.log_command:Invoking command in '/home/max/hexapod_ws/joint_state_publisher/joint_state_publisher': PYTHONPATH=/home/max/hexapod_ws/build/joint_state_publisher/prefix_override:/usr/lib/python3/dist-packages/colcon_core/task/python/colcon_distutils_commands:/home/max/hexapod_ws/install/joint_state_publisher/lib/python3.10/site-packages:${PYTHONPATH} /usr/bin/python3 -W ignore:setup.py install is deprecated -W ignore:easy_install command is deprecated setup.py egg_info --egg-base ../../build/joint_state_publisher build --build-base /home/max/hexapod_ws/build/joint_state_publisher/build install --record /home/max/hexapod_ws/build/joint_state_publisher/install.log --single-version-externally-managed install_data
[0.967s] DEBUG:colcon.colcon_core.event_handler.log_command:Invoked command in '/home/max/hexapod_ws/build/phantomx_description' returned '1': /usr/bin/cmake /home/max/hexapod_ws/src/phantomx_description -DCMAKE_INSTALL_PREFIX=/home/max/hexapod_ws/install/phantomx_description
[1.096s] DEBUG:colcon.colcon_parallel_executor.executor.parallel:closing loop
[1.096s] DEBUG:colcon.colcon_parallel_executor.executor.parallel:loop closed
[1.096s] DEBUG:colcon.colcon_parallel_executor.executor.parallel:run_until_complete finished with '1'
[1.096s] DEBUG:colcon.colcon_core.event_reactor:joining thread
[1.103s] INFO:colcon.colcon_core.plugin_system:Skipping extension 'colcon_notification.desktop_notification.notify_send': Could not find 'notify-send'
[1.103s] INFO:colcon.colcon_core.plugin_system:Skipping extension 'colcon_notification.desktop_notification.terminal_notifier': Not used on non-Darwin systems
[1.103s] INFO:colcon.colcon_core.plugin_system:Skipping extension 'colcon_notification.desktop_notification.win32': Not used on non-Windows systems
[1.103s] INFO:colcon.colcon_notification.desktop_notification:Sending desktop notification using 'notify2'
[1.125s] DEBUG:colcon.colcon_core.event_reactor:joined thread
[1.125s] INFO:colcon.colcon_core.shell:Creating prefix script '/home/max/hexapod_ws/install/local_setup.ps1'
[1.126s] INFO:colcon.colcon_core.shell:Creating prefix util module '/home/max/hexapod_ws/install/_local_setup_util_ps1.py'
[1.127s] INFO:colcon.colcon_core.shell:Creating prefix chain script '/home/max/hexapod_ws/install/setup.ps1'
[1.128s] INFO:colcon.colcon_core.shell:Creating prefix script '/home/max/hexapod_ws/install/local_setup.sh'
[1.129s] INFO:colcon.colcon_core.shell:Creating prefix util module '/home/max/hexapod_ws/install/_local_setup_util_sh.py'
[1.129s] INFO:colcon.colcon_core.shell:Creating prefix chain script '/home/max/hexapod_ws/install/setup.sh'
[1.131s] INFO:colcon.colcon_core.shell:Creating prefix script '/home/max/hexapod_ws/install/local_setup.bash'
[1.131s] INFO:colcon.colcon_core.shell:Creating prefix chain script '/home/max/hexapod_ws/install/setup.bash'
[1.132s] INFO:colcon.colcon_core.shell:Creating prefix script '/home/max/hexapod_ws/install/local_setup.zsh'
[1.132s] INFO:colcon.colcon_core.shell:Creating prefix chain script '/home/max/hexapod_ws/install/setup.zsh'
