[0.013s] Invoking command in '/home/max/hexapod_ws/build/phantomx_description': CMAKE_PREFIX_PATH=${CMAKE_PREFIX_PATH}:/home/max/hexapod_ws/install/joint_state_publisher_gui:/home/max/hexapod_ws/install/joint_state_publisher:/home/max/hexapod_ws/install/hexapod:/home/max/ros2_ws/install/talker:/home/max/ros2_ws/install/my_turtle_controller:/home/max/ros2_ws/install/listener:/opt/ros/humble /usr/bin/cmake /home/max/hexapod_ws/src/phantomx_description -DCMAKE_INSTALL_PREFIX=/home/max/hexapod_ws/install/phantomx_description
[0.023s] -- Found ament_cmake: 1.3.11 (/opt/ros/humble/share/ament_cmake/cmake)
[0.121s] -- Found xacro: 2.0.13 (/opt/ros/humble/share/xacro/cmake)
[0.173s] -- Configuring done
[0.175s] -- Generating done
[0.175s] -- Build files have been written to: /home/max/hexapod_ws/build/phantomx_description
[0.177s] Invoked command in '/home/max/hexapod_ws/build/phantomx_description' returned '0': CMAKE_PREFIX_PATH=${CMAKE_PREFIX_PATH}:/home/max/hexapod_ws/install/joint_state_publisher_gui:/home/max/hexapod_ws/install/joint_state_publisher:/home/max/hexapod_ws/install/hexapod:/home/max/ros2_ws/install/talker:/home/max/ros2_ws/install/my_turtle_controller:/home/max/ros2_ws/install/listener:/opt/ros/humble /usr/bin/cmake /home/max/hexapod_ws/src/phantomx_description -DCMAKE_INSTALL_PREFIX=/home/max/hexapod_ws/install/phantomx_description
[0.179s] Invoking command in '/home/max/hexapod_ws/build/phantomx_description': CMAKE_PREFIX_PATH=${CMAKE_PREFIX_PATH}:/home/max/hexapod_ws/install/joint_state_publisher_gui:/home/max/hexapod_ws/install/joint_state_publisher:/home/max/hexapod_ws/install/hexapod:/home/max/ros2_ws/install/talker:/home/max/ros2_ws/install/my_turtle_controller:/home/max/ros2_ws/install/listener:/opt/ros/humble /usr/bin/cmake --build /home/max/hexapod_ws/build/phantomx_description -- -j8 -l8
[0.205s] Invoked command in '/home/max/hexapod_ws/build/phantomx_description' returned '0': CMAKE_PREFIX_PATH=${CMAKE_PREFIX_PATH}:/home/max/hexapod_ws/install/joint_state_publisher_gui:/home/max/hexapod_ws/install/joint_state_publisher:/home/max/hexapod_ws/install/hexapod:/home/max/ros2_ws/install/talker:/home/max/ros2_ws/install/my_turtle_controller:/home/max/ros2_ws/install/listener:/opt/ros/humble /usr/bin/cmake --build /home/max/hexapod_ws/build/phantomx_description -- -j8 -l8
[0.213s] Invoking command in '/home/max/hexapod_ws/build/phantomx_description': CMAKE_PREFIX_PATH=${CMAKE_PREFIX_PATH}:/home/max/hexapod_ws/install/joint_state_publisher_gui:/home/max/hexapod_ws/install/joint_state_publisher:/home/max/hexapod_ws/install/hexapod:/home/max/ros2_ws/install/talker:/home/max/ros2_ws/install/my_turtle_controller:/home/max/ros2_ws/install/listener:/opt/ros/humble /usr/bin/cmake --install /home/max/hexapod_ws/build/phantomx_description
[0.220s] -- Install configuration: ""
[0.220s] -- Installing: /home/max/hexapod_ws/install/phantomx_description/share/phantomx_description/urdf
[0.220s] -- Installing: /home/max/hexapod_ws/install/phantomx_description/share/phantomx_description/urdf/phantomx.xacro
[0.220s] -- Installing: /home/max/hexapod_ws/install/phantomx_description/share/phantomx_description/urdf/phantomx.urdf
[0.221s] -- Installing: /home/max/hexapod_ws/install/phantomx_description/share/phantomx_description/urdf/phantomx_urdf.xacro
[0.221s] -- Installing: /home/max/hexapod_ws/install/phantomx_description/share/phantomx_description/launch
[0.221s] -- Installing: /home/max/hexapod_ws/install/phantomx_description/share/phantomx_description/launch/display.launch.py
[0.221s] -- Installing: /home/max/hexapod_ws/install/phantomx_description/share/phantomx_description/meshes
[0.221s] -- Installing: /home/max/hexapod_ws/install/phantomx_description/share/phantomx_description/meshes/tibia_l_coll.STL
[0.221s] -- Installing: /home/max/hexapod_ws/install/phantomx_description/share/phantomx_description/meshes/connect.STL
[0.221s] -- Installing: /home/max/hexapod_ws/install/phantomx_description/share/phantomx_description/meshes/connect_coll.STL
[0.222s] -- Installing: /home/max/hexapod_ws/install/phantomx_description/share/phantomx_description/meshes/body_coll.STL
[0.222s] -- Installing: /home/max/hexapod_ws/install/phantomx_description/share/phantomx_description/meshes/tibia_l.STL
[0.223s] -- Installing: /home/max/hexapod_ws/install/phantomx_description/share/phantomx_description/meshes/thigh_r.STL
[0.224s] -- Installing: /home/max/hexapod_ws/install/phantomx_description/share/phantomx_description/meshes/thigh_l_coll.STL
[0.224s] -- Installing: /home/max/hexapod_ws/install/phantomx_description/share/phantomx_description/meshes/thigh_l.STL
[0.225s] -- Installing: /home/max/hexapod_ws/install/phantomx_description/share/phantomx_description/meshes/body.STL
[0.228s] -- Installing: /home/max/hexapod_ws/install/phantomx_description/share/phantomx_description/meshes/tibia_r.STL
[0.229s] -- Installing: /home/max/hexapod_ws/install/phantomx_description/share/ament_index/resource_index/package_run_dependencies/phantomx_description
[0.229s] -- Installing: /home/max/hexapod_ws/install/phantomx_description/share/ament_index/resource_index/parent_prefix_path/phantomx_description
[0.229s] -- Installing: /home/max/hexapod_ws/install/phantomx_description/share/phantomx_description/environment/ament_prefix_path.sh
[0.229s] -- Installing: /home/max/hexapod_ws/install/phantomx_description/share/phantomx_description/environment/ament_prefix_path.dsv
[0.230s] -- Installing: /home/max/hexapod_ws/install/phantomx_description/share/phantomx_description/environment/path.sh
[0.230s] -- Installing: /home/max/hexapod_ws/install/phantomx_description/share/phantomx_description/environment/path.dsv
[0.230s] -- Installing: /home/max/hexapod_ws/install/phantomx_description/share/phantomx_description/local_setup.bash
[0.230s] -- Installing: /home/max/hexapod_ws/install/phantomx_description/share/phantomx_description/local_setup.sh
[0.230s] -- Installing: /home/max/hexapod_ws/install/phantomx_description/share/phantomx_description/local_setup.zsh
[0.230s] -- Installing: /home/max/hexapod_ws/install/phantomx_description/share/phantomx_description/local_setup.dsv
[0.230s] -- Installing: /home/max/hexapod_ws/install/phantomx_description/share/phantomx_description/package.dsv
[0.230s] -- Installing: /home/max/hexapod_ws/install/phantomx_description/share/ament_index/resource_index/packages/phantomx_description
[0.230s] -- Installing: /home/max/hexapod_ws/install/phantomx_description/share/phantomx_description/cmake/phantomx_descriptionConfig.cmake
[0.231s] -- Installing: /home/max/hexapod_ws/install/phantomx_description/share/phantomx_description/cmake/phantomx_descriptionConfig-version.cmake
[0.231s] -- Installing: /home/max/hexapod_ws/install/phantomx_description/share/phantomx_description/package.xml
[0.232s] Invoked command in '/home/max/hexapod_ws/build/phantomx_description' returned '0': CMAKE_PREFIX_PATH=${CMAKE_PREFIX_PATH}:/home/max/hexapod_ws/install/joint_state_publisher_gui:/home/max/hexapod_ws/install/joint_state_publisher:/home/max/hexapod_ws/install/hexapod:/home/max/ros2_ws/install/talker:/home/max/ros2_ws/install/my_turtle_controller:/home/max/ros2_ws/install/listener:/opt/ros/humble /usr/bin/cmake --install /home/max/hexapod_ws/build/phantomx_description
